[23:58:59.380] [INFO   ] thread main starting.
[23:58:59.385] [SEVERE ] cannot read configuration file config.properties trying from resources.
[23:58:59.387] [SEVERE ] configuration file was loaded from resources directory.
[23:58:59.817] [INFO   ] thread dealer starting.
[23:58:59.817] [INFO   ] thread dealer starting.
[23:58:59.940] [SEVERE ] placing card 48 in slot 0
[23:58:59.941] [SEVERE ] updating countdown to 60000
[23:58:59.943] [SEVERE ] setting player 1 freeze to -126
[23:58:59.944] [SEVERE ] setting player 2 freeze to -127
[23:59:00.049] [SEVERE ] placing card 57 in slot 1
[23:59:00.050] [SEVERE ] updating countdown to 60000
[23:59:00.050] [SEVERE ] setting player 1 freeze to -233
[23:59:00.050] [SEVERE ] setting player 2 freeze to -233
[23:59:00.157] [SEVERE ] placing card 16 in slot 2
[23:59:00.157] [SEVERE ] updating countdown to 60000
[23:59:00.158] [SEVERE ] setting player 1 freeze to -341
[23:59:00.158] [SEVERE ] setting player 2 freeze to -341
[23:59:00.270] [SEVERE ] placing card 68 in slot 3
[23:59:00.270] [SEVERE ] updating countdown to 60000
[23:59:00.271] [SEVERE ] setting player 1 freeze to -454
[23:59:00.271] [SEVERE ] setting player 2 freeze to -454
[23:59:00.376] [SEVERE ] placing card 2 in slot 4
[23:59:00.376] [SEVERE ] updating countdown to 60000
[23:59:00.377] [SEVERE ] setting player 1 freeze to -560
[23:59:00.377] [SEVERE ] setting player 2 freeze to -560
[23:59:00.485] [SEVERE ] placing card 17 in slot 5
[23:59:00.486] [SEVERE ] updating countdown to 60000
[23:59:00.486] [SEVERE ] setting player 1 freeze to -669
[23:59:00.486] [SEVERE ] setting player 2 freeze to -669
[23:59:00.596] [SEVERE ] placing card 47 in slot 6
[23:59:00.596] [SEVERE ] updating countdown to 60000
[23:59:00.597] [SEVERE ] setting player 1 freeze to -780
[23:59:00.597] [SEVERE ] setting player 2 freeze to -780
[23:59:00.717] [SEVERE ] placing card 29 in slot 7
[23:59:00.717] [SEVERE ] updating countdown to 60000
[23:59:00.717] [SEVERE ] setting player 1 freeze to -900
[23:59:00.717] [SEVERE ] setting player 2 freeze to -900
[23:59:00.840] [SEVERE ] placing card 35 in slot 8
[23:59:00.841] [SEVERE ] updating countdown to 60000
[23:59:00.841] [SEVERE ] setting player 1 freeze to -1024
[23:59:00.841] [SEVERE ] setting player 2 freeze to -1024
[23:59:00.944] [SEVERE ] placing card 8 in slot 9
[23:59:00.944] [SEVERE ] updating countdown to 60000
[23:59:00.944] [SEVERE ] setting player 1 freeze to -1127
[23:59:00.944] [SEVERE ] setting player 2 freeze to -1127
[23:59:01.047] [SEVERE ] placing card 72 in slot 10
[23:59:01.047] [SEVERE ] updating countdown to 60000
[23:59:01.047] [SEVERE ] setting player 1 freeze to -1230
[23:59:01.047] [SEVERE ] setting player 2 freeze to -1230
[23:59:01.166] [SEVERE ] placing card 14 in slot 11
[23:59:01.166] [SEVERE ] updating countdown to 60000
[23:59:01.166] [SEVERE ] setting player 1 freeze to -1349
[23:59:01.166] [SEVERE ] setting player 2 freeze to -1349
[23:59:02.170] [SEVERE ] updating countdown to 58996
[23:59:02.170] [SEVERE ] setting player 1 freeze to -2353
[23:59:02.170] [SEVERE ] setting player 2 freeze to -2353
[23:59:03.172] [SEVERE ] updating countdown to 57994
[23:59:03.172] [SEVERE ] setting player 1 freeze to -3355
[23:59:03.172] [SEVERE ] setting player 2 freeze to -3355
[23:59:04.175] [SEVERE ] updating countdown to 56991
[23:59:04.175] [SEVERE ] setting player 1 freeze to -4358
[23:59:04.175] [SEVERE ] setting player 2 freeze to -4358
[23:59:05.178] [SEVERE ] updating countdown to 55988
[23:59:05.178] [SEVERE ] setting player 1 freeze to -5361
[23:59:05.178] [SEVERE ] setting player 2 freeze to -5361
[23:59:06.181] [SEVERE ] updating countdown to 54985
[23:59:06.181] [SEVERE ] setting player 1 freeze to -6364
[23:59:06.181] [SEVERE ] setting player 2 freeze to -6364
[23:59:07.182] [SEVERE ] updating countdown to 53984
[23:59:07.182] [SEVERE ] setting player 1 freeze to -7365
[23:59:07.182] [SEVERE ] setting player 2 freeze to -7365
[23:59:08.184] [SEVERE ] updating countdown to 52982
[23:59:08.184] [SEVERE ] setting player 1 freeze to -8367
[23:59:08.184] [SEVERE ] setting player 2 freeze to -8367
[23:59:09.188] [SEVERE ] updating countdown to 51978
[23:59:09.188] [SEVERE ] setting player 1 freeze to -9371
[23:59:09.188] [SEVERE ] setting player 2 freeze to -9371
[23:59:10.191] [SEVERE ] updating countdown to 50975
[23:59:10.191] [SEVERE ] setting player 1 freeze to -10374
[23:59:10.191] [SEVERE ] setting player 2 freeze to -10374
[23:59:11.194] [SEVERE ] updating countdown to 49972
[23:59:11.195] [SEVERE ] setting player 1 freeze to -11378
[23:59:11.195] [SEVERE ] setting player 2 freeze to -11378
[23:59:12.198] [SEVERE ] updating countdown to 48968
[23:59:12.198] [SEVERE ] setting player 1 freeze to -12381
[23:59:12.198] [SEVERE ] setting player 2 freeze to -12381
[23:59:13.200] [SEVERE ] updating countdown to 47966
[23:59:13.200] [SEVERE ] setting player 1 freeze to -13383
[23:59:13.200] [SEVERE ] setting player 2 freeze to -13383
[23:59:13.579] [SEVERE ] key 81 was pressed by player 1
[23:59:14.203] [SEVERE ] updating countdown to 46963
[23:59:14.203] [SEVERE ] setting player 1 freeze to -14386
[23:59:14.203] [SEVERE ] setting player 2 freeze to -14386
[23:59:15.206] [SEVERE ] updating countdown to 45960
[23:59:15.206] [SEVERE ] setting player 1 freeze to -15389
[23:59:15.206] [SEVERE ] setting player 2 freeze to -15389
[23:59:16.209] [SEVERE ] updating countdown to 44957
[23:59:16.209] [SEVERE ] setting player 1 freeze to -16392
[23:59:16.209] [SEVERE ] setting player 2 freeze to -16392
[23:59:17.212] [SEVERE ] updating countdown to 43954
[23:59:17.212] [SEVERE ] setting player 1 freeze to -17395
[23:59:17.212] [SEVERE ] setting player 2 freeze to -17395
[23:59:18.214] [SEVERE ] updating countdown to 42952
[23:59:18.214] [SEVERE ] setting player 1 freeze to -18397
[23:59:18.214] [SEVERE ] setting player 2 freeze to -18397
[23:59:19.216] [SEVERE ] updating countdown to 41950
[23:59:19.216] [SEVERE ] setting player 1 freeze to -19399
[23:59:19.216] [SEVERE ] setting player 2 freeze to -19399
[23:59:20.231] [SEVERE ] updating countdown to 40935
[23:59:20.231] [SEVERE ] setting player 1 freeze to -20414
[23:59:20.231] [SEVERE ] setting player 2 freeze to -20414
[23:59:21.235] [SEVERE ] updating countdown to 39931
[23:59:21.235] [SEVERE ] setting player 1 freeze to -21418
[23:59:21.235] [SEVERE ] setting player 2 freeze to -21418
[23:59:22.236] [SEVERE ] updating countdown to 38930
[23:59:22.236] [SEVERE ] setting player 1 freeze to -22419
[23:59:22.236] [SEVERE ] setting player 2 freeze to -22419
[23:59:23.238] [SEVERE ] updating countdown to 37928
[23:59:23.238] [SEVERE ] setting player 1 freeze to -23421
[23:59:23.238] [SEVERE ] setting player 2 freeze to -23421
