[00:01:52.753] [INFO   ] thread main starting.
[00:01:52.759] [SEVERE ] cannot read configuration file config.properties trying from resources.
[00:01:52.761] [SEVERE ] configuration file was loaded from resources directory.
[00:01:53.155] [INFO   ] thread dealer starting.
[00:01:53.155] [INFO   ] thread dealer starting.
[00:01:53.156] [INFO   ] thread Player #0 starting.
[00:01:53.156] [INFO   ] thread Player #1 starting.
[00:01:53.268] [SEVERE ] placing card 28 in slot 0
[00:01:53.269] [SEVERE ] updating countdown to 60000
[00:01:53.271] [SEVERE ] setting player 1 freeze to -116
[00:01:53.272] [SEVERE ] setting player 2 freeze to -117
[00:01:53.375] [SEVERE ] placing card 26 in slot 1
[00:01:53.376] [SEVERE ] updating countdown to 60000
[00:01:53.376] [SEVERE ] setting player 1 freeze to -221
[00:01:53.376] [SEVERE ] setting player 2 freeze to -221
[00:01:53.484] [SEVERE ] placing card 25 in slot 2
[00:01:53.484] [SEVERE ] updating countdown to 60000
[00:01:53.484] [SEVERE ] setting player 1 freeze to -329
[00:01:53.485] [SEVERE ] setting player 2 freeze to -330
[00:01:53.592] [SEVERE ] placing card 70 in slot 3
[00:01:53.592] [SEVERE ] updating countdown to 60000
[00:01:53.593] [SEVERE ] setting player 1 freeze to -438
[00:01:53.593] [SEVERE ] setting player 2 freeze to -438
[00:01:53.701] [SEVERE ] placing card 12 in slot 4
[00:01:53.702] [SEVERE ] updating countdown to 60000
[00:01:53.702] [SEVERE ] setting player 1 freeze to -547
[00:01:53.703] [SEVERE ] setting player 2 freeze to -548
[00:01:53.809] [SEVERE ] placing card 55 in slot 5
[00:01:53.809] [SEVERE ] updating countdown to 60000
[00:01:53.810] [SEVERE ] setting player 1 freeze to -655
[00:01:53.810] [SEVERE ] setting player 2 freeze to -655
[00:01:53.919] [SEVERE ] placing card 45 in slot 6
[00:01:53.919] [SEVERE ] updating countdown to 60000
[00:01:53.919] [SEVERE ] setting player 1 freeze to -764
[00:01:53.919] [SEVERE ] setting player 2 freeze to -764
[00:01:54.026] [SEVERE ] placing card 37 in slot 7
[00:01:54.026] [SEVERE ] updating countdown to 60000
[00:01:54.026] [SEVERE ] setting player 1 freeze to -871
[00:01:54.026] [SEVERE ] setting player 2 freeze to -871
[00:01:54.134] [SEVERE ] placing card 8 in slot 8
[00:01:54.134] [SEVERE ] updating countdown to 60000
[00:01:54.134] [SEVERE ] setting player 1 freeze to -979
[00:01:54.134] [SEVERE ] setting player 2 freeze to -979
[00:01:54.242] [SEVERE ] placing card 75 in slot 9
[00:01:54.242] [SEVERE ] updating countdown to 60000
[00:01:54.243] [SEVERE ] setting player 1 freeze to -1088
[00:01:54.243] [SEVERE ] setting player 2 freeze to -1088
[00:01:54.350] [SEVERE ] placing card 74 in slot 10
[00:01:54.350] [SEVERE ] updating countdown to 60000
[00:01:54.350] [SEVERE ] setting player 1 freeze to -1195
[00:01:54.351] [SEVERE ] setting player 2 freeze to -1196
[00:01:54.459] [SEVERE ] placing card 38 in slot 11
[00:01:54.459] [SEVERE ] updating countdown to 60000
[00:01:54.459] [SEVERE ] setting player 1 freeze to -1304
[00:01:54.459] [SEVERE ] setting player 2 freeze to -1304
[00:01:55.466] [SEVERE ] updating countdown to 58993
[00:01:55.466] [SEVERE ] setting player 1 freeze to -2311
[00:01:55.467] [SEVERE ] setting player 2 freeze to -2312
[00:01:56.472] [SEVERE ] updating countdown to 57987
[00:01:56.472] [SEVERE ] setting player 1 freeze to -3317
[00:01:56.472] [SEVERE ] setting player 2 freeze to -3317
[00:01:57.475] [SEVERE ] updating countdown to 56984
[00:01:57.475] [SEVERE ] setting player 1 freeze to -4320
[00:01:57.476] [SEVERE ] setting player 2 freeze to -4321
[00:01:58.481] [SEVERE ] updating countdown to 55978
[00:01:58.481] [SEVERE ] setting player 1 freeze to -5326
[00:01:58.482] [SEVERE ] setting player 2 freeze to -5327
[00:01:59.446] [SEVERE ] key 87 was pressed by player 1
[00:01:59.447] [SEVERE ] player 1 placing token on slot 1
[00:01:59.483] [SEVERE ] updating countdown to 54976
[00:01:59.483] [SEVERE ] setting player 1 freeze to -6328
[00:01:59.483] [SEVERE ] setting player 2 freeze to -6328
[00:02:00.489] [SEVERE ] updating countdown to 53970
[00:02:00.489] [SEVERE ] setting player 1 freeze to -7334
[00:02:00.489] [SEVERE ] setting player 2 freeze to -7334
[00:02:01.499] [SEVERE ] updating countdown to 52960
[00:02:01.499] [SEVERE ] setting player 1 freeze to -8344
[00:02:01.499] [SEVERE ] setting player 2 freeze to -8344
[00:02:02.505] [SEVERE ] updating countdown to 51954
[00:02:02.505] [SEVERE ] setting player 1 freeze to -9350
[00:02:02.506] [SEVERE ] setting player 2 freeze to -9350
[00:02:03.517] [SEVERE ] updating countdown to 50942
[00:02:03.517] [SEVERE ] setting player 1 freeze to -10362
[00:02:03.517] [SEVERE ] setting player 2 freeze to -10362
[00:02:04.523] [SEVERE ] updating countdown to 49936
[00:02:04.523] [SEVERE ] setting player 1 freeze to -11368
[00:02:04.523] [SEVERE ] setting player 2 freeze to -11368
[00:02:05.530] [SEVERE ] updating countdown to 48929
[00:02:05.530] [SEVERE ] setting player 1 freeze to -12375
[00:02:05.530] [SEVERE ] setting player 2 freeze to -12375
[00:02:06.540] [SEVERE ] updating countdown to 47919
[00:02:06.540] [SEVERE ] setting player 1 freeze to -13385
[00:02:06.540] [SEVERE ] setting player 2 freeze to -13385
[00:02:07.544] [SEVERE ] updating countdown to 46916
[00:02:07.544] [SEVERE ] setting player 1 freeze to -14389
[00:02:07.544] [SEVERE ] setting player 2 freeze to -14389
[00:02:08.550] [SEVERE ] updating countdown to 45909
[00:02:08.550] [SEVERE ] setting player 1 freeze to -15395
[00:02:08.550] [SEVERE ] setting player 2 freeze to -15395
[00:02:09.555] [SEVERE ] updating countdown to 44904
[00:02:09.557] [SEVERE ] setting player 1 freeze to -16402
[00:02:09.557] [SEVERE ] setting player 2 freeze to -16402
[00:02:10.563] [SEVERE ] updating countdown to 43896
[00:02:10.563] [SEVERE ] setting player 1 freeze to -17408
[00:02:10.563] [SEVERE ] setting player 2 freeze to -17408
