[00:49:20.407] [INFO   ] thread main starting.
[00:49:20.415] [SEVERE ] cannot read configuration file config.properties trying from resources.
[00:49:20.423] [SEVERE ] configuration file was loaded from resources directory.
[00:49:20.981] [INFO   ] thread dealer starting.
[00:49:20.985] [INFO   ] thread dealer starting.
[00:49:20.986] [INFO   ] thread Player #0 starting.
[00:49:20.986] [INFO   ] thread Player #1 starting.
[00:49:21.097] [SEVERE ] placing card 33 in slot 0
[00:49:21.098] [SEVERE ] updating countdown to 60000
[00:49:21.098] [SEVERE ] setting player 1 freeze to -117
[00:49:21.098] [SEVERE ] setting player 2 freeze to -117
[00:49:21.205] [SEVERE ] placing card 49 in slot 1
[00:49:21.205] [SEVERE ] updating countdown to 60000
[00:49:21.205] [SEVERE ] setting player 1 freeze to -224
[00:49:21.205] [SEVERE ] setting player 2 freeze to -224
[00:49:21.308] [SEVERE ] placing card 78 in slot 2
[00:49:21.308] [SEVERE ] updating countdown to 60000
[00:49:21.308] [SEVERE ] setting player 1 freeze to -327
[00:49:21.308] [SEVERE ] setting player 2 freeze to -327
[00:49:21.410] [SEVERE ] placing card 3 in slot 3
[00:49:21.410] [SEVERE ] updating countdown to 60000
[00:49:21.410] [SEVERE ] setting player 1 freeze to -429
[00:49:21.412] [SEVERE ] setting player 2 freeze to -431
[00:49:21.520] [SEVERE ] placing card 8 in slot 4
[00:49:21.520] [SEVERE ] updating countdown to 60000
[00:49:21.520] [SEVERE ] setting player 1 freeze to -539
[00:49:21.520] [SEVERE ] setting player 2 freeze to -539
[00:49:21.636] [SEVERE ] placing card 70 in slot 5
[00:49:21.636] [SEVERE ] updating countdown to 60000
[00:49:21.636] [SEVERE ] setting player 1 freeze to -655
[00:49:21.636] [SEVERE ] setting player 2 freeze to -655
[00:49:21.744] [SEVERE ] placing card 76 in slot 6
[00:49:21.744] [SEVERE ] updating countdown to 60000
[00:49:21.744] [SEVERE ] setting player 1 freeze to -763
[00:49:21.744] [SEVERE ] setting player 2 freeze to -763
[00:49:21.851] [SEVERE ] placing card 62 in slot 7
[00:49:21.851] [SEVERE ] updating countdown to 60000
[00:49:21.851] [SEVERE ] setting player 1 freeze to -870
[00:49:21.851] [SEVERE ] setting player 2 freeze to -870
[00:49:21.953] [SEVERE ] placing card 65 in slot 8
[00:49:21.953] [SEVERE ] updating countdown to 60000
[00:49:21.953] [SEVERE ] setting player 1 freeze to -972
[00:49:21.953] [SEVERE ] setting player 2 freeze to -972
[00:49:22.068] [SEVERE ] placing card 56 in slot 9
[00:49:22.068] [SEVERE ] updating countdown to 60000
[00:49:22.068] [SEVERE ] setting player 1 freeze to -1087
[00:49:22.068] [SEVERE ] setting player 2 freeze to -1087
[00:49:22.173] [SEVERE ] placing card 68 in slot 10
[00:49:22.173] [SEVERE ] updating countdown to 60000
[00:49:22.173] [SEVERE ] setting player 1 freeze to -1192
[00:49:22.173] [SEVERE ] setting player 2 freeze to -1192
[00:49:22.285] [SEVERE ] placing card 42 in slot 11
[00:49:22.285] [SEVERE ] updating countdown to 60000
[00:49:22.285] [SEVERE ] setting player 1 freeze to -1304
[00:49:22.285] [SEVERE ] setting player 2 freeze to -1304
[00:49:22.403] [SEVERE ] updating countdown to 59882
[00:49:22.404] [SEVERE ] setting player 1 freeze to -1423
[00:49:22.404] [SEVERE ] setting player 2 freeze to -1423
[00:49:22.512] [SEVERE ] updating countdown to 59773
[00:49:22.512] [SEVERE ] setting player 1 freeze to -1531
[00:49:22.512] [SEVERE ] setting player 2 freeze to -1531
[00:49:22.614] [SEVERE ] updating countdown to 59671
[00:49:22.614] [SEVERE ] setting player 1 freeze to -1633
[00:49:22.614] [SEVERE ] setting player 2 freeze to -1633
[00:49:22.720] [SEVERE ] updating countdown to 59565
[00:49:22.720] [SEVERE ] setting player 1 freeze to -1739
[00:49:22.720] [SEVERE ] setting player 2 freeze to -1739
[00:49:22.833] [SEVERE ] updating countdown to 59452
[00:49:22.833] [SEVERE ] setting player 1 freeze to -1852
[00:49:22.833] [SEVERE ] setting player 2 freeze to -1852
[00:49:22.936] [SEVERE ] updating countdown to 59349
[00:49:22.936] [SEVERE ] setting player 1 freeze to -1955
[00:49:22.936] [SEVERE ] setting player 2 freeze to -1955
[00:49:23.043] [SEVERE ] updating countdown to 59242
[00:49:23.043] [SEVERE ] setting player 1 freeze to -2062
[00:49:23.043] [SEVERE ] setting player 2 freeze to -2062
[00:49:23.147] [SEVERE ] updating countdown to 59138
[00:49:23.147] [SEVERE ] setting player 1 freeze to -2166
[00:49:23.147] [SEVERE ] setting player 2 freeze to -2166
[00:49:23.250] [SEVERE ] updating countdown to 59035
[00:49:23.250] [SEVERE ] setting player 1 freeze to -2269
[00:49:23.250] [SEVERE ] setting player 2 freeze to -2269
[00:49:23.364] [SEVERE ] updating countdown to 58921
[00:49:23.364] [SEVERE ] setting player 1 freeze to -2383
[00:49:23.364] [SEVERE ] setting player 2 freeze to -2383
[00:49:23.473] [SEVERE ] updating countdown to 58812
[00:49:23.473] [SEVERE ] setting player 1 freeze to -2492
[00:49:23.473] [SEVERE ] setting player 2 freeze to -2492
[00:49:23.586] [SEVERE ] updating countdown to 58699
[00:49:23.586] [SEVERE ] setting player 1 freeze to -2605
[00:49:23.586] [SEVERE ] setting player 2 freeze to -2605
[00:49:23.697] [SEVERE ] updating countdown to 58588
[00:49:23.697] [SEVERE ] setting player 1 freeze to -2716
[00:49:23.697] [SEVERE ] setting player 2 freeze to -2716
[00:49:23.810] [SEVERE ] updating countdown to 58475
[00:49:23.810] [SEVERE ] setting player 1 freeze to -2829
[00:49:23.810] [SEVERE ] setting player 2 freeze to -2829
[00:49:23.924] [SEVERE ] updating countdown to 58361
[00:49:23.924] [SEVERE ] setting player 1 freeze to -2943
[00:49:23.924] [SEVERE ] setting player 2 freeze to -2943
[00:49:23.939] [SEVERE ] key 81 was pressed by player 1
[00:49:23.939] [SEVERE ] player 1 placing token on slot 0
[00:49:24.029] [SEVERE ] updating countdown to 58256
[00:49:24.029] [SEVERE ] setting player 1 freeze to -3048
[00:49:24.029] [SEVERE ] setting player 2 freeze to -3048
[00:49:24.085] [SEVERE ] key 87 was pressed by player 1
[00:49:24.085] [SEVERE ] player 1 placing token on slot 1
[00:49:24.131] [SEVERE ] updating countdown to 58154
[00:49:24.131] [SEVERE ] setting player 1 freeze to -3150
[00:49:24.131] [SEVERE ] setting player 2 freeze to -3150
[00:49:24.234] [SEVERE ] updating countdown to 58051
[00:49:24.234] [SEVERE ] setting player 1 freeze to -3253
[00:49:24.234] [SEVERE ] setting player 2 freeze to -3253
[00:49:24.319] [SEVERE ] key 69 was pressed by player 1
[00:49:24.319] [SEVERE ] player 1 placing token on slot 2
[00:49:24.343] [SEVERE ] updating countdown to 57942
[00:49:24.343] [SEVERE ] setting player 1 freeze to -3362
[00:49:24.343] [SEVERE ] setting player 2 freeze to -3362
[00:49:24.343] [SEVERE ] updating countdown to 57942
[00:49:24.343] [SEVERE ] setting player 1 freeze to -3362
[00:49:24.343] [SEVERE ] setting player 2 freeze to -3362
[00:49:24.473] [SEVERE ] updating countdown to 57812
[00:49:24.473] [SEVERE ] setting player 1 freeze to 870
[00:49:24.473] [SEVERE ] setting player 2 freeze to -3492
[00:49:24.583] [SEVERE ] updating countdown to 57702
[00:49:24.584] [SEVERE ] setting player 1 freeze to 759
[00:49:24.584] [SEVERE ] setting player 2 freeze to -3603
[00:49:24.694] [SEVERE ] updating countdown to 57591
[00:49:24.694] [SEVERE ] setting player 1 freeze to 649
[00:49:24.694] [SEVERE ] setting player 2 freeze to -3713
[00:49:24.806] [SEVERE ] updating countdown to 57479
[00:49:24.806] [SEVERE ] setting player 1 freeze to 537
[00:49:24.806] [SEVERE ] setting player 2 freeze to -3825
[00:49:24.920] [SEVERE ] updating countdown to 57365
[00:49:24.920] [SEVERE ] setting player 1 freeze to 423
[00:49:24.920] [SEVERE ] setting player 2 freeze to -3939
[00:49:25.030] [SEVERE ] updating countdown to 57255
[00:49:25.030] [SEVERE ] setting player 1 freeze to 313
[00:49:25.030] [SEVERE ] setting player 2 freeze to -4049
[00:49:25.145] [SEVERE ] updating countdown to 57140
[00:49:25.145] [SEVERE ] setting player 1 freeze to 198
[00:49:25.145] [SEVERE ] setting player 2 freeze to -4164
[00:49:25.258] [SEVERE ] updating countdown to 57027
[00:49:25.258] [SEVERE ] setting player 1 freeze to 85
[00:49:25.258] [SEVERE ] setting player 2 freeze to -4277
[00:49:25.367] [SEVERE ] updating countdown to 56918
[00:49:25.367] [SEVERE ] setting player 1 freeze to -24
[00:49:25.367] [SEVERE ] setting player 2 freeze to -4386
[00:49:25.476] [SEVERE ] updating countdown to 56809
[00:49:25.476] [SEVERE ] setting player 1 freeze to -133
[00:49:25.476] [SEVERE ] setting player 2 freeze to -4495
[00:49:25.584] [SEVERE ] updating countdown to 56701
[00:49:25.584] [SEVERE ] setting player 1 freeze to -241
[00:49:25.584] [SEVERE ] setting player 2 freeze to -4603
[00:49:25.692] [SEVERE ] updating countdown to 56593
[00:49:25.692] [SEVERE ] setting player 1 freeze to -349
[00:49:25.692] [SEVERE ] setting player 2 freeze to -4711
[00:49:25.800] [SEVERE ] updating countdown to 56485
[00:49:25.801] [SEVERE ] setting player 1 freeze to -458
[00:49:25.801] [SEVERE ] setting player 2 freeze to -4820
[00:49:25.909] [SEVERE ] updating countdown to 56376
[00:49:25.909] [SEVERE ] setting player 1 freeze to -566
[00:49:25.909] [SEVERE ] setting player 2 freeze to -4928
[00:49:26.024] [SEVERE ] updating countdown to 56261
[00:49:26.024] [SEVERE ] setting player 1 freeze to -681
[00:49:26.024] [SEVERE ] setting player 2 freeze to -5043
[00:49:26.137] [SEVERE ] updating countdown to 56148
[00:49:26.137] [SEVERE ] setting player 1 freeze to -794
[00:49:26.137] [SEVERE ] setting player 2 freeze to -5156
[00:49:26.250] [SEVERE ] updating countdown to 56035
[00:49:26.250] [SEVERE ] setting player 1 freeze to -907
[00:49:26.250] [SEVERE ] setting player 2 freeze to -5269
[00:49:26.357] [SEVERE ] updating countdown to 55928
[00:49:26.357] [SEVERE ] setting player 1 freeze to -1014
[00:49:26.357] [SEVERE ] setting player 2 freeze to -5376
[00:49:26.461] [SEVERE ] updating countdown to 55824
[00:49:26.461] [SEVERE ] setting player 1 freeze to -1118
[00:49:26.461] [SEVERE ] setting player 2 freeze to -5480
[00:49:26.565] [SEVERE ] updating countdown to 55720
[00:49:26.565] [SEVERE ] setting player 1 freeze to -1222
[00:49:26.565] [SEVERE ] setting player 2 freeze to -5584
[00:49:26.673] [SEVERE ] updating countdown to 55612
[00:49:26.673] [SEVERE ] setting player 1 freeze to -1330
[00:49:26.673] [SEVERE ] setting player 2 freeze to -5692
[00:49:26.786] [SEVERE ] updating countdown to 55499
[00:49:26.786] [SEVERE ] setting player 1 freeze to -1443
[00:49:26.786] [SEVERE ] setting player 2 freeze to -5805
[00:49:26.888] [SEVERE ] updating countdown to 55397
[00:49:26.888] [SEVERE ] setting player 1 freeze to -1545
[00:49:26.888] [SEVERE ] setting player 2 freeze to -5907
[00:49:26.997] [SEVERE ] updating countdown to 55288
[00:49:26.997] [SEVERE ] setting player 1 freeze to -1654
[00:49:26.997] [SEVERE ] setting player 2 freeze to -6016
[00:49:27.113] [SEVERE ] updating countdown to 55172
[00:49:27.113] [SEVERE ] setting player 1 freeze to -1770
[00:49:27.113] [SEVERE ] setting player 2 freeze to -6132
[00:49:27.217] [SEVERE ] updating countdown to 55068
[00:49:27.217] [SEVERE ] setting player 1 freeze to -1874
[00:49:27.217] [SEVERE ] setting player 2 freeze to -6236
[00:49:27.325] [SEVERE ] updating countdown to 54960
[00:49:27.325] [SEVERE ] setting player 1 freeze to -1982
[00:49:27.325] [SEVERE ] setting player 2 freeze to -6344
[00:49:27.429] [SEVERE ] updating countdown to 54856
[00:49:27.429] [SEVERE ] setting player 1 freeze to -2086
[00:49:27.429] [SEVERE ] setting player 2 freeze to -6448
[00:49:27.537] [SEVERE ] updating countdown to 54748
[00:49:27.537] [SEVERE ] setting player 1 freeze to -2194
[00:49:27.537] [SEVERE ] setting player 2 freeze to -6556
[00:49:27.647] [SEVERE ] updating countdown to 54638
[00:49:27.647] [SEVERE ] setting player 1 freeze to -2304
[00:49:27.647] [SEVERE ] setting player 2 freeze to -6666
[00:49:27.748] [SEVERE ] updating countdown to 54537
[00:49:27.748] [SEVERE ] setting player 1 freeze to -2405
[00:49:27.748] [SEVERE ] setting player 2 freeze to -6767
[00:49:27.853] [SEVERE ] updating countdown to 54432
[00:49:27.853] [SEVERE ] setting player 1 freeze to -2510
[00:49:27.853] [SEVERE ] setting player 2 freeze to -6872
[00:49:27.960] [SEVERE ] updating countdown to 54325
[00:49:27.960] [SEVERE ] setting player 1 freeze to -2617
[00:49:27.960] [SEVERE ] setting player 2 freeze to -6979
[00:49:28.069] [SEVERE ] updating countdown to 54216
[00:49:28.069] [SEVERE ] setting player 1 freeze to -2726
[00:49:28.069] [SEVERE ] setting player 2 freeze to -7088
[00:49:28.185] [SEVERE ] updating countdown to 54100
[00:49:28.185] [SEVERE ] setting player 1 freeze to -2842
[00:49:28.185] [SEVERE ] setting player 2 freeze to -7204
[00:49:28.301] [SEVERE ] updating countdown to 53984
[00:49:28.301] [SEVERE ] setting player 1 freeze to -2958
[00:49:28.301] [SEVERE ] setting player 2 freeze to -7320
[00:49:28.403] [SEVERE ] updating countdown to 53882
[00:49:28.403] [SEVERE ] setting player 1 freeze to -3060
[00:49:28.403] [SEVERE ] setting player 2 freeze to -7422
[00:49:28.514] [SEVERE ] updating countdown to 53771
[00:49:28.514] [SEVERE ] setting player 1 freeze to -3171
[00:49:28.514] [SEVERE ] setting player 2 freeze to -7533
[00:49:28.616] [SEVERE ] updating countdown to 53669
[00:49:28.616] [SEVERE ] setting player 1 freeze to -3273
[00:49:28.616] [SEVERE ] setting player 2 freeze to -7635
[00:49:28.726] [SEVERE ] updating countdown to 53559
[00:49:28.726] [SEVERE ] setting player 1 freeze to -3383
[00:49:28.726] [SEVERE ] setting player 2 freeze to -7745
[00:49:28.834] [SEVERE ] updating countdown to 53451
[00:49:28.834] [SEVERE ] setting player 1 freeze to -3491
[00:49:28.835] [SEVERE ] setting player 2 freeze to -7854
[00:49:28.937] [SEVERE ] updating countdown to 53348
[00:49:28.937] [SEVERE ] setting player 1 freeze to -3594
[00:49:28.937] [SEVERE ] setting player 2 freeze to -7956
[00:49:29.050] [SEVERE ] updating countdown to 53235
[00:49:29.050] [SEVERE ] setting player 1 freeze to -3707
[00:49:29.050] [SEVERE ] setting player 2 freeze to -8069
[00:49:29.157] [SEVERE ] updating countdown to 53128
[00:49:29.158] [SEVERE ] setting player 1 freeze to -3815
[00:49:29.158] [SEVERE ] setting player 2 freeze to -8177
[00:49:29.266] [SEVERE ] updating countdown to 53019
[00:49:29.266] [SEVERE ] setting player 1 freeze to -3923
[00:49:29.266] [SEVERE ] setting player 2 freeze to -8285
[00:49:29.370] [SEVERE ] updating countdown to 52915
[00:49:29.370] [SEVERE ] setting player 1 freeze to -4027
[00:49:29.370] [SEVERE ] setting player 2 freeze to -8389
[00:49:29.482] [SEVERE ] updating countdown to 52803
[00:49:29.482] [SEVERE ] setting player 1 freeze to -4139
[00:49:29.482] [SEVERE ] setting player 2 freeze to -8501
[00:49:29.598] [SEVERE ] updating countdown to 52687
[00:49:29.598] [SEVERE ] setting player 1 freeze to -4255
[00:49:29.598] [SEVERE ] setting player 2 freeze to -8617
[00:49:29.711] [SEVERE ] updating countdown to 52574
[00:49:29.711] [SEVERE ] setting player 1 freeze to -4368
[00:49:29.711] [SEVERE ] setting player 2 freeze to -8730
[00:49:29.814] [SEVERE ] updating countdown to 52471
[00:49:29.814] [SEVERE ] setting player 1 freeze to -4471
[00:49:29.814] [SEVERE ] setting player 2 freeze to -8833
[00:49:29.923] [SEVERE ] updating countdown to 52362
[00:49:29.923] [SEVERE ] setting player 1 freeze to -4580
[00:49:29.923] [SEVERE ] setting player 2 freeze to -8942
[00:49:30.035] [SEVERE ] updating countdown to 52250
[00:49:30.035] [SEVERE ] setting player 1 freeze to -4692
[00:49:30.035] [SEVERE ] setting player 2 freeze to -9054
[00:49:30.145] [SEVERE ] updating countdown to 52140
[00:49:30.145] [SEVERE ] setting player 1 freeze to -4802
[00:49:30.145] [SEVERE ] setting player 2 freeze to -9164
[00:49:30.255] [SEVERE ] updating countdown to 52030
[00:49:30.255] [SEVERE ] setting player 1 freeze to -4912
[00:49:30.255] [SEVERE ] setting player 2 freeze to -9274
[00:49:30.370] [SEVERE ] updating countdown to 51915
[00:49:30.370] [SEVERE ] setting player 1 freeze to -5027
[00:49:30.370] [SEVERE ] setting player 2 freeze to -9389
[00:49:30.477] [SEVERE ] updating countdown to 51808
[00:49:30.477] [SEVERE ] setting player 1 freeze to -5134
[00:49:30.477] [SEVERE ] setting player 2 freeze to -9496
[00:49:30.590] [SEVERE ] updating countdown to 51695
[00:49:30.590] [SEVERE ] setting player 1 freeze to -5247
[00:49:30.590] [SEVERE ] setting player 2 freeze to -9609
[00:49:30.696] [SEVERE ] updating countdown to 51589
[00:49:30.696] [SEVERE ] setting player 1 freeze to -5353
[00:49:30.696] [SEVERE ] setting player 2 freeze to -9715
[00:49:30.810] [SEVERE ] updating countdown to 51475
[00:49:30.810] [SEVERE ] setting player 1 freeze to -5467
[00:49:30.810] [SEVERE ] setting player 2 freeze to -9829
[00:49:30.911] [SEVERE ] updating countdown to 51374
[00:49:30.911] [SEVERE ] setting player 1 freeze to -5568
[00:49:30.911] [SEVERE ] setting player 2 freeze to -9930
[00:49:31.019] [SEVERE ] updating countdown to 51266
[00:49:31.020] [SEVERE ] setting player 1 freeze to -5677
[00:49:31.020] [SEVERE ] setting player 2 freeze to -10039
[00:49:31.127] [SEVERE ] updating countdown to 51158
[00:49:31.127] [SEVERE ] setting player 1 freeze to -5784
[00:49:31.127] [SEVERE ] setting player 2 freeze to -10146
[00:49:31.229] [SEVERE ] updating countdown to 51056
[00:49:31.229] [SEVERE ] setting player 1 freeze to -5886
[00:49:31.229] [SEVERE ] setting player 2 freeze to -10248
[00:49:31.343] [SEVERE ] updating countdown to 50942
[00:49:31.343] [SEVERE ] setting player 1 freeze to -6000
[00:49:31.343] [SEVERE ] setting player 2 freeze to -10362
[00:49:31.451] [SEVERE ] updating countdown to 50834
[00:49:31.452] [SEVERE ] setting player 1 freeze to -6109
[00:49:31.452] [SEVERE ] setting player 2 freeze to -10471
[00:49:31.558] [SEVERE ] updating countdown to 50727
[00:49:31.558] [SEVERE ] setting player 1 freeze to -6215
[00:49:31.558] [SEVERE ] setting player 2 freeze to -10577
[00:49:31.667] [SEVERE ] updating countdown to 50618
[00:49:31.667] [SEVERE ] setting player 1 freeze to -6324
[00:49:31.667] [SEVERE ] setting player 2 freeze to -10686
[00:49:31.775] [SEVERE ] updating countdown to 50510
[00:49:31.775] [SEVERE ] setting player 1 freeze to -6432
[00:49:31.775] [SEVERE ] setting player 2 freeze to -10794
[00:49:31.883] [SEVERE ] updating countdown to 50402
[00:49:31.883] [SEVERE ] setting player 1 freeze to -6540
[00:49:31.883] [SEVERE ] setting player 2 freeze to -10902
[00:49:31.992] [SEVERE ] updating countdown to 50293
[00:49:31.992] [SEVERE ] setting player 1 freeze to -6649
[00:49:31.992] [SEVERE ] setting player 2 freeze to -11011
[00:49:32.100] [SEVERE ] updating countdown to 50185
[00:49:32.100] [SEVERE ] setting player 1 freeze to -6757
[00:49:32.100] [SEVERE ] setting player 2 freeze to -11119
[00:49:32.211] [SEVERE ] updating countdown to 50074
[00:49:32.211] [SEVERE ] setting player 1 freeze to -6868
[00:49:32.211] [SEVERE ] setting player 2 freeze to -11230
[00:49:32.325] [SEVERE ] updating countdown to 49960
[00:49:32.325] [SEVERE ] setting player 1 freeze to -6982
[00:49:32.325] [SEVERE ] setting player 2 freeze to -11344
[00:49:32.430] [SEVERE ] updating countdown to 49855
[00:49:32.430] [SEVERE ] setting player 1 freeze to -7087
[00:49:32.430] [SEVERE ] setting player 2 freeze to -11449
[00:49:32.540] [SEVERE ] updating countdown to 49745
[00:49:32.540] [SEVERE ] setting player 1 freeze to -7197
[00:49:32.540] [SEVERE ] setting player 2 freeze to -11559
[00:49:32.641] [SEVERE ] updating countdown to 49644
[00:49:32.641] [SEVERE ] setting player 1 freeze to -7298
[00:49:32.641] [SEVERE ] setting player 2 freeze to -11660
[00:49:32.748] [SEVERE ] updating countdown to 49537
[00:49:32.748] [SEVERE ] setting player 1 freeze to -7405
[00:49:32.748] [SEVERE ] setting player 2 freeze to -11767
[00:49:32.856] [SEVERE ] updating countdown to 49429
[00:49:32.856] [SEVERE ] setting player 1 freeze to -7513
[00:49:32.856] [SEVERE ] setting player 2 freeze to -11875
[00:49:32.972] [SEVERE ] updating countdown to 49313
[00:49:32.972] [SEVERE ] setting player 1 freeze to -7629
[00:49:32.972] [SEVERE ] setting player 2 freeze to -11991
[00:49:33.081] [SEVERE ] updating countdown to 49204
[00:49:33.081] [SEVERE ] setting player 1 freeze to -7738
[00:49:33.081] [SEVERE ] setting player 2 freeze to -12100
[00:49:33.196] [SEVERE ] updating countdown to 49089
[00:49:33.196] [SEVERE ] setting player 1 freeze to -7853
[00:49:33.196] [SEVERE ] setting player 2 freeze to -12215
[00:49:33.304] [SEVERE ] updating countdown to 48981
[00:49:33.304] [SEVERE ] setting player 1 freeze to -7961
[00:49:33.304] [SEVERE ] setting player 2 freeze to -12323
[00:49:33.408] [SEVERE ] updating countdown to 48877
[00:49:33.408] [SEVERE ] setting player 1 freeze to -8065
[00:49:33.408] [SEVERE ] setting player 2 freeze to -12427
[00:49:33.521] [SEVERE ] updating countdown to 48764
[00:49:33.521] [SEVERE ] setting player 1 freeze to -8178
[00:49:33.521] [SEVERE ] setting player 2 freeze to -12540
[00:49:33.641] [SEVERE ] updating countdown to 48644
[00:49:33.641] [SEVERE ] setting player 1 freeze to -8298
[00:49:33.641] [SEVERE ] setting player 2 freeze to -12660
[00:49:33.749] [SEVERE ] updating countdown to 48536
[00:49:33.749] [SEVERE ] setting player 1 freeze to -8406
[00:49:33.749] [SEVERE ] setting player 2 freeze to -12768
[00:49:33.850] [SEVERE ] updating countdown to 48435
[00:49:33.850] [SEVERE ] setting player 1 freeze to -8507
[00:49:33.850] [SEVERE ] setting player 2 freeze to -12869
[00:49:33.953] [SEVERE ] updating countdown to 48332
[00:49:33.954] [SEVERE ] setting player 1 freeze to -8611
[00:49:33.954] [SEVERE ] setting player 2 freeze to -12973
[00:49:34.061] [SEVERE ] updating countdown to 48224
[00:49:34.061] [SEVERE ] setting player 1 freeze to -8718
[00:49:34.061] [SEVERE ] setting player 2 freeze to -13080
[00:49:34.175] [SEVERE ] updating countdown to 48110
[00:49:34.175] [SEVERE ] setting player 1 freeze to -8832
[00:49:34.175] [SEVERE ] setting player 2 freeze to -13194
[00:49:34.278] [SEVERE ] updating countdown to 48007
[00:49:34.278] [SEVERE ] setting player 1 freeze to -8935
[00:49:34.278] [SEVERE ] setting player 2 freeze to -13297
[00:49:34.384] [SEVERE ] updating countdown to 47901
[00:49:34.384] [SEVERE ] setting player 1 freeze to -9041
[00:49:34.384] [SEVERE ] setting player 2 freeze to -13403
[00:49:34.498] [SEVERE ] updating countdown to 47787
[00:49:34.498] [SEVERE ] setting player 1 freeze to -9155
[00:49:34.499] [SEVERE ] setting player 2 freeze to -13517
[00:49:34.601] [SEVERE ] updating countdown to 47684
[00:49:34.601] [SEVERE ] setting player 1 freeze to -9258
[00:49:34.601] [SEVERE ] setting player 2 freeze to -13620
[00:49:34.706] [SEVERE ] updating countdown to 47579
[00:49:34.706] [SEVERE ] setting player 1 freeze to -9363
[00:49:34.707] [SEVERE ] setting player 2 freeze to -13726
[00:49:34.808] [SEVERE ] updating countdown to 47477
[00:49:34.809] [SEVERE ] setting player 1 freeze to -9466
[00:49:34.809] [SEVERE ] setting player 2 freeze to -13828
[00:49:34.917] [SEVERE ] updating countdown to 47368
[00:49:34.917] [SEVERE ] setting player 1 freeze to -9574
[00:49:34.917] [SEVERE ] setting player 2 freeze to -13936
[00:49:35.024] [SEVERE ] updating countdown to 47261
[00:49:35.025] [SEVERE ] setting player 1 freeze to -9682
[00:49:35.025] [SEVERE ] setting player 2 freeze to -14044
[00:49:35.131] [SEVERE ] updating countdown to 47154
[00:49:35.131] [SEVERE ] setting player 1 freeze to -9788
[00:49:35.131] [SEVERE ] setting player 2 freeze to -14150
[00:49:35.232] [SEVERE ] updating countdown to 47053
[00:49:35.232] [SEVERE ] setting player 1 freeze to -9889
[00:49:35.232] [SEVERE ] setting player 2 freeze to -14251
[00:49:35.340] [SEVERE ] updating countdown to 46945
[00:49:35.340] [SEVERE ] setting player 1 freeze to -9997
[00:49:35.340] [SEVERE ] setting player 2 freeze to -14359
[00:49:35.449] [SEVERE ] updating countdown to 46836
[00:49:35.449] [SEVERE ] setting player 1 freeze to -10106
[00:49:35.449] [SEVERE ] setting player 2 freeze to -14468
[00:49:35.557] [SEVERE ] updating countdown to 46728
[00:49:35.557] [SEVERE ] setting player 1 freeze to -10214
[00:49:35.557] [SEVERE ] setting player 2 freeze to -14576
[00:49:35.666] [SEVERE ] updating countdown to 46619
[00:49:35.667] [SEVERE ] setting player 1 freeze to -10324
[00:49:35.667] [SEVERE ] setting player 2 freeze to -14686
[00:49:35.772] [SEVERE ] updating countdown to 46513
[00:49:35.772] [SEVERE ] setting player 1 freeze to -10429
[00:49:35.773] [SEVERE ] setting player 2 freeze to -14792
[00:49:35.881] [SEVERE ] updating countdown to 46404
[00:49:35.881] [SEVERE ] setting player 1 freeze to -10538
[00:49:35.881] [SEVERE ] setting player 2 freeze to -14900
[00:49:35.989] [SEVERE ] updating countdown to 46296
[00:49:35.989] [SEVERE ] setting player 1 freeze to -10646
[00:49:35.989] [SEVERE ] setting player 2 freeze to -15008
[00:49:36.095] [SEVERE ] updating countdown to 46190
[00:49:36.095] [SEVERE ] setting player 1 freeze to -10752
[00:49:36.095] [SEVERE ] setting player 2 freeze to -15114
[00:49:36.205] [SEVERE ] updating countdown to 46080
[00:49:36.205] [SEVERE ] setting player 1 freeze to -10862
[00:49:36.205] [SEVERE ] setting player 2 freeze to -15224
[00:49:36.313] [SEVERE ] updating countdown to 45972
[00:49:36.313] [SEVERE ] setting player 1 freeze to -10970
[00:49:36.313] [SEVERE ] setting player 2 freeze to -15332
[00:49:36.421] [SEVERE ] updating countdown to 45864
[00:49:36.421] [SEVERE ] setting player 1 freeze to -11078
[00:49:36.421] [SEVERE ] setting player 2 freeze to -15440
[00:49:36.526] [SEVERE ] updating countdown to 45759
[00:49:36.527] [SEVERE ] setting player 1 freeze to -11184
[00:49:36.527] [SEVERE ] setting player 2 freeze to -15546
[00:49:36.632] [SEVERE ] updating countdown to 45653
[00:49:36.632] [SEVERE ] setting player 1 freeze to -11289
[00:49:36.632] [SEVERE ] setting player 2 freeze to -15651
[00:49:36.745] [SEVERE ] updating countdown to 45540
[00:49:36.745] [SEVERE ] setting player 1 freeze to -11402
[00:49:36.745] [SEVERE ] setting player 2 freeze to -15764
[00:49:36.854] [SEVERE ] updating countdown to 45431
[00:49:36.854] [SEVERE ] setting player 1 freeze to -11511
[00:49:36.854] [SEVERE ] setting player 2 freeze to -15873
[00:49:36.960] [SEVERE ] updating countdown to 45325
[00:49:36.960] [SEVERE ] setting player 1 freeze to -11617
[00:49:36.960] [SEVERE ] setting player 2 freeze to -15979
[00:49:37.064] [SEVERE ] updating countdown to 45221
[00:49:37.064] [SEVERE ] setting player 1 freeze to -11721
[00:49:37.064] [SEVERE ] setting player 2 freeze to -16083
[00:49:37.169] [SEVERE ] updating countdown to 45116
[00:49:37.169] [SEVERE ] setting player 1 freeze to -11826
[00:49:37.169] [SEVERE ] setting player 2 freeze to -16188
[00:49:37.277] [SEVERE ] updating countdown to 45008
[00:49:37.277] [SEVERE ] setting player 1 freeze to -11934
[00:49:37.277] [SEVERE ] setting player 2 freeze to -16296
[00:49:37.389] [SEVERE ] updating countdown to 44896
[00:49:37.389] [SEVERE ] setting player 1 freeze to -12046
[00:49:37.389] [SEVERE ] setting player 2 freeze to -16408
[00:49:37.500] [SEVERE ] updating countdown to 44785
[00:49:37.500] [SEVERE ] setting player 1 freeze to -12157
[00:49:37.500] [SEVERE ] setting player 2 freeze to -16519
[00:49:37.604] [SEVERE ] updating countdown to 44681
[00:49:37.604] [SEVERE ] setting player 1 freeze to -12261
[00:49:37.604] [SEVERE ] setting player 2 freeze to -16623
[00:49:37.713] [SEVERE ] updating countdown to 44572
[00:49:37.713] [SEVERE ] setting player 1 freeze to -12370
[00:49:37.713] [SEVERE ] setting player 2 freeze to -16732
[00:49:37.816] [SEVERE ] updating countdown to 44469
[00:49:37.816] [SEVERE ] setting player 1 freeze to -12473
[00:49:37.816] [SEVERE ] setting player 2 freeze to -16835
[00:49:37.928] [SEVERE ] updating countdown to 44357
[00:49:37.928] [SEVERE ] setting player 1 freeze to -12585
[00:49:37.928] [SEVERE ] setting player 2 freeze to -16947
[00:49:38.041] [SEVERE ] updating countdown to 44244
[00:49:38.041] [SEVERE ] setting player 1 freeze to -12698
[00:49:38.041] [SEVERE ] setting player 2 freeze to -17060
[00:49:38.143] [SEVERE ] updating countdown to 44142
[00:49:38.143] [SEVERE ] setting player 1 freeze to -12800
[00:49:38.143] [SEVERE ] setting player 2 freeze to -17162
[00:49:38.250] [SEVERE ] updating countdown to 44035
[00:49:38.250] [SEVERE ] setting player 1 freeze to -12907
[00:49:38.250] [SEVERE ] setting player 2 freeze to -17269
[00:49:38.364] [SEVERE ] updating countdown to 43921
[00:49:38.364] [SEVERE ] setting player 1 freeze to -13021
[00:49:38.364] [SEVERE ] setting player 2 freeze to -17383
[00:49:38.473] [SEVERE ] updating countdown to 43812
[00:49:38.473] [SEVERE ] setting player 1 freeze to -13130
[00:49:38.473] [SEVERE ] setting player 2 freeze to -17492
[00:49:38.575] [SEVERE ] updating countdown to 43710
[00:49:38.575] [SEVERE ] setting player 1 freeze to -13232
[00:49:38.575] [SEVERE ] setting player 2 freeze to -17594
[00:49:38.677] [SEVERE ] updating countdown to 43608
[00:49:38.677] [SEVERE ] setting player 1 freeze to -13334
[00:49:38.677] [SEVERE ] setting player 2 freeze to -17696
[00:49:38.781] [SEVERE ] updating countdown to 43504
[00:49:38.781] [SEVERE ] setting player 1 freeze to -13438
[00:49:38.781] [SEVERE ] setting player 2 freeze to -17800
[00:49:38.889] [SEVERE ] updating countdown to 43396
[00:49:38.889] [SEVERE ] setting player 1 freeze to -13546
[00:49:38.889] [SEVERE ] setting player 2 freeze to -17908
[00:49:38.997] [SEVERE ] updating countdown to 43288
[00:49:38.997] [SEVERE ] setting player 1 freeze to -13654
[00:49:38.998] [SEVERE ] setting player 2 freeze to -18017
[00:49:39.100] [SEVERE ] updating countdown to 43185
[00:49:39.100] [SEVERE ] setting player 1 freeze to -13757
[00:49:39.100] [SEVERE ] setting player 2 freeze to -18119
[00:49:39.213] [SEVERE ] updating countdown to 43072
[00:49:39.213] [SEVERE ] setting player 1 freeze to -13870
[00:49:39.213] [SEVERE ] setting player 2 freeze to -18232
[00:49:39.322] [SEVERE ] updating countdown to 42963
[00:49:39.322] [SEVERE ] setting player 1 freeze to -13979
[00:49:39.322] [SEVERE ] setting player 2 freeze to -18341
[00:49:39.437] [SEVERE ] updating countdown to 42848
[00:49:39.437] [SEVERE ] setting player 1 freeze to -14094
[00:49:39.437] [SEVERE ] setting player 2 freeze to -18456
[00:49:39.545] [SEVERE ] updating countdown to 42740
[00:49:39.545] [SEVERE ] setting player 1 freeze to -14202
[00:49:39.545] [SEVERE ] setting player 2 freeze to -18564
[00:49:39.654] [SEVERE ] updating countdown to 42631
[00:49:39.654] [SEVERE ] setting player 1 freeze to -14311
[00:49:39.654] [SEVERE ] setting player 2 freeze to -18673
[00:49:39.770] [SEVERE ] updating countdown to 42515
[00:49:39.770] [SEVERE ] setting player 1 freeze to -14427
[00:49:39.770] [SEVERE ] setting player 2 freeze to -18789
