[00:20:53.100] [INFO   ] thread main starting.
[00:20:53.111] [SEVERE ] cannot read configuration file config.properties trying from resources.
[00:20:53.113] [SEVERE ] configuration file was loaded from resources directory.
[00:20:53.637] [INFO   ] thread dealer starting.
[00:20:53.639] [INFO   ] thread dealer starting.
[00:20:53.644] [INFO   ] thread Player #0 starting.
[00:20:53.645] [INFO   ] thread Player #1 starting.
[00:20:53.759] [SEVERE ] placing card 46 in slot 0
[00:20:53.760] [SEVERE ] updating countdown to 60000
[00:20:53.760] [SEVERE ] setting player 1 freeze to -123
[00:20:53.761] [SEVERE ] setting player 2 freeze to -124
[00:20:53.867] [SEVERE ] placing card 23 in slot 1
[00:20:53.867] [SEVERE ] updating countdown to 60000
[00:20:53.867] [SEVERE ] setting player 1 freeze to -230
[00:20:53.867] [SEVERE ] setting player 2 freeze to -230
[00:20:53.970] [SEVERE ] placing card 32 in slot 2
[00:20:53.970] [SEVERE ] updating countdown to 60000
[00:20:53.970] [SEVERE ] setting player 1 freeze to -333
[00:20:53.970] [SEVERE ] setting player 2 freeze to -333
[00:20:54.083] [SEVERE ] placing card 36 in slot 3
[00:20:54.083] [SEVERE ] updating countdown to 60000
[00:20:54.083] [SEVERE ] setting player 1 freeze to -446
[00:20:54.083] [SEVERE ] setting player 2 freeze to -446
[00:20:54.186] [SEVERE ] placing card 77 in slot 4
[00:20:54.186] [SEVERE ] updating countdown to 60000
[00:20:54.186] [SEVERE ] setting player 1 freeze to -549
[00:20:54.186] [SEVERE ] setting player 2 freeze to -549
[00:20:54.298] [SEVERE ] placing card 24 in slot 5
[00:20:54.298] [SEVERE ] updating countdown to 60000
[00:20:54.299] [SEVERE ] setting player 1 freeze to -662
[00:20:54.299] [SEVERE ] setting player 2 freeze to -662
[00:20:54.408] [SEVERE ] placing card 30 in slot 6
[00:20:54.408] [SEVERE ] updating countdown to 60000
[00:20:54.408] [SEVERE ] setting player 1 freeze to -771
[00:20:54.408] [SEVERE ] setting player 2 freeze to -771
[00:20:54.510] [SEVERE ] placing card 60 in slot 7
[00:20:54.511] [SEVERE ] updating countdown to 60000
[00:20:54.511] [SEVERE ] setting player 1 freeze to -874
[00:20:54.511] [SEVERE ] setting player 2 freeze to -874
[00:20:54.622] [SEVERE ] placing card 49 in slot 8
[00:20:54.622] [SEVERE ] updating countdown to 60000
[00:20:54.622] [SEVERE ] setting player 1 freeze to -985
[00:20:54.622] [SEVERE ] setting player 2 freeze to -985
[00:20:54.733] [SEVERE ] placing card 76 in slot 9
[00:20:54.733] [SEVERE ] updating countdown to 60000
[00:20:54.733] [SEVERE ] setting player 1 freeze to -1096
[00:20:54.733] [SEVERE ] setting player 2 freeze to -1096
[00:20:54.843] [SEVERE ] placing card 70 in slot 10
[00:20:54.843] [SEVERE ] updating countdown to 60000
[00:20:54.843] [SEVERE ] setting player 1 freeze to -1206
[00:20:54.843] [SEVERE ] setting player 2 freeze to -1206
[00:20:54.946] [SEVERE ] placing card 52 in slot 11
[00:20:54.946] [SEVERE ] updating countdown to 60000
[00:20:54.946] [SEVERE ] setting player 1 freeze to -1309
[00:20:54.946] [SEVERE ] setting player 2 freeze to -1309
[00:20:55.067] [SEVERE ] updating countdown to 59879
[00:20:55.067] [SEVERE ] setting player 1 freeze to -1430
[00:20:55.067] [SEVERE ] setting player 2 freeze to -1430
[00:20:55.169] [SEVERE ] updating countdown to 59777
[00:20:55.169] [SEVERE ] setting player 1 freeze to -1532
[00:20:55.169] [SEVERE ] setting player 2 freeze to -1532
[00:20:55.272] [SEVERE ] updating countdown to 59674
[00:20:55.272] [SEVERE ] setting player 1 freeze to -1635
[00:20:55.272] [SEVERE ] setting player 2 freeze to -1635
[00:20:55.374] [SEVERE ] updating countdown to 59572
[00:20:55.374] [SEVERE ] setting player 1 freeze to -1737
[00:20:55.374] [SEVERE ] setting player 2 freeze to -1737
[00:20:55.476] [SEVERE ] updating countdown to 59470
[00:20:55.476] [SEVERE ] setting player 1 freeze to -1839
[00:20:55.476] [SEVERE ] setting player 2 freeze to -1839
[00:20:55.578] [SEVERE ] updating countdown to 59368
[00:20:55.578] [SEVERE ] setting player 1 freeze to -1941
[00:20:55.579] [SEVERE ] setting player 2 freeze to -1942
[00:20:55.679] [SEVERE ] updating countdown to 59267
[00:20:55.679] [SEVERE ] setting player 1 freeze to -2042
[00:20:55.679] [SEVERE ] setting player 2 freeze to -2042
[00:20:55.781] [SEVERE ] updating countdown to 59165
[00:20:55.782] [SEVERE ] setting player 1 freeze to -2145
[00:20:55.782] [SEVERE ] setting player 2 freeze to -2145
[00:20:55.882] [SEVERE ] updating countdown to 59064
[00:20:55.882] [SEVERE ] setting player 1 freeze to -2245
[00:20:55.882] [SEVERE ] setting player 2 freeze to -2245
[00:20:55.984] [SEVERE ] updating countdown to 58962
[00:20:55.984] [SEVERE ] setting player 1 freeze to -2347
[00:20:55.984] [SEVERE ] setting player 2 freeze to -2347
[00:20:56.086] [SEVERE ] updating countdown to 58860
[00:20:56.086] [SEVERE ] setting player 1 freeze to -2449
[00:20:56.086] [SEVERE ] setting player 2 freeze to -2449
[00:20:56.188] [SEVERE ] updating countdown to 58758
[00:20:56.188] [SEVERE ] setting player 1 freeze to -2551
[00:20:56.188] [SEVERE ] setting player 2 freeze to -2551
[00:20:56.289] [SEVERE ] updating countdown to 58657
[00:20:56.289] [SEVERE ] setting player 1 freeze to -2652
[00:20:56.289] [SEVERE ] setting player 2 freeze to -2652
[00:20:56.391] [SEVERE ] updating countdown to 58555
[00:20:56.391] [SEVERE ] setting player 1 freeze to -2754
[00:20:56.391] [SEVERE ] setting player 2 freeze to -2754
[00:20:56.482] [SEVERE ] key 81 was pressed by player 1
[00:20:56.482] [SEVERE ] player 1 placing token on slot 0
[00:20:56.503] [SEVERE ] updating countdown to 58443
[00:20:56.503] [SEVERE ] setting player 1 freeze to -2866
[00:20:56.503] [SEVERE ] setting player 2 freeze to -2866
[00:20:56.605] [SEVERE ] updating countdown to 58341
[00:20:56.605] [SEVERE ] setting player 1 freeze to -2968
[00:20:56.605] [SEVERE ] setting player 2 freeze to -2968
[00:20:56.725] [SEVERE ] updating countdown to 58221
[00:20:56.726] [SEVERE ] setting player 1 freeze to -3089
[00:20:56.726] [SEVERE ] setting player 2 freeze to -3089
[00:20:56.823] [SEVERE ] key 87 was pressed by player 1
[00:20:56.823] [SEVERE ] player 1 placing token on slot 1
[00:20:56.845] [SEVERE ] updating countdown to 58101
[00:20:56.845] [SEVERE ] setting player 1 freeze to -3208
[00:20:56.845] [SEVERE ] setting player 2 freeze to -3208
[00:20:56.948] [SEVERE ] updating countdown to 57998
[00:20:56.948] [SEVERE ] setting player 1 freeze to -3311
[00:20:56.948] [SEVERE ] setting player 2 freeze to -3311
[00:20:57.050] [SEVERE ] updating countdown to 57896
[00:20:57.050] [SEVERE ] setting player 1 freeze to -3413
[00:20:57.050] [SEVERE ] setting player 2 freeze to -3413
[00:20:57.103] [SEVERE ] key 69 was pressed by player 1
[00:20:57.103] [SEVERE ] player 1 placing token on slot 2
[00:20:57.112] [SEVERE ] updating countdown to 57834
[00:20:57.112] [SEVERE ] setting player 1 freeze to -3475
[00:20:57.112] [SEVERE ] setting player 2 freeze to -3475
[00:20:57.219] [SEVERE ] updating countdown to 57727
[00:20:57.219] [SEVERE ] setting player 1 freeze to 893
[00:20:57.219] [SEVERE ] setting player 2 freeze to -3582
[00:20:57.329] [SEVERE ] updating countdown to 57617
[00:20:57.329] [SEVERE ] setting player 1 freeze to 783
[00:20:57.329] [SEVERE ] setting player 2 freeze to -3692
[00:20:57.434] [SEVERE ] updating countdown to 57512
[00:20:57.434] [SEVERE ] setting player 1 freeze to 678
[00:20:57.434] [SEVERE ] setting player 2 freeze to -3797
[00:20:57.536] [SEVERE ] updating countdown to 57410
[00:20:57.537] [SEVERE ] setting player 1 freeze to 575
[00:20:57.537] [SEVERE ] setting player 2 freeze to -3900
[00:20:57.637] [SEVERE ] updating countdown to 57309
[00:20:57.637] [SEVERE ] setting player 1 freeze to 475
[00:20:57.637] [SEVERE ] setting player 2 freeze to -4000
[00:20:57.739] [SEVERE ] updating countdown to 57207
[00:20:57.739] [SEVERE ] setting player 1 freeze to 373
[00:20:57.739] [SEVERE ] setting player 2 freeze to -4102
[00:20:57.853] [SEVERE ] updating countdown to 57093
[00:20:57.853] [SEVERE ] setting player 1 freeze to 259
[00:20:57.853] [SEVERE ] setting player 2 freeze to -4216
[00:20:57.974] [SEVERE ] updating countdown to 56973
[00:20:57.974] [SEVERE ] setting player 1 freeze to 138
[00:20:57.974] [SEVERE ] setting player 2 freeze to -4337
[00:20:58.075] [SEVERE ] updating countdown to 56871
[00:20:58.075] [SEVERE ] setting player 1 freeze to 37
[00:20:58.075] [SEVERE ] setting player 2 freeze to -4438
[00:20:58.177] [SEVERE ] updating countdown to 56769
[00:20:58.177] [SEVERE ] setting player 1 freeze to -65
[00:20:58.177] [SEVERE ] setting player 2 freeze to -4540
[00:20:58.279] [SEVERE ] updating countdown to 56668
[00:20:58.279] [SEVERE ] setting player 1 freeze to -167
[00:20:58.279] [SEVERE ] setting player 2 freeze to -4642
[00:20:58.380] [SEVERE ] updating countdown to 56566
[00:20:58.380] [SEVERE ] setting player 1 freeze to -268
[00:20:58.381] [SEVERE ] setting player 2 freeze to -4744
[00:20:58.483] [SEVERE ] updating countdown to 56463
[00:20:58.483] [SEVERE ] setting player 1 freeze to -371
[00:20:58.483] [SEVERE ] setting player 2 freeze to -4846
[00:20:58.589] [SEVERE ] updating countdown to 56357
[00:20:58.589] [SEVERE ] setting player 1 freeze to -477
[00:20:58.589] [SEVERE ] setting player 2 freeze to -4952
[00:20:58.697] [SEVERE ] updating countdown to 56249
[00:20:58.697] [SEVERE ] setting player 1 freeze to -585
[00:20:58.697] [SEVERE ] setting player 2 freeze to -5060
[00:20:58.799] [SEVERE ] updating countdown to 56147
[00:20:58.799] [SEVERE ] setting player 1 freeze to -687
[00:20:58.799] [SEVERE ] setting player 2 freeze to -5162
[00:20:58.903] [SEVERE ] updating countdown to 56043
[00:20:58.903] [SEVERE ] setting player 1 freeze to -791
[00:20:58.903] [SEVERE ] setting player 2 freeze to -5266
[00:20:59.005] [SEVERE ] updating countdown to 55941
[00:20:59.005] [SEVERE ] setting player 1 freeze to -893
[00:20:59.005] [SEVERE ] setting player 2 freeze to -5368
[00:20:59.108] [SEVERE ] updating countdown to 55838
[00:20:59.108] [SEVERE ] setting player 1 freeze to -996
[00:20:59.108] [SEVERE ] setting player 2 freeze to -5471
[00:20:59.210] [SEVERE ] updating countdown to 55736
[00:20:59.210] [SEVERE ] setting player 1 freeze to -1098
[00:20:59.210] [SEVERE ] setting player 2 freeze to -5573
[00:20:59.313] [SEVERE ] updating countdown to 55634
[00:20:59.313] [SEVERE ] setting player 1 freeze to -1201
[00:20:59.313] [SEVERE ] setting player 2 freeze to -5676
[00:20:59.427] [SEVERE ] updating countdown to 55519
[00:20:59.427] [SEVERE ] setting player 1 freeze to -1315
[00:20:59.427] [SEVERE ] setting player 2 freeze to -5790
[00:20:59.536] [SEVERE ] updating countdown to 55410
[00:20:59.536] [SEVERE ] setting player 1 freeze to -1424
[00:20:59.536] [SEVERE ] setting player 2 freeze to -5899
[00:20:59.647] [SEVERE ] updating countdown to 55299
[00:20:59.647] [SEVERE ] setting player 1 freeze to -1535
[00:20:59.647] [SEVERE ] setting player 2 freeze to -6010
[00:20:59.755] [SEVERE ] updating countdown to 55191
[00:20:59.756] [SEVERE ] setting player 1 freeze to -1644
[00:20:59.756] [SEVERE ] setting player 2 freeze to -6119
[00:20:59.862] [SEVERE ] updating countdown to 55084
[00:20:59.862] [SEVERE ] setting player 1 freeze to -1750
[00:20:59.862] [SEVERE ] setting player 2 freeze to -6225
[00:20:59.970] [SEVERE ] updating countdown to 54976
[00:20:59.970] [SEVERE ] setting player 1 freeze to -1858
[00:20:59.970] [SEVERE ] setting player 2 freeze to -6333
[00:21:00.080] [SEVERE ] updating countdown to 54866
[00:21:00.080] [SEVERE ] setting player 1 freeze to -1968
[00:21:00.080] [SEVERE ] setting player 2 freeze to -6443
[00:21:00.185] [SEVERE ] updating countdown to 54761
[00:21:00.185] [SEVERE ] setting player 1 freeze to -2073
[00:21:00.185] [SEVERE ] setting player 2 freeze to -6548
[00:21:00.291] [SEVERE ] updating countdown to 54655
[00:21:00.291] [SEVERE ] setting player 1 freeze to -2179
[00:21:00.291] [SEVERE ] setting player 2 freeze to -6654
[00:21:00.401] [SEVERE ] updating countdown to 54545
[00:21:00.402] [SEVERE ] setting player 1 freeze to -2290
[00:21:00.402] [SEVERE ] setting player 2 freeze to -6765
[00:21:00.524] [SEVERE ] updating countdown to 54422
[00:21:00.524] [SEVERE ] setting player 1 freeze to -2412
[00:21:00.524] [SEVERE ] setting player 2 freeze to -6887
