[00:51:08.777] [INFO   ] thread main starting.
[00:51:08.780] [SEVERE ] cannot read configuration file config.properties trying from resources.
[00:51:08.780] [SEVERE ] configuration file was loaded from resources directory.
[00:51:09.337] [INFO   ] thread dealer starting.
[00:51:09.339] [INFO   ] thread dealer starting.
[00:51:09.340] [INFO   ] thread Player #0 starting.
[00:51:09.341] [INFO   ] thread Player #1 starting.
[00:51:09.459] [SEVERE ] placing card 73 in slot 0
[00:51:09.460] [SEVERE ] updating countdown to 60000
[00:51:09.460] [SEVERE ] setting player 1 freeze to -123
[00:51:09.462] [SEVERE ] setting player 2 freeze to -125
[00:51:09.566] [SEVERE ] placing card 13 in slot 1
[00:51:09.566] [SEVERE ] updating countdown to 60000
[00:51:09.566] [SEVERE ] setting player 1 freeze to -229
[00:51:09.566] [SEVERE ] setting player 2 freeze to -229
[00:51:09.673] [SEVERE ] placing card 17 in slot 2
[00:51:09.673] [SEVERE ] updating countdown to 60000
[00:51:09.673] [SEVERE ] setting player 1 freeze to -336
[00:51:09.673] [SEVERE ] setting player 2 freeze to -336
[00:51:09.783] [SEVERE ] placing card 26 in slot 3
[00:51:09.783] [SEVERE ] updating countdown to 60000
[00:51:09.783] [SEVERE ] setting player 1 freeze to -446
[00:51:09.783] [SEVERE ] setting player 2 freeze to -446
[00:51:09.896] [SEVERE ] placing card 45 in slot 4
[00:51:09.896] [SEVERE ] updating countdown to 60000
[00:51:09.896] [SEVERE ] setting player 1 freeze to -559
[00:51:09.896] [SEVERE ] setting player 2 freeze to -559
[00:51:10.000] [SEVERE ] placing card 41 in slot 5
[00:51:10.001] [SEVERE ] updating countdown to 60000
[00:51:10.001] [SEVERE ] setting player 1 freeze to -664
[00:51:10.001] [SEVERE ] setting player 2 freeze to -664
[00:51:10.108] [SEVERE ] placing card 30 in slot 6
[00:51:10.108] [SEVERE ] updating countdown to 60000
[00:51:10.108] [SEVERE ] setting player 1 freeze to -771
[00:51:10.108] [SEVERE ] setting player 2 freeze to -771
[00:51:10.222] [SEVERE ] placing card 8 in slot 7
[00:51:10.222] [SEVERE ] updating countdown to 60000
[00:51:10.222] [SEVERE ] setting player 1 freeze to -885
[00:51:10.222] [SEVERE ] setting player 2 freeze to -885
[00:51:10.331] [SEVERE ] placing card 12 in slot 8
[00:51:10.331] [SEVERE ] updating countdown to 60000
[00:51:10.331] [SEVERE ] setting player 1 freeze to -994
[00:51:10.331] [SEVERE ] setting player 2 freeze to -994
[00:51:10.437] [SEVERE ] placing card 77 in slot 9
[00:51:10.437] [SEVERE ] updating countdown to 60000
[00:51:10.437] [SEVERE ] setting player 1 freeze to -1100
[00:51:10.439] [SEVERE ] setting player 2 freeze to -1102
[00:51:10.540] [SEVERE ] placing card 1 in slot 10
[00:51:10.540] [SEVERE ] updating countdown to 60000
[00:51:10.540] [SEVERE ] setting player 1 freeze to -1203
[00:51:10.540] [SEVERE ] setting player 2 freeze to -1203
[00:51:10.645] [SEVERE ] placing card 44 in slot 11
[00:51:10.645] [SEVERE ] updating countdown to 60000
[00:51:10.645] [SEVERE ] setting player 1 freeze to -1308
[00:51:10.645] [SEVERE ] setting player 2 freeze to -1308
[00:51:10.757] [SEVERE ] updating countdown to 59888
[00:51:10.757] [SEVERE ] setting player 1 freeze to -1420
[00:51:10.757] [SEVERE ] setting player 2 freeze to -1420
[00:51:10.863] [SEVERE ] updating countdown to 59782
[00:51:10.863] [SEVERE ] setting player 1 freeze to -1526
[00:51:10.863] [SEVERE ] setting player 2 freeze to -1526
[00:51:10.967] [SEVERE ] updating countdown to 59678
[00:51:10.967] [SEVERE ] setting player 1 freeze to -1630
[00:51:10.967] [SEVERE ] setting player 2 freeze to -1630
[00:51:11.076] [SEVERE ] updating countdown to 59569
[00:51:11.076] [SEVERE ] setting player 1 freeze to -1739
[00:51:11.076] [SEVERE ] setting player 2 freeze to -1739
[00:51:11.192] [SEVERE ] updating countdown to 59453
[00:51:11.192] [SEVERE ] setting player 1 freeze to -1855
[00:51:11.192] [SEVERE ] setting player 2 freeze to -1855
[00:51:11.302] [SEVERE ] updating countdown to 59343
[00:51:11.302] [SEVERE ] setting player 1 freeze to -1965
[00:51:11.302] [SEVERE ] setting player 2 freeze to -1965
[00:51:11.411] [SEVERE ] updating countdown to 59234
[00:51:11.411] [SEVERE ] setting player 1 freeze to -2074
[00:51:11.412] [SEVERE ] setting player 2 freeze to -2075
[00:51:11.524] [SEVERE ] updating countdown to 59121
[00:51:11.524] [SEVERE ] setting player 1 freeze to -2187
[00:51:11.524] [SEVERE ] setting player 2 freeze to -2187
[00:51:11.628] [SEVERE ] updating countdown to 59017
[00:51:11.628] [SEVERE ] setting player 1 freeze to -2291
[00:51:11.628] [SEVERE ] setting player 2 freeze to -2291
[00:51:11.724] [SEVERE ] key 81 was pressed by player 1
[00:51:11.724] [SEVERE ] player 1 placing token on slot 0
[00:51:11.742] [SEVERE ] updating countdown to 58903
[00:51:11.742] [SEVERE ] setting player 1 freeze to -2405
[00:51:11.742] [SEVERE ] setting player 2 freeze to -2405
[00:51:11.851] [SEVERE ] updating countdown to 58794
[00:51:11.851] [SEVERE ] setting player 1 freeze to -2514
[00:51:11.851] [SEVERE ] setting player 2 freeze to -2514
[00:51:11.955] [SEVERE ] updating countdown to 58690
[00:51:11.955] [SEVERE ] setting player 1 freeze to -2618
[00:51:11.955] [SEVERE ] setting player 2 freeze to -2618
[00:51:12.058] [SEVERE ] updating countdown to 58587
[00:51:12.058] [SEVERE ] setting player 1 freeze to -2721
[00:51:12.058] [SEVERE ] setting player 2 freeze to -2721
[00:51:12.162] [SEVERE ] updating countdown to 58483
[00:51:12.162] [SEVERE ] setting player 1 freeze to -2825
[00:51:12.162] [SEVERE ] setting player 2 freeze to -2825
[00:51:12.194] [SEVERE ] key 87 was pressed by player 1
[00:51:12.194] [SEVERE ] player 1 placing token on slot 1
[00:51:12.269] [SEVERE ] updating countdown to 58376
[00:51:12.269] [SEVERE ] setting player 1 freeze to -2932
[00:51:12.269] [SEVERE ] setting player 2 freeze to -2932
[00:51:12.382] [SEVERE ] updating countdown to 58263
[00:51:12.382] [SEVERE ] setting player 1 freeze to -3045
[00:51:12.382] [SEVERE ] setting player 2 freeze to -3045
[00:51:12.494] [SEVERE ] updating countdown to 58151
[00:51:12.494] [SEVERE ] setting player 1 freeze to -3157
[00:51:12.494] [SEVERE ] setting player 2 freeze to -3157
[00:51:12.542] [SEVERE ] key 69 was pressed by player 1
[00:51:12.542] [SEVERE ] player 1 placing token on slot 2
[00:51:12.601] [SEVERE ] updating countdown to 58044
[00:51:12.601] [SEVERE ] setting player 1 freeze to -3264
[00:51:12.601] [SEVERE ] setting player 2 freeze to -3264
[00:51:12.601] [SEVERE ] updating countdown to 58044
[00:51:12.601] [SEVERE ] setting player 1 freeze to -3264
[00:51:12.601] [SEVERE ] setting player 2 freeze to -3264
[00:51:12.710] [SEVERE ] updating countdown to 57935
[00:51:12.710] [SEVERE ] setting player 1 freeze to 891
[00:51:12.710] [SEVERE ] setting player 2 freeze to -3373
[00:51:12.815] [SEVERE ] updating countdown to 57830
[00:51:12.815] [SEVERE ] setting player 1 freeze to 786
[00:51:12.815] [SEVERE ] setting player 2 freeze to -3478
[00:51:12.916] [SEVERE ] updating countdown to 57729
[00:51:12.916] [SEVERE ] setting player 1 freeze to 685
[00:51:12.917] [SEVERE ] setting player 2 freeze to -3580
[00:51:13.017] [SEVERE ] updating countdown to 57628
[00:51:13.017] [SEVERE ] setting player 1 freeze to 584
[00:51:13.017] [SEVERE ] setting player 2 freeze to -3680
[00:51:13.125] [SEVERE ] updating countdown to 57520
[00:51:13.125] [SEVERE ] setting player 1 freeze to 476
[00:51:13.125] [SEVERE ] setting player 2 freeze to -3788
[00:51:13.230] [SEVERE ] updating countdown to 57415
[00:51:13.230] [SEVERE ] setting player 1 freeze to 371
[00:51:13.230] [SEVERE ] setting player 2 freeze to -3893
[00:51:13.345] [SEVERE ] updating countdown to 57300
[00:51:13.345] [SEVERE ] setting player 1 freeze to 256
[00:51:13.345] [SEVERE ] setting player 2 freeze to -4008
[00:51:13.454] [SEVERE ] updating countdown to 57191
[00:51:13.454] [SEVERE ] setting player 1 freeze to 147
[00:51:13.454] [SEVERE ] setting player 2 freeze to -4117
[00:51:13.563] [SEVERE ] updating countdown to 57082
[00:51:13.563] [SEVERE ] setting player 1 freeze to 38
[00:51:13.563] [SEVERE ] setting player 2 freeze to -4226
[00:51:13.665] [SEVERE ] updating countdown to 56980
[00:51:13.665] [SEVERE ] setting player 1 freeze to -64
[00:51:13.665] [SEVERE ] setting player 2 freeze to -4328
[00:51:13.767] [SEVERE ] updating countdown to 56878
[00:51:13.767] [SEVERE ] setting player 1 freeze to -166
[00:51:13.767] [SEVERE ] setting player 2 freeze to -4430
[00:51:13.875] [SEVERE ] updating countdown to 56770
[00:51:13.875] [SEVERE ] setting player 1 freeze to -274
[00:51:13.875] [SEVERE ] setting player 2 freeze to -4538
[00:51:13.975] [SEVERE ] updating countdown to 56670
[00:51:13.975] [SEVERE ] setting player 1 freeze to -374
[00:51:13.975] [SEVERE ] setting player 2 freeze to -4638
[00:51:14.083] [SEVERE ] updating countdown to 56562
[00:51:14.083] [SEVERE ] setting player 1 freeze to -482
[00:51:14.083] [SEVERE ] setting player 2 freeze to -4746
[00:51:14.189] [SEVERE ] updating countdown to 56456
[00:51:14.189] [SEVERE ] setting player 1 freeze to -588
[00:51:14.189] [SEVERE ] setting player 2 freeze to -4852
[00:51:14.300] [SEVERE ] updating countdown to 56345
[00:51:14.300] [SEVERE ] setting player 1 freeze to -699
[00:51:14.300] [SEVERE ] setting player 2 freeze to -4963
[00:51:14.414] [SEVERE ] updating countdown to 56231
[00:51:14.414] [SEVERE ] setting player 1 freeze to -813
[00:51:14.414] [SEVERE ] setting player 2 freeze to -5077
[00:51:14.524] [SEVERE ] updating countdown to 56121
[00:51:14.525] [SEVERE ] setting player 1 freeze to -924
[00:51:14.525] [SEVERE ] setting player 2 freeze to -5188
[00:51:14.631] [SEVERE ] updating countdown to 56014
[00:51:14.631] [SEVERE ] setting player 1 freeze to -1030
[00:51:14.631] [SEVERE ] setting player 2 freeze to -5294
[00:51:14.738] [SEVERE ] updating countdown to 55907
[00:51:14.739] [SEVERE ] setting player 1 freeze to -1138
[00:51:14.741] [SEVERE ] setting player 2 freeze to -5404
[00:51:14.861] [SEVERE ] updating countdown to 55784
[00:51:14.861] [SEVERE ] setting player 1 freeze to -1260
[00:51:14.861] [SEVERE ] setting player 2 freeze to -5524
[00:51:14.965] [SEVERE ] updating countdown to 55680
[00:51:14.966] [SEVERE ] setting player 1 freeze to -1365
[00:51:14.966] [SEVERE ] setting player 2 freeze to -5629
[00:51:15.081] [SEVERE ] updating countdown to 55564
[00:51:15.081] [SEVERE ] setting player 1 freeze to -1480
[00:51:15.081] [SEVERE ] setting player 2 freeze to -5744
[00:51:15.208] [SEVERE ] updating countdown to 55437
[00:51:15.209] [SEVERE ] setting player 1 freeze to -1608
[00:51:15.209] [SEVERE ] setting player 2 freeze to -5872
[00:51:15.327] [SEVERE ] updating countdown to 55318
[00:51:15.327] [SEVERE ] setting player 1 freeze to -1726
[00:51:15.328] [SEVERE ] setting player 2 freeze to -5991
[00:51:15.433] [SEVERE ] updating countdown to 55212
[00:51:15.433] [SEVERE ] setting player 1 freeze to -1832
[00:51:15.433] [SEVERE ] setting player 2 freeze to -6096
[00:51:15.542] [SEVERE ] updating countdown to 55103
[00:51:15.542] [SEVERE ] setting player 1 freeze to -1941
[00:51:15.543] [SEVERE ] setting player 2 freeze to -6206
[00:51:15.647] [SEVERE ] updating countdown to 54998
[00:51:15.647] [SEVERE ] setting player 1 freeze to -2046
[00:51:15.647] [SEVERE ] setting player 2 freeze to -6310
[00:51:15.756] [SEVERE ] updating countdown to 54889
[00:51:15.756] [SEVERE ] setting player 1 freeze to -2155
[00:51:15.756] [SEVERE ] setting player 2 freeze to -6419
[00:51:15.869] [SEVERE ] updating countdown to 54776
[00:51:15.870] [SEVERE ] setting player 1 freeze to -2269
[00:51:15.870] [SEVERE ] setting player 2 freeze to -6533
[00:51:16.008] [SEVERE ] updating countdown to 54637
[00:51:16.008] [SEVERE ] setting player 1 freeze to -2407
[00:51:16.008] [SEVERE ] setting player 2 freeze to -6671
[00:51:16.142] [SEVERE ] updating countdown to 54503
[00:51:16.142] [SEVERE ] setting player 1 freeze to -2541
[00:51:16.142] [SEVERE ] setting player 2 freeze to -6805
[00:51:16.245] [SEVERE ] updating countdown to 54400
[00:51:16.245] [SEVERE ] setting player 1 freeze to -2644
[00:51:16.245] [SEVERE ] setting player 2 freeze to -6908
[00:51:16.352] [SEVERE ] updating countdown to 54293
[00:51:16.352] [SEVERE ] setting player 1 freeze to -2751
[00:51:16.352] [SEVERE ] setting player 2 freeze to -7015
[00:51:16.455] [SEVERE ] updating countdown to 54190
[00:51:16.455] [SEVERE ] setting player 1 freeze to -2854
[00:51:16.455] [SEVERE ] setting player 2 freeze to -7118
[00:51:16.557] [SEVERE ] updating countdown to 54088
[00:51:16.557] [SEVERE ] setting player 1 freeze to -2956
[00:51:16.557] [SEVERE ] setting player 2 freeze to -7220
[00:51:16.663] [SEVERE ] updating countdown to 53982
[00:51:16.663] [SEVERE ] setting player 1 freeze to -3062
[00:51:16.663] [SEVERE ] setting player 2 freeze to -7326
[00:51:16.765] [SEVERE ] updating countdown to 53880
[00:51:16.765] [SEVERE ] setting player 1 freeze to -3164
[00:51:16.765] [SEVERE ] setting player 2 freeze to -7428
[00:51:16.877] [SEVERE ] updating countdown to 53768
[00:51:16.877] [SEVERE ] setting player 1 freeze to -3276
[00:51:16.877] [SEVERE ] setting player 2 freeze to -7540
[00:51:16.979] [SEVERE ] updating countdown to 53666
[00:51:16.979] [SEVERE ] setting player 1 freeze to -3378
[00:51:16.979] [SEVERE ] setting player 2 freeze to -7642
[00:51:17.085] [SEVERE ] updating countdown to 53560
[00:51:17.085] [SEVERE ] setting player 1 freeze to -3484
[00:51:17.085] [SEVERE ] setting player 2 freeze to -7748
[00:51:17.185] [SEVERE ] updating countdown to 53460
[00:51:17.185] [SEVERE ] setting player 1 freeze to -3584
[00:51:17.186] [SEVERE ] setting player 2 freeze to -7849
[00:51:17.292] [SEVERE ] updating countdown to 53353
[00:51:17.292] [SEVERE ] setting player 1 freeze to -3691
[00:51:17.292] [SEVERE ] setting player 2 freeze to -7955
[00:51:17.399] [SEVERE ] updating countdown to 53246
[00:51:17.399] [SEVERE ] setting player 1 freeze to -3798
[00:51:17.400] [SEVERE ] setting player 2 freeze to -8063
[00:51:17.514] [SEVERE ] updating countdown to 53131
[00:51:17.514] [SEVERE ] setting player 1 freeze to -3913
[00:51:17.514] [SEVERE ] setting player 2 freeze to -8177
[00:51:17.621] [SEVERE ] updating countdown to 53024
[00:51:17.621] [SEVERE ] setting player 1 freeze to -4020
[00:51:17.621] [SEVERE ] setting player 2 freeze to -8284
[00:51:17.723] [SEVERE ] updating countdown to 52922
[00:51:17.723] [SEVERE ] setting player 1 freeze to -4122
[00:51:17.724] [SEVERE ] setting player 2 freeze to -8387
[00:51:17.840] [SEVERE ] updating countdown to 52805
[00:51:17.841] [SEVERE ] setting player 1 freeze to -4240
[00:51:17.841] [SEVERE ] setting player 2 freeze to -8504
[00:51:17.943] [SEVERE ] updating countdown to 52702
[00:51:17.943] [SEVERE ] setting player 1 freeze to -4342
[00:51:17.944] [SEVERE ] setting player 2 freeze to -8607
[00:51:18.057] [SEVERE ] updating countdown to 52588
[00:51:18.057] [SEVERE ] setting player 1 freeze to -4456
[00:51:18.058] [SEVERE ] setting player 2 freeze to -8721
[00:51:18.167] [SEVERE ] updating countdown to 52478
[00:51:18.167] [SEVERE ] setting player 1 freeze to -4566
[00:51:18.167] [SEVERE ] setting player 2 freeze to -8830
[00:51:18.272] [SEVERE ] updating countdown to 52373
[00:51:18.272] [SEVERE ] setting player 1 freeze to -4671
[00:51:18.272] [SEVERE ] setting player 2 freeze to -8935
[00:51:18.378] [SEVERE ] updating countdown to 52267
[00:51:18.378] [SEVERE ] setting player 1 freeze to -4777
[00:51:18.378] [SEVERE ] setting player 2 freeze to -9041
[00:51:18.485] [SEVERE ] updating countdown to 52160
[00:51:18.485] [SEVERE ] setting player 1 freeze to -4884
[00:51:18.485] [SEVERE ] setting player 2 freeze to -9148
[00:51:18.598] [SEVERE ] updating countdown to 52047
[00:51:18.598] [SEVERE ] setting player 1 freeze to -4997
[00:51:18.598] [SEVERE ] setting player 2 freeze to -9261
[00:51:18.656] [SEVERE ] key 69 was pressed by player 1
[00:51:18.699] [SEVERE ] updating countdown to 51946
[00:51:18.699] [SEVERE ] setting player 1 freeze to -5098
[00:51:18.699] [SEVERE ] setting player 2 freeze to -9362
[00:51:18.801] [SEVERE ] updating countdown to 51844
[00:51:18.801] [SEVERE ] setting player 1 freeze to -5200
[00:51:18.801] [SEVERE ] setting player 2 freeze to -9464
[00:51:18.916] [SEVERE ] updating countdown to 51729
[00:51:18.916] [SEVERE ] setting player 1 freeze to -5315
[00:51:18.916] [SEVERE ] setting player 2 freeze to -9579
[00:51:19.019] [SEVERE ] updating countdown to 51626
[00:51:19.019] [SEVERE ] setting player 1 freeze to -5418
[00:51:19.019] [SEVERE ] setting player 2 freeze to -9682
[00:51:19.123] [SEVERE ] updating countdown to 51522
[00:51:19.123] [SEVERE ] setting player 1 freeze to -5522
[00:51:19.123] [SEVERE ] setting player 2 freeze to -9786
[00:51:19.226] [SEVERE ] updating countdown to 51419
[00:51:19.226] [SEVERE ] setting player 1 freeze to -5625
[00:51:19.226] [SEVERE ] setting player 2 freeze to -9889
[00:51:19.338] [SEVERE ] updating countdown to 51307
[00:51:19.338] [SEVERE ] setting player 1 freeze to -5737
[00:51:19.338] [SEVERE ] setting player 2 freeze to -10001
[00:51:19.447] [SEVERE ] updating countdown to 51198
[00:51:19.447] [SEVERE ] setting player 1 freeze to -5846
[00:51:19.447] [SEVERE ] setting player 2 freeze to -10110
[00:51:19.554] [SEVERE ] updating countdown to 51091
[00:51:19.555] [SEVERE ] setting player 1 freeze to -5954
[00:51:19.555] [SEVERE ] setting player 2 freeze to -10218
[00:51:19.667] [SEVERE ] updating countdown to 50978
[00:51:19.667] [SEVERE ] setting player 1 freeze to -6066
[00:51:19.667] [SEVERE ] setting player 2 freeze to -10330
[00:51:19.781] [SEVERE ] updating countdown to 50864
[00:51:19.781] [SEVERE ] setting player 1 freeze to -6180
[00:51:19.781] [SEVERE ] setting player 2 freeze to -10444
[00:51:19.885] [SEVERE ] updating countdown to 50760
[00:51:19.885] [SEVERE ] setting player 1 freeze to -6284
[00:51:19.885] [SEVERE ] setting player 2 freeze to -10548
[00:51:19.986] [SEVERE ] updating countdown to 50659
[00:51:19.986] [SEVERE ] setting player 1 freeze to -6385
[00:51:19.986] [SEVERE ] setting player 2 freeze to -10649
[00:51:20.100] [SEVERE ] updating countdown to 50545
[00:51:20.100] [SEVERE ] setting player 1 freeze to -6499
[00:51:20.100] [SEVERE ] setting player 2 freeze to -10763
[00:51:20.209] [SEVERE ] updating countdown to 50436
[00:51:20.209] [SEVERE ] setting player 1 freeze to -6608
[00:51:20.209] [SEVERE ] setting player 2 freeze to -10872
[00:51:20.321] [SEVERE ] updating countdown to 50324
[00:51:20.321] [SEVERE ] setting player 1 freeze to -6720
[00:51:20.321] [SEVERE ] setting player 2 freeze to -10984
[00:51:20.422] [SEVERE ] updating countdown to 50223
[00:51:20.422] [SEVERE ] setting player 1 freeze to -6821
[00:51:20.422] [SEVERE ] setting player 2 freeze to -11085
[00:51:20.526] [SEVERE ] updating countdown to 50119
[00:51:20.526] [SEVERE ] setting player 1 freeze to -6925
[00:51:20.526] [SEVERE ] setting player 2 freeze to -11189
[00:51:20.638] [SEVERE ] updating countdown to 50007
[00:51:20.638] [SEVERE ] setting player 1 freeze to -7037
[00:51:20.638] [SEVERE ] setting player 2 freeze to -11301
[00:51:20.749] [SEVERE ] updating countdown to 49896
[00:51:20.749] [SEVERE ] setting player 1 freeze to -7148
[00:51:20.749] [SEVERE ] setting player 2 freeze to -11412
[00:51:20.857] [SEVERE ] updating countdown to 49788
[00:51:20.857] [SEVERE ] setting player 1 freeze to -7256
[00:51:20.857] [SEVERE ] setting player 2 freeze to -11520
[00:51:20.960] [SEVERE ] updating countdown to 49685
[00:51:20.960] [SEVERE ] setting player 1 freeze to -7359
[00:51:20.960] [SEVERE ] setting player 2 freeze to -11623
[00:51:21.070] [SEVERE ] updating countdown to 49575
[00:51:21.070] [SEVERE ] setting player 1 freeze to -7469
[00:51:21.070] [SEVERE ] setting player 2 freeze to -11733
[00:51:21.183] [SEVERE ] updating countdown to 49462
[00:51:21.183] [SEVERE ] setting player 1 freeze to -7582
[00:51:21.183] [SEVERE ] setting player 2 freeze to -11846
[00:51:21.284] [SEVERE ] updating countdown to 49361
[00:51:21.284] [SEVERE ] setting player 1 freeze to -7683
[00:51:21.284] [SEVERE ] setting player 2 freeze to -11947
[00:51:21.389] [SEVERE ] updating countdown to 49256
[00:51:21.389] [SEVERE ] setting player 1 freeze to -7788
[00:51:21.389] [SEVERE ] setting player 2 freeze to -12052
[00:51:21.492] [SEVERE ] updating countdown to 49153
[00:51:21.492] [SEVERE ] setting player 1 freeze to -7891
[00:51:21.492] [SEVERE ] setting player 2 freeze to -12155
[00:51:21.604] [SEVERE ] updating countdown to 49041
[00:51:21.604] [SEVERE ] setting player 1 freeze to -8003
[00:51:21.604] [SEVERE ] setting player 2 freeze to -12267
[00:51:21.716] [SEVERE ] updating countdown to 48929
[00:51:21.716] [SEVERE ] setting player 1 freeze to -8115
[00:51:21.716] [SEVERE ] setting player 2 freeze to -12379
[00:51:21.829] [SEVERE ] updating countdown to 48816
[00:51:21.829] [SEVERE ] setting player 1 freeze to -8228
[00:51:21.829] [SEVERE ] setting player 2 freeze to -12492
[00:51:21.934] [SEVERE ] updating countdown to 48711
[00:51:21.934] [SEVERE ] setting player 1 freeze to -8333
[00:51:21.934] [SEVERE ] setting player 2 freeze to -12597
[00:51:22.036] [SEVERE ] updating countdown to 48609
[00:51:22.036] [SEVERE ] setting player 1 freeze to -8435
[00:51:22.036] [SEVERE ] setting player 2 freeze to -12699
[00:51:22.143] [SEVERE ] updating countdown to 48502
[00:51:22.143] [SEVERE ] setting player 1 freeze to -8542
[00:51:22.143] [SEVERE ] setting player 2 freeze to -12806
[00:51:22.245] [SEVERE ] updating countdown to 48400
[00:51:22.245] [SEVERE ] setting player 1 freeze to -8644
[00:51:22.245] [SEVERE ] setting player 2 freeze to -12908
[00:51:22.349] [SEVERE ] updating countdown to 48296
[00:51:22.349] [SEVERE ] setting player 1 freeze to -8748
[00:51:22.349] [SEVERE ] setting player 2 freeze to -13012
[00:51:22.453] [SEVERE ] updating countdown to 48192
[00:51:22.453] [SEVERE ] setting player 1 freeze to -8852
[00:51:22.453] [SEVERE ] setting player 2 freeze to -13116
[00:51:22.557] [SEVERE ] updating countdown to 48088
[00:51:22.557] [SEVERE ] setting player 1 freeze to -8956
[00:51:22.557] [SEVERE ] setting player 2 freeze to -13220
[00:51:22.673] [SEVERE ] updating countdown to 47972
[00:51:22.673] [SEVERE ] setting player 1 freeze to -9072
[00:51:22.673] [SEVERE ] setting player 2 freeze to -13336
[00:51:22.780] [SEVERE ] updating countdown to 47865
[00:51:22.780] [SEVERE ] setting player 1 freeze to -9179
[00:51:22.780] [SEVERE ] setting player 2 freeze to -13443
[00:51:22.895] [SEVERE ] updating countdown to 47750
[00:51:22.895] [SEVERE ] setting player 1 freeze to -9294
[00:51:22.895] [SEVERE ] setting player 2 freeze to -13558
[00:51:23.009] [SEVERE ] updating countdown to 47636
[00:51:23.009] [SEVERE ] setting player 1 freeze to -9408
[00:51:23.009] [SEVERE ] setting player 2 freeze to -13672
[00:51:23.114] [SEVERE ] updating countdown to 47531
[00:51:23.114] [SEVERE ] setting player 1 freeze to -9513
[00:51:23.114] [SEVERE ] setting player 2 freeze to -13777
[00:51:23.220] [SEVERE ] updating countdown to 47425
[00:51:23.220] [SEVERE ] setting player 1 freeze to -9619
[00:51:23.220] [SEVERE ] setting player 2 freeze to -13883
[00:51:23.323] [SEVERE ] updating countdown to 47322
[00:51:23.323] [SEVERE ] setting player 1 freeze to -9722
[00:51:23.323] [SEVERE ] setting player 2 freeze to -13986
[00:51:23.434] [SEVERE ] updating countdown to 47211
[00:51:23.434] [SEVERE ] setting player 1 freeze to -9833
[00:51:23.434] [SEVERE ] setting player 2 freeze to -14097
[00:51:23.536] [SEVERE ] updating countdown to 47109
[00:51:23.536] [SEVERE ] setting player 1 freeze to -9935
[00:51:23.536] [SEVERE ] setting player 2 freeze to -14199
[00:51:23.645] [SEVERE ] updating countdown to 47000
[00:51:23.645] [SEVERE ] setting player 1 freeze to -10044
[00:51:23.645] [SEVERE ] setting player 2 freeze to -14308
[00:51:23.753] [SEVERE ] updating countdown to 46892
[00:51:23.753] [SEVERE ] setting player 1 freeze to -10152
[00:51:23.753] [SEVERE ] setting player 2 freeze to -14416
[00:51:23.856] [SEVERE ] updating countdown to 46789
[00:51:23.856] [SEVERE ] setting player 1 freeze to -10255
[00:51:23.856] [SEVERE ] setting player 2 freeze to -14519
[00:51:23.957] [SEVERE ] updating countdown to 46688
[00:51:23.957] [SEVERE ] setting player 1 freeze to -10356
[00:51:23.957] [SEVERE ] setting player 2 freeze to -14620
[00:51:24.058] [SEVERE ] updating countdown to 46587
[00:51:24.058] [SEVERE ] setting player 1 freeze to -10457
[00:51:24.058] [SEVERE ] setting player 2 freeze to -14721
[00:51:24.169] [SEVERE ] updating countdown to 46476
[00:51:24.169] [SEVERE ] setting player 1 freeze to -10568
[00:51:24.169] [SEVERE ] setting player 2 freeze to -14832
[00:51:24.284] [SEVERE ] updating countdown to 46361
[00:51:24.284] [SEVERE ] setting player 1 freeze to -10683
[00:51:24.284] [SEVERE ] setting player 2 freeze to -14947
[00:51:24.393] [SEVERE ] updating countdown to 46252
[00:51:24.393] [SEVERE ] setting player 1 freeze to -10792
[00:51:24.393] [SEVERE ] setting player 2 freeze to -15056
[00:51:24.503] [SEVERE ] updating countdown to 46142
[00:51:24.503] [SEVERE ] setting player 1 freeze to -10902
[00:51:24.503] [SEVERE ] setting player 2 freeze to -15166
[00:51:24.618] [SEVERE ] updating countdown to 46027
[00:51:24.618] [SEVERE ] setting player 1 freeze to -11017
[00:51:24.618] [SEVERE ] setting player 2 freeze to -15281
[00:51:24.721] [SEVERE ] updating countdown to 45924
[00:51:24.721] [SEVERE ] setting player 1 freeze to -11120
[00:51:24.721] [SEVERE ] setting player 2 freeze to -15384
[00:51:24.830] [SEVERE ] updating countdown to 45815
[00:51:24.830] [SEVERE ] setting player 1 freeze to -11229
[00:51:24.830] [SEVERE ] setting player 2 freeze to -15493
[00:51:24.933] [SEVERE ] updating countdown to 45712
[00:51:24.933] [SEVERE ] setting player 1 freeze to -11332
[00:51:24.933] [SEVERE ] setting player 2 freeze to -15596
[00:51:25.046] [SEVERE ] updating countdown to 45599
[00:51:25.046] [SEVERE ] setting player 1 freeze to -11445
[00:51:25.046] [SEVERE ] setting player 2 freeze to -15709
[00:51:25.154] [SEVERE ] updating countdown to 45491
[00:51:25.154] [SEVERE ] setting player 1 freeze to -11553
[00:51:25.154] [SEVERE ] setting player 2 freeze to -15817
[00:51:25.256] [SEVERE ] updating countdown to 45389
[00:51:25.256] [SEVERE ] setting player 1 freeze to -11655
[00:51:25.256] [SEVERE ] setting player 2 freeze to -15919
[00:51:25.359] [SEVERE ] updating countdown to 45286
[00:51:25.359] [SEVERE ] setting player 1 freeze to -11758
[00:51:25.359] [SEVERE ] setting player 2 freeze to -16022
[00:51:25.466] [SEVERE ] updating countdown to 45179
[00:51:25.466] [SEVERE ] setting player 1 freeze to -11865
[00:51:25.466] [SEVERE ] setting player 2 freeze to -16129
[00:51:25.573] [SEVERE ] updating countdown to 45072
[00:51:25.573] [SEVERE ] setting player 1 freeze to -11972
[00:51:25.574] [SEVERE ] setting player 2 freeze to -16237
[00:51:25.682] [SEVERE ] updating countdown to 44963
[00:51:25.682] [SEVERE ] setting player 1 freeze to -12081
[00:51:25.682] [SEVERE ] setting player 2 freeze to -16345
[00:51:25.790] [SEVERE ] updating countdown to 44855
[00:51:25.790] [SEVERE ] setting player 1 freeze to -12189
[00:51:25.790] [SEVERE ] setting player 2 freeze to -16453
[00:51:25.892] [SEVERE ] updating countdown to 44753
[00:51:25.892] [SEVERE ] setting player 1 freeze to -12291
[00:51:25.892] [SEVERE ] setting player 2 freeze to -16555
[00:51:26.000] [SEVERE ] updating countdown to 44645
[00:51:26.000] [SEVERE ] setting player 1 freeze to -12399
[00:51:26.000] [SEVERE ] setting player 2 freeze to -16663
[00:51:26.101] [SEVERE ] updating countdown to 44544
[00:51:26.101] [SEVERE ] setting player 1 freeze to -12500
[00:51:26.101] [SEVERE ] setting player 2 freeze to -16764
[00:51:26.206] [SEVERE ] updating countdown to 44439
[00:51:26.206] [SEVERE ] setting player 1 freeze to -12605
[00:51:26.206] [SEVERE ] setting player 2 freeze to -16869
[00:51:26.309] [SEVERE ] updating countdown to 44336
[00:51:26.309] [SEVERE ] setting player 1 freeze to -12708
[00:51:26.309] [SEVERE ] setting player 2 freeze to -16972
[00:51:26.424] [SEVERE ] updating countdown to 44221
[00:51:26.424] [SEVERE ] setting player 1 freeze to -12823
[00:51:26.424] [SEVERE ] setting player 2 freeze to -17087
[00:51:26.534] [SEVERE ] updating countdown to 44111
[00:51:26.534] [SEVERE ] setting player 1 freeze to -12933
[00:51:26.534] [SEVERE ] setting player 2 freeze to -17197
[00:51:26.645] [SEVERE ] updating countdown to 44000
[00:51:26.645] [SEVERE ] setting player 1 freeze to -13044
[00:51:26.645] [SEVERE ] setting player 2 freeze to -17308
[00:51:26.750] [SEVERE ] updating countdown to 43895
[00:51:26.750] [SEVERE ] setting player 1 freeze to -13149
[00:51:26.751] [SEVERE ] setting player 2 freeze to -17413
[00:51:26.861] [SEVERE ] updating countdown to 43784
[00:51:26.862] [SEVERE ] setting player 1 freeze to -13261
[00:51:26.862] [SEVERE ] setting player 2 freeze to -17525
[00:51:26.974] [SEVERE ] updating countdown to 43671
[00:51:26.974] [SEVERE ] setting player 1 freeze to -13373
[00:51:26.974] [SEVERE ] setting player 2 freeze to -17637
[00:51:27.078] [SEVERE ] updating countdown to 43567
[00:51:27.078] [SEVERE ] setting player 1 freeze to -13477
[00:51:27.078] [SEVERE ] setting player 2 freeze to -17741
[00:51:27.187] [SEVERE ] updating countdown to 43458
[00:51:27.187] [SEVERE ] setting player 1 freeze to -13586
[00:51:27.187] [SEVERE ] setting player 2 freeze to -17850
