[12:27:37.874] [INFO   ] thread main starting.
[12:27:37.885] [SEVERE ] cannot read configuration file config.properties trying from resources.
[12:27:37.890] [SEVERE ] configuration file was loaded from resources directory.
[12:27:38.546] [INFO   ] thread dealer starting.
[12:27:38.548] [INFO   ] thread dealer starting.
[12:27:38.557] [INFO   ] thread Player #0 starting.
[12:27:38.558] [INFO   ] thread Player #1 starting.
[12:27:38.670] [SEVERE ] placing card 34 in slot 0
[12:27:38.670] [SEVERE ] updating countdown to 60000
[12:27:38.671] [SEVERE ] setting player 1 freeze to -125
[12:27:38.672] [SEVERE ] setting player 2 freeze to -126
[12:27:38.785] [SEVERE ] placing card 42 in slot 1
[12:27:38.786] [SEVERE ] updating countdown to 60000
[12:27:38.786] [SEVERE ] setting player 1 freeze to -240
[12:27:38.786] [SEVERE ] setting player 2 freeze to -240
[12:27:38.889] [SEVERE ] placing card 13 in slot 2
[12:27:38.890] [SEVERE ] updating countdown to 60000
[12:27:38.890] [SEVERE ] setting player 1 freeze to -344
[12:27:38.890] [SEVERE ] setting player 2 freeze to -344
[12:27:39.002] [SEVERE ] placing card 28 in slot 3
[12:27:39.003] [SEVERE ] updating countdown to 60000
[12:27:39.003] [SEVERE ] setting player 1 freeze to -457
[12:27:39.004] [SEVERE ] setting player 2 freeze to -458
[12:27:39.107] [SEVERE ] placing card 56 in slot 4
[12:27:39.107] [SEVERE ] updating countdown to 60000
[12:27:39.108] [SEVERE ] setting player 1 freeze to -562
[12:27:39.109] [SEVERE ] setting player 2 freeze to -563
[12:27:39.219] [SEVERE ] placing card 31 in slot 5
[12:27:39.219] [SEVERE ] updating countdown to 60000
[12:27:39.219] [SEVERE ] setting player 1 freeze to -673
[12:27:39.220] [SEVERE ] setting player 2 freeze to -674
[12:27:39.331] [SEVERE ] placing card 73 in slot 6
[12:27:39.332] [SEVERE ] updating countdown to 60000
[12:27:39.332] [SEVERE ] setting player 1 freeze to -786
[12:27:39.333] [SEVERE ] setting player 2 freeze to -787
[12:27:39.436] [SEVERE ] placing card 44 in slot 7
[12:27:39.436] [SEVERE ] updating countdown to 60000
[12:27:39.437] [SEVERE ] setting player 1 freeze to -891
[12:27:39.437] [SEVERE ] setting player 2 freeze to -891
[12:27:39.553] [SEVERE ] placing card 27 in slot 8
[12:27:39.553] [SEVERE ] updating countdown to 60000
[12:27:39.553] [SEVERE ] setting player 1 freeze to -1007
[12:27:39.554] [SEVERE ] setting player 2 freeze to -1008
[12:27:39.676] [SEVERE ] placing card 67 in slot 9
[12:27:39.678] [SEVERE ] updating countdown to 60000
[12:27:39.678] [SEVERE ] setting player 1 freeze to -1132
[12:27:39.678] [SEVERE ] setting player 2 freeze to -1132
[12:27:39.786] [SEVERE ] placing card 75 in slot 10
[12:27:39.786] [SEVERE ] updating countdown to 60000
[12:27:39.787] [SEVERE ] setting player 1 freeze to -1241
[12:27:39.787] [SEVERE ] setting player 2 freeze to -1241
[12:27:39.894] [SEVERE ] placing card 17 in slot 11
[12:27:39.895] [SEVERE ] updating countdown to 60000
[12:27:39.896] [SEVERE ] setting player 1 freeze to -1350
[12:27:39.896] [SEVERE ] setting player 2 freeze to -1350
[12:27:40.001] [SEVERE ] updating countdown to 59894
[12:27:40.001] [SEVERE ] setting player 1 freeze to -1455
[12:27:40.001] [SEVERE ] setting player 2 freeze to -1455
[12:27:40.111] [SEVERE ] updating countdown to 59784
[12:27:40.111] [SEVERE ] setting player 1 freeze to -1565
[12:27:40.111] [SEVERE ] setting player 2 freeze to -1565
[12:27:40.213] [SEVERE ] updating countdown to 59682
[12:27:40.213] [SEVERE ] setting player 1 freeze to -1667
[12:27:40.214] [SEVERE ] setting player 2 freeze to -1668
[12:27:40.321] [SEVERE ] updating countdown to 59574
[12:27:40.321] [SEVERE ] setting player 1 freeze to -1775
[12:27:40.321] [SEVERE ] setting player 2 freeze to -1775
[12:27:40.434] [SEVERE ] updating countdown to 59461
[12:27:40.434] [SEVERE ] setting player 1 freeze to -1888
[12:27:40.434] [SEVERE ] setting player 2 freeze to -1888
[12:27:40.549] [SEVERE ] updating countdown to 59346
[12:27:40.549] [SEVERE ] setting player 1 freeze to -2003
[12:27:40.549] [SEVERE ] setting player 2 freeze to -2003
[12:27:40.660] [SEVERE ] updating countdown to 59235
[12:27:40.661] [SEVERE ] setting player 1 freeze to -2115
[12:27:40.661] [SEVERE ] setting player 2 freeze to -2115
[12:27:40.769] [SEVERE ] updating countdown to 59126
[12:27:40.769] [SEVERE ] setting player 1 freeze to -2223
[12:27:40.769] [SEVERE ] setting player 2 freeze to -2223
[12:27:40.881] [SEVERE ] updating countdown to 59014
[12:27:40.881] [SEVERE ] setting player 1 freeze to -2335
[12:27:40.881] [SEVERE ] setting player 2 freeze to -2335
[12:27:40.993] [SEVERE ] updating countdown to 58902
[12:27:40.994] [SEVERE ] setting player 1 freeze to -2448
[12:27:40.994] [SEVERE ] setting player 2 freeze to -2448
[12:27:41.101] [SEVERE ] updating countdown to 58794
[12:27:41.101] [SEVERE ] setting player 1 freeze to -2555
[12:27:41.101] [SEVERE ] setting player 2 freeze to -2555
[12:27:41.204] [SEVERE ] updating countdown to 58692
[12:27:41.204] [SEVERE ] setting player 1 freeze to -2658
[12:27:41.204] [SEVERE ] setting player 2 freeze to -2658
[12:27:41.309] [SEVERE ] updating countdown to 58586
[12:27:41.309] [SEVERE ] setting player 1 freeze to -2763
[12:27:41.309] [SEVERE ] setting player 2 freeze to -2763
[12:27:41.343] [SEVERE ] key 81 was pressed by player 1
[12:27:41.343] [SEVERE ] player 1 placing token on slot 0
[12:27:41.417] [SEVERE ] updating countdown to 58478
[12:27:41.417] [SEVERE ] setting player 1 freeze to -2871
[12:27:41.417] [SEVERE ] setting player 2 freeze to -2871
[12:27:41.518] [SEVERE ] updating countdown to 58377
[12:27:41.519] [SEVERE ] setting player 1 freeze to -2973
[12:27:41.519] [SEVERE ] setting player 2 freeze to -2973
[12:27:41.626] [SEVERE ] updating countdown to 58269
[12:27:41.626] [SEVERE ] setting player 1 freeze to -3080
[12:27:41.626] [SEVERE ] setting player 2 freeze to -3080
[12:27:41.734] [SEVERE ] updating countdown to 58161
[12:27:41.734] [SEVERE ] setting player 1 freeze to -3188
[12:27:41.734] [SEVERE ] setting player 2 freeze to -3188
[12:27:41.838] [SEVERE ] updating countdown to 58057
[12:27:41.838] [SEVERE ] setting player 1 freeze to -3292
[12:27:41.838] [SEVERE ] setting player 2 freeze to -3292
[12:27:41.944] [SEVERE ] updating countdown to 57951
[12:27:41.944] [SEVERE ] setting player 1 freeze to -3398
[12:27:41.944] [SEVERE ] setting player 2 freeze to -3398
[12:27:42.049] [SEVERE ] updating countdown to 57846
[12:27:42.049] [SEVERE ] setting player 1 freeze to -3503
[12:27:42.049] [SEVERE ] setting player 2 freeze to -3503
[12:27:42.078] [SEVERE ] key 87 was pressed by player 1
[12:27:42.079] [SEVERE ] player 1 placing token on slot 1
[12:27:42.159] [SEVERE ] updating countdown to 57736
[12:27:42.159] [SEVERE ] setting player 1 freeze to -3613
[12:27:42.159] [SEVERE ] setting player 2 freeze to -3613
[12:27:42.262] [SEVERE ] updating countdown to 57634
[12:27:42.262] [SEVERE ] setting player 1 freeze to -3716
[12:27:42.262] [SEVERE ] setting player 2 freeze to -3716
[12:27:42.370] [SEVERE ] updating countdown to 57525
[12:27:42.370] [SEVERE ] setting player 1 freeze to -3824
[12:27:42.370] [SEVERE ] setting player 2 freeze to -3824
[12:27:42.476] [SEVERE ] updating countdown to 57419
[12:27:42.476] [SEVERE ] setting player 1 freeze to -3930
[12:27:42.477] [SEVERE ] setting player 2 freeze to -3931
[12:27:42.590] [SEVERE ] updating countdown to 57305
[12:27:42.590] [SEVERE ] setting player 1 freeze to -4044
[12:27:42.590] [SEVERE ] setting player 2 freeze to -4044
[12:27:42.692] [SEVERE ] updating countdown to 57203
[12:27:42.692] [SEVERE ] setting player 1 freeze to -4146
[12:27:42.692] [SEVERE ] setting player 2 freeze to -4146
[12:27:42.738] [SEVERE ] key 69 was pressed by player 1
[12:27:42.743] [SEVERE ] player 1 placing token on slot 2
[12:27:42.804] [SEVERE ] updating countdown to 57091
[12:27:42.804] [SEVERE ] setting player 1 freeze to -4258
[12:27:42.804] [SEVERE ] setting player 2 freeze to -4258
[12:27:42.804] [SEVERE ] updating countdown to 57091
[12:27:42.804] [SEVERE ] setting player 1 freeze to -4258
[12:27:42.804] [SEVERE ] setting player 2 freeze to -4258
[12:27:42.912] [SEVERE ] updating countdown to 56983
[12:27:42.912] [SEVERE ] setting player 1 freeze to 2892
[12:27:42.912] [SEVERE ] setting player 2 freeze to -4366
[12:27:43.023] [SEVERE ] updating countdown to 56872
[12:27:43.024] [SEVERE ] setting player 1 freeze to 2780
[12:27:43.024] [SEVERE ] setting player 2 freeze to -4478
[12:27:43.133] [SEVERE ] updating countdown to 56762
[12:27:43.133] [SEVERE ] setting player 1 freeze to 2671
[12:27:43.133] [SEVERE ] setting player 2 freeze to -4587
[12:27:43.244] [SEVERE ] updating countdown to 56651
[12:27:43.244] [SEVERE ] setting player 1 freeze to 2560
[12:27:43.244] [SEVERE ] setting player 2 freeze to -4698
[12:27:43.345] [SEVERE ] updating countdown to 56550
[12:27:43.345] [SEVERE ] setting player 1 freeze to 2459
[12:27:43.345] [SEVERE ] setting player 2 freeze to -4799
[12:27:43.452] [SEVERE ] updating countdown to 56443
[12:27:43.453] [SEVERE ] setting player 1 freeze to 2351
[12:27:43.453] [SEVERE ] setting player 2 freeze to -4907
[12:27:43.558] [SEVERE ] updating countdown to 56337
[12:27:43.558] [SEVERE ] setting player 1 freeze to 2246
[12:27:43.558] [SEVERE ] setting player 2 freeze to -5012
[12:27:43.664] [SEVERE ] updating countdown to 56231
[12:27:43.664] [SEVERE ] setting player 1 freeze to 2140
[12:27:43.664] [SEVERE ] setting player 2 freeze to -5118
[12:27:43.775] [SEVERE ] updating countdown to 56120
[12:27:43.775] [SEVERE ] setting player 1 freeze to 2029
[12:27:43.775] [SEVERE ] setting player 2 freeze to -5229
[12:27:43.877] [SEVERE ] updating countdown to 56018
[12:27:43.877] [SEVERE ] setting player 1 freeze to 1927
[12:27:43.877] [SEVERE ] setting player 2 freeze to -5331
[12:27:43.982] [SEVERE ] updating countdown to 55913
[12:27:43.982] [SEVERE ] setting player 1 freeze to 1822
[12:27:43.982] [SEVERE ] setting player 2 freeze to -5436
[12:27:44.088] [SEVERE ] updating countdown to 55807
[12:27:44.088] [SEVERE ] setting player 1 freeze to 1716
[12:27:44.088] [SEVERE ] setting player 2 freeze to -5542
[12:27:44.147] [SEVERE ] key 69 was pressed by player 1
[12:27:44.152] [SEVERE ] removing player 1 token from slot 2
[12:27:44.208] [SEVERE ] updating countdown to 55687
[12:27:44.208] [SEVERE ] setting player 1 freeze to 1596
[12:27:44.208] [SEVERE ] setting player 2 freeze to -5662
[12:27:44.315] [SEVERE ] updating countdown to 55580
[12:27:44.315] [SEVERE ] setting player 1 freeze to 1489
[12:27:44.315] [SEVERE ] setting player 2 freeze to -5769
[12:27:44.424] [SEVERE ] updating countdown to 55471
[12:27:44.424] [SEVERE ] setting player 1 freeze to 1380
[12:27:44.424] [SEVERE ] setting player 2 freeze to -5878
[12:27:44.532] [SEVERE ] updating countdown to 55363
[12:27:44.532] [SEVERE ] setting player 1 freeze to 1272
[12:27:44.532] [SEVERE ] setting player 2 freeze to -5986
[12:27:44.643] [SEVERE ] updating countdown to 55252
[12:27:44.644] [SEVERE ] setting player 1 freeze to 1160
[12:27:44.644] [SEVERE ] setting player 2 freeze to -6098
[12:27:44.755] [SEVERE ] updating countdown to 55140
[12:27:44.755] [SEVERE ] setting player 1 freeze to 1049
[12:27:44.756] [SEVERE ] setting player 2 freeze to -6210
[12:27:44.862] [SEVERE ] updating countdown to 55033
[12:27:44.862] [SEVERE ] setting player 1 freeze to 942
[12:27:44.862] [SEVERE ] setting player 2 freeze to -6316
[12:27:44.970] [SEVERE ] updating countdown to 54925
[12:27:44.970] [SEVERE ] setting player 1 freeze to 834
[12:27:44.970] [SEVERE ] setting player 2 freeze to -6424
[12:27:45.077] [SEVERE ] updating countdown to 54818
[12:27:45.077] [SEVERE ] setting player 1 freeze to 727
[12:27:45.077] [SEVERE ] setting player 2 freeze to -6531
[12:27:45.187] [SEVERE ] updating countdown to 54708
[12:27:45.187] [SEVERE ] setting player 1 freeze to 617
[12:27:45.187] [SEVERE ] setting player 2 freeze to -6641
[12:27:45.265] [SEVERE ] key 69 was pressed by player 1
[12:27:45.272] [SEVERE ] player 1 placing token on slot 2
[12:27:45.296] [SEVERE ] updating countdown to 54599
[12:27:45.297] [SEVERE ] setting player 1 freeze to 507
[12:27:45.297] [SEVERE ] setting player 2 freeze to -6751
[12:27:45.297] [SEVERE ] updating countdown to 54598
[12:27:45.297] [SEVERE ] setting player 1 freeze to 507
[12:27:45.297] [SEVERE ] setting player 2 freeze to -6751
[12:27:45.401] [SEVERE ] updating countdown to 54494
[12:27:45.401] [SEVERE ] setting player 1 freeze to 2896
[12:27:45.402] [SEVERE ] setting player 2 freeze to -6856
[12:27:45.509] [SEVERE ] updating countdown to 54386
[12:27:45.509] [SEVERE ] setting player 1 freeze to 2788
[12:27:45.510] [SEVERE ] setting player 2 freeze to -6963
[12:27:45.614] [SEVERE ] updating countdown to 54281
[12:27:45.614] [SEVERE ] setting player 1 freeze to 2683
[12:27:45.614] [SEVERE ] setting player 2 freeze to -7068
[12:27:45.729] [SEVERE ] updating countdown to 54166
[12:27:45.729] [SEVERE ] setting player 1 freeze to 2568
[12:27:45.729] [SEVERE ] setting player 2 freeze to -7183
[12:27:45.838] [SEVERE ] updating countdown to 54057
[12:27:45.838] [SEVERE ] setting player 1 freeze to 2459
[12:27:45.838] [SEVERE ] setting player 2 freeze to -7292
[12:27:45.943] [SEVERE ] updating countdown to 53952
[12:27:45.944] [SEVERE ] setting player 1 freeze to 2354
[12:27:45.944] [SEVERE ] setting player 2 freeze to -7398
[12:27:46.046] [SEVERE ] updating countdown to 53849
[12:27:46.046] [SEVERE ] setting player 1 freeze to 2251
[12:27:46.046] [SEVERE ] setting player 2 freeze to -7500
[12:27:46.158] [SEVERE ] updating countdown to 53737
[12:27:46.159] [SEVERE ] setting player 1 freeze to 2138
[12:27:46.159] [SEVERE ] setting player 2 freeze to -7613
[12:27:46.263] [SEVERE ] updating countdown to 53632
[12:27:46.263] [SEVERE ] setting player 1 freeze to 2034
[12:27:46.264] [SEVERE ] setting player 2 freeze to -7718
[12:27:46.366] [SEVERE ] updating countdown to 53529
[12:27:46.366] [SEVERE ] setting player 1 freeze to 1931
[12:27:46.366] [SEVERE ] setting player 2 freeze to -7820
[12:27:46.468] [SEVERE ] updating countdown to 53427
[12:27:46.469] [SEVERE ] setting player 1 freeze to 1828
[12:27:46.469] [SEVERE ] setting player 2 freeze to -7923
[12:27:46.575] [SEVERE ] updating countdown to 53320
[12:27:46.576] [SEVERE ] setting player 1 freeze to 1721
[12:27:46.576] [SEVERE ] setting player 2 freeze to -8030
[12:27:46.677] [SEVERE ] updating countdown to 53218
[12:27:46.677] [SEVERE ] setting player 1 freeze to 1620
[12:27:46.677] [SEVERE ] setting player 2 freeze to -8131
[12:27:46.785] [SEVERE ] updating countdown to 53110
[12:27:46.785] [SEVERE ] setting player 1 freeze to 1512
[12:27:46.786] [SEVERE ] setting player 2 freeze to -8240
[12:27:46.894] [SEVERE ] updating countdown to 53001
[12:27:46.894] [SEVERE ] setting player 1 freeze to 1403
[12:27:46.894] [SEVERE ] setting player 2 freeze to -8348
[12:27:47.003] [SEVERE ] updating countdown to 52892
[12:27:47.003] [SEVERE ] setting player 1 freeze to 1294
[12:27:47.003] [SEVERE ] setting player 2 freeze to -8457
[12:27:47.116] [SEVERE ] updating countdown to 52779
[12:27:47.116] [SEVERE ] setting player 1 freeze to 1181
[12:27:47.116] [SEVERE ] setting player 2 freeze to -8570
[12:27:47.225] [SEVERE ] updating countdown to 52670
[12:27:47.225] [SEVERE ] setting player 1 freeze to 1072
[12:27:47.225] [SEVERE ] setting player 2 freeze to -8679
[12:27:47.335] [SEVERE ] updating countdown to 52560
[12:27:47.335] [SEVERE ] setting player 1 freeze to 962
[12:27:47.335] [SEVERE ] setting player 2 freeze to -8789
[12:27:47.445] [SEVERE ] updating countdown to 52450
[12:27:47.446] [SEVERE ] setting player 1 freeze to 851
[12:27:47.446] [SEVERE ] setting player 2 freeze to -8900
[12:27:47.518] [SEVERE ] key 69 was pressed by player 1
[12:27:47.520] [SEVERE ] removing player 1 token from slot 2
[12:27:47.547] [SEVERE ] updating countdown to 52348
[12:27:47.547] [SEVERE ] setting player 1 freeze to 750
[12:27:47.547] [SEVERE ] setting player 2 freeze to -9001
[12:27:47.652] [SEVERE ] updating countdown to 52243
[12:27:47.653] [SEVERE ] setting player 1 freeze to 644
[12:27:47.653] [SEVERE ] setting player 2 freeze to -9107
[12:27:47.765] [SEVERE ] updating countdown to 52130
[12:27:47.766] [SEVERE ] setting player 1 freeze to 531
[12:27:47.766] [SEVERE ] setting player 2 freeze to -9220
[12:27:47.867] [SEVERE ] updating countdown to 52028
[12:27:47.867] [SEVERE ] setting player 1 freeze to 430
[12:27:47.867] [SEVERE ] setting player 2 freeze to -9321
[12:27:47.972] [SEVERE ] updating countdown to 51923
[12:27:47.972] [SEVERE ] setting player 1 freeze to 325
[12:27:47.972] [SEVERE ] setting player 2 freeze to -9426
[12:27:48.086] [SEVERE ] updating countdown to 51809
[12:27:48.086] [SEVERE ] setting player 1 freeze to 211
[12:27:48.086] [SEVERE ] setting player 2 freeze to -9540
[12:27:48.193] [SEVERE ] updating countdown to 51702
[12:27:48.193] [SEVERE ] setting player 1 freeze to 104
[12:27:48.193] [SEVERE ] setting player 2 freeze to -9647
[12:27:48.300] [SEVERE ] updating countdown to 51595
[12:27:48.300] [SEVERE ] setting player 1 freeze to -3
[12:27:48.300] [SEVERE ] setting player 2 freeze to -9754
[12:27:48.343] [SEVERE ] key 87 was pressed by player 1
[12:27:48.352] [SEVERE ] removing player 1 token from slot 1
[12:27:48.402] [SEVERE ] updating countdown to 51493
[12:27:48.402] [SEVERE ] setting player 1 freeze to -105
[12:27:48.402] [SEVERE ] setting player 2 freeze to -9856
[12:27:48.513] [SEVERE ] updating countdown to 51382
[12:27:48.513] [SEVERE ] setting player 1 freeze to -216
[12:27:48.513] [SEVERE ] setting player 2 freeze to -9967
[12:27:48.628] [SEVERE ] updating countdown to 51267
[12:27:48.628] [SEVERE ] setting player 1 freeze to -331
[12:27:48.628] [SEVERE ] setting player 2 freeze to -10082
[12:27:48.735] [SEVERE ] updating countdown to 51160
[12:27:48.735] [SEVERE ] setting player 1 freeze to -438
[12:27:48.735] [SEVERE ] setting player 2 freeze to -10189
[12:27:48.842] [SEVERE ] updating countdown to 51053
[12:27:48.842] [SEVERE ] setting player 1 freeze to -545
[12:27:48.842] [SEVERE ] setting player 2 freeze to -10296
[12:27:48.958] [SEVERE ] updating countdown to 50937
[12:27:48.959] [SEVERE ] setting player 1 freeze to -662
[12:27:48.959] [SEVERE ] setting player 2 freeze to -10413
[12:27:49.069] [SEVERE ] updating countdown to 50826
[12:27:49.070] [SEVERE ] setting player 1 freeze to -773
[12:27:49.070] [SEVERE ] setting player 2 freeze to -10524
[12:27:49.181] [SEVERE ] updating countdown to 50714
[12:27:49.181] [SEVERE ] setting player 1 freeze to -884
[12:27:49.182] [SEVERE ] setting player 2 freeze to -10636
[12:27:49.287] [SEVERE ] updating countdown to 50608
[12:27:49.287] [SEVERE ] setting player 1 freeze to -990
[12:27:49.287] [SEVERE ] setting player 2 freeze to -10741
[12:27:49.402] [SEVERE ] updating countdown to 50493
[12:27:49.402] [SEVERE ] setting player 1 freeze to -1105
[12:27:49.402] [SEVERE ] setting player 2 freeze to -10856
[12:27:49.430] [SEVERE ] key 83 was pressed by player 1
[12:27:49.432] [SEVERE ] player 1 placing token on slot 5
[12:27:49.504] [SEVERE ] updating countdown to 50391
[12:27:49.504] [SEVERE ] setting player 1 freeze to -1207
[12:27:49.504] [SEVERE ] setting player 2 freeze to -10958
[12:27:49.609] [SEVERE ] updating countdown to 50286
[12:27:49.610] [SEVERE ] setting player 1 freeze to -1313
[12:27:49.610] [SEVERE ] setting player 2 freeze to -11064
[12:27:49.719] [SEVERE ] updating countdown to 50176
[12:27:49.719] [SEVERE ] setting player 1 freeze to -1422
[12:27:49.719] [SEVERE ] setting player 2 freeze to -11173
[12:27:49.831] [SEVERE ] updating countdown to 50064
[12:27:49.832] [SEVERE ] setting player 1 freeze to -1535
[12:27:49.832] [SEVERE ] setting player 2 freeze to -11286
[12:27:49.862] [SEVERE ] key 68 was pressed by player 1
[12:27:49.863] [SEVERE ] player 1 placing token on slot 6
[12:27:49.935] [SEVERE ] updating countdown to 49960
[12:27:49.935] [SEVERE ] setting player 1 freeze to -1638
[12:27:49.935] [SEVERE ] setting player 2 freeze to -11389
[12:27:49.935] [SEVERE ] updating countdown to 49960
[12:27:49.935] [SEVERE ] setting player 1 freeze to -1638
[12:27:49.935] [SEVERE ] setting player 2 freeze to -11389
[12:27:50.040] [SEVERE ] updating countdown to 49855
[12:27:50.041] [SEVERE ] setting player 1 freeze to 2894
[12:27:50.041] [SEVERE ] setting player 2 freeze to -11495
[12:27:50.143] [SEVERE ] updating countdown to 49752
[12:27:50.143] [SEVERE ] setting player 1 freeze to 2792
[12:27:50.143] [SEVERE ] setting player 2 freeze to -11597
[12:27:50.249] [SEVERE ] updating countdown to 49646
[12:27:50.249] [SEVERE ] setting player 1 freeze to 2686
[12:27:50.249] [SEVERE ] setting player 2 freeze to -11703
[12:27:50.356] [SEVERE ] updating countdown to 49539
[12:27:50.356] [SEVERE ] setting player 1 freeze to 2579
[12:27:50.356] [SEVERE ] setting player 2 freeze to -11810
[12:27:50.458] [SEVERE ] updating countdown to 49437
[12:27:50.458] [SEVERE ] setting player 1 freeze to 2477
[12:27:50.458] [SEVERE ] setting player 2 freeze to -11912
[12:27:50.570] [SEVERE ] updating countdown to 49325
[12:27:50.570] [SEVERE ] setting player 1 freeze to 2365
[12:27:50.570] [SEVERE ] setting player 2 freeze to -12024
[12:27:50.678] [SEVERE ] updating countdown to 49217
[12:27:50.678] [SEVERE ] setting player 1 freeze to 2257
[12:27:50.678] [SEVERE ] setting player 2 freeze to -12132
[12:27:50.782] [SEVERE ] updating countdown to 49113
[12:27:50.782] [SEVERE ] setting player 1 freeze to 2153
[12:27:50.782] [SEVERE ] setting player 2 freeze to -12236
[12:27:50.887] [SEVERE ] updating countdown to 49008
[12:27:50.887] [SEVERE ] setting player 1 freeze to 2048
[12:27:50.887] [SEVERE ] setting player 2 freeze to -12341
[12:27:50.991] [SEVERE ] updating countdown to 48904
[12:27:50.991] [SEVERE ] setting player 1 freeze to 1944
[12:27:50.991] [SEVERE ] setting player 2 freeze to -12445
[12:27:51.098] [SEVERE ] updating countdown to 48797
[12:27:51.098] [SEVERE ] setting player 1 freeze to 1837
[12:27:51.098] [SEVERE ] setting player 2 freeze to -12552
[12:27:51.197] [SEVERE ] key 83 was pressed by player 1
[12:27:51.197] [SEVERE ] removing player 1 token from slot 5
[12:27:51.212] [SEVERE ] updating countdown to 48683
[12:27:51.212] [SEVERE ] setting player 1 freeze to 1723
[12:27:51.212] [SEVERE ] setting player 2 freeze to -12666
[12:27:51.319] [SEVERE ] updating countdown to 48576
[12:27:51.319] [SEVERE ] setting player 1 freeze to 1616
[12:27:51.319] [SEVERE ] setting player 2 freeze to -12773
[12:27:51.420] [SEVERE ] updating countdown to 48475
[12:27:51.420] [SEVERE ] setting player 1 freeze to 1515
[12:27:51.420] [SEVERE ] setting player 2 freeze to -12874
[12:27:51.474] [SEVERE ] key 68 was pressed by player 1
[12:27:51.479] [SEVERE ] removing player 1 token from slot 6
[12:27:51.521] [SEVERE ] updating countdown to 48374
[12:27:51.521] [SEVERE ] setting player 1 freeze to 1414
[12:27:51.521] [SEVERE ] setting player 2 freeze to -12975
[12:27:51.633] [SEVERE ] updating countdown to 48262
[12:27:51.633] [SEVERE ] setting player 1 freeze to 1302
[12:27:51.633] [SEVERE ] setting player 2 freeze to -13087
[12:27:51.742] [SEVERE ] updating countdown to 48153
[12:27:51.742] [SEVERE ] setting player 1 freeze to 1193
[12:27:51.742] [SEVERE ] setting player 2 freeze to -13196
[12:27:51.844] [SEVERE ] updating countdown to 48051
[12:27:51.844] [SEVERE ] setting player 1 freeze to 1091
[12:27:51.844] [SEVERE ] setting player 2 freeze to -13298
[12:27:51.950] [SEVERE ] updating countdown to 47945
[12:27:51.950] [SEVERE ] setting player 1 freeze to 985
[12:27:51.950] [SEVERE ] setting player 2 freeze to -13404
[12:27:52.051] [SEVERE ] updating countdown to 47844
[12:27:52.051] [SEVERE ] setting player 1 freeze to 884
[12:27:52.051] [SEVERE ] setting player 2 freeze to -13505
[12:27:52.157] [SEVERE ] updating countdown to 47738
[12:27:52.157] [SEVERE ] setting player 1 freeze to 778
[12:27:52.157] [SEVERE ] setting player 2 freeze to -13611
[12:27:52.268] [SEVERE ] updating countdown to 47627
[12:27:52.268] [SEVERE ] setting player 1 freeze to 667
[12:27:52.268] [SEVERE ] setting player 2 freeze to -13722
[12:27:52.379] [SEVERE ] updating countdown to 47516
[12:27:52.379] [SEVERE ] setting player 1 freeze to 556
[12:27:52.379] [SEVERE ] setting player 2 freeze to -13833
[12:27:52.491] [SEVERE ] updating countdown to 47404
[12:27:52.491] [SEVERE ] setting player 1 freeze to 444
[12:27:52.491] [SEVERE ] setting player 2 freeze to -13945
[12:27:52.542] [SEVERE ] key 81 was pressed by player 1
[12:27:52.543] [SEVERE ] removing player 1 token from slot 0
[12:27:52.597] [SEVERE ] updating countdown to 47298
[12:27:52.597] [SEVERE ] setting player 1 freeze to 338
[12:27:52.597] [SEVERE ] setting player 2 freeze to -14051
[12:27:52.702] [SEVERE ] updating countdown to 47193
[12:27:52.702] [SEVERE ] setting player 1 freeze to 233
[12:27:52.702] [SEVERE ] setting player 2 freeze to -14156
[12:27:52.813] [SEVERE ] updating countdown to 47082
[12:27:52.813] [SEVERE ] setting player 1 freeze to 122
[12:27:52.813] [SEVERE ] setting player 2 freeze to -14267
[12:27:52.922] [SEVERE ] updating countdown to 46973
[12:27:52.922] [SEVERE ] setting player 1 freeze to 13
[12:27:52.923] [SEVERE ] setting player 2 freeze to -14377
[12:27:53.031] [SEVERE ] updating countdown to 46864
[12:27:53.032] [SEVERE ] setting player 1 freeze to -97
[12:27:53.032] [SEVERE ] setting player 2 freeze to -14486
[12:27:53.142] [SEVERE ] updating countdown to 46753
[12:27:53.142] [SEVERE ] setting player 1 freeze to -207
[12:27:53.142] [SEVERE ] setting player 2 freeze to -14596
[12:27:53.250] [SEVERE ] updating countdown to 46645
[12:27:53.250] [SEVERE ] setting player 1 freeze to -315
[12:27:53.250] [SEVERE ] setting player 2 freeze to -14704
[12:27:53.362] [SEVERE ] updating countdown to 46533
[12:27:53.362] [SEVERE ] setting player 1 freeze to -427
[12:27:53.362] [SEVERE ] setting player 2 freeze to -14816
[12:27:53.463] [SEVERE ] updating countdown to 46432
[12:27:53.464] [SEVERE ] setting player 1 freeze to -529
[12:27:53.464] [SEVERE ] setting player 2 freeze to -14918
[12:27:53.570] [SEVERE ] updating countdown to 46325
[12:27:53.570] [SEVERE ] setting player 1 freeze to -635
[12:27:53.570] [SEVERE ] setting player 2 freeze to -15024
[12:27:53.671] [SEVERE ] updating countdown to 46224
[12:27:53.671] [SEVERE ] setting player 1 freeze to -736
[12:27:53.671] [SEVERE ] setting player 2 freeze to -15125
[12:27:53.772] [SEVERE ] updating countdown to 46123
[12:27:53.772] [SEVERE ] setting player 1 freeze to -837
[12:27:53.772] [SEVERE ] setting player 2 freeze to -15226
[12:27:53.881] [SEVERE ] updating countdown to 46014
[12:27:53.882] [SEVERE ] setting player 1 freeze to -947
[12:27:53.882] [SEVERE ] setting player 2 freeze to -15336
[12:27:53.974] [SEVERE ] key 88 was pressed by player 1
[12:27:53.975] [SEVERE ] player 1 placing token on slot 9
[12:27:53.989] [SEVERE ] updating countdown to 45906
[12:27:53.990] [SEVERE ] setting player 1 freeze to -1055
[12:27:53.990] [SEVERE ] setting player 2 freeze to -15444
[12:27:54.091] [SEVERE ] updating countdown to 45804
[12:27:54.091] [SEVERE ] setting player 1 freeze to -1156
[12:27:54.091] [SEVERE ] setting player 2 freeze to -15545
[12:27:54.199] [SEVERE ] updating countdown to 45696
[12:27:54.199] [SEVERE ] setting player 1 freeze to -1264
[12:27:54.199] [SEVERE ] setting player 2 freeze to -15653
[12:27:54.246] [SEVERE ] key 67 was pressed by player 1
[12:27:54.247] [SEVERE ] player 1 placing token on slot 10
[12:27:54.303] [SEVERE ] updating countdown to 45592
[12:27:54.303] [SEVERE ] setting player 1 freeze to -1368
[12:27:54.303] [SEVERE ] setting player 2 freeze to -15757
[12:27:54.407] [SEVERE ] updating countdown to 45488
[12:27:54.407] [SEVERE ] setting player 1 freeze to -1472
[12:27:54.407] [SEVERE ] setting player 2 freeze to -15861
[12:27:54.515] [SEVERE ] updating countdown to 45380
[12:27:54.515] [SEVERE ] setting player 1 freeze to -1580
[12:27:54.515] [SEVERE ] setting player 2 freeze to -15969
[12:27:54.581] [SEVERE ] key 86 was pressed by player 1
[12:27:54.581] [SEVERE ] player 1 placing token on slot 11
[12:27:54.621] [SEVERE ] updating countdown to 45274
[12:27:54.621] [SEVERE ] setting player 1 freeze to -1686
[12:27:54.622] [SEVERE ] setting player 2 freeze to -16076
[12:27:54.622] [SEVERE ] updating countdown to 45273
[12:27:54.622] [SEVERE ] setting player 1 freeze to -1687
[12:27:54.622] [SEVERE ] setting player 2 freeze to -16076
[12:27:54.724] [SEVERE ] updating countdown to 45171
[12:27:54.724] [SEVERE ] setting player 1 freeze to 2898
[12:27:54.724] [SEVERE ] setting player 2 freeze to -16178
[12:27:54.833] [SEVERE ] updating countdown to 45062
[12:27:54.834] [SEVERE ] setting player 1 freeze to 2788
[12:27:54.834] [SEVERE ] setting player 2 freeze to -16288
[12:27:54.943] [SEVERE ] updating countdown to 44952
[12:27:54.943] [SEVERE ] setting player 1 freeze to 2679
[12:27:54.943] [SEVERE ] setting player 2 freeze to -16397
[12:27:55.052] [SEVERE ] updating countdown to 44843
[12:27:55.052] [SEVERE ] setting player 1 freeze to 2570
[12:27:55.052] [SEVERE ] setting player 2 freeze to -16506
[12:27:55.156] [SEVERE ] updating countdown to 44739
[12:27:55.156] [SEVERE ] setting player 1 freeze to 2466
[12:27:55.157] [SEVERE ] setting player 2 freeze to -16611
[12:27:55.265] [SEVERE ] updating countdown to 44630
[12:27:55.265] [SEVERE ] setting player 1 freeze to 2357
[12:27:55.265] [SEVERE ] setting player 2 freeze to -16719
[12:27:55.373] [SEVERE ] updating countdown to 44522
[12:27:55.373] [SEVERE ] setting player 1 freeze to 2249
[12:27:55.373] [SEVERE ] setting player 2 freeze to -16827
[12:27:55.479] [SEVERE ] updating countdown to 44416
[12:27:55.479] [SEVERE ] setting player 1 freeze to 2143
[12:27:55.479] [SEVERE ] setting player 2 freeze to -16933
[12:27:55.581] [SEVERE ] updating countdown to 44314
[12:27:55.581] [SEVERE ] setting player 1 freeze to 2041
[12:27:55.581] [SEVERE ] setting player 2 freeze to -17035
[12:27:55.684] [SEVERE ] updating countdown to 44211
[12:27:55.684] [SEVERE ] setting player 1 freeze to 1938
[12:27:55.684] [SEVERE ] setting player 2 freeze to -17138
[12:27:55.739] [SEVERE ] key 86 was pressed by player 1
[12:27:55.743] [SEVERE ] removing player 1 token from slot 11
[12:27:55.787] [SEVERE ] updating countdown to 44108
[12:27:55.787] [SEVERE ] setting player 1 freeze to 1835
[12:27:55.787] [SEVERE ] setting player 2 freeze to -17241
[12:27:55.890] [SEVERE ] updating countdown to 44005
[12:27:55.891] [SEVERE ] setting player 1 freeze to 1731
[12:27:55.891] [SEVERE ] setting player 2 freeze to -17345
[12:27:55.993] [SEVERE ] updating countdown to 43902
[12:27:55.993] [SEVERE ] setting player 1 freeze to 1629
[12:27:55.993] [SEVERE ] setting player 2 freeze to -17447
[12:27:56.103] [SEVERE ] updating countdown to 43792
[12:27:56.103] [SEVERE ] setting player 1 freeze to 1519
[12:27:56.103] [SEVERE ] setting player 2 freeze to -17557
[12:27:56.207] [SEVERE ] updating countdown to 43688
[12:27:56.208] [SEVERE ] setting player 1 freeze to 1414
[12:27:56.208] [SEVERE ] setting player 2 freeze to -17662
[12:27:56.315] [SEVERE ] updating countdown to 43580
[12:27:56.315] [SEVERE ] setting player 1 freeze to 1307
[12:27:56.315] [SEVERE ] setting player 2 freeze to -17769
[12:27:56.415] [SEVERE ] updating countdown to 43480
[12:27:56.415] [SEVERE ] setting player 1 freeze to 1207
[12:27:56.415] [SEVERE ] setting player 2 freeze to -17869
[12:27:56.527] [SEVERE ] updating countdown to 43368
[12:27:56.527] [SEVERE ] setting player 1 freeze to 1095
[12:27:56.527] [SEVERE ] setting player 2 freeze to -17981
[12:27:56.585] [SEVERE ] key 86 was pressed by player 1
[12:27:56.592] [SEVERE ] player 1 placing token on slot 11
[12:27:56.636] [SEVERE ] updating countdown to 43259
[12:27:56.636] [SEVERE ] setting player 1 freeze to 986
[12:27:56.636] [SEVERE ] setting player 2 freeze to -18090
[12:27:56.636] [SEVERE ] updating countdown to 43259
[12:27:56.636] [SEVERE ] setting player 1 freeze to 986
[12:27:56.636] [SEVERE ] setting player 2 freeze to -18090
[12:27:56.744] [SEVERE ] updating countdown to 43151
[12:27:56.744] [SEVERE ] setting player 1 freeze to 2892
[12:27:56.744] [SEVERE ] setting player 2 freeze to -18198
[12:27:56.845] [SEVERE ] updating countdown to 43050
[12:27:56.845] [SEVERE ] setting player 1 freeze to 2791
[12:27:56.845] [SEVERE ] setting player 2 freeze to -18299
[12:27:56.886] [SEVERE ] key 86 was pressed by player 1
[12:27:56.894] [SEVERE ] removing player 1 token from slot 11
[12:27:56.957] [SEVERE ] updating countdown to 42938
[12:27:56.957] [SEVERE ] setting player 1 freeze to 2679
[12:27:56.957] [SEVERE ] setting player 2 freeze to -18411
[12:27:57.067] [SEVERE ] updating countdown to 42828
[12:27:57.067] [SEVERE ] setting player 1 freeze to 2569
[12:27:57.067] [SEVERE ] setting player 2 freeze to -18521
[12:27:57.169] [SEVERE ] updating countdown to 42726
[12:27:57.169] [SEVERE ] setting player 1 freeze to 2467
[12:27:57.169] [SEVERE ] setting player 2 freeze to -18623
[12:27:57.275] [SEVERE ] updating countdown to 42620
[12:27:57.275] [SEVERE ] setting player 1 freeze to 2361
[12:27:57.275] [SEVERE ] setting player 2 freeze to -18729
[12:27:57.378] [SEVERE ] updating countdown to 42517
[12:27:57.378] [SEVERE ] setting player 1 freeze to 2258
[12:27:57.378] [SEVERE ] setting player 2 freeze to -18832
[12:27:57.485] [SEVERE ] updating countdown to 42410
[12:27:57.486] [SEVERE ] setting player 1 freeze to 2150
[12:27:57.486] [SEVERE ] setting player 2 freeze to -18940
[12:27:57.597] [SEVERE ] updating countdown to 42298
[12:27:57.597] [SEVERE ] setting player 1 freeze to 2039
[12:27:57.597] [SEVERE ] setting player 2 freeze to -19051
[12:27:57.698] [SEVERE ] updating countdown to 42197
[12:27:57.698] [SEVERE ] setting player 1 freeze to 1938
[12:27:57.698] [SEVERE ] setting player 2 freeze to -19152
[12:27:57.808] [SEVERE ] updating countdown to 42087
[12:27:57.808] [SEVERE ] setting player 1 freeze to 1828
[12:27:57.808] [SEVERE ] setting player 2 freeze to -19262
[12:27:57.910] [SEVERE ] updating countdown to 41985
[12:27:57.910] [SEVERE ] setting player 1 freeze to 1726
[12:27:57.910] [SEVERE ] setting player 2 freeze to -19364
[12:27:58.010] [SEVERE ] updating countdown to 41885
[12:27:58.011] [SEVERE ] setting player 1 freeze to 1625
[12:27:58.011] [SEVERE ] setting player 2 freeze to -19465
[12:27:58.116] [SEVERE ] updating countdown to 41779
[12:27:58.116] [SEVERE ] setting player 1 freeze to 1520
[12:27:58.116] [SEVERE ] setting player 2 freeze to -19570
[12:27:58.148] [SEVERE ] key 90 was pressed by player 1
[12:27:58.152] [SEVERE ] player 1 placing token on slot 8
[12:27:58.219] [SEVERE ] updating countdown to 41676
[12:27:58.219] [SEVERE ] setting player 1 freeze to 1417
[12:27:58.219] [SEVERE ] setting player 2 freeze to -19673
[12:27:58.219] [SEVERE ] updating countdown to 41676
[12:27:58.219] [SEVERE ] setting player 1 freeze to 1417
[12:27:58.219] [SEVERE ] setting player 2 freeze to -19673
[12:27:58.330] [SEVERE ] updating countdown to 41565
[12:27:58.330] [SEVERE ] setting player 1 freeze to 2889
[12:27:58.330] [SEVERE ] setting player 2 freeze to -19784
[12:27:58.438] [SEVERE ] updating countdown to 41457
[12:27:58.438] [SEVERE ] setting player 1 freeze to 2781
[12:27:58.438] [SEVERE ] setting player 2 freeze to -19892
[12:27:58.541] [SEVERE ] updating countdown to 41354
[12:27:58.541] [SEVERE ] setting player 1 freeze to 2678
[12:27:58.541] [SEVERE ] setting player 2 freeze to -19995
[12:27:58.652] [SEVERE ] updating countdown to 41243
[12:27:58.652] [SEVERE ] setting player 1 freeze to 2567
[12:27:58.652] [SEVERE ] setting player 2 freeze to -20106
[12:27:58.766] [SEVERE ] updating countdown to 41129
[12:27:58.766] [SEVERE ] setting player 1 freeze to 2453
[12:27:58.766] [SEVERE ] setting player 2 freeze to -20220
[12:27:58.871] [SEVERE ] updating countdown to 41024
[12:27:58.871] [SEVERE ] setting player 1 freeze to 2348
[12:27:58.871] [SEVERE ] setting player 2 freeze to -20325
[12:27:58.982] [SEVERE ] updating countdown to 40913
[12:27:58.982] [SEVERE ] setting player 1 freeze to 2237
[12:27:58.983] [SEVERE ] setting player 2 freeze to -20437
[12:27:59.093] [SEVERE ] updating countdown to 40802
[12:27:59.093] [SEVERE ] setting player 1 freeze to 2126
[12:27:59.093] [SEVERE ] setting player 2 freeze to -20547
[12:27:59.197] [SEVERE ] updating countdown to 40698
[12:27:59.197] [SEVERE ] setting player 1 freeze to 2022
[12:27:59.197] [SEVERE ] setting player 2 freeze to -20651
[12:27:59.301] [SEVERE ] updating countdown to 40594
[12:27:59.301] [SEVERE ] setting player 1 freeze to 1918
[12:27:59.301] [SEVERE ] setting player 2 freeze to -20755
[12:27:59.303] [SEVERE ] key 65 was pressed by player 1
[12:27:59.311] [SEVERE ] player 1 placing token on slot 4
[12:27:59.416] [SEVERE ] updating countdown to 40479
[12:27:59.416] [SEVERE ] setting player 1 freeze to 1803
[12:27:59.416] [SEVERE ] setting player 2 freeze to -20870
[12:27:59.528] [SEVERE ] updating countdown to 40367
[12:27:59.528] [SEVERE ] setting player 1 freeze to 1691
[12:27:59.528] [SEVERE ] setting player 2 freeze to -20982
[12:27:59.629] [SEVERE ] updating countdown to 40266
[12:27:59.629] [SEVERE ] setting player 1 freeze to 1590
[12:27:59.629] [SEVERE ] setting player 2 freeze to -21083
[12:27:59.730] [SEVERE ] updating countdown to 40165
[12:27:59.730] [SEVERE ] setting player 1 freeze to 1489
[12:27:59.730] [SEVERE ] setting player 2 freeze to -21184
[12:27:59.845] [SEVERE ] updating countdown to 40050
[12:27:59.845] [SEVERE ] setting player 1 freeze to 1374
[12:27:59.845] [SEVERE ] setting player 2 freeze to -21299
[12:27:59.951] [SEVERE ] updating countdown to 39944
[12:27:59.951] [SEVERE ] setting player 1 freeze to 1268
[12:27:59.951] [SEVERE ] setting player 2 freeze to -21405
[12:28:00.055] [SEVERE ] updating countdown to 39840
[12:28:00.055] [SEVERE ] setting player 1 freeze to 1164
[12:28:00.055] [SEVERE ] setting player 2 freeze to -21509
[12:28:00.161] [SEVERE ] updating countdown to 39734
[12:28:00.161] [SEVERE ] setting player 1 freeze to 1058
[12:28:00.161] [SEVERE ] setting player 2 freeze to -21615
[12:28:00.270] [SEVERE ] updating countdown to 39625
[12:28:00.270] [SEVERE ] setting player 1 freeze to 949
[12:28:00.270] [SEVERE ] setting player 2 freeze to -21724
[12:28:00.377] [SEVERE ] updating countdown to 39518
[12:28:00.377] [SEVERE ] setting player 1 freeze to 842
[12:28:00.377] [SEVERE ] setting player 2 freeze to -21831
[12:28:00.481] [SEVERE ] updating countdown to 39414
[12:28:00.481] [SEVERE ] setting player 1 freeze to 738
[12:28:00.481] [SEVERE ] setting player 2 freeze to -21935
[12:28:00.502] [SEVERE ] key 87 was pressed by player 1
[12:28:00.503] [SEVERE ] player 1 placing token on slot 1
[12:28:00.590] [SEVERE ] updating countdown to 39305
[12:28:00.590] [SEVERE ] setting player 1 freeze to 629
[12:28:00.590] [SEVERE ] setting player 2 freeze to -22044
[12:28:00.692] [SEVERE ] updating countdown to 39203
[12:28:00.692] [SEVERE ] setting player 1 freeze to 527
[12:28:00.692] [SEVERE ] setting player 2 freeze to -22146
[12:28:00.806] [SEVERE ] updating countdown to 39089
[12:28:00.806] [SEVERE ] setting player 1 freeze to 413
[12:28:00.806] [SEVERE ] setting player 2 freeze to -22260
[12:28:00.907] [SEVERE ] updating countdown to 38988
[12:28:00.907] [SEVERE ] setting player 1 freeze to 312
[12:28:00.907] [SEVERE ] setting player 2 freeze to -22361
[12:28:00.910] [SEVERE ] key 83 was pressed by player 1
[12:28:00.911] [SEVERE ] player 1 placing token on slot 5
[12:28:01.019] [SEVERE ] updating countdown to 38876
[12:28:01.019] [SEVERE ] setting player 1 freeze to 200
[12:28:01.019] [SEVERE ] setting player 2 freeze to -22473
[12:28:01.123] [SEVERE ] updating countdown to 38772
[12:28:01.124] [SEVERE ] setting player 1 freeze to 95
[12:28:01.124] [SEVERE ] setting player 2 freeze to -22578
[12:28:01.226] [SEVERE ] updating countdown to 38669
[12:28:01.226] [SEVERE ] setting player 1 freeze to -7
[12:28:01.226] [SEVERE ] setting player 2 freeze to -22680
[12:28:01.283] [SEVERE ] key 68 was pressed by player 1
[12:28:01.283] [SEVERE ] player 1 placing token on slot 6
[12:28:01.336] [SEVERE ] updating countdown to 38559
[12:28:01.337] [SEVERE ] setting player 1 freeze to -118
[12:28:01.337] [SEVERE ] setting player 2 freeze to -22791
[12:28:01.438] [SEVERE ] updating countdown to 38457
[12:28:01.438] [SEVERE ] setting player 1 freeze to -219
[12:28:01.438] [SEVERE ] setting player 2 freeze to -22892
[12:28:01.539] [SEVERE ] updating countdown to 38356
[12:28:01.539] [SEVERE ] setting player 1 freeze to -320
[12:28:01.539] [SEVERE ] setting player 2 freeze to -22993
[12:28:01.651] [SEVERE ] updating countdown to 38244
[12:28:01.651] [SEVERE ] setting player 1 freeze to -432
[12:28:01.651] [SEVERE ] setting player 2 freeze to -23105
[12:28:01.753] [SEVERE ] updating countdown to 38142
[12:28:01.753] [SEVERE ] setting player 1 freeze to -534
[12:28:01.753] [SEVERE ] setting player 2 freeze to -23207
[12:28:01.790] [SEVERE ] key 69 was pressed by player 1
[12:28:01.792] [SEVERE ] player 1 placing token on slot 2
[12:28:01.855] [SEVERE ] updating countdown to 38040
[12:28:01.855] [SEVERE ] setting player 1 freeze to -636
[12:28:01.855] [SEVERE ] setting player 2 freeze to -23309
[12:28:01.962] [SEVERE ] updating countdown to 37933
[12:28:01.962] [SEVERE ] setting player 1 freeze to -743
[12:28:01.962] [SEVERE ] setting player 2 freeze to -23416
[12:28:02.066] [SEVERE ] updating countdown to 37829
[12:28:02.066] [SEVERE ] setting player 1 freeze to -847
[12:28:02.066] [SEVERE ] setting player 2 freeze to -23520
[12:28:02.170] [SEVERE ] updating countdown to 37725
[12:28:02.170] [SEVERE ] setting player 1 freeze to -951
[12:28:02.170] [SEVERE ] setting player 2 freeze to -23624
[12:28:02.288] [SEVERE ] updating countdown to 37607
[12:28:02.288] [SEVERE ] setting player 1 freeze to -1069
[12:28:02.288] [SEVERE ] setting player 2 freeze to -23742
[12:28:02.401] [SEVERE ] updating countdown to 37494
[12:28:02.401] [SEVERE ] setting player 1 freeze to -1182
[12:28:02.401] [SEVERE ] setting player 2 freeze to -23855
[12:28:02.510] [SEVERE ] updating countdown to 37385
[12:28:02.510] [SEVERE ] setting player 1 freeze to -1291
[12:28:02.511] [SEVERE ] setting player 2 freeze to -23965
[12:28:02.620] [SEVERE ] updating countdown to 37275
[12:28:02.620] [SEVERE ] setting player 1 freeze to -1401
[12:28:02.620] [SEVERE ] setting player 2 freeze to -24074
[12:28:02.726] [SEVERE ] updating countdown to 37169
[12:28:02.726] [SEVERE ] setting player 1 freeze to -1507
[12:28:02.727] [SEVERE ] setting player 2 freeze to -24181
[12:28:02.830] [SEVERE ] updating countdown to 37065
[12:28:02.830] [SEVERE ] setting player 1 freeze to -1611
[12:28:02.830] [SEVERE ] setting player 2 freeze to -24284
