[12:57:52.517] [INFO   ] thread main starting.
[12:57:52.526] [SEVERE ] cannot read configuration file config.properties trying from resources.
[12:57:52.526] [SEVERE ] configuration file was loaded from resources directory.
[12:57:53.052] [INFO   ] thread dealer starting.
[12:57:53.053] [INFO   ] thread dealer starting.
[12:57:53.054] [INFO   ] thread Player #0 starting.
[12:57:53.055] [INFO   ] thread Player #1 starting.
[12:57:53.169] [SEVERE ] placing card 55 in slot 0
[12:57:53.170] [SEVERE ] updating countdown to 60000
[12:57:53.170] [SEVERE ] setting player 1 freeze to -118
[12:57:53.172] [SEVERE ] setting player 2 freeze to -120
[12:57:53.277] [SEVERE ] placing card 38 in slot 1
[12:57:53.278] [SEVERE ] updating countdown to 60000
[12:57:53.278] [SEVERE ] setting player 1 freeze to -226
[12:57:53.278] [SEVERE ] setting player 2 freeze to -226
[12:57:53.383] [SEVERE ] placing card 43 in slot 2
[12:57:53.383] [SEVERE ] updating countdown to 60000
[12:57:53.383] [SEVERE ] setting player 1 freeze to -331
[12:57:53.383] [SEVERE ] setting player 2 freeze to -331
[12:57:53.486] [SEVERE ] placing card 19 in slot 3
[12:57:53.486] [SEVERE ] updating countdown to 60000
[12:57:53.486] [SEVERE ] setting player 1 freeze to -434
[12:57:53.486] [SEVERE ] setting player 2 freeze to -434
[12:57:53.601] [SEVERE ] placing card 18 in slot 4
[12:57:53.601] [SEVERE ] updating countdown to 60000
[12:57:53.601] [SEVERE ] setting player 1 freeze to -549
[12:57:53.601] [SEVERE ] setting player 2 freeze to -549
[12:57:53.704] [SEVERE ] placing card 73 in slot 5
[12:57:53.704] [SEVERE ] updating countdown to 60000
[12:57:53.704] [SEVERE ] setting player 1 freeze to -652
[12:57:53.704] [SEVERE ] setting player 2 freeze to -652
[12:57:53.808] [SEVERE ] placing card 36 in slot 6
[12:57:53.808] [SEVERE ] updating countdown to 60000
[12:57:53.808] [SEVERE ] setting player 1 freeze to -756
[12:57:53.809] [SEVERE ] setting player 2 freeze to -757
[12:57:53.925] [SEVERE ] placing card 75 in slot 7
[12:57:53.925] [SEVERE ] updating countdown to 60000
[12:57:53.926] [SEVERE ] setting player 1 freeze to -874
[12:57:53.927] [SEVERE ] setting player 2 freeze to -875
[12:57:54.035] [SEVERE ] placing card 4 in slot 8
[12:57:54.035] [SEVERE ] updating countdown to 60000
[12:57:54.035] [SEVERE ] setting player 1 freeze to -983
[12:57:54.035] [SEVERE ] setting player 2 freeze to -983
[12:57:54.143] [SEVERE ] placing card 42 in slot 9
[12:57:54.143] [SEVERE ] updating countdown to 60000
[12:57:54.144] [SEVERE ] setting player 1 freeze to -1092
[12:57:54.145] [SEVERE ] setting player 2 freeze to -1093
[12:57:54.257] [SEVERE ] placing card 9 in slot 10
[12:57:54.258] [SEVERE ] updating countdown to 60000
[12:57:54.258] [SEVERE ] setting player 1 freeze to -1206
[12:57:54.258] [SEVERE ] setting player 2 freeze to -1206
[12:57:54.367] [SEVERE ] placing card 41 in slot 11
[12:57:54.367] [SEVERE ] updating countdown to 60000
[12:57:54.367] [SEVERE ] setting player 1 freeze to -1315
[12:57:54.367] [SEVERE ] setting player 2 freeze to -1315
[12:57:54.483] [SEVERE ] updating countdown to 59884
[12:57:54.483] [SEVERE ] setting player 1 freeze to -1431
[12:57:54.483] [SEVERE ] setting player 2 freeze to -1431
[12:57:54.591] [SEVERE ] updating countdown to 59776
[12:57:54.591] [SEVERE ] setting player 1 freeze to -1539
[12:57:54.591] [SEVERE ] setting player 2 freeze to -1539
[12:57:54.697] [SEVERE ] updating countdown to 59670
[12:57:54.698] [SEVERE ] setting player 1 freeze to -1646
[12:57:54.698] [SEVERE ] setting player 2 freeze to -1646
[12:57:54.807] [SEVERE ] updating countdown to 59560
[12:57:54.807] [SEVERE ] setting player 1 freeze to -1755
[12:57:54.807] [SEVERE ] setting player 2 freeze to -1755
[12:57:54.918] [SEVERE ] updating countdown to 59450
[12:57:54.918] [SEVERE ] setting player 1 freeze to -1866
[12:57:54.918] [SEVERE ] setting player 2 freeze to -1866
[12:57:55.026] [SEVERE ] updating countdown to 59341
[12:57:55.027] [SEVERE ] setting player 1 freeze to -1975
[12:57:55.027] [SEVERE ] setting player 2 freeze to -1975
[12:57:55.130] [SEVERE ] updating countdown to 59237
[12:57:55.131] [SEVERE ] setting player 1 freeze to -2079
[12:57:55.131] [SEVERE ] setting player 2 freeze to -2079
[12:57:55.243] [SEVERE ] updating countdown to 59124
[12:57:55.243] [SEVERE ] setting player 1 freeze to -2191
[12:57:55.243] [SEVERE ] setting player 2 freeze to -2191
[12:57:55.356] [SEVERE ] updating countdown to 59011
[12:57:55.357] [SEVERE ] setting player 1 freeze to -2305
[12:57:55.357] [SEVERE ] setting player 2 freeze to -2305
[12:57:55.468] [SEVERE ] updating countdown to 58899
[12:57:55.468] [SEVERE ] setting player 1 freeze to -2416
[12:57:55.468] [SEVERE ] setting player 2 freeze to -2416
[12:57:55.572] [SEVERE ] updating countdown to 58795
[12:57:55.572] [SEVERE ] setting player 1 freeze to -2520
[12:57:55.573] [SEVERE ] setting player 2 freeze to -2521
[12:57:55.687] [SEVERE ] updating countdown to 58680
[12:57:55.687] [SEVERE ] setting player 1 freeze to -2635
[12:57:55.687] [SEVERE ] setting player 2 freeze to -2635
[12:57:55.790] [SEVERE ] updating countdown to 58577
[12:57:55.790] [SEVERE ] setting player 1 freeze to -2738
[12:57:55.790] [SEVERE ] setting player 2 freeze to -2738
[12:57:55.899] [SEVERE ] updating countdown to 58468
[12:57:55.899] [SEVERE ] setting player 1 freeze to -2847
[12:57:55.899] [SEVERE ] setting player 2 freeze to -2847
[12:57:56.007] [SEVERE ] updating countdown to 58360
[12:57:56.007] [SEVERE ] setting player 1 freeze to -2955
[12:57:56.007] [SEVERE ] setting player 2 freeze to -2955
[12:57:56.110] [SEVERE ] updating countdown to 58257
[12:57:56.110] [SEVERE ] setting player 1 freeze to -3058
[12:57:56.110] [SEVERE ] setting player 2 freeze to -3058
[12:57:56.218] [SEVERE ] updating countdown to 58149
[12:57:56.219] [SEVERE ] setting player 1 freeze to -3167
[12:57:56.219] [SEVERE ] setting player 2 freeze to -3167
[12:57:56.334] [SEVERE ] updating countdown to 58033
[12:57:56.335] [SEVERE ] setting player 1 freeze to -3283
[12:57:56.335] [SEVERE ] setting player 2 freeze to -3283
[12:57:56.446] [SEVERE ] updating countdown to 57921
[12:57:56.447] [SEVERE ] setting player 1 freeze to -3395
[12:57:56.447] [SEVERE ] setting player 2 freeze to -3395
[12:57:56.555] [SEVERE ] updating countdown to 57812
[12:57:56.555] [SEVERE ] setting player 1 freeze to -3503
[12:57:56.555] [SEVERE ] setting player 2 freeze to -3503
[12:57:56.666] [SEVERE ] updating countdown to 57701
[12:57:56.666] [SEVERE ] setting player 1 freeze to -3614
[12:57:56.666] [SEVERE ] setting player 2 freeze to -3614
[12:57:56.770] [SEVERE ] updating countdown to 57597
[12:57:56.770] [SEVERE ] setting player 1 freeze to -3718
[12:57:56.770] [SEVERE ] setting player 2 freeze to -3718
[12:57:56.873] [SEVERE ] updating countdown to 57494
[12:57:56.873] [SEVERE ] setting player 1 freeze to -3821
[12:57:56.873] [SEVERE ] setting player 2 freeze to -3821
[12:57:56.978] [SEVERE ] updating countdown to 57389
[12:57:56.978] [SEVERE ] setting player 1 freeze to -3926
[12:57:56.978] [SEVERE ] setting player 2 freeze to -3926
[12:57:57.085] [SEVERE ] updating countdown to 57282
[12:57:57.085] [SEVERE ] setting player 1 freeze to -4033
[12:57:57.085] [SEVERE ] setting player 2 freeze to -4033
[12:57:57.201] [SEVERE ] updating countdown to 57166
[12:57:57.201] [SEVERE ] setting player 1 freeze to -4149
[12:57:57.201] [SEVERE ] setting player 2 freeze to -4149
[12:57:57.314] [SEVERE ] updating countdown to 57053
[12:57:57.315] [SEVERE ] setting player 1 freeze to -4263
[12:57:57.315] [SEVERE ] setting player 2 freeze to -4263
[12:57:57.424] [SEVERE ] updating countdown to 56943
[12:57:57.425] [SEVERE ] setting player 1 freeze to -4373
[12:57:57.425] [SEVERE ] setting player 2 freeze to -4373
[12:57:57.538] [SEVERE ] updating countdown to 56829
[12:57:57.539] [SEVERE ] setting player 1 freeze to -4487
[12:57:57.539] [SEVERE ] setting player 2 freeze to -4487
[12:57:57.647] [SEVERE ] updating countdown to 56720
[12:57:57.648] [SEVERE ] setting player 1 freeze to -4596
[12:57:57.648] [SEVERE ] setting player 2 freeze to -4596
[12:57:57.756] [SEVERE ] updating countdown to 56611
[12:57:57.756] [SEVERE ] setting player 1 freeze to -4704
[12:57:57.756] [SEVERE ] setting player 2 freeze to -4704
[12:57:57.859] [SEVERE ] updating countdown to 56509
[12:57:57.859] [SEVERE ] setting player 1 freeze to -4807
[12:57:57.859] [SEVERE ] setting player 2 freeze to -4807
[12:57:57.969] [SEVERE ] updating countdown to 56398
[12:57:57.969] [SEVERE ] setting player 1 freeze to -4917
[12:57:57.969] [SEVERE ] setting player 2 freeze to -4917
[12:57:58.079] [SEVERE ] updating countdown to 56288
[12:57:58.080] [SEVERE ] setting player 1 freeze to -5027
[12:57:58.080] [SEVERE ] setting player 2 freeze to -5028
[12:57:58.181] [SEVERE ] updating countdown to 56186
[12:57:58.181] [SEVERE ] setting player 1 freeze to -5129
[12:57:58.181] [SEVERE ] setting player 2 freeze to -5129
[12:57:58.296] [SEVERE ] updating countdown to 56071
[12:57:58.296] [SEVERE ] setting player 1 freeze to -5244
[12:57:58.296] [SEVERE ] setting player 2 freeze to -5244
[12:57:58.390] [SEVERE ] key 81 was pressed by player 1
[12:57:58.390] [SEVERE ] player 1 placing token on slot 0
[12:57:58.405] [SEVERE ] updating countdown to 55962
[12:57:58.406] [SEVERE ] setting player 1 freeze to -5354
[12:57:58.406] [SEVERE ] setting player 2 freeze to -5354
[12:57:58.507] [SEVERE ] updating countdown to 55860
[12:57:58.507] [SEVERE ] setting player 1 freeze to -5455
[12:57:58.507] [SEVERE ] setting player 2 freeze to -5455
[12:57:58.615] [SEVERE ] updating countdown to 55752
[12:57:58.615] [SEVERE ] setting player 1 freeze to -5563
[12:57:58.615] [SEVERE ] setting player 2 freeze to -5563
[12:57:58.724] [SEVERE ] updating countdown to 55643
[12:57:58.724] [SEVERE ] setting player 1 freeze to -5672
[12:57:58.724] [SEVERE ] setting player 2 freeze to -5672
[12:57:58.839] [SEVERE ] updating countdown to 55528
[12:57:58.840] [SEVERE ] setting player 1 freeze to -5788
[12:57:58.840] [SEVERE ] setting player 2 freeze to -5788
[12:57:58.940] [SEVERE ] updating countdown to 55427
[12:57:58.941] [SEVERE ] setting player 1 freeze to -5889
[12:57:58.941] [SEVERE ] setting player 2 freeze to -5889
[12:57:59.048] [SEVERE ] updating countdown to 55319
[12:57:59.048] [SEVERE ] setting player 1 freeze to -5996
[12:57:59.048] [SEVERE ] setting player 2 freeze to -5996
[12:57:59.157] [SEVERE ] updating countdown to 55210
[12:57:59.157] [SEVERE ] setting player 1 freeze to -6105
[12:57:59.157] [SEVERE ] setting player 2 freeze to -6105
[12:57:59.267] [SEVERE ] updating countdown to 55100
[12:57:59.268] [SEVERE ] setting player 1 freeze to -6216
[12:57:59.268] [SEVERE ] setting player 2 freeze to -6216
[12:57:59.372] [SEVERE ] updating countdown to 54995
[12:57:59.372] [SEVERE ] setting player 1 freeze to -6320
[12:57:59.372] [SEVERE ] setting player 2 freeze to -6320
[12:57:59.488] [SEVERE ] updating countdown to 54879
[12:57:59.488] [SEVERE ] setting player 1 freeze to -6436
[12:57:59.488] [SEVERE ] setting player 2 freeze to -6436
[12:57:59.589] [SEVERE ] updating countdown to 54778
[12:57:59.589] [SEVERE ] setting player 1 freeze to -6537
[12:57:59.589] [SEVERE ] setting player 2 freeze to -6537
[12:57:59.691] [SEVERE ] updating countdown to 54676
[12:57:59.691] [SEVERE ] setting player 1 freeze to -6639
[12:57:59.691] [SEVERE ] setting player 2 freeze to -6639
[12:57:59.798] [SEVERE ] updating countdown to 54569
[12:57:59.798] [SEVERE ] setting player 1 freeze to -6746
[12:57:59.798] [SEVERE ] setting player 2 freeze to -6746
[12:57:59.899] [SEVERE ] updating countdown to 54468
[12:57:59.899] [SEVERE ] setting player 1 freeze to -6847
[12:57:59.900] [SEVERE ] setting player 2 freeze to -6848
[12:58:00.005] [SEVERE ] updating countdown to 54362
[12:58:00.005] [SEVERE ] setting player 1 freeze to -6953
[12:58:00.005] [SEVERE ] setting player 2 freeze to -6953
[12:58:00.082] [SEVERE ] key 87 was pressed by player 1
[12:58:00.082] [SEVERE ] player 1 placing token on slot 1
[12:58:00.116] [SEVERE ] updating countdown to 54251
[12:58:00.116] [SEVERE ] setting player 1 freeze to -7064
[12:58:00.116] [SEVERE ] setting player 2 freeze to -7064
[12:58:00.228] [SEVERE ] updating countdown to 54139
[12:58:00.228] [SEVERE ] setting player 1 freeze to -7176
[12:58:00.228] [SEVERE ] setting player 2 freeze to -7176
[12:58:00.339] [SEVERE ] updating countdown to 54028
[12:58:00.340] [SEVERE ] setting player 1 freeze to -7288
[12:58:00.340] [SEVERE ] setting player 2 freeze to -7288
[12:58:00.442] [SEVERE ] updating countdown to 53925
[12:58:00.442] [SEVERE ] setting player 1 freeze to -7390
[12:58:00.443] [SEVERE ] setting player 2 freeze to -7391
[12:58:00.549] [SEVERE ] updating countdown to 53818
[12:58:00.550] [SEVERE ] setting player 1 freeze to -7497
[12:58:00.550] [SEVERE ] setting player 2 freeze to -7498
[12:58:00.660] [SEVERE ] updating countdown to 53707
[12:58:00.660] [SEVERE ] setting player 1 freeze to -7608
[12:58:00.660] [SEVERE ] setting player 2 freeze to -7608
[12:58:00.764] [SEVERE ] updating countdown to 53603
[12:58:00.764] [SEVERE ] setting player 1 freeze to -7712
[12:58:00.764] [SEVERE ] setting player 2 freeze to -7712
[12:58:00.867] [SEVERE ] updating countdown to 53500
[12:58:00.867] [SEVERE ] setting player 1 freeze to -7815
[12:58:00.867] [SEVERE ] setting player 2 freeze to -7815
[12:58:00.979] [SEVERE ] updating countdown to 53388
[12:58:00.979] [SEVERE ] setting player 1 freeze to -7927
[12:58:00.979] [SEVERE ] setting player 2 freeze to -7927
[12:58:01.088] [SEVERE ] updating countdown to 53279
[12:58:01.088] [SEVERE ] setting player 1 freeze to -8036
[12:58:01.088] [SEVERE ] setting player 2 freeze to -8036
[12:58:01.191] [SEVERE ] updating countdown to 53176
[12:58:01.191] [SEVERE ] setting player 1 freeze to -8139
[12:58:01.191] [SEVERE ] setting player 2 freeze to -8139
[12:58:01.295] [SEVERE ] updating countdown to 53072
[12:58:01.296] [SEVERE ] setting player 1 freeze to -8244
[12:58:01.296] [SEVERE ] setting player 2 freeze to -8244
[12:58:01.409] [SEVERE ] updating countdown to 52958
[12:58:01.409] [SEVERE ] setting player 1 freeze to -8357
[12:58:01.409] [SEVERE ] setting player 2 freeze to -8357
[12:58:01.515] [SEVERE ] updating countdown to 52852
[12:58:01.515] [SEVERE ] setting player 1 freeze to -8463
[12:58:01.515] [SEVERE ] setting player 2 freeze to -8463
[12:58:01.618] [SEVERE ] updating countdown to 52749
[12:58:01.619] [SEVERE ] setting player 1 freeze to -8567
[12:58:01.619] [SEVERE ] setting player 2 freeze to -8567
[12:58:01.725] [SEVERE ] updating countdown to 52642
[12:58:01.725] [SEVERE ] setting player 1 freeze to -8673
[12:58:01.725] [SEVERE ] setting player 2 freeze to -8673
[12:58:01.830] [SEVERE ] updating countdown to 52537
[12:58:01.830] [SEVERE ] setting player 1 freeze to -8778
[12:58:01.830] [SEVERE ] setting player 2 freeze to -8778
[12:58:01.933] [SEVERE ] updating countdown to 52434
[12:58:01.933] [SEVERE ] key 69 was pressed by player 1
[12:58:01.933] [SEVERE ] setting player 1 freeze to -8881
[12:58:01.934] [SEVERE ] player 1 placing token on slot 2
[12:58:01.934] [SEVERE ] setting player 2 freeze to -8882
[12:58:02.038] [SEVERE ] updating countdown to 52329
[12:58:02.038] [SEVERE ] setting player 1 freeze to -8986
[12:58:02.038] [SEVERE ] setting player 2 freeze to -8986
[12:58:02.038] [SEVERE ] updating countdown to 52329
[12:58:02.038] [SEVERE ] setting player 1 freeze to -8986
[12:58:02.038] [SEVERE ] setting player 2 freeze to -8986
[12:58:02.140] [SEVERE ] updating countdown to 52227
[12:58:02.140] [SEVERE ] setting player 1 freeze to 2898
[12:58:02.140] [SEVERE ] setting player 2 freeze to -9088
[12:58:02.246] [SEVERE ] updating countdown to 52121
[12:58:02.246] [SEVERE ] setting player 1 freeze to 2792
[12:58:02.246] [SEVERE ] setting player 2 freeze to -9194
[12:58:02.351] [SEVERE ] updating countdown to 52016
[12:58:02.351] [SEVERE ] setting player 1 freeze to 2687
[12:58:02.351] [SEVERE ] setting player 2 freeze to -9299
[12:58:02.453] [SEVERE ] updating countdown to 51914
[12:58:02.453] [SEVERE ] setting player 1 freeze to 2585
[12:58:02.453] [SEVERE ] setting player 2 freeze to -9401
[12:58:02.568] [SEVERE ] updating countdown to 51799
[12:58:02.568] [SEVERE ] setting player 1 freeze to 2470
[12:58:02.568] [SEVERE ] setting player 2 freeze to -9516
[12:58:02.597] [SEVERE ] key 82 was pressed by player 1
[12:58:02.682] [SEVERE ] updating countdown to 51685
[12:58:02.682] [SEVERE ] setting player 1 freeze to 2356
[12:58:02.682] [SEVERE ] setting player 2 freeze to -9630
[12:58:02.682] [SEVERE ] updating countdown to 51685
[12:58:02.682] [SEVERE ] setting player 1 freeze to 2356
[12:58:02.682] [SEVERE ] setting player 2 freeze to -9630
[12:58:02.785] [SEVERE ] updating countdown to 51582
[12:58:02.785] [SEVERE ] setting player 1 freeze to 2897
[12:58:02.785] [SEVERE ] setting player 2 freeze to -9733
[12:58:02.898] [SEVERE ] updating countdown to 51469
[12:58:02.898] [SEVERE ] setting player 1 freeze to 2784
[12:58:02.898] [SEVERE ] setting player 2 freeze to -9846
[12:58:03.007] [SEVERE ] updating countdown to 51360
[12:58:03.007] [SEVERE ] setting player 1 freeze to 2675
[12:58:03.007] [SEVERE ] setting player 2 freeze to -9955
[12:58:03.108] [SEVERE ] updating countdown to 51259
[12:58:03.108] [SEVERE ] setting player 1 freeze to 2574
[12:58:03.108] [SEVERE ] setting player 2 freeze to -10056
[12:58:03.224] [SEVERE ] updating countdown to 51143
[12:58:03.224] [SEVERE ] setting player 1 freeze to 2458
[12:58:03.224] [SEVERE ] setting player 2 freeze to -10172
[12:58:03.331] [SEVERE ] updating countdown to 51036
[12:58:03.331] [SEVERE ] setting player 1 freeze to 2351
[12:58:03.331] [SEVERE ] setting player 2 freeze to -10279
[12:58:03.442] [SEVERE ] updating countdown to 50925
[12:58:03.442] [SEVERE ] setting player 1 freeze to 2240
[12:58:03.442] [SEVERE ] setting player 2 freeze to -10390
[12:58:03.547] [SEVERE ] updating countdown to 50820
[12:58:03.547] [SEVERE ] setting player 1 freeze to 2135
[12:58:03.547] [SEVERE ] setting player 2 freeze to -10495
[12:58:03.661] [SEVERE ] updating countdown to 50706
[12:58:03.661] [SEVERE ] setting player 1 freeze to 2021
[12:58:03.662] [SEVERE ] setting player 2 freeze to -10610
[12:58:03.775] [SEVERE ] updating countdown to 50592
[12:58:03.775] [SEVERE ] setting player 1 freeze to 1907
[12:58:03.775] [SEVERE ] setting player 2 freeze to -10723
[12:58:03.885] [SEVERE ] updating countdown to 50482
[12:58:03.885] [SEVERE ] setting player 1 freeze to 1797
[12:58:03.885] [SEVERE ] setting player 2 freeze to -10833
[12:58:03.915] [SEVERE ] key 82 was pressed by player 1
[12:58:03.993] [SEVERE ] updating countdown to 50374
[12:58:03.993] [SEVERE ] setting player 1 freeze to 1689
[12:58:03.993] [SEVERE ] setting player 2 freeze to -10941
[12:58:03.993] [SEVERE ] updating countdown to 50374
[12:58:03.993] [SEVERE ] setting player 1 freeze to 1689
[12:58:03.993] [SEVERE ] setting player 2 freeze to -10941
[12:58:04.096] [SEVERE ] updating countdown to 50271
[12:58:04.096] [SEVERE ] setting player 1 freeze to 2897
[12:58:04.097] [SEVERE ] setting player 2 freeze to -11045
[12:58:04.209] [SEVERE ] updating countdown to 50158
[12:58:04.209] [SEVERE ] setting player 1 freeze to 2784
[12:58:04.209] [SEVERE ] setting player 2 freeze to -11157
[12:58:04.314] [SEVERE ] updating countdown to 50053
[12:58:04.314] [SEVERE ] setting player 1 freeze to 2679
[12:58:04.314] [SEVERE ] setting player 2 freeze to -11262
[12:58:04.415] [SEVERE ] updating countdown to 49952
[12:58:04.415] [SEVERE ] setting player 1 freeze to 2578
[12:58:04.415] [SEVERE ] setting player 2 freeze to -11363
[12:58:04.523] [SEVERE ] updating countdown to 49844
[12:58:04.523] [SEVERE ] setting player 1 freeze to 2470
[12:58:04.523] [SEVERE ] setting player 2 freeze to -11471
[12:58:04.642] [SEVERE ] updating countdown to 49725
[12:58:04.642] [SEVERE ] setting player 1 freeze to 2351
[12:58:04.642] [SEVERE ] setting player 2 freeze to -11590
[12:58:04.753] [SEVERE ] updating countdown to 49614
[12:58:04.753] [SEVERE ] setting player 1 freeze to 2240
[12:58:04.753] [SEVERE ] setting player 2 freeze to -11701
[12:58:04.863] [SEVERE ] updating countdown to 49504
[12:58:04.863] [SEVERE ] setting player 1 freeze to 2130
[12:58:04.863] [SEVERE ] setting player 2 freeze to -11811
[12:58:04.973] [SEVERE ] updating countdown to 49394
[12:58:04.973] [SEVERE ] setting player 1 freeze to 2020
[12:58:04.973] [SEVERE ] setting player 2 freeze to -11921
[12:58:05.078] [SEVERE ] updating countdown to 49289
[12:58:05.078] [SEVERE ] setting player 1 freeze to 1915
[12:58:05.078] [SEVERE ] setting player 2 freeze to -12026
[12:58:05.186] [SEVERE ] updating countdown to 49181
[12:58:05.186] [SEVERE ] setting player 1 freeze to 1807
[12:58:05.186] [SEVERE ] setting player 2 freeze to -12134
[12:58:05.295] [SEVERE ] updating countdown to 49072
[12:58:05.295] [SEVERE ] setting player 1 freeze to 1698
[12:58:05.295] [SEVERE ] setting player 2 freeze to -12243
[12:58:05.404] [SEVERE ] updating countdown to 48963
[12:58:05.404] [SEVERE ] setting player 1 freeze to 1589
[12:58:05.404] [SEVERE ] setting player 2 freeze to -12352
[12:58:05.510] [SEVERE ] updating countdown to 48857
[12:58:05.510] [SEVERE ] setting player 1 freeze to 1483
[12:58:05.510] [SEVERE ] setting player 2 freeze to -12458
[12:58:05.611] [SEVERE ] updating countdown to 48756
[12:58:05.611] [SEVERE ] setting player 1 freeze to 1382
[12:58:05.611] [SEVERE ] setting player 2 freeze to -12559
[12:58:05.716] [SEVERE ] updating countdown to 48651
[12:58:05.716] [SEVERE ] setting player 1 freeze to 1277
[12:58:05.716] [SEVERE ] setting player 2 freeze to -12664
[12:58:05.823] [SEVERE ] updating countdown to 48544
[12:58:05.823] [SEVERE ] setting player 1 freeze to 1170
[12:58:05.823] [SEVERE ] setting player 2 freeze to -12771
[12:58:05.929] [SEVERE ] updating countdown to 48438
[12:58:05.929] [SEVERE ] setting player 1 freeze to 1064
[12:58:05.929] [SEVERE ] setting player 2 freeze to -12877
[12:58:06.045] [SEVERE ] updating countdown to 48322
[12:58:06.046] [SEVERE ] setting player 1 freeze to 947
[12:58:06.046] [SEVERE ] setting player 2 freeze to -12994
[12:58:06.149] [SEVERE ] key 82 was pressed by player 1
[12:58:06.154] [SEVERE ] updating countdown to 48213
[12:58:06.154] [SEVERE ] setting player 1 freeze to 839
[12:58:06.154] [SEVERE ] setting player 2 freeze to -13102
[12:58:06.154] [SEVERE ] updating countdown to 48213
[12:58:06.154] [SEVERE ] setting player 1 freeze to 839
[12:58:06.154] [SEVERE ] setting player 2 freeze to -13102
[12:58:06.267] [SEVERE ] updating countdown to 48100
[12:58:06.267] [SEVERE ] setting player 1 freeze to 2887
[12:58:06.267] [SEVERE ] setting player 2 freeze to -13215
[12:58:06.368] [SEVERE ] updating countdown to 47999
[12:58:06.368] [SEVERE ] setting player 1 freeze to 2786
[12:58:06.368] [SEVERE ] setting player 2 freeze to -13316
[12:58:06.473] [SEVERE ] updating countdown to 47894
[12:58:06.473] [SEVERE ] setting player 1 freeze to 2681
[12:58:06.473] [SEVERE ] setting player 2 freeze to -13421
[12:58:06.577] [SEVERE ] updating countdown to 47790
[12:58:06.577] [SEVERE ] setting player 1 freeze to 2577
[12:58:06.577] [SEVERE ] setting player 2 freeze to -13525
[12:58:06.685] [SEVERE ] updating countdown to 47682
[12:58:06.685] [SEVERE ] setting player 1 freeze to 2469
[12:58:06.685] [SEVERE ] setting player 2 freeze to -13633
[12:58:06.790] [SEVERE ] updating countdown to 47577
[12:58:06.791] [SEVERE ] setting player 1 freeze to 2363
[12:58:06.791] [SEVERE ] setting player 2 freeze to -13739
[12:58:06.901] [SEVERE ] updating countdown to 47466
[12:58:06.901] [SEVERE ] setting player 1 freeze to 2253
[12:58:06.901] [SEVERE ] setting player 2 freeze to -13849
[12:58:07.005] [SEVERE ] updating countdown to 47362
[12:58:07.005] [SEVERE ] setting player 1 freeze to 2149
[12:58:07.005] [SEVERE ] setting player 2 freeze to -13953
[12:58:07.119] [SEVERE ] updating countdown to 47248
[12:58:07.119] [SEVERE ] setting player 1 freeze to 2035
[12:58:07.119] [SEVERE ] setting player 2 freeze to -14067
[12:58:07.224] [SEVERE ] updating countdown to 47143
[12:58:07.224] [SEVERE ] setting player 1 freeze to 1930
[12:58:07.224] [SEVERE ] setting player 2 freeze to -14172
[12:58:07.228] [SEVERE ] key 82 was pressed by player 1
[12:58:07.333] [SEVERE ] updating countdown to 47034
[12:58:07.333] [SEVERE ] setting player 1 freeze to 1821
[12:58:07.333] [SEVERE ] setting player 2 freeze to -14281
[12:58:07.333] [SEVERE ] updating countdown to 47034
[12:58:07.333] [SEVERE ] setting player 1 freeze to 1821
[12:58:07.333] [SEVERE ] setting player 2 freeze to -14281
[12:58:07.435] [SEVERE ] updating countdown to 46932
[12:58:07.436] [SEVERE ] setting player 1 freeze to 2897
[12:58:07.436] [SEVERE ] setting player 2 freeze to -14384
[12:58:07.537] [SEVERE ] updating countdown to 46830
[12:58:07.537] [SEVERE ] setting player 1 freeze to 2796
[12:58:07.537] [SEVERE ] setting player 2 freeze to -14485
[12:58:07.644] [SEVERE ] updating countdown to 46723
[12:58:07.645] [SEVERE ] setting player 1 freeze to 2688
[12:58:07.645] [SEVERE ] setting player 2 freeze to -14593
[12:58:07.752] [SEVERE ] updating countdown to 46615
[12:58:07.752] [SEVERE ] setting player 1 freeze to 2581
[12:58:07.752] [SEVERE ] setting player 2 freeze to -14700
[12:58:07.868] [SEVERE ] updating countdown to 46499
[12:58:07.869] [SEVERE ] setting player 1 freeze to 2464
[12:58:07.869] [SEVERE ] setting player 2 freeze to -14817
[12:58:07.978] [SEVERE ] updating countdown to 46389
[12:58:07.978] [SEVERE ] setting player 1 freeze to 2355
[12:58:07.978] [SEVERE ] setting player 2 freeze to -14926
[12:58:08.086] [SEVERE ] updating countdown to 46281
[12:58:08.086] [SEVERE ] setting player 1 freeze to 2247
[12:58:08.086] [SEVERE ] setting player 2 freeze to -15034
[12:58:08.119] [SEVERE ] key 82 was pressed by player 1
[12:58:08.200] [SEVERE ] updating countdown to 46167
[12:58:08.200] [SEVERE ] setting player 1 freeze to 2133
[12:58:08.200] [SEVERE ] setting player 2 freeze to -15148
[12:58:08.200] [SEVERE ] updating countdown to 46167
[12:58:08.200] [SEVERE ] setting player 1 freeze to 2133
[12:58:08.200] [SEVERE ] setting player 2 freeze to -15148
[12:58:08.312] [SEVERE ] updating countdown to 46055
[12:58:08.312] [SEVERE ] setting player 1 freeze to 2888
[12:58:08.312] [SEVERE ] setting player 2 freeze to -15260
[12:58:08.419] [SEVERE ] updating countdown to 45948
[12:58:08.419] [SEVERE ] setting player 1 freeze to 2781
[12:58:08.419] [SEVERE ] setting player 2 freeze to -15367
[12:58:08.531] [SEVERE ] updating countdown to 45836
[12:58:08.531] [SEVERE ] setting player 1 freeze to 2669
[12:58:08.531] [SEVERE ] setting player 2 freeze to -15479
[12:58:08.637] [SEVERE ] updating countdown to 45730
[12:58:08.637] [SEVERE ] setting player 1 freeze to 2563
[12:58:08.637] [SEVERE ] setting player 2 freeze to -15585
[12:58:08.744] [SEVERE ] updating countdown to 45623
[12:58:08.744] [SEVERE ] setting player 1 freeze to 2456
[12:58:08.744] [SEVERE ] setting player 2 freeze to -15692
[12:58:08.847] [SEVERE ] updating countdown to 45520
[12:58:08.847] [SEVERE ] setting player 1 freeze to 2353
[12:58:08.847] [SEVERE ] setting player 2 freeze to -15795
[12:58:08.960] [SEVERE ] updating countdown to 45407
[12:58:08.960] [SEVERE ] setting player 1 freeze to 2240
[12:58:08.960] [SEVERE ] setting player 2 freeze to -15908
[12:58:09.062] [SEVERE ] updating countdown to 45305
[12:58:09.062] [SEVERE ] setting player 1 freeze to 2138
[12:58:09.062] [SEVERE ] setting player 2 freeze to -16010
[12:58:09.173] [SEVERE ] updating countdown to 45194
[12:58:09.173] [SEVERE ] setting player 1 freeze to 2027
[12:58:09.173] [SEVERE ] setting player 2 freeze to -16121
[12:58:09.275] [SEVERE ] updating countdown to 45092
[12:58:09.275] [SEVERE ] setting player 1 freeze to 1925
[12:58:09.275] [SEVERE ] setting player 2 freeze to -16223
[12:58:09.379] [SEVERE ] updating countdown to 44988
[12:58:09.379] [SEVERE ] setting player 1 freeze to 1821
[12:58:09.379] [SEVERE ] setting player 2 freeze to -16327
[12:58:09.495] [SEVERE ] updating countdown to 44872
[12:58:09.495] [SEVERE ] setting player 1 freeze to 1705
[12:58:09.495] [SEVERE ] setting player 2 freeze to -16443
[12:58:09.609] [SEVERE ] updating countdown to 44758
[12:58:09.609] [SEVERE ] setting player 1 freeze to 1591
[12:58:09.609] [SEVERE ] setting player 2 freeze to -16557
[12:58:09.717] [SEVERE ] updating countdown to 44650
[12:58:09.717] [SEVERE ] setting player 1 freeze to 1483
[12:58:09.717] [SEVERE ] setting player 2 freeze to -16665
[12:58:09.823] [SEVERE ] updating countdown to 44544
[12:58:09.824] [SEVERE ] setting player 1 freeze to 1376
[12:58:09.824] [SEVERE ] setting player 2 freeze to -16772
[12:58:09.937] [SEVERE ] updating countdown to 44430
[12:58:09.937] [SEVERE ] setting player 1 freeze to 1263
[12:58:09.937] [SEVERE ] setting player 2 freeze to -16885
[12:58:10.038] [SEVERE ] updating countdown to 44329
[12:58:10.038] [SEVERE ] setting player 1 freeze to 1162
[12:58:10.038] [SEVERE ] setting player 2 freeze to -16986
[12:58:10.149] [SEVERE ] updating countdown to 44218
[12:58:10.149] [SEVERE ] setting player 1 freeze to 1051
[12:58:10.150] [SEVERE ] setting player 2 freeze to -17098
[12:58:10.257] [SEVERE ] updating countdown to 44110
[12:58:10.257] [SEVERE ] setting player 1 freeze to 943
[12:58:10.257] [SEVERE ] setting player 2 freeze to -17205
[12:58:10.316] [SEVERE ] key 69 was pressed by player 1
[12:58:10.316] [SEVERE ] removing player 1 token from slot 2
[12:58:10.371] [SEVERE ] updating countdown to 43996
[12:58:10.371] [SEVERE ] setting player 1 freeze to 829
[12:58:10.371] [SEVERE ] setting player 2 freeze to -17319
[12:58:10.482] [SEVERE ] updating countdown to 43885
[12:58:10.482] [SEVERE ] setting player 1 freeze to 718
[12:58:10.482] [SEVERE ] setting player 2 freeze to -17430
[12:58:10.586] [SEVERE ] updating countdown to 43782
[12:58:10.586] [SEVERE ] setting player 1 freeze to 614
[12:58:10.586] [SEVERE ] setting player 2 freeze to -17534
[12:58:10.691] [SEVERE ] updating countdown to 43676
[12:58:10.691] [SEVERE ] setting player 1 freeze to 509
[12:58:10.691] [SEVERE ] setting player 2 freeze to -17639
[12:58:10.796] [SEVERE ] updating countdown to 43571
[12:58:10.796] [SEVERE ] setting player 1 freeze to 404
[12:58:10.796] [SEVERE ] setting player 2 freeze to -17744
[12:58:10.896] [SEVERE ] updating countdown to 43471
[12:58:10.896] [SEVERE ] setting player 1 freeze to 304
[12:58:10.896] [SEVERE ] setting player 2 freeze to -17844
[12:58:11.001] [SEVERE ] updating countdown to 43366
[12:58:11.002] [SEVERE ] setting player 1 freeze to 198
[12:58:11.002] [SEVERE ] setting player 2 freeze to -17950
[12:58:11.110] [SEVERE ] updating countdown to 43257
[12:58:11.110] [SEVERE ] setting player 1 freeze to 90
[12:58:11.110] [SEVERE ] setting player 2 freeze to -18058
[12:58:11.212] [SEVERE ] updating countdown to 43155
[12:58:11.212] [SEVERE ] setting player 1 freeze to -12
[12:58:11.212] [SEVERE ] setting player 2 freeze to -18160
[12:58:11.320] [SEVERE ] updating countdown to 43047
[12:58:11.320] [SEVERE ] setting player 1 freeze to -120
[12:58:11.320] [SEVERE ] setting player 2 freeze to -18268
[12:58:11.434] [SEVERE ] updating countdown to 42933
[12:58:11.434] [SEVERE ] setting player 1 freeze to -234
[12:58:11.434] [SEVERE ] setting player 2 freeze to -18382
[12:58:11.543] [SEVERE ] updating countdown to 42824
[12:58:11.543] [SEVERE ] setting player 1 freeze to -343
[12:58:11.543] [SEVERE ] setting player 2 freeze to -18491
[12:58:11.653] [SEVERE ] updating countdown to 42714
[12:58:11.653] [SEVERE ] setting player 1 freeze to -453
[12:58:11.653] [SEVERE ] setting player 2 freeze to -18601
[12:58:11.761] [SEVERE ] updating countdown to 42606
[12:58:11.761] [SEVERE ] setting player 1 freeze to -561
[12:58:11.761] [SEVERE ] setting player 2 freeze to -18709
[12:58:11.867] [SEVERE ] updating countdown to 42500
[12:58:11.868] [SEVERE ] setting player 1 freeze to -668
[12:58:11.868] [SEVERE ] setting player 2 freeze to -18816
[12:58:11.976] [SEVERE ] updating countdown to 42391
[12:58:11.977] [SEVERE ] setting player 1 freeze to -777
[12:58:11.977] [SEVERE ] setting player 2 freeze to -18925
[12:58:12.091] [SEVERE ] updating countdown to 42276
[12:58:12.091] [SEVERE ] setting player 1 freeze to -891
[12:58:12.091] [SEVERE ] setting player 2 freeze to -19039
[12:58:12.200] [SEVERE ] updating countdown to 42167
[12:58:12.200] [SEVERE ] setting player 1 freeze to -1000
[12:58:12.200] [SEVERE ] setting player 2 freeze to -19148
[12:58:12.308] [SEVERE ] updating countdown to 42059
[12:58:12.308] [SEVERE ] setting player 1 freeze to -1108
[12:58:12.308] [SEVERE ] setting player 2 freeze to -19256
[12:58:12.412] [SEVERE ] updating countdown to 41955
[12:58:12.413] [SEVERE ] setting player 1 freeze to -1213
[12:58:12.413] [SEVERE ] setting player 2 freeze to -19361
[12:58:12.517] [SEVERE ] updating countdown to 41850
[12:58:12.517] [SEVERE ] setting player 1 freeze to -1317
[12:58:12.517] [SEVERE ] setting player 2 freeze to -19465
[12:58:12.625] [SEVERE ] updating countdown to 41742
[12:58:12.625] [SEVERE ] setting player 1 freeze to -1425
[12:58:12.625] [SEVERE ] setting player 2 freeze to -19573
[12:58:12.729] [SEVERE ] updating countdown to 41638
[12:58:12.729] [SEVERE ] setting player 1 freeze to -1529
[12:58:12.729] [SEVERE ] setting player 2 freeze to -19677
[12:58:12.830] [SEVERE ] updating countdown to 41537
[12:58:12.831] [SEVERE ] setting player 1 freeze to -1631
[12:58:12.831] [SEVERE ] setting player 2 freeze to -19779
[12:58:12.932] [SEVERE ] updating countdown to 41435
[12:58:12.932] [SEVERE ] setting player 1 freeze to -1732
[12:58:12.932] [SEVERE ] setting player 2 freeze to -19880
[12:58:13.043] [SEVERE ] updating countdown to 41324
[12:58:13.043] [SEVERE ] setting player 1 freeze to -1843
[12:58:13.043] [SEVERE ] setting player 2 freeze to -19991
[12:58:13.145] [SEVERE ] updating countdown to 41222
[12:58:13.145] [SEVERE ] setting player 1 freeze to -1945
[12:58:13.145] [SEVERE ] setting player 2 freeze to -20093
[12:58:13.249] [SEVERE ] updating countdown to 41118
[12:58:13.249] [SEVERE ] setting player 1 freeze to -2049
[12:58:13.249] [SEVERE ] setting player 2 freeze to -20197
[12:58:13.361] [SEVERE ] updating countdown to 41006
[12:58:13.362] [SEVERE ] setting player 1 freeze to -2162
[12:58:13.362] [SEVERE ] setting player 2 freeze to -20310
[12:58:13.364] [SEVERE ] key 69 was pressed by player 1
[12:58:13.365] [SEVERE ] player 1 placing token on slot 2
[12:58:13.469] [SEVERE ] updating countdown to 40898
[12:58:13.469] [SEVERE ] setting player 1 freeze to -2269
[12:58:13.469] [SEVERE ] setting player 2 freeze to -20417
[12:58:13.469] [SEVERE ] updating countdown to 40898
[12:58:13.469] [SEVERE ] setting player 1 freeze to -2269
[12:58:13.469] [SEVERE ] setting player 2 freeze to -20417
[12:58:13.581] [SEVERE ] updating countdown to 40787
[12:58:13.581] [SEVERE ] setting player 1 freeze to 2888
[12:58:13.581] [SEVERE ] setting player 2 freeze to -20529
[12:58:13.628] [SEVERE ] key 69 was pressed by player 1
[12:58:13.629] [SEVERE ] removing player 1 token from slot 2
[12:58:13.687] [SEVERE ] updating countdown to 40680
[12:58:13.687] [SEVERE ] setting player 1 freeze to 2782
[12:58:13.687] [SEVERE ] setting player 2 freeze to -20635
[12:58:13.794] [SEVERE ] updating countdown to 40573
[12:58:13.794] [SEVERE ] setting player 1 freeze to 2675
[12:58:13.794] [SEVERE ] setting player 2 freeze to -20742
[12:58:13.901] [SEVERE ] updating countdown to 40466
[12:58:13.901] [SEVERE ] setting player 1 freeze to 2568
[12:58:13.901] [SEVERE ] setting player 2 freeze to -20849
[12:58:14.016] [SEVERE ] updating countdown to 40351
[12:58:14.016] [SEVERE ] setting player 1 freeze to 2453
[12:58:14.016] [SEVERE ] setting player 2 freeze to -20964
[12:58:14.123] [SEVERE ] updating countdown to 40244
[12:58:14.124] [SEVERE ] setting player 1 freeze to 2345
[12:58:14.124] [SEVERE ] setting player 2 freeze to -21072
[12:58:14.231] [SEVERE ] updating countdown to 40136
[12:58:14.231] [SEVERE ] setting player 1 freeze to 2238
[12:58:14.231] [SEVERE ] setting player 2 freeze to -21179
[12:58:14.340] [SEVERE ] updating countdown to 40027
[12:58:14.340] [SEVERE ] setting player 1 freeze to 2129
[12:58:14.340] [SEVERE ] setting player 2 freeze to -21288
[12:58:14.447] [SEVERE ] updating countdown to 39920
[12:58:14.447] [SEVERE ] setting player 1 freeze to 2022
[12:58:14.447] [SEVERE ] setting player 2 freeze to -21395
[12:58:14.559] [SEVERE ] updating countdown to 39808
[12:58:14.560] [SEVERE ] setting player 1 freeze to 1909
[12:58:14.560] [SEVERE ] setting player 2 freeze to -21508
[12:58:14.663] [SEVERE ] updating countdown to 39704
[12:58:14.663] [SEVERE ] setting player 1 freeze to 1806
[12:58:14.663] [SEVERE ] setting player 2 freeze to -21611
[12:58:14.767] [SEVERE ] updating countdown to 39600
[12:58:14.767] [SEVERE ] setting player 1 freeze to 1702
[12:58:14.767] [SEVERE ] setting player 2 freeze to -21715
[12:58:14.875] [SEVERE ] updating countdown to 39492
[12:58:14.875] [SEVERE ] setting player 1 freeze to 1594
[12:58:14.875] [SEVERE ] setting player 2 freeze to -21823
[12:58:14.987] [SEVERE ] updating countdown to 39380
[12:58:14.987] [SEVERE ] setting player 1 freeze to 1482
[12:58:14.987] [SEVERE ] setting player 2 freeze to -21935
[12:58:15.088] [SEVERE ] updating countdown to 39279
[12:58:15.089] [SEVERE ] setting player 1 freeze to 1380
[12:58:15.089] [SEVERE ] setting player 2 freeze to -22037
[12:58:15.193] [SEVERE ] updating countdown to 39174
[12:58:15.193] [SEVERE ] setting player 1 freeze to 1276
[12:58:15.193] [SEVERE ] setting player 2 freeze to -22141
[12:58:15.299] [SEVERE ] updating countdown to 39068
[12:58:15.299] [SEVERE ] setting player 1 freeze to 1170
[12:58:15.299] [SEVERE ] setting player 2 freeze to -22247
[12:58:15.413] [SEVERE ] updating countdown to 38954
[12:58:15.414] [SEVERE ] setting player 1 freeze to 1055
[12:58:15.414] [SEVERE ] setting player 2 freeze to -22362
[12:58:15.514] [SEVERE ] updating countdown to 38853
[12:58:15.514] [SEVERE ] setting player 1 freeze to 955
[12:58:15.514] [SEVERE ] setting player 2 freeze to -22462
[12:58:15.617] [SEVERE ] updating countdown to 38750
[12:58:15.617] [SEVERE ] setting player 1 freeze to 852
[12:58:15.617] [SEVERE ] setting player 2 freeze to -22565
[12:58:15.718] [SEVERE ] updating countdown to 38649
[12:58:15.718] [SEVERE ] setting player 1 freeze to 751
[12:58:15.718] [SEVERE ] setting player 2 freeze to -22666
[12:58:15.826] [SEVERE ] updating countdown to 38541
[12:58:15.826] [SEVERE ] setting player 1 freeze to 643
[12:58:15.826] [SEVERE ] setting player 2 freeze to -22774
[12:58:15.933] [SEVERE ] updating countdown to 38434
[12:58:15.933] [SEVERE ] setting player 1 freeze to 536
[12:58:15.933] [SEVERE ] setting player 2 freeze to -22881
[12:58:16.034] [SEVERE ] updating countdown to 38333
[12:58:16.034] [SEVERE ] setting player 1 freeze to 435
[12:58:16.035] [SEVERE ] setting player 2 freeze to -22983
[12:58:16.136] [SEVERE ] updating countdown to 38231
[12:58:16.136] [SEVERE ] setting player 1 freeze to 333
[12:58:16.136] [SEVERE ] setting player 2 freeze to -23084
