[00:23:41.393] [INFO   ] thread main starting.
[00:23:41.399] [SEVERE ] cannot read configuration file config.properties trying from resources.
[00:23:41.400] [SEVERE ] configuration file was loaded from resources directory.
[00:23:41.754] [INFO   ] thread dealer starting.
[00:23:41.756] [INFO   ] thread dealer starting.
[00:23:41.756] [INFO   ] thread Player #1 starting.
[00:23:41.756] [INFO   ] thread Player #0 starting.
[00:23:41.868] [SEVERE ] placing card 62 in slot 0
[00:23:41.869] [SEVERE ] updating countdown to 60000
[00:23:41.870] [SEVERE ] setting player 1 freeze to -116
[00:23:41.872] [SEVERE ] setting player 2 freeze to -118
[00:23:41.977] [SEVERE ] placing card 21 in slot 1
[00:23:41.977] [SEVERE ] updating countdown to 60000
[00:23:41.978] [SEVERE ] setting player 1 freeze to -224
[00:23:41.978] [SEVERE ] setting player 2 freeze to -224
[00:23:42.085] [SEVERE ] placing card 29 in slot 2
[00:23:42.085] [SEVERE ] updating countdown to 60000
[00:23:42.085] [SEVERE ] setting player 1 freeze to -331
[00:23:42.085] [SEVERE ] setting player 2 freeze to -331
[00:23:42.193] [SEVERE ] placing card 36 in slot 3
[00:23:42.194] [SEVERE ] updating countdown to 60000
[00:23:42.194] [SEVERE ] setting player 1 freeze to -440
[00:23:42.194] [SEVERE ] setting player 2 freeze to -440
[00:23:42.302] [SEVERE ] placing card 78 in slot 4
[00:23:42.302] [SEVERE ] updating countdown to 60000
[00:23:42.302] [SEVERE ] setting player 1 freeze to -548
[00:23:42.302] [SEVERE ] setting player 2 freeze to -548
[00:23:42.412] [SEVERE ] placing card 58 in slot 5
[00:23:42.413] [SEVERE ] updating countdown to 60000
[00:23:42.413] [SEVERE ] setting player 1 freeze to -659
[00:23:42.414] [SEVERE ] setting player 2 freeze to -660
[00:23:42.521] [SEVERE ] placing card 0 in slot 6
[00:23:42.521] [SEVERE ] updating countdown to 60000
[00:23:42.522] [SEVERE ] setting player 1 freeze to -768
[00:23:42.522] [SEVERE ] setting player 2 freeze to -768
[00:23:42.625] [SEVERE ] placing card 49 in slot 7
[00:23:42.626] [SEVERE ] updating countdown to 60000
[00:23:42.626] [SEVERE ] setting player 1 freeze to -872
[00:23:42.626] [SEVERE ] setting player 2 freeze to -872
[00:23:42.738] [SEVERE ] placing card 18 in slot 8
[00:23:42.738] [SEVERE ] updating countdown to 60000
[00:23:42.738] [SEVERE ] setting player 1 freeze to -984
[00:23:42.738] [SEVERE ] setting player 2 freeze to -984
[00:23:42.840] [SEVERE ] placing card 10 in slot 9
[00:23:42.840] [SEVERE ] updating countdown to 60000
[00:23:42.840] [SEVERE ] setting player 1 freeze to -1086
[00:23:42.840] [SEVERE ] setting player 2 freeze to -1086
[00:23:42.955] [SEVERE ] placing card 26 in slot 10
[00:23:42.955] [SEVERE ] updating countdown to 60000
[00:23:42.955] [SEVERE ] setting player 1 freeze to -1201
[00:23:42.955] [SEVERE ] setting player 2 freeze to -1201
[00:23:43.057] [SEVERE ] placing card 13 in slot 11
[00:23:43.057] [SEVERE ] updating countdown to 60000
[00:23:43.057] [SEVERE ] setting player 1 freeze to -1303
[00:23:43.057] [SEVERE ] setting player 2 freeze to -1303
[00:23:43.172] [SEVERE ] updating countdown to 59885
[00:23:43.172] [SEVERE ] setting player 1 freeze to -1418
[00:23:43.172] [SEVERE ] setting player 2 freeze to -1418
[00:23:43.274] [SEVERE ] updating countdown to 59783
[00:23:43.274] [SEVERE ] setting player 1 freeze to -1520
[00:23:43.274] [SEVERE ] setting player 2 freeze to -1520
[00:23:43.387] [SEVERE ] updating countdown to 59670
[00:23:43.387] [SEVERE ] setting player 1 freeze to -1633
[00:23:43.387] [SEVERE ] setting player 2 freeze to -1633
[00:23:43.489] [SEVERE ] updating countdown to 59568
[00:23:43.489] [SEVERE ] setting player 1 freeze to -1735
[00:23:43.489] [SEVERE ] setting player 2 freeze to -1735
[00:23:43.603] [SEVERE ] updating countdown to 59454
[00:23:43.603] [SEVERE ] setting player 1 freeze to -1849
[00:23:43.603] [SEVERE ] setting player 2 freeze to -1849
[00:23:43.705] [SEVERE ] updating countdown to 59352
[00:23:43.705] [SEVERE ] setting player 1 freeze to -1951
[00:23:43.705] [SEVERE ] setting player 2 freeze to -1951
[00:23:43.820] [SEVERE ] updating countdown to 59237
[00:23:43.820] [SEVERE ] setting player 1 freeze to -2066
[00:23:43.820] [SEVERE ] setting player 2 freeze to -2066
[00:23:43.922] [SEVERE ] updating countdown to 59135
[00:23:43.922] [SEVERE ] setting player 1 freeze to -2168
[00:23:43.922] [SEVERE ] setting player 2 freeze to -2168
[00:23:44.042] [SEVERE ] updating countdown to 59015
[00:23:44.042] [SEVERE ] setting player 1 freeze to -2288
[00:23:44.042] [SEVERE ] setting player 2 freeze to -2288
[00:23:44.089] [SEVERE ] key 81 was pressed by player 1
[00:23:44.089] [SEVERE ] player 1 placing token on slot 0
[00:23:44.151] [SEVERE ] updating countdown to 58906
[00:23:44.151] [SEVERE ] setting player 1 freeze to -2397
[00:23:44.151] [SEVERE ] setting player 2 freeze to -2397
[00:23:44.258] [SEVERE ] updating countdown to 58799
[00:23:44.258] [SEVERE ] setting player 1 freeze to -2504
[00:23:44.258] [SEVERE ] setting player 2 freeze to -2504
[00:23:44.360] [SEVERE ] updating countdown to 58697
[00:23:44.360] [SEVERE ] setting player 1 freeze to -2606
[00:23:44.360] [SEVERE ] setting player 2 freeze to -2606
[00:23:44.443] [SEVERE ] key 87 was pressed by player 1
[00:23:44.443] [SEVERE ] player 1 placing token on slot 1
[00:23:44.475] [SEVERE ] updating countdown to 58582
[00:23:44.475] [SEVERE ] setting player 1 freeze to -2721
[00:23:44.475] [SEVERE ] setting player 2 freeze to -2721
[00:23:44.585] [SEVERE ] updating countdown to 58472
[00:23:44.585] [SEVERE ] setting player 1 freeze to -2831
[00:23:44.586] [SEVERE ] setting player 2 freeze to -2832
[00:23:44.690] [SEVERE ] updating countdown to 58367
[00:23:44.690] [SEVERE ] setting player 1 freeze to -2936
[00:23:44.690] [SEVERE ] setting player 2 freeze to -2936
[00:23:44.792] [SEVERE ] updating countdown to 58265
[00:23:44.792] [SEVERE ] setting player 1 freeze to -3038
[00:23:44.792] [SEVERE ] setting player 2 freeze to -3038
[00:23:44.858] [SEVERE ] key 69 was pressed by player 1
[00:23:44.858] [SEVERE ] player 1 placing token on slot 2
[00:23:44.858] [SEVERE ] updating countdown to 58199
[00:23:44.858] [SEVERE ] setting player 1 freeze to -3104
[00:23:44.869] [SEVERE ] setting player 2 freeze to -3115
[00:23:44.983] [SEVERE ] updating countdown to 58074
[00:23:44.983] [SEVERE ] setting player 1 freeze to 886
[00:23:44.983] [SEVERE ] setting player 2 freeze to -3229
[00:23:45.094] [SEVERE ] updating countdown to 57963
[00:23:45.094] [SEVERE ] setting player 1 freeze to 775
[00:23:45.094] [SEVERE ] setting player 2 freeze to -3340
[00:23:45.208] [SEVERE ] updating countdown to 57849
[00:23:45.208] [SEVERE ] setting player 1 freeze to 661
[00:23:45.208] [SEVERE ] setting player 2 freeze to -3454
[00:23:45.324] [SEVERE ] updating countdown to 57733
[00:23:45.324] [SEVERE ] setting player 1 freeze to 545
[00:23:45.324] [SEVERE ] setting player 2 freeze to -3570
[00:23:45.446] [SEVERE ] updating countdown to 57611
[00:23:45.446] [SEVERE ] setting player 1 freeze to 423
[00:23:45.446] [SEVERE ] setting player 2 freeze to -3692
[00:23:45.562] [SEVERE ] updating countdown to 57495
[00:23:45.562] [SEVERE ] setting player 1 freeze to 307
[00:23:45.562] [SEVERE ] setting player 2 freeze to -3808
[00:23:45.664] [SEVERE ] updating countdown to 57393
[00:23:45.664] [SEVERE ] setting player 1 freeze to 205
[00:23:45.664] [SEVERE ] setting player 2 freeze to -3910
[00:23:45.778] [SEVERE ] updating countdown to 57279
[00:23:45.778] [SEVERE ] setting player 1 freeze to 91
[00:23:45.778] [SEVERE ] setting player 2 freeze to -4024
[00:23:45.879] [SEVERE ] updating countdown to 57178
[00:23:45.879] [SEVERE ] setting player 1 freeze to -10
[00:23:45.879] [SEVERE ] setting player 2 freeze to -4125
[00:23:45.994] [SEVERE ] updating countdown to 57063
[00:23:45.994] [SEVERE ] setting player 1 freeze to -125
[00:23:45.994] [SEVERE ] setting player 2 freeze to -4240
[00:23:46.110] [SEVERE ] updating countdown to 56947
[00:23:46.110] [SEVERE ] setting player 1 freeze to -241
[00:23:46.110] [SEVERE ] setting player 2 freeze to -4356
[00:23:46.211] [SEVERE ] updating countdown to 56846
[00:23:46.211] [SEVERE ] setting player 1 freeze to -342
[00:23:46.211] [SEVERE ] setting player 2 freeze to -4457
[00:23:46.326] [SEVERE ] updating countdown to 56731
[00:23:46.326] [SEVERE ] setting player 1 freeze to -457
[00:23:46.326] [SEVERE ] setting player 2 freeze to -4572
[00:23:46.429] [SEVERE ] updating countdown to 56628
[00:23:46.429] [SEVERE ] setting player 1 freeze to -560
[00:23:46.429] [SEVERE ] setting player 2 freeze to -4675
[00:23:46.548] [SEVERE ] updating countdown to 56509
[00:23:46.548] [SEVERE ] setting player 1 freeze to -679
[00:23:46.548] [SEVERE ] setting player 2 freeze to -4794
[00:23:46.663] [SEVERE ] updating countdown to 56394
[00:23:46.664] [SEVERE ] setting player 1 freeze to -795
[00:23:46.664] [SEVERE ] setting player 2 freeze to -4910
[00:23:46.779] [SEVERE ] updating countdown to 56278
[00:23:46.779] [SEVERE ] setting player 1 freeze to -910
[00:23:46.779] [SEVERE ] setting player 2 freeze to -5025
[00:23:46.882] [SEVERE ] updating countdown to 56175
[00:23:46.882] [SEVERE ] setting player 1 freeze to -1013
[00:23:46.882] [SEVERE ] setting player 2 freeze to -5128
[00:23:46.995] [SEVERE ] updating countdown to 56062
[00:23:46.995] [SEVERE ] setting player 1 freeze to -1126
[00:23:46.995] [SEVERE ] setting player 2 freeze to -5241
[00:23:47.106] [SEVERE ] updating countdown to 55951
[00:23:47.106] [SEVERE ] setting player 1 freeze to -1237
[00:23:47.106] [SEVERE ] setting player 2 freeze to -5352
[00:23:47.213] [SEVERE ] updating countdown to 55844
[00:23:47.213] [SEVERE ] setting player 1 freeze to -1344
[00:23:47.214] [SEVERE ] setting player 2 freeze to -5460
[00:23:47.326] [SEVERE ] updating countdown to 55731
[00:23:47.326] [SEVERE ] setting player 1 freeze to -1457
[00:23:47.326] [SEVERE ] setting player 2 freeze to -5572
[00:23:47.429] [SEVERE ] updating countdown to 55628
[00:23:47.430] [SEVERE ] setting player 1 freeze to -1560
[00:23:47.430] [SEVERE ] setting player 2 freeze to -5676
[00:23:47.537] [SEVERE ] updating countdown to 55520
[00:23:47.537] [SEVERE ] setting player 1 freeze to -1668
[00:23:47.537] [SEVERE ] setting player 2 freeze to -5783
[00:23:47.646] [SEVERE ] updating countdown to 55411
[00:23:47.646] [SEVERE ] setting player 1 freeze to -1777
[00:23:47.646] [SEVERE ] setting player 2 freeze to -5892
[00:23:47.749] [SEVERE ] updating countdown to 55308
[00:23:47.749] [SEVERE ] setting player 1 freeze to -1880
[00:23:47.749] [SEVERE ] setting player 2 freeze to -5995
[00:23:47.858] [SEVERE ] updating countdown to 55199
[00:23:47.858] [SEVERE ] setting player 1 freeze to -1989
[00:23:47.858] [SEVERE ] setting player 2 freeze to -6104
[00:23:47.975] [SEVERE ] updating countdown to 55082
[00:23:47.975] [SEVERE ] setting player 1 freeze to -2106
[00:23:47.975] [SEVERE ] setting player 2 freeze to -6221
