[13:12:58.694] [INFO   ] thread main starting.
[13:12:58.705] [SEVERE ] cannot read configuration file config.properties trying from resources.
[13:12:58.709] [SEVERE ] configuration file was loaded from resources directory.
[13:12:59.326] [INFO   ] thread dealer starting.
[13:12:59.327] [INFO   ] thread dealer starting.
[13:12:59.330] [INFO   ] thread Player #0 starting.
[13:12:59.330] [INFO   ] thread Player #4 starting.
[13:12:59.330] [INFO   ] thread Player #3 starting.
[13:12:59.330] [INFO   ] thread Player #2 starting.
[13:12:59.330] [INFO   ] thread Player #1 starting.
[13:12:59.333] [INFO   ] thread computer-2 starting.
[13:12:59.333] [INFO   ] thread computer-3 starting.
[13:12:59.333] [INFO   ] thread computer-4 starting.
[13:12:59.437] [SEVERE ] placing card 61 in slot 0
[13:12:59.439] [SEVERE ] updating countdown to 60000
[13:12:59.441] [SEVERE ] setting player 1 freeze to -115
[13:12:59.441] [SEVERE ] setting player 2 freeze to -115
[13:12:59.442] [SEVERE ] setting player 3 freeze to -116
[13:12:59.442] [SEVERE ] setting player 4 freeze to -116
[13:12:59.443] [SEVERE ] setting player 5 freeze to -117
[13:12:59.547] [SEVERE ] placing card 20 in slot 1
[13:12:59.548] [SEVERE ] updating countdown to 60000
[13:12:59.549] [SEVERE ] setting player 1 freeze to -223
[13:12:59.549] [SEVERE ] setting player 2 freeze to -223
[13:12:59.549] [SEVERE ] setting player 3 freeze to -223
[13:12:59.550] [SEVERE ] setting player 4 freeze to -224
[13:12:59.550] [SEVERE ] setting player 5 freeze to -224
[13:12:59.657] [SEVERE ] placing card 35 in slot 2
[13:12:59.658] [SEVERE ] updating countdown to 60000
[13:12:59.658] [SEVERE ] setting player 1 freeze to -332
[13:12:59.659] [SEVERE ] setting player 2 freeze to -333
[13:12:59.660] [SEVERE ] setting player 3 freeze to -334
[13:12:59.660] [SEVERE ] setting player 4 freeze to -334
[13:12:59.661] [SEVERE ] setting player 5 freeze to -335
[13:12:59.765] [SEVERE ] placing card 23 in slot 3
[13:12:59.766] [SEVERE ] updating countdown to 60000
[13:12:59.766] [SEVERE ] setting player 1 freeze to -440
[13:12:59.767] [SEVERE ] setting player 2 freeze to -441
[13:12:59.767] [SEVERE ] setting player 3 freeze to -441
[13:12:59.767] [SEVERE ] setting player 4 freeze to -441
[13:12:59.767] [SEVERE ] setting player 5 freeze to -441
[13:12:59.856] [SEVERE ] player 3 placing token on slot 3
[13:12:59.872] [SEVERE ] placing card 66 in slot 4
[13:12:59.872] [SEVERE ] updating countdown to 60000
[13:12:59.873] [SEVERE ] setting player 1 freeze to -547
[13:12:59.873] [SEVERE ] setting player 2 freeze to -547
[13:12:59.873] [SEVERE ] setting player 3 freeze to -547
[13:12:59.874] [SEVERE ] setting player 4 freeze to -548
[13:12:59.874] [SEVERE ] setting player 5 freeze to -548
[13:12:59.979] [SEVERE ] placing card 44 in slot 5
[13:12:59.980] [SEVERE ] updating countdown to 60000
[13:12:59.980] [SEVERE ] setting player 1 freeze to -654
[13:12:59.981] [SEVERE ] setting player 2 freeze to -655
[13:12:59.981] [SEVERE ] setting player 3 freeze to -655
[13:12:59.981] [SEVERE ] setting player 4 freeze to -655
[13:12:59.981] [SEVERE ] setting player 5 freeze to -655
[13:13:00.087] [SEVERE ] placing card 17 in slot 6
[13:13:00.088] [SEVERE ] updating countdown to 60000
[13:13:00.088] [SEVERE ] setting player 1 freeze to -762
[13:13:00.088] [SEVERE ] setting player 2 freeze to -762
[13:13:00.088] [SEVERE ] setting player 3 freeze to -762
[13:13:00.089] [SEVERE ] setting player 4 freeze to -763
[13:13:00.089] [SEVERE ] setting player 5 freeze to -763
[13:13:00.119] [SEVERE ] player 4 placing token on slot 2
[13:13:00.119] [SEVERE ] player 3 placing token on slot 2
[13:13:00.119] [SEVERE ] player 5 placing token on slot 3
[13:13:00.197] [SEVERE ] placing card 56 in slot 7
[13:13:00.197] [SEVERE ] updating countdown to 60000
[13:13:00.198] [SEVERE ] setting player 1 freeze to -872
[13:13:00.198] [SEVERE ] setting player 2 freeze to -872
[13:13:00.199] [SEVERE ] setting player 3 freeze to -872
[13:13:00.199] [SEVERE ] setting player 4 freeze to -873
[13:13:00.199] [SEVERE ] setting player 5 freeze to -873
[13:13:00.307] [SEVERE ] placing card 65 in slot 8
[13:13:00.308] [SEVERE ] updating countdown to 60000
[13:13:00.308] [SEVERE ] setting player 1 freeze to -982
[13:13:00.308] [SEVERE ] setting player 2 freeze to -982
[13:13:00.308] [SEVERE ] setting player 3 freeze to -982
[13:13:00.309] [SEVERE ] setting player 4 freeze to -983
[13:13:00.309] [SEVERE ] setting player 5 freeze to -983
[13:13:00.384] [SEVERE ] player 4 placing token on slot 6
[13:13:00.415] [SEVERE ] placing card 24 in slot 9
[13:13:00.415] [SEVERE ] updating countdown to 60000
[13:13:00.416] [SEVERE ] setting player 1 freeze to -1090
[13:13:00.417] [SEVERE ] setting player 2 freeze to -1091
[13:13:00.417] [SEVERE ] setting player 3 freeze to -1091
[13:13:00.417] [SEVERE ] setting player 4 freeze to -1091
[13:13:00.417] [SEVERE ] setting player 5 freeze to -1091
[13:13:00.524] [SEVERE ] placing card 40 in slot 10
[13:13:00.525] [SEVERE ] updating countdown to 60000
[13:13:00.525] [SEVERE ] setting player 1 freeze to -1199
[13:13:00.526] [SEVERE ] setting player 2 freeze to -1200
[13:13:00.526] [SEVERE ] setting player 3 freeze to -1200
[13:13:00.526] [SEVERE ] setting player 4 freeze to -1200
[13:13:00.526] [SEVERE ] setting player 5 freeze to -1200
[13:13:00.634] [SEVERE ] placing card 49 in slot 11
[13:13:00.635] [SEVERE ] updating countdown to 60000
[13:13:00.635] [SEVERE ] setting player 1 freeze to -1309
[13:13:00.635] [SEVERE ] setting player 2 freeze to -1309
[13:13:00.636] [SEVERE ] setting player 3 freeze to -1310
[13:13:00.636] [SEVERE ] setting player 4 freeze to -1310
[13:13:00.636] [SEVERE ] setting player 5 freeze to -1310
[13:13:00.649] [SEVERE ] player 5 placing token on slot 5
[13:13:00.649] [SEVERE ] player 3 placing token on slot 8
[13:13:00.649] [SEVERE ] player 4 placing token on slot 9
[13:13:00.743] [SEVERE ] updating countdown to 59892
[13:13:00.744] [SEVERE ] setting player 1 freeze to -1418
[13:13:00.744] [SEVERE ] setting player 2 freeze to -1418
[13:13:00.744] [SEVERE ] setting player 3 freeze to -1418
[13:13:00.745] [SEVERE ] setting player 4 freeze to -1419
[13:13:00.745] [SEVERE ] setting player 5 freeze to -1419
[13:13:00.745] [SEVERE ] updating countdown to 59890
[13:13:00.745] [SEVERE ] setting player 1 freeze to -1419
[13:13:00.745] [SEVERE ] setting player 2 freeze to -1419
[13:13:00.746] [SEVERE ] setting player 3 freeze to -1420
[13:13:00.746] [SEVERE ] setting player 4 freeze to -1420
[13:13:00.746] [SEVERE ] setting player 5 freeze to -1420
[13:13:00.852] [SEVERE ] removing card from slot 2
[13:13:00.853] [SEVERE ] removing player 3 token from slot 2
[13:13:00.853] [SEVERE ] removing player 4 token from slot 2
[13:13:00.960] [SEVERE ] removing card from slot 3
[13:13:00.960] [SEVERE ] removing player 3 token from slot 3
[13:13:00.961] [SEVERE ] removing player 5 token from slot 3
[13:13:01.069] [SEVERE ] removing card from slot 8
[13:13:01.069] [SEVERE ] removing player 3 token from slot 8
[13:13:01.070] [SEVERE ] setting player 3 score to 1
[13:13:01.177] [SEVERE ] placing card 62 in slot 2
[13:13:01.177] [SEVERE ] updating countdown to 60000
[13:13:01.178] [SEVERE ] setting player 1 freeze to -1852
[13:13:01.178] [SEVERE ] setting player 2 freeze to -1852
[13:13:01.178] [SEVERE ] setting player 3 freeze to -108
[13:13:01.179] [SEVERE ] setting player 4 freeze to -1853
[13:13:01.179] [SEVERE ] setting player 5 freeze to -1853
[13:13:01.287] [SEVERE ] placing card 26 in slot 3
[13:13:01.287] [SEVERE ] updating countdown to 60000
[13:13:01.288] [SEVERE ] setting player 1 freeze to -1962
[13:13:01.288] [SEVERE ] setting player 2 freeze to -1962
[13:13:01.288] [SEVERE ] setting player 3 freeze to -218
[13:13:01.288] [SEVERE ] setting player 4 freeze to -1962
[13:13:01.288] [SEVERE ] setting player 5 freeze to -1962
[13:13:01.335] [SEVERE ] player 3 placing token on slot 9
[13:13:01.397] [SEVERE ] placing card 75 in slot 8
[13:13:01.397] [SEVERE ] updating countdown to 60000
[13:13:01.397] [SEVERE ] setting player 1 freeze to -2071
[13:13:01.397] [SEVERE ] setting player 2 freeze to -2071
[13:13:01.397] [SEVERE ] setting player 3 freeze to -327
[13:13:01.397] [SEVERE ] setting player 4 freeze to -2071
[13:13:01.397] [SEVERE ] setting player 5 freeze to -2071
[13:13:01.429] [SEVERE ] player 5 placing token on slot 3
[13:13:01.509] [SEVERE ] updating countdown to 59888
[13:13:01.509] [SEVERE ] setting player 1 freeze to -2183
[13:13:01.509] [SEVERE ] setting player 2 freeze to -2183
[13:13:01.509] [SEVERE ] setting player 3 freeze to -439
[13:13:01.510] [SEVERE ] setting player 4 freeze to -2184
[13:13:01.510] [SEVERE ] setting player 5 freeze to -2184
[13:13:01.588] [SEVERE ] player 4 placing token on slot 2
[13:13:01.588] [SEVERE ] player 3 placing token on slot 11
[13:13:01.619] [SEVERE ] updating countdown to 59778
[13:13:01.619] [SEVERE ] setting player 1 freeze to -2293
[13:13:01.619] [SEVERE ] setting player 2 freeze to -2293
[13:13:01.619] [SEVERE ] setting player 3 freeze to -549
[13:13:01.620] [SEVERE ] setting player 4 freeze to -2294
[13:13:01.620] [SEVERE ] setting player 5 freeze to -2294
[13:13:01.620] [SEVERE ] updating countdown to 59777
[13:13:01.620] [SEVERE ] setting player 1 freeze to -2294
[13:13:01.620] [SEVERE ] setting player 2 freeze to -2294
[13:13:01.620] [SEVERE ] setting player 3 freeze to -550
[13:13:01.620] [SEVERE ] setting player 4 freeze to -2294
[13:13:01.621] [SEVERE ] setting player 5 freeze to -2295
[13:13:01.682] [SEVERE ] removing player 5 token from slot 3
[13:13:01.731] [SEVERE ] updating countdown to 59666
[13:13:01.731] [SEVERE ] setting player 1 freeze to -2405
[13:13:01.732] [SEVERE ] setting player 2 freeze to -2406
[13:13:01.732] [SEVERE ] setting player 3 freeze to -662
[13:13:01.732] [SEVERE ] setting player 4 freeze to -111
[13:13:01.732] [SEVERE ] setting player 5 freeze to -2406
[13:13:01.840] [SEVERE ] updating countdown to 59557
[13:13:01.840] [SEVERE ] player 3 placing token on slot 2
[13:13:01.841] [SEVERE ] setting player 1 freeze to -2515
[13:13:01.841] [SEVERE ] setting player 2 freeze to -2515
[13:13:01.841] [SEVERE ] setting player 3 freeze to -771
[13:13:01.842] [SEVERE ] setting player 4 freeze to -221
[13:13:01.842] [SEVERE ] setting player 5 freeze to -2516
[13:13:01.842] [SEVERE ] updating countdown to 59555
[13:13:01.843] [SEVERE ] setting player 1 freeze to -2517
[13:13:01.843] [SEVERE ] setting player 2 freeze to -2517
[13:13:01.843] [SEVERE ] setting player 3 freeze to -773
[13:13:01.843] [SEVERE ] setting player 4 freeze to -222
[13:13:01.843] [SEVERE ] setting player 5 freeze to -2517
[13:13:01.886] [SEVERE ] removing player 4 token from slot 6
[13:13:01.933] [SEVERE ] player 5 placing token on slot 7
[13:13:01.948] [SEVERE ] updating countdown to 59449
[13:13:01.949] [SEVERE ] setting player 1 freeze to -2623
[13:13:01.949] [SEVERE ] setting player 2 freeze to -2623
[13:13:01.949] [SEVERE ] setting player 3 freeze to -106
[13:13:01.949] [SEVERE ] setting player 4 freeze to -328
[13:13:01.949] [SEVERE ] setting player 5 freeze to -2623
[13:13:02.056] [SEVERE ] updating countdown to 59341
[13:13:02.056] [SEVERE ] setting player 1 freeze to -2730
[13:13:02.056] [SEVERE ] setting player 2 freeze to -2730
[13:13:02.057] [SEVERE ] setting player 3 freeze to -214
[13:13:02.057] [SEVERE ] setting player 4 freeze to -436
[13:13:02.057] [SEVERE ] setting player 5 freeze to -2731
[13:13:02.102] [SEVERE ] removing player 3 token from slot 2
[13:13:02.149] [SEVERE ] player 4 placing token on slot 0
[13:13:02.165] [SEVERE ] updating countdown to 59232
[13:13:02.165] [SEVERE ] setting player 1 freeze to -2839
[13:13:02.166] [SEVERE ] setting player 2 freeze to -2840
[13:13:02.166] [SEVERE ] setting player 3 freeze to -323
[13:13:02.166] [SEVERE ] setting player 4 freeze to -545
[13:13:02.166] [SEVERE ] setting player 5 freeze to -2840
[13:13:02.166] [SEVERE ] updating countdown to 59231
[13:13:02.166] [SEVERE ] setting player 1 freeze to -2840
[13:13:02.166] [SEVERE ] setting player 2 freeze to -2840
[13:13:02.166] [SEVERE ] setting player 3 freeze to -323
[13:13:02.166] [SEVERE ] setting player 4 freeze to -545
[13:13:02.166] [SEVERE ] setting player 5 freeze to -2840
[13:13:02.197] [SEVERE ] player 5 placing token on slot 4
[13:13:02.275] [SEVERE ] updating countdown to 59122
[13:13:02.276] [SEVERE ] setting player 1 freeze to -2950
[13:13:02.276] [SEVERE ] setting player 2 freeze to -2950
[13:13:02.276] [SEVERE ] setting player 3 freeze to -433
[13:13:02.276] [SEVERE ] setting player 4 freeze to -109
[13:13:02.276] [SEVERE ] setting player 5 freeze to -2950
[13:13:02.276] [SEVERE ] updating countdown to 59121
[13:13:02.276] [SEVERE ] setting player 1 freeze to -2950
[13:13:02.276] [SEVERE ] setting player 2 freeze to -2950
[13:13:02.276] [SEVERE ] setting player 3 freeze to -433
[13:13:02.277] [SEVERE ] setting player 4 freeze to -110
[13:13:02.277] [SEVERE ] setting player 5 freeze to -2951
[13:13:02.368] [SEVERE ] player 3 placing token on slot 7
[13:13:02.384] [SEVERE ] updating countdown to 59013
[13:13:02.384] [SEVERE ] setting player 1 freeze to -3058
[13:13:02.384] [SEVERE ] setting player 2 freeze to -3058
[13:13:02.384] [SEVERE ] setting player 3 freeze to -541
[13:13:02.384] [SEVERE ] setting player 4 freeze to -217
[13:13:02.384] [SEVERE ] setting player 5 freeze to -106
[13:13:02.384] [SEVERE ] updating countdown to 59013
[13:13:02.384] [SEVERE ] setting player 1 freeze to -3058
[13:13:02.384] [SEVERE ] setting player 2 freeze to -3058
[13:13:02.384] [SEVERE ] setting player 3 freeze to -541
[13:13:02.384] [SEVERE ] setting player 4 freeze to -217
[13:13:02.384] [SEVERE ] setting player 5 freeze to -106
[13:13:02.430] [SEVERE ] removing player 4 token from slot 0
[13:13:02.492] [SEVERE ] updating countdown to 58905
[13:13:02.493] [SEVERE ] setting player 1 freeze to -3167
[13:13:02.493] [SEVERE ] setting player 2 freeze to -3167
[13:13:02.493] [SEVERE ] setting player 3 freeze to -107
[13:13:02.494] [SEVERE ] setting player 4 freeze to -326
[13:13:02.494] [SEVERE ] setting player 5 freeze to -216
[13:13:02.538] [SEVERE ] removing player 5 token from slot 5
[13:13:02.599] [SEVERE ] updating countdown to 58798
[13:13:02.599] [SEVERE ] setting player 1 freeze to -3273
[13:13:02.599] [SEVERE ] setting player 2 freeze to -3273
[13:13:02.600] [SEVERE ] setting player 3 freeze to -214
[13:13:02.600] [SEVERE ] setting player 4 freeze to -433
[13:13:02.600] [SEVERE ] setting player 5 freeze to -322
[13:13:02.644] [SEVERE ] removing player 3 token from slot 7
[13:13:02.692] [SEVERE ] player 4 placing token on slot 6
[13:13:02.707] [SEVERE ] updating countdown to 58690
[13:13:02.708] [SEVERE ] setting player 1 freeze to -3382
[13:13:02.708] [SEVERE ] setting player 2 freeze to -3382
[13:13:02.708] [SEVERE ] setting player 3 freeze to -322
[13:13:02.709] [SEVERE ] setting player 4 freeze to -542
[13:13:02.709] [SEVERE ] setting player 5 freeze to -431
[13:13:02.709] [SEVERE ] updating countdown to 58688
[13:13:02.709] [SEVERE ] setting player 1 freeze to -3383
[13:13:02.709] [SEVERE ] setting player 2 freeze to -3383
[13:13:02.709] [SEVERE ] setting player 3 freeze to -323
[13:13:02.709] [SEVERE ] setting player 4 freeze to -542
[13:13:02.710] [SEVERE ] setting player 5 freeze to -432
[13:13:02.801] [SEVERE ] player 5 placing token on slot 9
[13:13:02.817] [SEVERE ] updating countdown to 58580
[13:13:02.817] [SEVERE ] setting player 1 freeze to -3491
[13:13:02.817] [SEVERE ] setting player 2 freeze to -3491
[13:13:02.818] [SEVERE ] setting player 3 freeze to -432
[13:13:02.818] [SEVERE ] setting player 4 freeze to -108
[13:13:02.818] [SEVERE ] setting player 5 freeze to -540
[13:13:02.818] [SEVERE ] updating countdown to 58579
[13:13:02.818] [SEVERE ] setting player 1 freeze to -3492
[13:13:02.818] [SEVERE ] setting player 2 freeze to -3492
[13:13:02.818] [SEVERE ] setting player 3 freeze to -432
[13:13:02.818] [SEVERE ] setting player 4 freeze to -108
[13:13:02.818] [SEVERE ] setting player 5 freeze to -540
[13:13:02.896] [SEVERE ] player 3 placing token on slot 10
[13:13:02.926] [SEVERE ] updating countdown to 58471
[13:13:02.927] [SEVERE ] setting player 1 freeze to -3601
[13:13:02.927] [SEVERE ] setting player 2 freeze to -3601
[13:13:02.927] [SEVERE ] setting player 3 freeze to -541
[13:13:02.927] [SEVERE ] setting player 4 freeze to -217
[13:13:02.928] [SEVERE ] setting player 5 freeze to -109
[13:13:02.928] [SEVERE ] updating countdown to 58469
[13:13:02.928] [SEVERE ] setting player 1 freeze to -3602
[13:13:02.928] [SEVERE ] setting player 2 freeze to -3602
[13:13:02.928] [SEVERE ] setting player 3 freeze to -542
[13:13:02.928] [SEVERE ] setting player 4 freeze to -218
[13:13:02.928] [SEVERE ] setting player 5 freeze to -109
[13:13:02.973] [SEVERE ] removing player 4 token from slot 9
[13:13:03.036] [SEVERE ] updating countdown to 58361
[13:13:03.036] [SEVERE ] setting player 1 freeze to -3710
[13:13:03.037] [SEVERE ] setting player 2 freeze to -3711
[13:13:03.037] [SEVERE ] setting player 3 freeze to -109
[13:13:03.037] [SEVERE ] setting player 4 freeze to -327
[13:13:03.037] [SEVERE ] setting player 5 freeze to -218
[13:13:03.084] [SEVERE ] removing player 5 token from slot 9
[13:13:03.147] [SEVERE ] updating countdown to 58250
[13:13:03.147] [SEVERE ] setting player 1 freeze to -3821
[13:13:03.147] [SEVERE ] setting player 2 freeze to -3821
[13:13:03.147] [SEVERE ] setting player 3 freeze to -219
[13:13:03.147] [SEVERE ] setting player 4 freeze to -437
[13:13:03.147] [SEVERE ] setting player 5 freeze to -328
[13:13:03.195] [SEVERE ] removing player 3 token from slot 10
[13:13:03.226] [SEVERE ] player 4 placing token on slot 7
[13:13:03.256] [SEVERE ] updating countdown to 58141
[13:13:03.256] [SEVERE ] setting player 1 freeze to -3930
[13:13:03.256] [SEVERE ] setting player 2 freeze to -3930
[13:13:03.257] [SEVERE ] setting player 3 freeze to -329
[13:13:03.257] [SEVERE ] setting player 4 freeze to -547
[13:13:03.257] [SEVERE ] setting player 5 freeze to -438
[13:13:03.257] [SEVERE ] updating countdown to 58140
[13:13:03.257] [SEVERE ] setting player 1 freeze to -3931
[13:13:03.257] [SEVERE ] setting player 2 freeze to -3931
[13:13:03.257] [SEVERE ] setting player 3 freeze to -329
[13:13:03.257] [SEVERE ] setting player 4 freeze to -547
[13:13:03.258] [SEVERE ] setting player 5 freeze to -439
[13:13:03.335] [SEVERE ] removing player 5 token from slot 7
[13:13:03.366] [SEVERE ] updating countdown to 58031
[13:13:03.366] [SEVERE ] setting player 1 freeze to -4040
[13:13:03.366] [SEVERE ] setting player 2 freeze to -4040
[13:13:03.366] [SEVERE ] setting player 3 freeze to -438
[13:13:03.366] [SEVERE ] setting player 4 freeze to -108
[13:13:03.366] [SEVERE ] setting player 5 freeze to -547
[13:13:03.459] [SEVERE ] player 3 placing token on slot 4
