[00:06:04.539] [INFO   ] thread main starting.
[00:06:04.544] [SEVERE ] cannot read configuration file config.properties trying from resources.
[00:06:04.545] [SEVERE ] configuration file was loaded from resources directory.
[00:06:04.988] [INFO   ] thread dealer starting.
[00:06:04.989] [INFO   ] thread dealer starting.
[00:06:04.989] [INFO   ] thread Player #0 starting.
[00:06:04.989] [INFO   ] thread Player #1 starting.
[00:06:05.105] [SEVERE ] placing card 34 in slot 0
[00:06:05.106] [SEVERE ] updating countdown to 60000
[00:06:05.107] [SEVERE ] setting player 1 freeze to -119
[00:06:05.110] [SEVERE ] setting player 2 freeze to -121
[00:06:05.223] [SEVERE ] placing card 76 in slot 1
[00:06:05.224] [SEVERE ] updating countdown to 60000
[00:06:05.224] [SEVERE ] setting player 1 freeze to -236
[00:06:05.224] [SEVERE ] setting player 2 freeze to -236
[00:06:05.332] [SEVERE ] placing card 15 in slot 2
[00:06:05.332] [SEVERE ] updating countdown to 60000
[00:06:05.332] [SEVERE ] setting player 1 freeze to -344
[00:06:05.332] [SEVERE ] setting player 2 freeze to -344
[00:06:05.437] [SEVERE ] placing card 50 in slot 3
[00:06:05.437] [SEVERE ] updating countdown to 60000
[00:06:05.437] [SEVERE ] setting player 1 freeze to -449
[00:06:05.437] [SEVERE ] setting player 2 freeze to -449
[00:06:05.549] [SEVERE ] placing card 25 in slot 4
[00:06:05.549] [SEVERE ] updating countdown to 60000
[00:06:05.549] [SEVERE ] setting player 1 freeze to -561
[00:06:05.549] [SEVERE ] setting player 2 freeze to -561
[00:06:05.664] [SEVERE ] placing card 2 in slot 5
[00:06:05.664] [SEVERE ] updating countdown to 60000
[00:06:05.664] [SEVERE ] setting player 1 freeze to -676
[00:06:05.664] [SEVERE ] setting player 2 freeze to -676
[00:06:05.768] [SEVERE ] placing card 29 in slot 6
[00:06:05.768] [SEVERE ] updating countdown to 60000
[00:06:05.768] [SEVERE ] setting player 1 freeze to -780
[00:06:05.768] [SEVERE ] setting player 2 freeze to -780
[00:06:05.881] [SEVERE ] placing card 67 in slot 7
[00:06:05.881] [SEVERE ] updating countdown to 60000
[00:06:05.881] [SEVERE ] setting player 1 freeze to -893
[00:06:05.881] [SEVERE ] setting player 2 freeze to -893
[00:06:05.983] [SEVERE ] placing card 79 in slot 8
[00:06:05.983] [SEVERE ] updating countdown to 60000
[00:06:05.983] [SEVERE ] setting player 1 freeze to -995
[00:06:05.983] [SEVERE ] setting player 2 freeze to -995
[00:06:06.097] [SEVERE ] placing card 30 in slot 9
[00:06:06.097] [SEVERE ] updating countdown to 60000
[00:06:06.097] [SEVERE ] setting player 1 freeze to -1109
[00:06:06.097] [SEVERE ] setting player 2 freeze to -1109
[00:06:06.200] [SEVERE ] placing card 32 in slot 10
[00:06:06.200] [SEVERE ] updating countdown to 60000
[00:06:06.200] [SEVERE ] setting player 1 freeze to -1212
[00:06:06.200] [SEVERE ] setting player 2 freeze to -1212
[00:06:06.319] [SEVERE ] placing card 57 in slot 11
[00:06:06.320] [SEVERE ] updating countdown to 60000
[00:06:06.320] [SEVERE ] setting player 1 freeze to -1332
[00:06:06.320] [SEVERE ] setting player 2 freeze to -1332
[00:06:07.137] [SEVERE ] key 81 was pressed by player 1
[00:06:07.137] [SEVERE ] player 1 placing token on slot 0
[00:06:07.324] [SEVERE ] updating countdown to 58996
[00:06:07.324] [SEVERE ] setting player 1 freeze to -2336
[00:06:07.324] [SEVERE ] setting player 2 freeze to -2336
[00:06:07.939] [SEVERE ] key 87 was pressed by player 1
[00:06:07.939] [SEVERE ] player 1 placing token on slot 1
[00:06:08.325] [SEVERE ] updating countdown to 57995
[00:06:08.325] [SEVERE ] setting player 1 freeze to -3337
[00:06:08.325] [SEVERE ] setting player 2 freeze to -3337
[00:06:08.610] [SEVERE ] key 69 was pressed by player 1
[00:06:08.610] [SEVERE ] player 1 placing token on slot 2
[00:06:09.328] [SEVERE ] updating countdown to 56992
[00:06:09.328] [SEVERE ] setting player 1 freeze to -4340
[00:06:09.328] [SEVERE ] setting player 2 freeze to -4340
[00:06:10.330] [SEVERE ] updating countdown to 55990
[00:06:10.330] [SEVERE ] setting player 1 freeze to -5342
[00:06:10.330] [SEVERE ] setting player 2 freeze to -5342
[00:06:11.339] [SEVERE ] updating countdown to 54981
[00:06:11.339] [SEVERE ] setting player 1 freeze to -6351
[00:06:11.339] [SEVERE ] setting player 2 freeze to -6351
[00:06:12.348] [SEVERE ] updating countdown to 53972
[00:06:12.348] [SEVERE ] setting player 1 freeze to -7360
[00:06:12.348] [SEVERE ] setting player 2 freeze to -7360
[00:06:13.350] [SEVERE ] updating countdown to 52970
[00:06:13.350] [SEVERE ] setting player 1 freeze to -8362
[00:06:13.350] [SEVERE ] setting player 2 freeze to -8362
[00:06:14.351] [SEVERE ] updating countdown to 51969
[00:06:14.351] [SEVERE ] setting player 1 freeze to -9363
[00:06:14.351] [SEVERE ] setting player 2 freeze to -9363
[00:06:15.354] [SEVERE ] updating countdown to 50966
[00:06:15.354] [SEVERE ] setting player 1 freeze to -10366
[00:06:15.354] [SEVERE ] setting player 2 freeze to -10366
[00:06:16.358] [SEVERE ] updating countdown to 49962
[00:06:16.358] [SEVERE ] setting player 1 freeze to -11370
[00:06:16.358] [SEVERE ] setting player 2 freeze to -11370
[00:06:17.368] [SEVERE ] updating countdown to 48952
[00:06:17.368] [SEVERE ] setting player 1 freeze to -12380
[00:06:17.368] [SEVERE ] setting player 2 freeze to -12380
