[00:29:03.355] [INFO   ] thread main starting.
[00:29:03.361] [SEVERE ] cannot read configuration file config.properties trying from resources.
[00:29:03.362] [SEVERE ] configuration file was loaded from resources directory.
[00:29:03.767] [INFO   ] thread dealer starting.
[00:29:03.768] [INFO   ] thread dealer starting.
[00:29:03.769] [INFO   ] thread Player #0 starting.
[00:29:03.769] [INFO   ] thread Player #1 starting.
[00:29:03.877] [SEVERE ] placing card 75 in slot 0
[00:29:03.878] [SEVERE ] updating countdown to 60000
[00:29:03.879] [SEVERE ] setting player 1 freeze to -112
[00:29:03.880] [SEVERE ] setting player 2 freeze to -113
[00:29:03.986] [SEVERE ] placing card 50 in slot 1
[00:29:03.987] [SEVERE ] updating countdown to 60000
[00:29:03.988] [SEVERE ] setting player 1 freeze to -221
[00:29:03.988] [SEVERE ] setting player 2 freeze to -221
[00:29:04.100] [SEVERE ] placing card 67 in slot 2
[00:29:04.100] [SEVERE ] updating countdown to 60000
[00:29:04.101] [SEVERE ] setting player 1 freeze to -334
[00:29:04.101] [SEVERE ] setting player 2 freeze to -334
[00:29:04.207] [SEVERE ] placing card 7 in slot 3
[00:29:04.207] [SEVERE ] updating countdown to 60000
[00:29:04.208] [SEVERE ] setting player 1 freeze to -441
[00:29:04.208] [SEVERE ] setting player 2 freeze to -441
[00:29:04.316] [SEVERE ] placing card 47 in slot 4
[00:29:04.317] [SEVERE ] updating countdown to 60000
[00:29:04.317] [SEVERE ] setting player 1 freeze to -550
[00:29:04.317] [SEVERE ] setting player 2 freeze to -550
[00:29:04.425] [SEVERE ] placing card 14 in slot 5
[00:29:04.426] [SEVERE ] updating countdown to 60000
[00:29:04.426] [SEVERE ] setting player 1 freeze to -659
[00:29:04.427] [SEVERE ] setting player 2 freeze to -660
[00:29:04.533] [SEVERE ] placing card 49 in slot 6
[00:29:04.533] [SEVERE ] updating countdown to 60000
[00:29:04.533] [SEVERE ] setting player 1 freeze to -766
[00:29:04.534] [SEVERE ] setting player 2 freeze to -767
[00:29:04.642] [SEVERE ] placing card 31 in slot 7
[00:29:04.642] [SEVERE ] updating countdown to 60000
[00:29:04.643] [SEVERE ] setting player 1 freeze to -876
[00:29:04.643] [SEVERE ] setting player 2 freeze to -876
[00:29:04.752] [SEVERE ] placing card 45 in slot 8
[00:29:04.752] [SEVERE ] updating countdown to 60000
[00:29:04.752] [SEVERE ] setting player 1 freeze to -985
[00:29:04.752] [SEVERE ] setting player 2 freeze to -985
[00:29:04.854] [SEVERE ] placing card 69 in slot 9
[00:29:04.854] [SEVERE ] updating countdown to 60000
[00:29:04.854] [SEVERE ] setting player 1 freeze to -1087
[00:29:04.854] [SEVERE ] setting player 2 freeze to -1087
[00:29:04.968] [SEVERE ] placing card 61 in slot 10
[00:29:04.968] [SEVERE ] updating countdown to 60000
[00:29:04.968] [SEVERE ] setting player 1 freeze to -1201
[00:29:04.968] [SEVERE ] setting player 2 freeze to -1201
[00:29:05.079] [SEVERE ] placing card 60 in slot 11
[00:29:05.079] [SEVERE ] updating countdown to 60000
[00:29:05.079] [SEVERE ] setting player 1 freeze to -1312
[00:29:05.079] [SEVERE ] setting player 2 freeze to -1312
[00:29:05.192] [SEVERE ] updating countdown to 59887
[00:29:05.192] [SEVERE ] setting player 1 freeze to -1425
[00:29:05.192] [SEVERE ] setting player 2 freeze to -1425
[00:29:05.300] [SEVERE ] updating countdown to 59779
[00:29:05.300] [SEVERE ] setting player 1 freeze to -1533
[00:29:05.300] [SEVERE ] setting player 2 freeze to -1533
[00:29:05.403] [SEVERE ] updating countdown to 59676
[00:29:05.403] [SEVERE ] setting player 1 freeze to -1636
[00:29:05.403] [SEVERE ] setting player 2 freeze to -1636
[00:29:05.511] [SEVERE ] updating countdown to 59568
[00:29:05.511] [SEVERE ] setting player 1 freeze to -1744
[00:29:05.511] [SEVERE ] setting player 2 freeze to -1744
[00:29:05.613] [SEVERE ] updating countdown to 59466
[00:29:05.613] [SEVERE ] setting player 1 freeze to -1846
[00:29:05.613] [SEVERE ] setting player 2 freeze to -1846
[00:29:05.718] [SEVERE ] updating countdown to 59361
[00:29:05.718] [SEVERE ] setting player 1 freeze to -1951
[00:29:05.718] [SEVERE ] setting player 2 freeze to -1951
[00:29:05.820] [SEVERE ] updating countdown to 59259
[00:29:05.820] [SEVERE ] setting player 1 freeze to -2053
[00:29:05.820] [SEVERE ] setting player 2 freeze to -2053
[00:29:05.938] [SEVERE ] updating countdown to 59141
[00:29:05.938] [SEVERE ] setting player 1 freeze to -2171
[00:29:05.938] [SEVERE ] setting player 2 freeze to -2171
[00:29:06.039] [SEVERE ] updating countdown to 59040
[00:29:06.039] [SEVERE ] setting player 1 freeze to -2272
[00:29:06.039] [SEVERE ] setting player 2 freeze to -2272
[00:29:06.093] [SEVERE ] key 81 was pressed by player 1
[00:29:06.093] [SEVERE ] player 1 placing token on slot 0
[00:29:06.144] [SEVERE ] updating countdown to 58935
[00:29:06.144] [SEVERE ] setting player 1 freeze to -2377
[00:29:06.144] [SEVERE ] setting player 2 freeze to -2377
[00:29:06.259] [SEVERE ] updating countdown to 58820
[00:29:06.259] [SEVERE ] setting player 1 freeze to -2492
[00:29:06.259] [SEVERE ] setting player 2 freeze to -2492
[00:29:06.338] [SEVERE ] key 87 was pressed by player 1
[00:29:06.338] [SEVERE ] player 1 placing token on slot 1
[00:29:06.369] [SEVERE ] updating countdown to 58710
[00:29:06.369] [SEVERE ] setting player 1 freeze to -2602
[00:29:06.369] [SEVERE ] setting player 2 freeze to -2602
[00:29:06.475] [SEVERE ] updating countdown to 58604
[00:29:06.475] [SEVERE ] setting player 1 freeze to -2708
[00:29:06.475] [SEVERE ] setting player 2 freeze to -2708
[00:29:06.590] [SEVERE ] updating countdown to 58489
[00:29:06.590] [SEVERE ] setting player 1 freeze to -2823
[00:29:06.590] [SEVERE ] setting player 2 freeze to -2823
[00:29:06.590] [SEVERE ] key 69 was pressed by player 1
[00:29:06.590] [SEVERE ] player 1 placing token on slot 2
[00:29:06.606] [SEVERE ] updating countdown to 58473
[00:29:06.606] [SEVERE ] setting player 1 freeze to -2839
[00:29:06.606] [SEVERE ] setting player 2 freeze to -2839
[00:29:06.724] [SEVERE ] updating countdown to 58355
[00:29:06.724] [SEVERE ] setting player 1 freeze to 884
[00:29:06.724] [SEVERE ] setting player 2 freeze to -2957
[00:29:06.840] [SEVERE ] updating countdown to 58239
[00:29:06.840] [SEVERE ] setting player 1 freeze to 768
[00:29:06.840] [SEVERE ] setting player 2 freeze to -3073
[00:29:06.957] [SEVERE ] updating countdown to 58122
[00:29:06.957] [SEVERE ] setting player 1 freeze to 651
[00:29:06.957] [SEVERE ] setting player 2 freeze to -3190
[00:29:07.073] [SEVERE ] updating countdown to 58006
[00:29:07.073] [SEVERE ] setting player 1 freeze to 535
[00:29:07.073] [SEVERE ] setting player 2 freeze to -3306
[00:29:07.187] [SEVERE ] updating countdown to 57892
[00:29:07.187] [SEVERE ] setting player 1 freeze to 421
[00:29:07.187] [SEVERE ] setting player 2 freeze to -3420
[00:29:07.288] [SEVERE ] updating countdown to 57791
[00:29:07.288] [SEVERE ] setting player 1 freeze to 320
[00:29:07.288] [SEVERE ] setting player 2 freeze to -3521
[00:29:07.402] [SEVERE ] updating countdown to 57677
[00:29:07.402] [SEVERE ] setting player 1 freeze to 206
[00:29:07.402] [SEVERE ] setting player 2 freeze to -3635
[00:29:07.504] [SEVERE ] updating countdown to 57575
[00:29:07.504] [SEVERE ] setting player 1 freeze to 104
[00:29:07.504] [SEVERE ] setting player 2 freeze to -3737
[00:29:07.611] [SEVERE ] updating countdown to 57468
[00:29:07.611] [SEVERE ] setting player 1 freeze to -3
[00:29:07.611] [SEVERE ] setting player 2 freeze to -3844
[00:29:07.725] [SEVERE ] updating countdown to 57354
[00:29:07.725] [SEVERE ] setting player 1 freeze to -117
[00:29:07.725] [SEVERE ] setting player 2 freeze to -3958
[00:29:07.841] [SEVERE ] updating countdown to 57238
[00:29:07.841] [SEVERE ] setting player 1 freeze to -233
[00:29:07.841] [SEVERE ] setting player 2 freeze to -4074
[00:29:07.943] [SEVERE ] updating countdown to 57136
[00:29:07.943] [SEVERE ] setting player 1 freeze to -335
[00:29:07.943] [SEVERE ] setting player 2 freeze to -4176
[00:29:08.053] [SEVERE ] updating countdown to 57026
[00:29:08.053] [SEVERE ] setting player 1 freeze to -445
[00:29:08.053] [SEVERE ] setting player 2 freeze to -4286
[00:29:08.154] [SEVERE ] updating countdown to 56925
[00:29:08.154] [SEVERE ] setting player 1 freeze to -546
[00:29:08.154] [SEVERE ] setting player 2 freeze to -4387
[00:29:08.257] [SEVERE ] updating countdown to 56822
[00:29:08.257] [SEVERE ] setting player 1 freeze to -649
[00:29:08.257] [SEVERE ] setting player 2 freeze to -4490
[00:29:08.359] [SEVERE ] updating countdown to 56720
[00:29:08.359] [SEVERE ] setting player 1 freeze to -751
[00:29:08.359] [SEVERE ] setting player 2 freeze to -4592
[00:29:08.474] [SEVERE ] updating countdown to 56605
[00:29:08.474] [SEVERE ] setting player 1 freeze to -866
[00:29:08.474] [SEVERE ] setting player 2 freeze to -4707
[00:29:08.575] [SEVERE ] updating countdown to 56504
[00:29:08.575] [SEVERE ] setting player 1 freeze to -967
[00:29:08.575] [SEVERE ] setting player 2 freeze to -4808
[00:29:08.690] [SEVERE ] updating countdown to 56389
[00:29:08.690] [SEVERE ] setting player 1 freeze to -1082
[00:29:08.690] [SEVERE ] setting player 2 freeze to -4923
[00:29:08.792] [SEVERE ] updating countdown to 56287
[00:29:08.792] [SEVERE ] setting player 1 freeze to -1184
[00:29:08.792] [SEVERE ] setting player 2 freeze to -5025
[00:29:08.900] [SEVERE ] updating countdown to 56179
[00:29:08.900] [SEVERE ] setting player 1 freeze to -1292
[00:29:08.900] [SEVERE ] setting player 2 freeze to -5133
[00:29:09.000] [SEVERE ] updating countdown to 56079
[00:29:09.000] [SEVERE ] setting player 1 freeze to -1392
[00:29:09.000] [SEVERE ] setting player 2 freeze to -5233
[00:29:09.106] [SEVERE ] updating countdown to 55973
[00:29:09.107] [SEVERE ] setting player 1 freeze to -1499
[00:29:09.107] [SEVERE ] setting player 2 freeze to -5340
[00:29:09.218] [SEVERE ] updating countdown to 55861
[00:29:09.218] [SEVERE ] setting player 1 freeze to -1610
[00:29:09.218] [SEVERE ] setting player 2 freeze to -5451
[00:29:09.319] [SEVERE ] updating countdown to 55760
[00:29:09.319] [SEVERE ] setting player 1 freeze to -1711
[00:29:09.319] [SEVERE ] setting player 2 freeze to -5552
[00:29:09.444] [SEVERE ] updating countdown to 55635
[00:29:09.444] [SEVERE ] setting player 1 freeze to -1836
[00:29:09.444] [SEVERE ] setting player 2 freeze to -5677
[00:29:09.554] [SEVERE ] updating countdown to 55525
[00:29:09.554] [SEVERE ] setting player 1 freeze to -1946
[00:29:09.554] [SEVERE ] setting player 2 freeze to -5787
[00:29:09.660] [SEVERE ] updating countdown to 55419
[00:29:09.660] [SEVERE ] setting player 1 freeze to -2052
[00:29:09.660] [SEVERE ] setting player 2 freeze to -5893
[00:29:09.762] [SEVERE ] updating countdown to 55317
[00:29:09.762] [SEVERE ] setting player 1 freeze to -2154
[00:29:09.762] [SEVERE ] setting player 2 freeze to -5995
[00:29:09.876] [SEVERE ] updating countdown to 55203
[00:29:09.876] [SEVERE ] setting player 1 freeze to -2268
[00:29:09.876] [SEVERE ] setting player 2 freeze to -6109
[00:29:09.978] [SEVERE ] updating countdown to 55101
[00:29:09.978] [SEVERE ] setting player 1 freeze to -2370
[00:29:09.978] [SEVERE ] setting player 2 freeze to -6211
[00:29:10.093] [SEVERE ] updating countdown to 54986
[00:29:10.093] [SEVERE ] setting player 1 freeze to -2485
[00:29:10.093] [SEVERE ] setting player 2 freeze to -6326
[00:29:10.197] [SEVERE ] updating countdown to 54882
[00:29:10.197] [SEVERE ] setting player 1 freeze to -2589
[00:29:10.197] [SEVERE ] setting player 2 freeze to -6430
[00:29:10.308] [SEVERE ] updating countdown to 54771
[00:29:10.308] [SEVERE ] setting player 1 freeze to -2700
[00:29:10.308] [SEVERE ] setting player 2 freeze to -6541
[00:29:10.417] [SEVERE ] updating countdown to 54662
[00:29:10.417] [SEVERE ] setting player 1 freeze to -2809
[00:29:10.417] [SEVERE ] setting player 2 freeze to -6650
[00:29:10.525] [SEVERE ] updating countdown to 54554
[00:29:10.525] [SEVERE ] setting player 1 freeze to -2917
[00:29:10.525] [SEVERE ] setting player 2 freeze to -6758
