[00:27:26.256] [INFO   ] thread main starting.
[00:27:26.261] [SEVERE ] cannot read configuration file config.properties trying from resources.
[00:27:26.262] [SEVERE ] configuration file was loaded from resources directory.
[00:27:26.672] [INFO   ] thread dealer starting.
[00:27:26.673] [INFO   ] thread dealer starting.
[00:27:26.673] [INFO   ] thread Player #0 starting.
[00:27:26.673] [INFO   ] thread Player #1 starting.
[00:27:26.783] [SEVERE ] placing card 69 in slot 0
[00:27:26.784] [SEVERE ] updating countdown to 60000
[00:27:26.787] [SEVERE ] setting player 1 freeze to -115
[00:27:26.788] [SEVERE ] setting player 2 freeze to -116
[00:27:26.893] [SEVERE ] placing card 41 in slot 1
[00:27:26.893] [SEVERE ] updating countdown to 60000
[00:27:26.893] [SEVERE ] setting player 1 freeze to -221
[00:27:26.893] [SEVERE ] setting player 2 freeze to -221
[00:27:27.002] [SEVERE ] placing card 76 in slot 2
[00:27:27.002] [SEVERE ] updating countdown to 60000
[00:27:27.003] [SEVERE ] setting player 1 freeze to -331
[00:27:27.003] [SEVERE ] setting player 2 freeze to -331
[00:27:27.111] [SEVERE ] placing card 23 in slot 3
[00:27:27.111] [SEVERE ] updating countdown to 60000
[00:27:27.112] [SEVERE ] setting player 1 freeze to -440
[00:27:27.112] [SEVERE ] setting player 2 freeze to -440
[00:27:27.221] [SEVERE ] placing card 11 in slot 4
[00:27:27.221] [SEVERE ] updating countdown to 60000
[00:27:27.222] [SEVERE ] setting player 1 freeze to -550
[00:27:27.222] [SEVERE ] setting player 2 freeze to -550
[00:27:27.328] [SEVERE ] placing card 67 in slot 5
[00:27:27.328] [SEVERE ] updating countdown to 60000
[00:27:27.329] [SEVERE ] setting player 1 freeze to -657
[00:27:27.329] [SEVERE ] setting player 2 freeze to -657
[00:27:27.437] [SEVERE ] placing card 12 in slot 6
[00:27:27.437] [SEVERE ] updating countdown to 60000
[00:27:27.437] [SEVERE ] setting player 1 freeze to -765
[00:27:27.437] [SEVERE ] setting player 2 freeze to -765
[00:27:27.544] [SEVERE ] placing card 55 in slot 7
[00:27:27.544] [SEVERE ] updating countdown to 60000
[00:27:27.544] [SEVERE ] setting player 1 freeze to -872
[00:27:27.544] [SEVERE ] setting player 2 freeze to -872
[00:27:27.653] [SEVERE ] placing card 32 in slot 8
[00:27:27.653] [SEVERE ] updating countdown to 60000
[00:27:27.653] [SEVERE ] setting player 1 freeze to -981
[00:27:27.654] [SEVERE ] setting player 2 freeze to -982
[00:27:27.761] [SEVERE ] placing card 80 in slot 9
[00:27:27.761] [SEVERE ] updating countdown to 60000
[00:27:27.761] [SEVERE ] setting player 1 freeze to -1089
[00:27:27.762] [SEVERE ] setting player 2 freeze to -1090
[00:27:27.870] [SEVERE ] placing card 66 in slot 10
[00:27:27.870] [SEVERE ] updating countdown to 60000
[00:27:27.870] [SEVERE ] setting player 1 freeze to -1198
[00:27:27.871] [SEVERE ] setting player 2 freeze to -1199
[00:27:27.979] [SEVERE ] placing card 13 in slot 11
[00:27:27.979] [SEVERE ] updating countdown to 60000
[00:27:27.980] [SEVERE ] setting player 1 freeze to -1308
[00:27:27.980] [SEVERE ] setting player 2 freeze to -1308
[00:27:28.087] [SEVERE ] updating countdown to 59892
[00:27:28.087] [SEVERE ] setting player 1 freeze to -1415
[00:27:28.088] [SEVERE ] setting player 2 freeze to -1416
[00:27:28.195] [SEVERE ] updating countdown to 59784
[00:27:28.195] [SEVERE ] setting player 1 freeze to -1523
[00:27:28.196] [SEVERE ] setting player 2 freeze to -1524
[00:27:28.303] [SEVERE ] updating countdown to 59676
[00:27:28.304] [SEVERE ] setting player 1 freeze to -1632
[00:27:28.304] [SEVERE ] setting player 2 freeze to -1632
[00:27:28.411] [SEVERE ] updating countdown to 59568
[00:27:28.411] [SEVERE ] setting player 1 freeze to -1739
[00:27:28.411] [SEVERE ] setting player 2 freeze to -1739
[00:27:28.519] [SEVERE ] updating countdown to 59460
[00:27:28.519] [SEVERE ] setting player 1 freeze to -1847
[00:27:28.519] [SEVERE ] setting player 2 freeze to -1847
[00:27:28.627] [SEVERE ] updating countdown to 59352
[00:27:28.627] [SEVERE ] setting player 1 freeze to -1955
[00:27:28.627] [SEVERE ] setting player 2 freeze to -1955
[00:27:28.735] [SEVERE ] updating countdown to 59244
[00:27:28.735] [SEVERE ] setting player 1 freeze to -2063
[00:27:28.735] [SEVERE ] setting player 2 freeze to -2063
[00:27:28.843] [SEVERE ] updating countdown to 59136
[00:27:28.843] [SEVERE ] setting player 1 freeze to -2171
[00:27:28.843] [SEVERE ] setting player 2 freeze to -2171
[00:27:28.952] [SEVERE ] updating countdown to 59027
[00:27:28.952] [SEVERE ] setting player 1 freeze to -2280
[00:27:28.952] [SEVERE ] setting player 2 freeze to -2280
[00:27:29.059] [SEVERE ] updating countdown to 58920
[00:27:29.059] [SEVERE ] setting player 1 freeze to -2387
[00:27:29.059] [SEVERE ] setting player 2 freeze to -2387
[00:27:29.166] [SEVERE ] updating countdown to 58813
[00:27:29.166] [SEVERE ] setting player 1 freeze to -2494
[00:27:29.166] [SEVERE ] setting player 2 freeze to -2494
[00:27:29.274] [SEVERE ] updating countdown to 58705
[00:27:29.274] [SEVERE ] setting player 1 freeze to -2602
[00:27:29.274] [SEVERE ] setting player 2 freeze to -2602
[00:27:29.382] [SEVERE ] updating countdown to 58597
[00:27:29.382] [SEVERE ] setting player 1 freeze to -2710
[00:27:29.382] [SEVERE ] setting player 2 freeze to -2710
[00:27:29.491] [SEVERE ] updating countdown to 58488
[00:27:29.491] [SEVERE ] setting player 1 freeze to -2819
[00:27:29.491] [SEVERE ] setting player 2 freeze to -2819
[00:27:29.599] [SEVERE ] updating countdown to 58380
[00:27:29.599] [SEVERE ] setting player 1 freeze to -2927
[00:27:29.599] [SEVERE ] setting player 2 freeze to -2927
[00:27:29.622] [SEVERE ] key 81 was pressed by player 1
[00:27:29.622] [SEVERE ] player 1 placing token on slot 0
[00:27:29.708] [SEVERE ] updating countdown to 58271
[00:27:29.708] [SEVERE ] setting player 1 freeze to -3036
[00:27:29.708] [SEVERE ] setting player 2 freeze to -3036
[00:27:29.817] [SEVERE ] updating countdown to 58162
[00:27:29.817] [SEVERE ] setting player 1 freeze to -3145
[00:27:29.817] [SEVERE ] setting player 2 freeze to -3145
[00:27:29.924] [SEVERE ] updating countdown to 58055
[00:27:29.924] [SEVERE ] setting player 1 freeze to -3252
[00:27:29.924] [SEVERE ] setting player 2 freeze to -3252
[00:27:29.936] [SEVERE ] key 87 was pressed by player 1
[00:27:29.937] [SEVERE ] player 1 placing token on slot 1
[00:27:30.033] [SEVERE ] updating countdown to 57946
[00:27:30.033] [SEVERE ] setting player 1 freeze to -3361
[00:27:30.033] [SEVERE ] setting player 2 freeze to -3361
[00:27:30.141] [SEVERE ] updating countdown to 57838
[00:27:30.141] [SEVERE ] setting player 1 freeze to -3469
[00:27:30.141] [SEVERE ] setting player 2 freeze to -3469
[00:27:30.250] [SEVERE ] updating countdown to 57729
[00:27:30.250] [SEVERE ] setting player 1 freeze to -3578
[00:27:30.250] [SEVERE ] setting player 2 freeze to -3578
[00:27:30.251] [SEVERE ] key 69 was pressed by player 1
[00:27:30.251] [SEVERE ] player 1 placing token on slot 2
[00:27:30.254] [SEVERE ] updating countdown to 57725
[00:27:30.254] [SEVERE ] setting player 1 freeze to -3582
[00:27:30.255] [SEVERE ] setting player 2 freeze to -3583
[00:27:30.359] [SEVERE ] updating countdown to 57620
[00:27:30.359] [SEVERE ] setting player 1 freeze to 896
[00:27:30.359] [SEVERE ] setting player 2 freeze to -3687
[00:27:30.467] [SEVERE ] updating countdown to 57512
[00:27:30.467] [SEVERE ] setting player 1 freeze to 788
[00:27:30.467] [SEVERE ] setting player 2 freeze to -3795
[00:27:30.575] [SEVERE ] updating countdown to 57404
[00:27:30.575] [SEVERE ] setting player 1 freeze to 680
[00:27:30.575] [SEVERE ] setting player 2 freeze to -3903
[00:27:30.684] [SEVERE ] updating countdown to 57295
[00:27:30.684] [SEVERE ] setting player 1 freeze to 571
[00:27:30.684] [SEVERE ] setting player 2 freeze to -4012
[00:27:30.792] [SEVERE ] updating countdown to 57187
[00:27:30.792] [SEVERE ] setting player 1 freeze to 463
[00:27:30.792] [SEVERE ] setting player 2 freeze to -4120
[00:27:30.900] [SEVERE ] updating countdown to 57079
[00:27:30.900] [SEVERE ] setting player 1 freeze to 355
[00:27:30.900] [SEVERE ] setting player 2 freeze to -4228
[00:27:31.009] [SEVERE ] updating countdown to 56970
[00:27:31.009] [SEVERE ] setting player 1 freeze to 246
[00:27:31.009] [SEVERE ] setting player 2 freeze to -4337
[00:27:31.119] [SEVERE ] updating countdown to 56860
[00:27:31.119] [SEVERE ] setting player 1 freeze to 136
[00:27:31.119] [SEVERE ] setting player 2 freeze to -4447
[00:27:31.227] [SEVERE ] updating countdown to 56752
[00:27:31.227] [SEVERE ] setting player 1 freeze to 28
[00:27:31.227] [SEVERE ] setting player 2 freeze to -4555
[00:27:31.336] [SEVERE ] updating countdown to 56643
[00:27:31.336] [SEVERE ] setting player 1 freeze to -81
[00:27:31.336] [SEVERE ] setting player 2 freeze to -4664
[00:27:31.445] [SEVERE ] updating countdown to 56534
[00:27:31.445] [SEVERE ] setting player 1 freeze to -190
[00:27:31.445] [SEVERE ] setting player 2 freeze to -4773
[00:27:31.553] [SEVERE ] updating countdown to 56426
[00:27:31.553] [SEVERE ] setting player 1 freeze to -298
[00:27:31.553] [SEVERE ] setting player 2 freeze to -4881
[00:27:31.662] [SEVERE ] updating countdown to 56317
[00:27:31.662] [SEVERE ] setting player 1 freeze to -407
[00:27:31.662] [SEVERE ] setting player 2 freeze to -4990
[00:27:31.769] [SEVERE ] updating countdown to 56210
[00:27:31.769] [SEVERE ] setting player 1 freeze to -514
[00:27:31.769] [SEVERE ] setting player 2 freeze to -5097
[00:27:31.876] [SEVERE ] updating countdown to 56103
[00:27:31.876] [SEVERE ] setting player 1 freeze to -621
[00:27:31.876] [SEVERE ] setting player 2 freeze to -5204
[00:27:31.984] [SEVERE ] updating countdown to 55995
[00:27:31.984] [SEVERE ] setting player 1 freeze to -729
[00:27:31.984] [SEVERE ] setting player 2 freeze to -5312
[00:27:32.093] [SEVERE ] updating countdown to 55886
[00:27:32.093] [SEVERE ] setting player 1 freeze to -838
[00:27:32.093] [SEVERE ] setting player 2 freeze to -5421
[00:27:32.201] [SEVERE ] updating countdown to 55778
[00:27:32.201] [SEVERE ] setting player 1 freeze to -946
[00:27:32.201] [SEVERE ] setting player 2 freeze to -5529
[00:27:32.310] [SEVERE ] updating countdown to 55669
[00:27:32.310] [SEVERE ] setting player 1 freeze to -1055
[00:27:32.310] [SEVERE ] setting player 2 freeze to -5638
[00:27:32.419] [SEVERE ] updating countdown to 55560
[00:27:32.419] [SEVERE ] setting player 1 freeze to -1164
[00:27:32.419] [SEVERE ] setting player 2 freeze to -5747
[00:27:32.527] [SEVERE ] updating countdown to 55452
[00:27:32.527] [SEVERE ] setting player 1 freeze to -1272
[00:27:32.527] [SEVERE ] setting player 2 freeze to -5855
[00:27:32.636] [SEVERE ] updating countdown to 55343
[00:27:32.636] [SEVERE ] setting player 1 freeze to -1381
[00:27:32.636] [SEVERE ] setting player 2 freeze to -5964
[00:27:32.746] [SEVERE ] updating countdown to 55233
[00:27:32.746] [SEVERE ] setting player 1 freeze to -1491
[00:27:32.746] [SEVERE ] setting player 2 freeze to -6074
[00:27:32.855] [SEVERE ] updating countdown to 55124
[00:27:32.855] [SEVERE ] setting player 1 freeze to -1600
[00:27:32.855] [SEVERE ] setting player 2 freeze to -6183
[00:27:32.967] [SEVERE ] updating countdown to 55012
[00:27:32.967] [SEVERE ] setting player 1 freeze to -1712
[00:27:32.967] [SEVERE ] setting player 2 freeze to -6295
[00:27:33.076] [SEVERE ] updating countdown to 54903
[00:27:33.076] [SEVERE ] setting player 1 freeze to -1821
[00:27:33.076] [SEVERE ] setting player 2 freeze to -6404
[00:27:33.185] [SEVERE ] updating countdown to 54794
[00:27:33.185] [SEVERE ] setting player 1 freeze to -1930
[00:27:33.185] [SEVERE ] setting player 2 freeze to -6513
[00:27:33.293] [SEVERE ] updating countdown to 54686
[00:27:33.293] [SEVERE ] setting player 1 freeze to -2038
[00:27:33.293] [SEVERE ] setting player 2 freeze to -6621
[00:27:33.404] [SEVERE ] updating countdown to 54575
[00:27:33.404] [SEVERE ] setting player 1 freeze to -2149
[00:27:33.404] [SEVERE ] setting player 2 freeze to -6732
[00:27:33.512] [SEVERE ] updating countdown to 54467
[00:27:33.512] [SEVERE ] setting player 1 freeze to -2257
[00:27:33.513] [SEVERE ] setting player 2 freeze to -6841
[00:27:33.620] [SEVERE ] updating countdown to 54359
[00:27:33.620] [SEVERE ] setting player 1 freeze to -2365
[00:27:33.620] [SEVERE ] setting player 2 freeze to -6948
[00:27:33.729] [SEVERE ] updating countdown to 54250
[00:27:33.729] [SEVERE ] setting player 1 freeze to -2474
[00:27:33.729] [SEVERE ] setting player 2 freeze to -7057
[00:27:33.838] [SEVERE ] updating countdown to 54141
[00:27:33.838] [SEVERE ] setting player 1 freeze to -2583
[00:27:33.838] [SEVERE ] setting player 2 freeze to -7166
[00:27:33.948] [SEVERE ] updating countdown to 54032
[00:27:33.948] [SEVERE ] setting player 1 freeze to -2693
[00:27:33.948] [SEVERE ] setting player 2 freeze to -7276
[00:27:34.057] [SEVERE ] updating countdown to 53922
[00:27:34.057] [SEVERE ] setting player 1 freeze to -2802
[00:27:34.057] [SEVERE ] setting player 2 freeze to -7385
[00:27:34.165] [SEVERE ] updating countdown to 53814
[00:27:34.165] [SEVERE ] setting player 1 freeze to -2910
[00:27:34.165] [SEVERE ] setting player 2 freeze to -7493
[00:27:34.273] [SEVERE ] updating countdown to 53706
[00:27:34.273] [SEVERE ] setting player 1 freeze to -3018
[00:27:34.273] [SEVERE ] setting player 2 freeze to -7601
[00:27:34.378] [SEVERE ] updating countdown to 53601
[00:27:34.378] [SEVERE ] setting player 1 freeze to -3123
[00:27:34.378] [SEVERE ] setting player 2 freeze to -7706
[00:27:34.486] [SEVERE ] updating countdown to 53493
[00:27:34.487] [SEVERE ] setting player 1 freeze to -3232
[00:27:34.487] [SEVERE ] setting player 2 freeze to -7815
[00:27:34.595] [SEVERE ] updating countdown to 53384
[00:27:34.595] [SEVERE ] setting player 1 freeze to -3340
[00:27:34.595] [SEVERE ] setting player 2 freeze to -7923
[00:27:34.703] [SEVERE ] updating countdown to 53276
[00:27:34.703] [SEVERE ] setting player 1 freeze to -3448
[00:27:34.703] [SEVERE ] setting player 2 freeze to -8031
[00:27:34.811] [SEVERE ] updating countdown to 53168
[00:27:34.811] [SEVERE ] setting player 1 freeze to -3556
[00:27:34.811] [SEVERE ] setting player 2 freeze to -8139
[00:27:34.921] [SEVERE ] updating countdown to 53058
[00:27:34.921] [SEVERE ] setting player 1 freeze to -3666
[00:27:34.921] [SEVERE ] setting player 2 freeze to -8249
[00:27:35.030] [SEVERE ] updating countdown to 52949
[00:27:35.031] [SEVERE ] setting player 1 freeze to -3776
[00:27:35.031] [SEVERE ] setting player 2 freeze to -8359
[00:27:35.138] [SEVERE ] updating countdown to 52841
[00:27:35.138] [SEVERE ] setting player 1 freeze to -3883
[00:27:35.138] [SEVERE ] setting player 2 freeze to -8466
[00:27:35.246] [SEVERE ] updating countdown to 52733
[00:27:35.246] [SEVERE ] setting player 1 freeze to -3991
[00:27:35.246] [SEVERE ] setting player 2 freeze to -8574
[00:27:35.354] [SEVERE ] updating countdown to 52625
[00:27:35.354] [SEVERE ] setting player 1 freeze to -4099
[00:27:35.354] [SEVERE ] setting player 2 freeze to -8682
[00:27:35.463] [SEVERE ] updating countdown to 52516
[00:27:35.463] [SEVERE ] setting player 1 freeze to -4208
[00:27:35.463] [SEVERE ] setting player 2 freeze to -8791
[00:27:35.572] [SEVERE ] updating countdown to 52408
[00:27:35.572] [SEVERE ] setting player 1 freeze to -4317
[00:27:35.572] [SEVERE ] setting player 2 freeze to -8900
[00:27:35.680] [SEVERE ] updating countdown to 52299
[00:27:35.680] [SEVERE ] setting player 1 freeze to -4425
[00:27:35.680] [SEVERE ] setting player 2 freeze to -9008
[00:27:35.788] [SEVERE ] updating countdown to 52191
[00:27:35.788] [SEVERE ] setting player 1 freeze to -4533
[00:27:35.788] [SEVERE ] setting player 2 freeze to -9116
[00:27:35.898] [SEVERE ] updating countdown to 52081
[00:27:35.898] [SEVERE ] setting player 1 freeze to -4643
[00:27:35.898] [SEVERE ] setting player 2 freeze to -9226
[00:27:36.006] [SEVERE ] updating countdown to 51973
[00:27:36.006] [SEVERE ] setting player 1 freeze to -4751
[00:27:36.006] [SEVERE ] setting player 2 freeze to -9334
[00:27:36.114] [SEVERE ] updating countdown to 51865
[00:27:36.114] [SEVERE ] setting player 1 freeze to -4859
[00:27:36.114] [SEVERE ] setting player 2 freeze to -9442
[00:27:36.221] [SEVERE ] updating countdown to 51758
[00:27:36.221] [SEVERE ] setting player 1 freeze to -4966
[00:27:36.221] [SEVERE ] setting player 2 freeze to -9549
[00:27:36.330] [SEVERE ] updating countdown to 51649
[00:27:36.330] [SEVERE ] setting player 1 freeze to -5075
[00:27:36.330] [SEVERE ] setting player 2 freeze to -9658
[00:27:36.439] [SEVERE ] updating countdown to 51540
[00:27:36.439] [SEVERE ] setting player 1 freeze to -5184
[00:27:36.439] [SEVERE ] setting player 2 freeze to -9767
[00:27:36.547] [SEVERE ] updating countdown to 51432
[00:27:36.547] [SEVERE ] setting player 1 freeze to -5292
[00:27:36.547] [SEVERE ] setting player 2 freeze to -9875
[00:27:36.655] [SEVERE ] updating countdown to 51324
[00:27:36.655] [SEVERE ] setting player 1 freeze to -5400
[00:27:36.655] [SEVERE ] setting player 2 freeze to -9983
[00:27:36.763] [SEVERE ] updating countdown to 51216
[00:27:36.763] [SEVERE ] setting player 1 freeze to -5508
[00:27:36.763] [SEVERE ] setting player 2 freeze to -10091
[00:27:36.872] [SEVERE ] updating countdown to 51107
[00:27:36.872] [SEVERE ] setting player 1 freeze to -5617
[00:27:36.872] [SEVERE ] setting player 2 freeze to -10200
[00:27:36.981] [SEVERE ] updating countdown to 50998
[00:27:36.981] [SEVERE ] setting player 1 freeze to -5726
[00:27:36.981] [SEVERE ] setting player 2 freeze to -10309
[00:27:37.089] [SEVERE ] updating countdown to 50890
[00:27:37.089] [SEVERE ] setting player 1 freeze to -5834
[00:27:37.089] [SEVERE ] setting player 2 freeze to -10417
[00:27:37.197] [SEVERE ] updating countdown to 50782
[00:27:37.197] [SEVERE ] setting player 1 freeze to -5942
[00:27:37.197] [SEVERE ] setting player 2 freeze to -10525
[00:27:37.305] [SEVERE ] updating countdown to 50674
[00:27:37.305] [SEVERE ] setting player 1 freeze to -6050
[00:27:37.305] [SEVERE ] setting player 2 freeze to -10633
[00:27:37.415] [SEVERE ] updating countdown to 50564
[00:27:37.415] [SEVERE ] setting player 1 freeze to -6160
[00:27:37.415] [SEVERE ] setting player 2 freeze to -10743
[00:27:37.526] [SEVERE ] updating countdown to 50453
[00:27:37.526] [SEVERE ] setting player 1 freeze to -6271
[00:27:37.526] [SEVERE ] setting player 2 freeze to -10854
[00:27:37.634] [SEVERE ] updating countdown to 50345
[00:27:37.634] [SEVERE ] setting player 1 freeze to -6379
[00:27:37.634] [SEVERE ] setting player 2 freeze to -10962
[00:27:37.743] [SEVERE ] updating countdown to 50236
[00:27:37.743] [SEVERE ] setting player 1 freeze to -6488
[00:27:37.743] [SEVERE ] setting player 2 freeze to -11071
[00:27:37.852] [SEVERE ] updating countdown to 50127
[00:27:37.852] [SEVERE ] setting player 1 freeze to -6597
[00:27:37.852] [SEVERE ] setting player 2 freeze to -11180
[00:27:37.960] [SEVERE ] updating countdown to 50019
[00:27:37.960] [SEVERE ] setting player 1 freeze to -6705
[00:27:37.960] [SEVERE ] setting player 2 freeze to -11288
[00:27:38.068] [SEVERE ] updating countdown to 49911
[00:27:38.068] [SEVERE ] setting player 1 freeze to -6813
[00:27:38.068] [SEVERE ] setting player 2 freeze to -11396
[00:27:38.177] [SEVERE ] updating countdown to 49802
[00:27:38.177] [SEVERE ] setting player 1 freeze to -6922
[00:27:38.177] [SEVERE ] setting player 2 freeze to -11505
[00:27:38.284] [SEVERE ] updating countdown to 49695
[00:27:38.284] [SEVERE ] setting player 1 freeze to -7029
[00:27:38.284] [SEVERE ] setting player 2 freeze to -11612
[00:27:38.393] [SEVERE ] updating countdown to 49586
[00:27:38.393] [SEVERE ] setting player 1 freeze to -7138
[00:27:38.393] [SEVERE ] setting player 2 freeze to -11721
[00:27:38.502] [SEVERE ] updating countdown to 49477
[00:27:38.502] [SEVERE ] setting player 1 freeze to -7247
[00:27:38.502] [SEVERE ] setting player 2 freeze to -11830
[00:27:38.610] [SEVERE ] updating countdown to 49369
[00:27:38.610] [SEVERE ] setting player 1 freeze to -7355
[00:27:38.610] [SEVERE ] setting player 2 freeze to -11938
[00:27:38.719] [SEVERE ] updating countdown to 49260
[00:27:38.719] [SEVERE ] setting player 1 freeze to -7464
[00:27:38.719] [SEVERE ] setting player 2 freeze to -12047
[00:27:38.826] [SEVERE ] updating countdown to 49153
[00:27:38.826] [SEVERE ] setting player 1 freeze to -7571
[00:27:38.826] [SEVERE ] setting player 2 freeze to -12154
[00:27:38.934] [SEVERE ] updating countdown to 49045
[00:27:38.934] [SEVERE ] setting player 1 freeze to -7679
[00:27:38.934] [SEVERE ] setting player 2 freeze to -12262
[00:27:39.042] [SEVERE ] updating countdown to 48937
[00:27:39.043] [SEVERE ] setting player 1 freeze to -7788
[00:27:39.043] [SEVERE ] setting player 2 freeze to -12371
[00:27:39.149] [SEVERE ] updating countdown to 48830
[00:27:39.149] [SEVERE ] setting player 1 freeze to -7894
[00:27:39.149] [SEVERE ] setting player 2 freeze to -12477
[00:27:39.257] [SEVERE ] updating countdown to 48722
[00:27:39.257] [SEVERE ] setting player 1 freeze to -8002
[00:27:39.257] [SEVERE ] setting player 2 freeze to -12585
[00:27:39.365] [SEVERE ] updating countdown to 48614
[00:27:39.366] [SEVERE ] setting player 1 freeze to -8111
[00:27:39.366] [SEVERE ] setting player 2 freeze to -12694
[00:27:39.474] [SEVERE ] updating countdown to 48505
[00:27:39.474] [SEVERE ] setting player 1 freeze to -8219
[00:27:39.474] [SEVERE ] setting player 2 freeze to -12802
[00:27:39.581] [SEVERE ] updating countdown to 48398
[00:27:39.581] [SEVERE ] setting player 1 freeze to -8326
[00:27:39.581] [SEVERE ] setting player 2 freeze to -12909
[00:27:39.689] [SEVERE ] updating countdown to 48290
[00:27:39.689] [SEVERE ] setting player 1 freeze to -8434
[00:27:39.689] [SEVERE ] setting player 2 freeze to -13017
[00:27:39.798] [SEVERE ] updating countdown to 48181
[00:27:39.798] [SEVERE ] setting player 1 freeze to -8543
[00:27:39.798] [SEVERE ] setting player 2 freeze to -13126
[00:27:39.908] [SEVERE ] updating countdown to 48071
[00:27:39.908] [SEVERE ] setting player 1 freeze to -8653
[00:27:39.908] [SEVERE ] setting player 2 freeze to -13236
[00:27:40.015] [SEVERE ] updating countdown to 47964
[00:27:40.015] [SEVERE ] setting player 1 freeze to -8760
[00:27:40.015] [SEVERE ] setting player 2 freeze to -13343
[00:27:40.123] [SEVERE ] updating countdown to 47856
[00:27:40.123] [SEVERE ] setting player 1 freeze to -8868
[00:27:40.123] [SEVERE ] setting player 2 freeze to -13451
[00:27:40.232] [SEVERE ] updating countdown to 47747
[00:27:40.232] [SEVERE ] setting player 1 freeze to -8977
[00:27:40.232] [SEVERE ] setting player 2 freeze to -13560
[00:27:40.339] [SEVERE ] updating countdown to 47640
[00:27:40.339] [SEVERE ] setting player 1 freeze to -9084
[00:27:40.339] [SEVERE ] setting player 2 freeze to -13667
[00:27:40.448] [SEVERE ] updating countdown to 47531
[00:27:40.448] [SEVERE ] setting player 1 freeze to -9193
[00:27:40.448] [SEVERE ] setting player 2 freeze to -13776
[00:27:40.557] [SEVERE ] updating countdown to 47422
[00:27:40.557] [SEVERE ] setting player 1 freeze to -9302
[00:27:40.557] [SEVERE ] setting player 2 freeze to -13885
[00:27:40.666] [SEVERE ] updating countdown to 47313
[00:27:40.666] [SEVERE ] setting player 1 freeze to -9411
[00:27:40.666] [SEVERE ] setting player 2 freeze to -13994
[00:27:40.775] [SEVERE ] updating countdown to 47204
[00:27:40.775] [SEVERE ] setting player 1 freeze to -9520
[00:27:40.775] [SEVERE ] setting player 2 freeze to -14103
[00:27:40.882] [SEVERE ] updating countdown to 47097
[00:27:40.882] [SEVERE ] setting player 1 freeze to -9627
[00:27:40.882] [SEVERE ] setting player 2 freeze to -14210
[00:27:40.990] [SEVERE ] updating countdown to 46989
[00:27:40.990] [SEVERE ] setting player 1 freeze to -9735
[00:27:40.990] [SEVERE ] setting player 2 freeze to -14318
[00:27:41.098] [SEVERE ] updating countdown to 46881
[00:27:41.098] [SEVERE ] setting player 1 freeze to -9843
[00:27:41.098] [SEVERE ] setting player 2 freeze to -14426
[00:27:41.206] [SEVERE ] updating countdown to 46773
[00:27:41.206] [SEVERE ] setting player 1 freeze to -9951
[00:27:41.206] [SEVERE ] setting player 2 freeze to -14534
[00:27:41.314] [SEVERE ] updating countdown to 46665
[00:27:41.314] [SEVERE ] setting player 1 freeze to -10059
[00:27:41.315] [SEVERE ] setting player 2 freeze to -14643
[00:27:41.423] [SEVERE ] updating countdown to 46556
[00:27:41.423] [SEVERE ] setting player 1 freeze to -10168
[00:27:41.423] [SEVERE ] setting player 2 freeze to -14751
[00:27:41.530] [SEVERE ] updating countdown to 46449
[00:27:41.530] [SEVERE ] setting player 1 freeze to -10275
[00:27:41.530] [SEVERE ] setting player 2 freeze to -14858
[00:27:41.641] [SEVERE ] updating countdown to 46338
[00:27:41.641] [SEVERE ] setting player 1 freeze to -10386
[00:27:41.641] [SEVERE ] setting player 2 freeze to -14969
[00:27:41.751] [SEVERE ] updating countdown to 46228
[00:27:41.751] [SEVERE ] setting player 1 freeze to -10496
[00:27:41.751] [SEVERE ] setting player 2 freeze to -15079
[00:27:41.859] [SEVERE ] updating countdown to 46120
[00:27:41.859] [SEVERE ] setting player 1 freeze to -10604
[00:27:41.859] [SEVERE ] setting player 2 freeze to -15187
[00:27:41.967] [SEVERE ] updating countdown to 46012
[00:27:41.967] [SEVERE ] setting player 1 freeze to -10712
[00:27:41.967] [SEVERE ] setting player 2 freeze to -15295
[00:27:42.075] [SEVERE ] updating countdown to 45904
[00:27:42.075] [SEVERE ] setting player 1 freeze to -10820
[00:27:42.075] [SEVERE ] setting player 2 freeze to -15403
[00:27:42.185] [SEVERE ] updating countdown to 45794
[00:27:42.185] [SEVERE ] setting player 1 freeze to -10930
[00:27:42.185] [SEVERE ] setting player 2 freeze to -15513
[00:27:42.294] [SEVERE ] updating countdown to 45685
[00:27:42.294] [SEVERE ] setting player 1 freeze to -11039
[00:27:42.294] [SEVERE ] setting player 2 freeze to -15622
[00:27:42.402] [SEVERE ] updating countdown to 45577
[00:27:42.402] [SEVERE ] setting player 1 freeze to -11147
[00:27:42.402] [SEVERE ] setting player 2 freeze to -15730
[00:27:42.511] [SEVERE ] updating countdown to 45468
[00:27:42.511] [SEVERE ] setting player 1 freeze to -11256
[00:27:42.511] [SEVERE ] setting player 2 freeze to -15839
