[00:24:32.047] [INFO   ] thread main starting.
[00:24:32.053] [SEVERE ] cannot read configuration file config.properties trying from resources.
[00:24:32.054] [SEVERE ] configuration file was loaded from resources directory.
[00:24:32.416] [INFO   ] thread dealer starting.
[00:24:32.417] [INFO   ] thread dealer starting.
[00:24:32.418] [INFO   ] thread Player #0 starting.
[00:24:32.418] [INFO   ] thread Player #1 starting.
[00:24:32.535] [SEVERE ] placing card 20 in slot 0
[00:24:32.536] [SEVERE ] updating countdown to 60000
[00:24:32.537] [SEVERE ] setting player 1 freeze to -121
[00:24:32.539] [SEVERE ] setting player 2 freeze to -123
[00:24:32.644] [SEVERE ] placing card 10 in slot 1
[00:24:32.644] [SEVERE ] updating countdown to 60000
[00:24:32.645] [SEVERE ] setting player 1 freeze to -229
[00:24:32.646] [SEVERE ] setting player 2 freeze to -230
[00:24:32.753] [SEVERE ] placing card 15 in slot 2
[00:24:32.753] [SEVERE ] updating countdown to 60000
[00:24:32.754] [SEVERE ] setting player 1 freeze to -338
[00:24:32.754] [SEVERE ] setting player 2 freeze to -338
[00:24:32.861] [SEVERE ] placing card 12 in slot 3
[00:24:32.861] [SEVERE ] updating countdown to 60000
[00:24:32.862] [SEVERE ] setting player 1 freeze to -446
[00:24:32.862] [SEVERE ] setting player 2 freeze to -446
[00:24:32.969] [SEVERE ] placing card 75 in slot 4
[00:24:32.969] [SEVERE ] updating countdown to 60000
[00:24:32.969] [SEVERE ] setting player 1 freeze to -553
[00:24:32.969] [SEVERE ] setting player 2 freeze to -553
[00:24:33.077] [SEVERE ] placing card 50 in slot 5
[00:24:33.077] [SEVERE ] updating countdown to 60000
[00:24:33.078] [SEVERE ] setting player 1 freeze to -662
[00:24:33.078] [SEVERE ] setting player 2 freeze to -662
[00:24:33.186] [SEVERE ] placing card 47 in slot 6
[00:24:33.186] [SEVERE ] updating countdown to 60000
[00:24:33.187] [SEVERE ] setting player 1 freeze to -771
[00:24:33.187] [SEVERE ] setting player 2 freeze to -771
[00:24:33.294] [SEVERE ] placing card 35 in slot 7
[00:24:33.294] [SEVERE ] updating countdown to 60000
[00:24:33.295] [SEVERE ] setting player 1 freeze to -879
[00:24:33.295] [SEVERE ] setting player 2 freeze to -879
[00:24:33.403] [SEVERE ] placing card 72 in slot 8
[00:24:33.403] [SEVERE ] updating countdown to 60000
[00:24:33.403] [SEVERE ] setting player 1 freeze to -987
[00:24:33.404] [SEVERE ] setting player 2 freeze to -988
[00:24:33.512] [SEVERE ] placing card 66 in slot 9
[00:24:33.512] [SEVERE ] updating countdown to 60000
[00:24:33.513] [SEVERE ] setting player 1 freeze to -1097
[00:24:33.513] [SEVERE ] setting player 2 freeze to -1097
[00:24:33.619] [SEVERE ] placing card 6 in slot 10
[00:24:33.620] [SEVERE ] updating countdown to 60000
[00:24:33.620] [SEVERE ] setting player 1 freeze to -1204
[00:24:33.620] [SEVERE ] setting player 2 freeze to -1204
[00:24:33.728] [SEVERE ] placing card 36 in slot 11
[00:24:33.728] [SEVERE ] updating countdown to 60000
[00:24:33.728] [SEVERE ] setting player 1 freeze to -1312
[00:24:33.729] [SEVERE ] setting player 2 freeze to -1313
[00:24:33.836] [SEVERE ] updating countdown to 59892
[00:24:33.837] [SEVERE ] setting player 1 freeze to -1421
[00:24:33.837] [SEVERE ] setting player 2 freeze to -1421
[00:24:33.944] [SEVERE ] updating countdown to 59784
[00:24:33.944] [SEVERE ] setting player 1 freeze to -1528
[00:24:33.945] [SEVERE ] setting player 2 freeze to -1529
[00:24:34.053] [SEVERE ] updating countdown to 59675
[00:24:34.053] [SEVERE ] setting player 1 freeze to -1637
[00:24:34.053] [SEVERE ] setting player 2 freeze to -1637
[00:24:34.163] [SEVERE ] updating countdown to 59565
[00:24:34.163] [SEVERE ] setting player 1 freeze to -1747
[00:24:34.163] [SEVERE ] setting player 2 freeze to -1747
[00:24:34.272] [SEVERE ] updating countdown to 59456
[00:24:34.272] [SEVERE ] setting player 1 freeze to -1856
[00:24:34.272] [SEVERE ] setting player 2 freeze to -1856
[00:24:34.379] [SEVERE ] updating countdown to 59349
[00:24:34.379] [SEVERE ] setting player 1 freeze to -1963
[00:24:34.379] [SEVERE ] setting player 2 freeze to -1963
[00:24:34.488] [SEVERE ] updating countdown to 59240
[00:24:34.488] [SEVERE ] setting player 1 freeze to -2072
[00:24:34.488] [SEVERE ] setting player 2 freeze to -2072
[00:24:34.598] [SEVERE ] updating countdown to 59130
[00:24:34.598] [SEVERE ] setting player 1 freeze to -2182
[00:24:34.598] [SEVERE ] setting player 2 freeze to -2182
[00:24:34.705] [SEVERE ] updating countdown to 59023
[00:24:34.705] [SEVERE ] setting player 1 freeze to -2289
[00:24:34.705] [SEVERE ] setting player 2 freeze to -2289
[00:24:34.816] [SEVERE ] updating countdown to 58912
[00:24:34.816] [SEVERE ] setting player 1 freeze to -2400
[00:24:34.816] [SEVERE ] setting player 2 freeze to -2400
[00:24:34.924] [SEVERE ] updating countdown to 58804
[00:24:34.924] [SEVERE ] setting player 1 freeze to -2508
[00:24:34.925] [SEVERE ] setting player 2 freeze to -2509
[00:24:35.033] [SEVERE ] updating countdown to 58695
[00:24:35.033] [SEVERE ] setting player 1 freeze to -2617
[00:24:35.033] [SEVERE ] setting player 2 freeze to -2617
[00:24:35.141] [SEVERE ] updating countdown to 58587
[00:24:35.141] [SEVERE ] setting player 1 freeze to -2725
[00:24:35.142] [SEVERE ] setting player 2 freeze to -2726
[00:24:35.250] [SEVERE ] updating countdown to 58478
[00:24:35.250] [SEVERE ] setting player 1 freeze to -2834
[00:24:35.250] [SEVERE ] setting player 2 freeze to -2834
[00:24:35.357] [SEVERE ] updating countdown to 58371
[00:24:35.357] [SEVERE ] setting player 1 freeze to -2941
[00:24:35.357] [SEVERE ] setting player 2 freeze to -2941
[00:24:35.467] [SEVERE ] updating countdown to 58261
[00:24:35.467] [SEVERE ] setting player 1 freeze to -3051
[00:24:35.467] [SEVERE ] setting player 2 freeze to -3051
[00:24:35.575] [SEVERE ] updating countdown to 58153
[00:24:35.575] [SEVERE ] setting player 1 freeze to -3159
[00:24:35.575] [SEVERE ] setting player 2 freeze to -3159
[00:24:35.685] [SEVERE ] updating countdown to 58043
[00:24:35.685] [SEVERE ] setting player 1 freeze to -3269
[00:24:35.685] [SEVERE ] setting player 2 freeze to -3269
[00:24:35.793] [SEVERE ] updating countdown to 57935
[00:24:35.793] [SEVERE ] setting player 1 freeze to -3377
[00:24:35.793] [SEVERE ] setting player 2 freeze to -3377
[00:24:35.902] [SEVERE ] updating countdown to 57826
[00:24:35.902] [SEVERE ] setting player 1 freeze to -3486
[00:24:35.902] [SEVERE ] setting player 2 freeze to -3486
[00:24:36.010] [SEVERE ] updating countdown to 57718
[00:24:36.010] [SEVERE ] setting player 1 freeze to -3594
[00:24:36.010] [SEVERE ] setting player 2 freeze to -3594
[00:24:36.117] [SEVERE ] updating countdown to 57611
[00:24:36.117] [SEVERE ] setting player 1 freeze to -3701
[00:24:36.117] [SEVERE ] setting player 2 freeze to -3701
[00:24:36.224] [SEVERE ] updating countdown to 57504
[00:24:36.224] [SEVERE ] setting player 1 freeze to -3808
[00:24:36.224] [SEVERE ] setting player 2 freeze to -3808
[00:24:36.333] [SEVERE ] updating countdown to 57395
[00:24:36.334] [SEVERE ] setting player 1 freeze to -3918
[00:24:36.334] [SEVERE ] setting player 2 freeze to -3918
[00:24:36.441] [SEVERE ] updating countdown to 57287
[00:24:36.441] [SEVERE ] setting player 1 freeze to -4025
[00:24:36.441] [SEVERE ] setting player 2 freeze to -4025
[00:24:36.549] [SEVERE ] updating countdown to 57179
[00:24:36.549] [SEVERE ] setting player 1 freeze to -4133
[00:24:36.549] [SEVERE ] setting player 2 freeze to -4133
[00:24:36.659] [SEVERE ] updating countdown to 57069
[00:24:36.659] [SEVERE ] setting player 1 freeze to -4243
[00:24:36.659] [SEVERE ] setting player 2 freeze to -4243
[00:24:36.767] [SEVERE ] updating countdown to 56961
[00:24:36.767] [SEVERE ] setting player 1 freeze to -4351
[00:24:36.767] [SEVERE ] setting player 2 freeze to -4351
[00:24:36.874] [SEVERE ] updating countdown to 56854
[00:24:36.874] [SEVERE ] setting player 1 freeze to -4458
[00:24:36.874] [SEVERE ] setting player 2 freeze to -4458
[00:24:36.982] [SEVERE ] updating countdown to 56746
[00:24:36.982] [SEVERE ] setting player 1 freeze to -4566
[00:24:36.982] [SEVERE ] setting player 2 freeze to -4566
[00:24:37.090] [SEVERE ] updating countdown to 56638
[00:24:37.090] [SEVERE ] setting player 1 freeze to -4674
[00:24:37.090] [SEVERE ] setting player 2 freeze to -4674
[00:24:37.200] [SEVERE ] updating countdown to 56528
[00:24:37.200] [SEVERE ] setting player 1 freeze to -4784
[00:24:37.200] [SEVERE ] setting player 2 freeze to -4784
[00:24:37.310] [SEVERE ] updating countdown to 56418
[00:24:37.310] [SEVERE ] setting player 1 freeze to -4894
[00:24:37.310] [SEVERE ] setting player 2 freeze to -4894
[00:24:37.417] [SEVERE ] updating countdown to 56311
[00:24:37.417] [SEVERE ] setting player 1 freeze to -5001
[00:24:37.417] [SEVERE ] setting player 2 freeze to -5001
[00:24:37.526] [SEVERE ] updating countdown to 56202
[00:24:37.526] [SEVERE ] setting player 1 freeze to -5110
[00:24:37.526] [SEVERE ] setting player 2 freeze to -5110
[00:24:37.634] [SEVERE ] updating countdown to 56094
[00:24:37.634] [SEVERE ] setting player 1 freeze to -5218
[00:24:37.634] [SEVERE ] setting player 2 freeze to -5218
[00:24:37.744] [SEVERE ] updating countdown to 55984
[00:24:37.745] [SEVERE ] setting player 1 freeze to -5329
[00:24:37.745] [SEVERE ] setting player 2 freeze to -5329
[00:24:37.854] [SEVERE ] updating countdown to 55874
[00:24:37.854] [SEVERE ] setting player 1 freeze to -5438
[00:24:37.854] [SEVERE ] setting player 2 freeze to -5438
[00:24:37.962] [SEVERE ] updating countdown to 55766
[00:24:37.962] [SEVERE ] setting player 1 freeze to -5546
[00:24:37.962] [SEVERE ] setting player 2 freeze to -5546
[00:24:38.070] [SEVERE ] updating countdown to 55658
[00:24:38.070] [SEVERE ] setting player 1 freeze to -5654
[00:24:38.070] [SEVERE ] setting player 2 freeze to -5654
[00:24:38.177] [SEVERE ] updating countdown to 55551
[00:24:38.177] [SEVERE ] setting player 1 freeze to -5761
[00:24:38.177] [SEVERE ] setting player 2 freeze to -5761
[00:24:38.288] [SEVERE ] updating countdown to 55440
[00:24:38.288] [SEVERE ] setting player 1 freeze to -5872
[00:24:38.288] [SEVERE ] setting player 2 freeze to -5872
[00:24:38.398] [SEVERE ] updating countdown to 55330
[00:24:38.398] [SEVERE ] setting player 1 freeze to -5982
[00:24:38.398] [SEVERE ] setting player 2 freeze to -5982
[00:24:38.505] [SEVERE ] updating countdown to 55223
[00:24:38.505] [SEVERE ] setting player 1 freeze to -6089
[00:24:38.505] [SEVERE ] setting player 2 freeze to -6089
[00:24:38.614] [SEVERE ] updating countdown to 55114
[00:24:38.614] [SEVERE ] setting player 1 freeze to -6198
[00:24:38.614] [SEVERE ] setting player 2 freeze to -6198
[00:24:38.723] [SEVERE ] updating countdown to 55005
[00:24:38.723] [SEVERE ] setting player 1 freeze to -6307
[00:24:38.724] [SEVERE ] setting player 2 freeze to -6308
[00:24:38.832] [SEVERE ] updating countdown to 54896
[00:24:38.832] [SEVERE ] setting player 1 freeze to -6416
[00:24:38.832] [SEVERE ] setting player 2 freeze to -6416
[00:24:38.940] [SEVERE ] updating countdown to 54788
[00:24:38.940] [SEVERE ] setting player 1 freeze to -6524
[00:24:38.940] [SEVERE ] setting player 2 freeze to -6524
[00:24:39.049] [SEVERE ] updating countdown to 54679
[00:24:39.049] [SEVERE ] setting player 1 freeze to -6633
[00:24:39.049] [SEVERE ] setting player 2 freeze to -6633
[00:24:39.156] [SEVERE ] updating countdown to 54572
[00:24:39.156] [SEVERE ] setting player 1 freeze to -6740
[00:24:39.156] [SEVERE ] setting player 2 freeze to -6740
[00:24:39.267] [SEVERE ] updating countdown to 54461
[00:24:39.267] [SEVERE ] setting player 1 freeze to -6851
[00:24:39.267] [SEVERE ] setting player 2 freeze to -6851
[00:24:39.377] [SEVERE ] updating countdown to 54351
[00:24:39.377] [SEVERE ] setting player 1 freeze to -6961
[00:24:39.377] [SEVERE ] setting player 2 freeze to -6961
