[01:00:42.355] [INFO   ] thread main starting.
[01:00:42.359] [SEVERE ] cannot read configuration file config.properties trying from resources.
[01:00:42.367] [SEVERE ] configuration file was loaded from resources directory.
[01:00:42.888] [INFO   ] thread dealer starting.
[01:00:42.888] [INFO   ] thread dealer starting.
[01:00:42.888] [INFO   ] thread Player #0 starting.
[01:00:42.888] [INFO   ] thread Player #1 starting.
[01:00:43.013] [SEVERE ] placing card 31 in slot 0
[01:00:43.015] [SEVERE ] updating countdown to 60000
[01:00:43.016] [SEVERE ] setting player 1 freeze to -128
[01:00:43.016] [SEVERE ] setting player 2 freeze to -128
[01:00:43.118] [SEVERE ] placing card 48 in slot 1
[01:00:43.119] [SEVERE ] updating countdown to 60000
[01:00:43.119] [SEVERE ] setting player 1 freeze to -231
[01:00:43.120] [SEVERE ] setting player 2 freeze to -232
[01:00:43.227] [SEVERE ] placing card 76 in slot 2
[01:00:43.227] [SEVERE ] updating countdown to 60000
[01:00:43.227] [SEVERE ] setting player 1 freeze to -339
[01:00:43.227] [SEVERE ] setting player 2 freeze to -339
[01:00:43.330] [SEVERE ] placing card 39 in slot 3
[01:00:43.330] [SEVERE ] updating countdown to 60000
[01:00:43.330] [SEVERE ] setting player 1 freeze to -442
[01:00:43.330] [SEVERE ] setting player 2 freeze to -442
[01:00:43.450] [SEVERE ] placing card 32 in slot 4
[01:00:43.450] [SEVERE ] updating countdown to 60000
[01:00:43.450] [SEVERE ] setting player 1 freeze to -562
[01:00:43.450] [SEVERE ] setting player 2 freeze to -562
[01:00:43.552] [SEVERE ] placing card 66 in slot 5
[01:00:43.552] [SEVERE ] updating countdown to 60000
[01:00:43.552] [SEVERE ] setting player 1 freeze to -664
[01:00:43.552] [SEVERE ] setting player 2 freeze to -664
[01:00:43.661] [SEVERE ] placing card 54 in slot 6
[01:00:43.661] [SEVERE ] updating countdown to 60000
[01:00:43.661] [SEVERE ] setting player 1 freeze to -773
[01:00:43.661] [SEVERE ] setting player 2 freeze to -773
[01:00:43.775] [SEVERE ] placing card 62 in slot 7
[01:00:43.775] [SEVERE ] updating countdown to 60000
[01:00:43.775] [SEVERE ] setting player 1 freeze to -887
[01:00:43.775] [SEVERE ] setting player 2 freeze to -887
[01:00:43.890] [SEVERE ] placing card 52 in slot 8
[01:00:43.890] [SEVERE ] updating countdown to 60000
[01:00:43.890] [SEVERE ] setting player 1 freeze to -1002
[01:00:43.890] [SEVERE ] setting player 2 freeze to -1002
[01:00:43.998] [SEVERE ] placing card 21 in slot 9
[01:00:43.998] [SEVERE ] updating countdown to 60000
[01:00:43.998] [SEVERE ] setting player 1 freeze to -1110
[01:00:43.998] [SEVERE ] setting player 2 freeze to -1110
[01:00:44.101] [SEVERE ] placing card 18 in slot 10
[01:00:44.101] [SEVERE ] updating countdown to 60000
[01:00:44.101] [SEVERE ] setting player 1 freeze to -1213
[01:00:44.101] [SEVERE ] setting player 2 freeze to -1213
[01:00:44.215] [SEVERE ] placing card 61 in slot 11
[01:00:44.215] [SEVERE ] updating countdown to 60000
[01:00:44.215] [SEVERE ] setting player 1 freeze to -1327
[01:00:44.215] [SEVERE ] setting player 2 freeze to -1327
[01:00:44.337] [SEVERE ] removing card from slot 0
[01:00:44.337] [SEVERE ] updating countdown to 60000
[01:00:44.337] [SEVERE ] setting player 1 freeze to -1449
[01:00:44.337] [SEVERE ] setting player 2 freeze to -1449
[01:00:44.451] [SEVERE ] removing card from slot 1
[01:00:44.451] [SEVERE ] updating countdown to 60000
[01:00:44.451] [SEVERE ] setting player 1 freeze to -1563
[01:00:44.451] [SEVERE ] setting player 2 freeze to -1563
[01:00:44.555] [SEVERE ] removing card from slot 2
[01:00:44.555] [SEVERE ] updating countdown to 60000
[01:00:44.555] [SEVERE ] setting player 1 freeze to -1667
[01:00:44.555] [SEVERE ] setting player 2 freeze to -1667
[01:00:44.662] [SEVERE ] removing card from slot 3
[01:00:44.662] [SEVERE ] updating countdown to 60000
[01:00:44.662] [SEVERE ] setting player 1 freeze to -1774
[01:00:44.662] [SEVERE ] setting player 2 freeze to -1774
[01:00:44.766] [SEVERE ] removing card from slot 4
[01:00:44.766] [SEVERE ] updating countdown to 60000
[01:00:44.766] [SEVERE ] setting player 1 freeze to -1878
[01:00:44.766] [SEVERE ] setting player 2 freeze to -1878
[01:00:44.879] [SEVERE ] removing card from slot 5
[01:00:44.879] [SEVERE ] updating countdown to 60000
[01:00:44.879] [SEVERE ] setting player 1 freeze to -1991
[01:00:44.879] [SEVERE ] setting player 2 freeze to -1991
[01:00:44.985] [SEVERE ] removing card from slot 6
[01:00:44.985] [SEVERE ] updating countdown to 60000
[01:00:44.985] [SEVERE ] setting player 1 freeze to -2097
[01:00:44.985] [SEVERE ] setting player 2 freeze to -2097
[01:00:45.087] [SEVERE ] removing card from slot 7
[01:00:45.087] [SEVERE ] updating countdown to 60000
[01:00:45.087] [SEVERE ] setting player 1 freeze to -2199
[01:00:45.087] [SEVERE ] setting player 2 freeze to -2199
[01:00:45.200] [SEVERE ] removing card from slot 8
[01:00:45.200] [SEVERE ] updating countdown to 60000
[01:00:45.200] [SEVERE ] setting player 1 freeze to -2312
[01:00:45.200] [SEVERE ] setting player 2 freeze to -2312
[01:00:45.312] [SEVERE ] removing card from slot 9
[01:00:45.312] [SEVERE ] updating countdown to 60000
[01:00:45.312] [SEVERE ] setting player 1 freeze to -2424
[01:00:45.312] [SEVERE ] setting player 2 freeze to -2424
[01:00:45.424] [SEVERE ] removing card from slot 10
[01:00:45.424] [SEVERE ] updating countdown to 60000
[01:00:45.424] [SEVERE ] setting player 1 freeze to -2536
[01:00:45.424] [SEVERE ] setting player 2 freeze to -2536
[01:00:45.534] [SEVERE ] removing card from slot 11
[01:00:45.534] [SEVERE ] updating countdown to 60000
[01:00:45.534] [SEVERE ] setting player 1 freeze to -2646
[01:00:45.534] [SEVERE ] setting player 2 freeze to -2646
[01:00:45.636] [SEVERE ] placing card 1 in slot 0
[01:00:45.636] [SEVERE ] updating countdown to 60000
[01:00:45.636] [SEVERE ] setting player 1 freeze to -2748
[01:00:45.636] [SEVERE ] setting player 2 freeze to -2748
[01:00:45.751] [SEVERE ] placing card 41 in slot 1
[01:00:45.751] [SEVERE ] updating countdown to 60000
[01:00:45.751] [SEVERE ] setting player 1 freeze to -2863
[01:00:45.751] [SEVERE ] setting player 2 freeze to -2863
[01:00:45.859] [SEVERE ] placing card 33 in slot 2
[01:00:45.859] [SEVERE ] updating countdown to 60000
[01:00:45.859] [SEVERE ] setting player 1 freeze to -2971
[01:00:45.859] [SEVERE ] setting player 2 freeze to -2971
[01:00:45.969] [SEVERE ] placing card 59 in slot 3
[01:00:45.969] [SEVERE ] updating countdown to 60000
[01:00:45.969] [SEVERE ] setting player 1 freeze to -3081
[01:00:45.969] [SEVERE ] setting player 2 freeze to -3081
[01:00:46.071] [SEVERE ] placing card 13 in slot 4
[01:00:46.071] [SEVERE ] updating countdown to 60000
[01:00:46.071] [SEVERE ] setting player 1 freeze to -3183
[01:00:46.071] [SEVERE ] setting player 2 freeze to -3183
[01:00:46.177] [SEVERE ] placing card 45 in slot 5
[01:00:46.177] [SEVERE ] updating countdown to 60000
[01:00:46.177] [SEVERE ] setting player 1 freeze to -3289
[01:00:46.177] [SEVERE ] setting player 2 freeze to -3289
[01:00:46.283] [SEVERE ] placing card 50 in slot 6
[01:00:46.283] [SEVERE ] updating countdown to 60000
[01:00:46.283] [SEVERE ] setting player 1 freeze to -3395
[01:00:46.283] [SEVERE ] setting player 2 freeze to -3395
[01:00:46.396] [SEVERE ] placing card 78 in slot 7
[01:00:46.396] [SEVERE ] updating countdown to 60000
[01:00:46.396] [SEVERE ] setting player 1 freeze to -3508
[01:00:46.396] [SEVERE ] setting player 2 freeze to -3508
[01:00:46.507] [SEVERE ] placing card 22 in slot 8
[01:00:46.507] [SEVERE ] updating countdown to 60000
[01:00:46.507] [SEVERE ] setting player 1 freeze to -3619
[01:00:46.507] [SEVERE ] setting player 2 freeze to -3619
[01:00:46.616] [SEVERE ] placing card 56 in slot 9
[01:00:46.616] [SEVERE ] updating countdown to 60000
[01:00:46.616] [SEVERE ] setting player 1 freeze to -3728
[01:00:46.616] [SEVERE ] setting player 2 freeze to -3728
[01:00:46.724] [SEVERE ] placing card 73 in slot 10
[01:00:46.724] [SEVERE ] updating countdown to 60000
[01:00:46.724] [SEVERE ] setting player 1 freeze to -3836
[01:00:46.724] [SEVERE ] setting player 2 freeze to -3836
[01:00:46.832] [SEVERE ] placing card 37 in slot 11
[01:00:46.832] [SEVERE ] updating countdown to 60000
[01:00:46.832] [SEVERE ] setting player 1 freeze to -3944
[01:00:46.832] [SEVERE ] setting player 2 freeze to -3944
[01:00:46.941] [SEVERE ] updating countdown to 59891
[01:00:46.941] [SEVERE ] setting player 1 freeze to -4053
[01:00:46.941] [SEVERE ] setting player 2 freeze to -4053
[01:00:47.051] [SEVERE ] updating countdown to 59781
[01:00:47.051] [SEVERE ] setting player 1 freeze to -4163
[01:00:47.051] [SEVERE ] setting player 2 freeze to -4163
[01:00:47.164] [SEVERE ] updating countdown to 59668
[01:00:47.164] [SEVERE ] setting player 1 freeze to -4276
[01:00:47.164] [SEVERE ] setting player 2 freeze to -4276
[01:00:47.279] [SEVERE ] updating countdown to 59553
[01:00:47.279] [SEVERE ] setting player 1 freeze to -4391
[01:00:47.279] [SEVERE ] setting player 2 freeze to -4391
[01:00:47.391] [SEVERE ] updating countdown to 59441
[01:00:47.391] [SEVERE ] setting player 1 freeze to -4503
[01:00:47.391] [SEVERE ] setting player 2 freeze to -4503
[01:00:47.496] [SEVERE ] updating countdown to 59336
[01:00:47.496] [SEVERE ] setting player 1 freeze to -4608
[01:00:47.496] [SEVERE ] setting player 2 freeze to -4608
[01:00:47.600] [SEVERE ] key 81 was pressed by player 1
[01:00:47.608] [SEVERE ] updating countdown to 59224
[01:00:47.608] [SEVERE ] setting player 1 freeze to -4720
[01:00:47.608] [SEVERE ] setting player 2 freeze to -4720
[01:00:47.609] [SEVERE ] player 1 placing token on slot 0
[01:00:47.720] [SEVERE ] updating countdown to 59112
[01:00:47.720] [SEVERE ] setting player 1 freeze to -4832
[01:00:47.720] [SEVERE ] setting player 2 freeze to -4832
[01:00:47.792] [SEVERE ] key 87 was pressed by player 1
[01:00:47.792] [SEVERE ] player 1 placing token on slot 1
[01:00:47.835] [SEVERE ] updating countdown to 58997
[01:00:47.835] [SEVERE ] setting player 1 freeze to -4947
[01:00:47.835] [SEVERE ] setting player 2 freeze to -4947
[01:00:47.937] [SEVERE ] updating countdown to 58895
[01:00:47.937] [SEVERE ] setting player 1 freeze to -5049
[01:00:47.937] [SEVERE ] setting player 2 freeze to -5049
[01:00:48.049] [SEVERE ] updating countdown to 58783
[01:00:48.049] [SEVERE ] setting player 1 freeze to -5161
[01:00:48.049] [SEVERE ] setting player 2 freeze to -5161
[01:00:48.073] [SEVERE ] key 69 was pressed by player 1
[01:00:48.078] [SEVERE ] player 1 placing token on slot 2
[01:00:48.157] [SEVERE ] updating countdown to 58675
[01:00:48.157] [SEVERE ] setting player 1 freeze to -5269
[01:00:48.157] [SEVERE ] setting player 2 freeze to -5269
[01:00:48.157] [SEVERE ] updating countdown to 58675
[01:00:48.157] [SEVERE ] setting player 1 freeze to -5269
[01:00:48.157] [SEVERE ] setting player 2 freeze to -5269
[01:00:48.261] [SEVERE ] updating countdown to 58571
[01:00:48.261] [SEVERE ] setting player 1 freeze to 2896
[01:00:48.261] [SEVERE ] setting player 2 freeze to -5373
[01:00:48.364] [SEVERE ] updating countdown to 58468
[01:00:48.364] [SEVERE ] setting player 1 freeze to 2793
[01:00:48.364] [SEVERE ] setting player 2 freeze to -5476
[01:00:48.476] [SEVERE ] updating countdown to 58356
[01:00:48.476] [SEVERE ] setting player 1 freeze to 2681
[01:00:48.476] [SEVERE ] setting player 2 freeze to -5588
[01:00:48.584] [SEVERE ] updating countdown to 58248
[01:00:48.584] [SEVERE ] setting player 1 freeze to 2573
[01:00:48.584] [SEVERE ] setting player 2 freeze to -5696
[01:00:48.685] [SEVERE ] updating countdown to 58147
[01:00:48.685] [SEVERE ] setting player 1 freeze to 2472
[01:00:48.685] [SEVERE ] setting player 2 freeze to -5797
[01:00:48.748] [SEVERE ] key 69 was pressed by player 1
[01:00:48.797] [SEVERE ] updating countdown to 58035
[01:00:48.797] [SEVERE ] setting player 1 freeze to 2360
[01:00:48.797] [SEVERE ] setting player 2 freeze to -5909
[01:00:48.899] [SEVERE ] updating countdown to 57933
[01:00:48.899] [SEVERE ] setting player 1 freeze to 2258
[01:00:48.899] [SEVERE ] setting player 2 freeze to -6011
[01:00:49.012] [SEVERE ] updating countdown to 57820
[01:00:49.012] [SEVERE ] setting player 1 freeze to 2145
[01:00:49.012] [SEVERE ] setting player 2 freeze to -6124
[01:00:49.124] [SEVERE ] updating countdown to 57708
[01:00:49.124] [SEVERE ] setting player 1 freeze to 2033
[01:00:49.124] [SEVERE ] setting player 2 freeze to -6236
[01:00:49.236] [SEVERE ] updating countdown to 57596
[01:00:49.236] [SEVERE ] setting player 1 freeze to 1921
[01:00:49.236] [SEVERE ] setting player 2 freeze to -6348
[01:00:49.349] [SEVERE ] updating countdown to 57483
[01:00:49.349] [SEVERE ] setting player 1 freeze to 1808
[01:00:49.349] [SEVERE ] setting player 2 freeze to -6461
[01:00:49.454] [SEVERE ] updating countdown to 57378
[01:00:49.454] [SEVERE ] setting player 1 freeze to 1703
[01:00:49.454] [SEVERE ] setting player 2 freeze to -6566
[01:00:49.567] [SEVERE ] updating countdown to 57265
[01:00:49.567] [SEVERE ] setting player 1 freeze to 1590
[01:00:49.567] [SEVERE ] setting player 2 freeze to -6679
[01:00:49.671] [SEVERE ] updating countdown to 57161
[01:00:49.671] [SEVERE ] setting player 1 freeze to 1486
[01:00:49.671] [SEVERE ] setting player 2 freeze to -6783
[01:00:49.775] [SEVERE ] updating countdown to 57057
[01:00:49.775] [SEVERE ] setting player 1 freeze to 1382
[01:00:49.775] [SEVERE ] setting player 2 freeze to -6887
[01:00:49.880] [SEVERE ] updating countdown to 56952
[01:00:49.880] [SEVERE ] setting player 1 freeze to 1277
[01:00:49.880] [SEVERE ] setting player 2 freeze to -6992
[01:00:49.993] [SEVERE ] updating countdown to 56839
[01:00:49.993] [SEVERE ] setting player 1 freeze to 1164
[01:00:49.993] [SEVERE ] setting player 2 freeze to -7105
[01:00:50.106] [SEVERE ] updating countdown to 56726
[01:00:50.106] [SEVERE ] setting player 1 freeze to 1051
[01:00:50.106] [SEVERE ] setting player 2 freeze to -7218
[01:00:50.210] [SEVERE ] updating countdown to 56622
[01:00:50.210] [SEVERE ] setting player 1 freeze to 947
[01:00:50.210] [SEVERE ] setting player 2 freeze to -7322
[01:00:50.314] [SEVERE ] updating countdown to 56518
[01:00:50.314] [SEVERE ] setting player 1 freeze to 843
[01:00:50.314] [SEVERE ] setting player 2 freeze to -7426
[01:00:50.424] [SEVERE ] updating countdown to 56409
[01:00:50.424] [SEVERE ] setting player 1 freeze to 733
[01:00:50.424] [SEVERE ] setting player 2 freeze to -7536
[01:00:50.525] [SEVERE ] updating countdown to 56307
[01:00:50.525] [SEVERE ] setting player 1 freeze to 632
[01:00:50.525] [SEVERE ] setting player 2 freeze to -7637
[01:00:50.635] [SEVERE ] updating countdown to 56197
[01:00:50.635] [SEVERE ] setting player 1 freeze to 522
[01:00:50.635] [SEVERE ] setting player 2 freeze to -7747
[01:00:50.742] [SEVERE ] updating countdown to 56090
[01:00:50.742] [SEVERE ] setting player 1 freeze to 415
[01:00:50.742] [SEVERE ] setting player 2 freeze to -7854
[01:00:50.854] [SEVERE ] updating countdown to 55978
[01:00:50.854] [SEVERE ] setting player 1 freeze to 303
[01:00:50.854] [SEVERE ] setting player 2 freeze to -7966
[01:00:50.961] [SEVERE ] updating countdown to 55871
[01:00:50.961] [SEVERE ] setting player 1 freeze to 196
[01:00:50.961] [SEVERE ] setting player 2 freeze to -8073
[01:00:51.073] [SEVERE ] updating countdown to 55759
[01:00:51.073] [SEVERE ] setting player 1 freeze to 84
[01:00:51.073] [SEVERE ] setting player 2 freeze to -8185
[01:00:51.181] [SEVERE ] updating countdown to 55651
[01:00:51.181] [SEVERE ] setting player 1 freeze to -24
[01:00:51.181] [SEVERE ] setting player 2 freeze to -8293
[01:00:51.297] [SEVERE ] updating countdown to 55535
[01:00:51.297] [SEVERE ] setting player 1 freeze to -140
[01:00:51.297] [SEVERE ] setting player 2 freeze to -8409
[01:00:51.410] [SEVERE ] updating countdown to 55422
[01:00:51.410] [SEVERE ] setting player 1 freeze to -253
[01:00:51.410] [SEVERE ] setting player 2 freeze to -8522
[01:00:51.522] [SEVERE ] updating countdown to 55311
[01:00:51.522] [SEVERE ] setting player 1 freeze to -365
[01:00:51.522] [SEVERE ] setting player 2 freeze to -8634
[01:00:51.629] [SEVERE ] updating countdown to 55203
[01:00:51.629] [SEVERE ] setting player 1 freeze to -472
[01:00:51.629] [SEVERE ] setting player 2 freeze to -8741
[01:00:51.731] [SEVERE ] updating countdown to 55101
[01:00:51.731] [SEVERE ] setting player 1 freeze to -574
[01:00:51.731] [SEVERE ] setting player 2 freeze to -8843
[01:00:51.831] [SEVERE ] updating countdown to 55001
[01:00:51.831] [SEVERE ] setting player 1 freeze to -674
[01:00:51.831] [SEVERE ] setting player 2 freeze to -8943
[01:00:51.939] [SEVERE ] updating countdown to 54893
[01:00:51.939] [SEVERE ] setting player 1 freeze to -782
[01:00:51.939] [SEVERE ] setting player 2 freeze to -9051
[01:00:52.051] [SEVERE ] updating countdown to 54781
[01:00:52.051] [SEVERE ] setting player 1 freeze to -894
[01:00:52.051] [SEVERE ] setting player 2 freeze to -9163
[01:00:52.163] [SEVERE ] updating countdown to 54669
[01:00:52.163] [SEVERE ] setting player 1 freeze to -1006
[01:00:52.163] [SEVERE ] setting player 2 freeze to -9275
[01:00:52.273] [SEVERE ] updating countdown to 54559
[01:00:52.273] [SEVERE ] setting player 1 freeze to -1116
[01:00:52.273] [SEVERE ] setting player 2 freeze to -9385
[01:00:52.376] [SEVERE ] updating countdown to 54456
[01:00:52.376] [SEVERE ] setting player 1 freeze to -1219
[01:00:52.376] [SEVERE ] setting player 2 freeze to -9488
[01:00:52.485] [SEVERE ] updating countdown to 54347
[01:00:52.485] [SEVERE ] setting player 1 freeze to -1328
[01:00:52.485] [SEVERE ] setting player 2 freeze to -9597
[01:00:52.586] [SEVERE ] updating countdown to 54246
[01:00:52.586] [SEVERE ] setting player 1 freeze to -1429
[01:00:52.586] [SEVERE ] setting player 2 freeze to -9698
[01:00:52.690] [SEVERE ] updating countdown to 54142
[01:00:52.690] [SEVERE ] setting player 1 freeze to -1533
[01:00:52.690] [SEVERE ] setting player 2 freeze to -9802
[01:00:52.801] [SEVERE ] updating countdown to 54031
[01:00:52.801] [SEVERE ] setting player 1 freeze to -1644
[01:00:52.801] [SEVERE ] setting player 2 freeze to -9913
[01:00:52.911] [SEVERE ] updating countdown to 53921
[01:00:52.911] [SEVERE ] setting player 1 freeze to -1754
[01:00:52.911] [SEVERE ] setting player 2 freeze to -10023
