[13:06:37.894] [INFO   ] thread main starting.
[13:06:37.894] [SEVERE ] cannot read configuration file config.properties trying from resources.
[13:06:37.902] [SEVERE ] configuration file was loaded from resources directory.
[13:06:38.407] [INFO   ] thread dealer starting.
[13:06:38.407] [INFO   ] thread dealer starting.
[13:06:38.410] [INFO   ] thread Player #3 starting.
[13:06:38.411] [INFO   ] thread Player #2 starting.
[13:06:38.411] [INFO   ] thread Player #4 starting.
[13:06:38.410] [INFO   ] thread Player #1 starting.
[13:06:38.410] [INFO   ] thread Player #0 starting.
[13:06:38.413] [INFO   ] thread computer-2 starting.
[13:06:38.413] [INFO   ] thread computer-3 starting.
[13:06:38.413] [INFO   ] thread computer-4 starting.
[13:06:38.517] [SEVERE ] placing card 18 in slot 0
[13:06:38.517] [SEVERE ] updating countdown to 60000
[13:06:38.517] [SEVERE ] setting player 1 freeze to -110
[13:06:38.517] [SEVERE ] setting player 2 freeze to -110
[13:06:38.517] [SEVERE ] setting player 3 freeze to -110
[13:06:38.517] [SEVERE ] setting player 4 freeze to -110
[13:06:38.517] [SEVERE ] setting player 5 freeze to -110
[13:06:38.623] [SEVERE ] placing card 41 in slot 1
[13:06:38.623] [SEVERE ] updating countdown to 60000
[13:06:38.623] [SEVERE ] setting player 1 freeze to -216
[13:06:38.624] [SEVERE ] setting player 2 freeze to -217
[13:06:38.624] [SEVERE ] setting player 3 freeze to -217
[13:06:38.625] [SEVERE ] setting player 4 freeze to -218
[13:06:38.625] [SEVERE ] setting player 5 freeze to -218
[13:06:38.678] [SEVERE ] player 5 placing token on slot 1
[13:06:38.740] [SEVERE ] placing card 31 in slot 2
[13:06:38.741] [SEVERE ] updating countdown to 60000
[13:06:38.741] [SEVERE ] setting player 1 freeze to -334
[13:06:38.741] [SEVERE ] setting player 2 freeze to -334
[13:06:38.743] [SEVERE ] setting player 3 freeze to -336
[13:06:38.743] [SEVERE ] setting player 4 freeze to -336
[13:06:38.743] [SEVERE ] setting player 5 freeze to -336
[13:06:38.849] [SEVERE ] placing card 75 in slot 3
[13:06:38.849] [SEVERE ] updating countdown to 60000
[13:06:38.849] [SEVERE ] setting player 1 freeze to -442
[13:06:38.849] [SEVERE ] setting player 2 freeze to -442
[13:06:38.849] [SEVERE ] setting player 3 freeze to -442
[13:06:38.849] [SEVERE ] setting player 4 freeze to -442
[13:06:38.849] [SEVERE ] setting player 5 freeze to -442
[13:06:38.934] [SEVERE ] player 3 placing token on slot 0
[13:06:38.934] [SEVERE ] player 5 placing token on slot 2
[13:06:38.952] [SEVERE ] placing card 68 in slot 4
[13:06:38.953] [SEVERE ] updating countdown to 60000
[13:06:38.953] [SEVERE ] setting player 1 freeze to -546
[13:06:38.953] [SEVERE ] setting player 2 freeze to -546
[13:06:38.953] [SEVERE ] setting player 3 freeze to -546
[13:06:38.954] [SEVERE ] setting player 4 freeze to -547
[13:06:38.954] [SEVERE ] setting player 5 freeze to -547
[13:06:39.068] [SEVERE ] placing card 13 in slot 5
[13:06:39.069] [SEVERE ] updating countdown to 60000
[13:06:39.069] [SEVERE ] setting player 1 freeze to -662
[13:06:39.069] [SEVERE ] setting player 2 freeze to -662
[13:06:39.070] [SEVERE ] setting player 3 freeze to -663
[13:06:39.070] [SEVERE ] setting player 4 freeze to -663
[13:06:39.070] [SEVERE ] setting player 5 freeze to -663
[13:06:39.176] [SEVERE ] placing card 39 in slot 6
[13:06:39.176] [SEVERE ] updating countdown to 60000
[13:06:39.176] [SEVERE ] setting player 1 freeze to -769
[13:06:39.176] [SEVERE ] setting player 2 freeze to -769
[13:06:39.176] [SEVERE ] setting player 3 freeze to -769
[13:06:39.176] [SEVERE ] setting player 4 freeze to -769
[13:06:39.176] [SEVERE ] setting player 5 freeze to -769
[13:06:39.192] [SEVERE ] player 5 placing token on slot 3
[13:06:39.192] [SEVERE ] player 4 placing token on slot 6
[13:06:39.192] [SEVERE ] removing player 3 token from slot 0
[13:06:39.283] [SEVERE ] placing card 2 in slot 7
[13:06:39.283] [SEVERE ] updating countdown to 60000
[13:06:39.283] [SEVERE ] setting player 1 freeze to -876
[13:06:39.283] [SEVERE ] setting player 2 freeze to -876
[13:06:39.283] [SEVERE ] setting player 3 freeze to -876
[13:06:39.283] [SEVERE ] setting player 4 freeze to -876
[13:06:39.283] [SEVERE ] setting player 5 freeze to -876
[13:06:39.393] [SEVERE ] placing card 38 in slot 8
[13:06:39.393] [SEVERE ] updating countdown to 60000
[13:06:39.393] [SEVERE ] setting player 1 freeze to -986
[13:06:39.393] [SEVERE ] setting player 2 freeze to -986
[13:06:39.393] [SEVERE ] setting player 3 freeze to -986
[13:06:39.393] [SEVERE ] setting player 4 freeze to -986
[13:06:39.393] [SEVERE ] setting player 5 freeze to -986
[13:06:39.453] [SEVERE ] player 4 placing token on slot 4
[13:06:39.498] [SEVERE ] placing card 57 in slot 9
[13:06:39.498] [SEVERE ] updating countdown to 60000
[13:06:39.498] [SEVERE ] setting player 1 freeze to -1091
[13:06:39.498] [SEVERE ] setting player 2 freeze to -1091
[13:06:39.498] [SEVERE ] setting player 3 freeze to -1091
[13:06:39.500] [SEVERE ] setting player 4 freeze to -1093
[13:06:39.500] [SEVERE ] setting player 5 freeze to -1093
[13:06:39.601] [SEVERE ] placing card 24 in slot 10
[13:06:39.602] [SEVERE ] updating countdown to 60000
[13:06:39.602] [SEVERE ] setting player 1 freeze to -1195
[13:06:39.602] [SEVERE ] setting player 2 freeze to -1195
[13:06:39.602] [SEVERE ] setting player 3 freeze to -1195
[13:06:39.602] [SEVERE ] setting player 4 freeze to -1195
[13:06:39.602] [SEVERE ] setting player 5 freeze to -1195
[13:06:39.700] [SEVERE ] player 3 placing token on slot 7
[13:06:39.710] [SEVERE ] placing card 34 in slot 11
[13:06:39.710] [SEVERE ] player 4 placing token on slot 8
[13:06:39.711] [SEVERE ] updating countdown to 60000
[13:06:39.711] [SEVERE ] setting player 1 freeze to -1304
[13:06:39.711] [SEVERE ] setting player 2 freeze to -1304
[13:06:39.711] [SEVERE ] setting player 3 freeze to -1304
[13:06:39.711] [SEVERE ] setting player 4 freeze to -1304
[13:06:39.711] [SEVERE ] setting player 5 freeze to -1304
[13:06:39.814] [SEVERE ] updating countdown to 59897
[13:06:39.814] [SEVERE ] setting player 1 freeze to -1407
[13:06:39.815] [SEVERE ] setting player 2 freeze to -1408
[13:06:39.815] [SEVERE ] setting player 3 freeze to -1408
[13:06:39.815] [SEVERE ] setting player 4 freeze to -1408
[13:06:39.815] [SEVERE ] setting player 5 freeze to -1408
[13:06:39.925] [SEVERE ] updating countdown to 59786
[13:06:39.925] [SEVERE ] setting player 1 freeze to -1518
[13:06:39.925] [SEVERE ] setting player 2 freeze to -1518
[13:06:39.925] [SEVERE ] setting player 3 freeze to -1518
[13:06:39.925] [SEVERE ] setting player 4 freeze to -1518
[13:06:39.925] [SEVERE ] setting player 5 freeze to -1518
[13:06:39.952] [SEVERE ] player 3 placing token on slot 2
[13:06:40.035] [SEVERE ] updating countdown to 59676
[13:06:40.035] [SEVERE ] setting player 1 freeze to -1628
[13:06:40.035] [SEVERE ] setting player 2 freeze to -1628
[13:06:40.035] [SEVERE ] setting player 3 freeze to -1628
[13:06:40.035] [SEVERE ] setting player 4 freeze to -1628
[13:06:40.035] [SEVERE ] setting player 5 freeze to -1628
[13:06:40.138] [SEVERE ] updating countdown to 59573
[13:06:40.138] [SEVERE ] setting player 1 freeze to -1731
[13:06:40.138] [SEVERE ] setting player 2 freeze to -1731
[13:06:40.138] [SEVERE ] setting player 3 freeze to -1731
[13:06:40.139] [SEVERE ] setting player 4 freeze to -1732
[13:06:40.139] [SEVERE ] setting player 5 freeze to -1732
[13:06:40.210] [SEVERE ] removing player 3 token from slot 2
[13:06:40.253] [SEVERE ] updating countdown to 59458
[13:06:40.253] [SEVERE ] setting player 1 freeze to -1846
[13:06:40.253] [SEVERE ] setting player 2 freeze to -1846
[13:06:40.253] [SEVERE ] setting player 3 freeze to -1846
[13:06:40.253] [SEVERE ] setting player 4 freeze to -1846
[13:06:40.253] [SEVERE ] setting player 5 freeze to -1846
[13:06:40.359] [SEVERE ] updating countdown to 59352
[13:06:40.360] [SEVERE ] setting player 1 freeze to -1953
[13:06:40.360] [SEVERE ] setting player 2 freeze to -1953
[13:06:40.360] [SEVERE ] setting player 3 freeze to -1953
[13:06:40.360] [SEVERE ] setting player 4 freeze to -1953
[13:06:40.360] [SEVERE ] setting player 5 freeze to -1953
[13:06:40.462] [SEVERE ] updating countdown to 59249
[13:06:40.462] [SEVERE ] player 3 placing token on slot 9
[13:06:40.463] [SEVERE ] setting player 1 freeze to -2056
[13:06:40.463] [SEVERE ] setting player 2 freeze to -2056
[13:06:40.463] [SEVERE ] setting player 3 freeze to -2056
[13:06:40.463] [SEVERE ] setting player 4 freeze to -2056
[13:06:40.463] [SEVERE ] setting player 5 freeze to -2056
[13:06:40.571] [SEVERE ] updating countdown to 59140
[13:06:40.571] [SEVERE ] setting player 1 freeze to -2164
[13:06:40.571] [SEVERE ] setting player 2 freeze to -2164
[13:06:40.571] [SEVERE ] setting player 3 freeze to -2164
[13:06:40.571] [SEVERE ] setting player 4 freeze to -2164
[13:06:40.571] [SEVERE ] setting player 5 freeze to -2164
[13:06:40.679] [SEVERE ] updating countdown to 59032
[13:06:40.679] [SEVERE ] setting player 1 freeze to -2272
[13:06:40.679] [SEVERE ] setting player 2 freeze to -2272
[13:06:40.679] [SEVERE ] setting player 3 freeze to -2272
[13:06:40.679] [SEVERE ] setting player 4 freeze to -2272
[13:06:40.679] [SEVERE ] setting player 5 freeze to -2272
[13:06:40.726] [SEVERE ] player 3 placing token on slot 2
[13:06:40.786] [SEVERE ] updating countdown to 58925
[13:06:40.786] [SEVERE ] setting player 1 freeze to -2379
[13:06:40.786] [SEVERE ] setting player 2 freeze to -2379
[13:06:40.786] [SEVERE ] setting player 3 freeze to -2379
[13:06:40.786] [SEVERE ] setting player 4 freeze to -2379
[13:06:40.786] [SEVERE ] setting player 5 freeze to -2379
[13:06:40.786] [SEVERE ] updating countdown to 58925
[13:06:40.786] [SEVERE ] setting player 1 freeze to -2379
[13:06:40.786] [SEVERE ] setting player 2 freeze to -2379
[13:06:40.786] [SEVERE ] setting player 3 freeze to -2379
[13:06:40.786] [SEVERE ] setting player 4 freeze to -2379
[13:06:40.786] [SEVERE ] setting player 5 freeze to -2379
[13:06:40.902] [SEVERE ] updating countdown to 58809
[13:06:40.902] [SEVERE ] setting player 1 freeze to -2495
[13:06:40.902] [SEVERE ] setting player 2 freeze to -2495
[13:06:40.902] [SEVERE ] setting player 3 freeze to -2495
[13:06:40.902] [SEVERE ] setting player 4 freeze to -2495
[13:06:40.902] [SEVERE ] setting player 5 freeze to -116
[13:06:41.013] [SEVERE ] updating countdown to 58698
[13:06:41.013] [SEVERE ] setting player 1 freeze to -2606
[13:06:41.013] [SEVERE ] setting player 2 freeze to -2606
[13:06:41.013] [SEVERE ] setting player 3 freeze to -2606
[13:06:41.013] [SEVERE ] setting player 4 freeze to -2606
[13:06:41.014] [SEVERE ] setting player 5 freeze to -228
[13:06:41.046] [SEVERE ] removing player 5 token from slot 2
[13:06:41.121] [SEVERE ] updating countdown to 58590
[13:06:41.121] [SEVERE ] setting player 1 freeze to -2714
[13:06:41.122] [SEVERE ] setting player 2 freeze to -2715
[13:06:41.122] [SEVERE ] setting player 3 freeze to -2715
[13:06:41.122] [SEVERE ] setting player 4 freeze to -2715
[13:06:41.122] [SEVERE ] setting player 5 freeze to -336
[13:06:41.229] [SEVERE ] updating countdown to 58482
[13:06:41.229] [SEVERE ] setting player 1 freeze to -2822
[13:06:41.229] [SEVERE ] setting player 2 freeze to -2822
[13:06:41.229] [SEVERE ] setting player 3 freeze to -2822
[13:06:41.229] [SEVERE ] setting player 4 freeze to -2822
[13:06:41.229] [SEVERE ] setting player 5 freeze to -443
[13:06:41.303] [SEVERE ] player 5 placing token on slot 10
[13:06:41.342] [SEVERE ] updating countdown to 58369
[13:06:41.342] [SEVERE ] setting player 1 freeze to -2935
[13:06:41.343] [SEVERE ] setting player 2 freeze to -2936
[13:06:41.343] [SEVERE ] setting player 3 freeze to -2936
[13:06:41.343] [SEVERE ] setting player 4 freeze to -2936
[13:06:41.343] [SEVERE ] setting player 5 freeze to -557
[13:06:41.343] [SEVERE ] updating countdown to 58368
[13:06:41.343] [SEVERE ] setting player 1 freeze to -2936
[13:06:41.343] [SEVERE ] setting player 2 freeze to -2936
[13:06:41.343] [SEVERE ] setting player 3 freeze to -2936
[13:06:41.344] [SEVERE ] setting player 4 freeze to -2937
[13:06:41.344] [SEVERE ] setting player 5 freeze to -558
[13:06:41.449] [SEVERE ] updating countdown to 58262
[13:06:41.449] [SEVERE ] setting player 1 freeze to -3042
[13:06:41.449] [SEVERE ] setting player 2 freeze to -3042
[13:06:41.449] [SEVERE ] setting player 3 freeze to -3042
[13:06:41.449] [SEVERE ] setting player 4 freeze to -104
[13:06:41.449] [SEVERE ] setting player 5 freeze to -663
[13:06:41.449] [SEVERE ] updating countdown to 58262
[13:06:41.449] [SEVERE ] setting player 1 freeze to -3042
[13:06:41.449] [SEVERE ] setting player 2 freeze to -3042
[13:06:41.449] [SEVERE ] setting player 3 freeze to -3042
[13:06:41.449] [SEVERE ] setting player 4 freeze to -104
[13:06:41.449] [SEVERE ] setting player 5 freeze to -663
[13:06:41.566] [SEVERE ] updating countdown to 58145
[13:06:41.566] [SEVERE ] setting player 1 freeze to -3159
[13:06:41.566] [SEVERE ] setting player 2 freeze to -3159
[13:06:41.566] [SEVERE ] setting player 3 freeze to -117
[13:06:41.566] [SEVERE ] setting player 4 freeze to -221
[13:06:41.566] [SEVERE ] setting player 5 freeze to -780
[13:06:41.599] [SEVERE ] removing player 4 token from slot 8
[13:06:41.674] [SEVERE ] updating countdown to 58037
[13:06:41.674] [SEVERE ] setting player 1 freeze to -3267
[13:06:41.674] [SEVERE ] setting player 2 freeze to -3267
[13:06:41.674] [SEVERE ] setting player 3 freeze to -225
[13:06:41.674] [SEVERE ] setting player 4 freeze to -329
[13:06:41.674] [SEVERE ] setting player 5 freeze to -888
[13:06:41.706] [SEVERE ] removing player 3 token from slot 7
[13:06:41.781] [SEVERE ] updating countdown to 57930
[13:06:41.781] [SEVERE ] setting player 1 freeze to -3374
[13:06:41.781] [SEVERE ] setting player 2 freeze to -3374
[13:06:41.781] [SEVERE ] setting player 3 freeze to -332
[13:06:41.781] [SEVERE ] setting player 4 freeze to -436
[13:06:41.781] [SEVERE ] setting player 5 freeze to -995
[13:06:41.856] [SEVERE ] player 4 placing token on slot 0
[13:06:41.884] [SEVERE ] updating countdown to 57827
[13:06:41.884] [SEVERE ] setting player 1 freeze to -3477
[13:06:41.884] [SEVERE ] setting player 2 freeze to -3477
[13:06:41.884] [SEVERE ] setting player 3 freeze to -435
[13:06:41.884] [SEVERE ] setting player 4 freeze to -539
[13:06:41.884] [SEVERE ] setting player 5 freeze to -1098
[13:06:41.884] [SEVERE ] updating countdown to 57827
[13:06:41.884] [SEVERE ] setting player 1 freeze to -3477
[13:06:41.884] [SEVERE ] setting player 2 freeze to -3477
[13:06:41.884] [SEVERE ] setting player 3 freeze to -435
[13:06:41.884] [SEVERE ] setting player 4 freeze to -539
[13:06:41.884] [SEVERE ] setting player 5 freeze to -1098
[13:06:41.968] [SEVERE ] player 3 placing token on slot 4
[13:06:41.988] [SEVERE ] removing card from slot 2
[13:06:41.989] [SEVERE ] removing player 3 token from slot 2
[13:06:42.090] [SEVERE ] removing card from slot 9
[13:06:42.090] [SEVERE ] removing player 3 token from slot 9
[13:06:42.090] [SEVERE ] setting player 3 score to 1
[13:06:42.199] [SEVERE ] placing card 10 in slot 2
[13:06:42.199] [SEVERE ] updating countdown to 60000
[13:06:42.199] [SEVERE ] setting player 1 freeze to -3792
[13:06:42.199] [SEVERE ] setting player 2 freeze to -3792
[13:06:42.199] [SEVERE ] setting player 3 freeze to -109
[13:06:42.199] [SEVERE ] setting player 4 freeze to -854
[13:06:42.199] [SEVERE ] setting player 5 freeze to -1413
[13:06:42.301] [SEVERE ] placing card 12 in slot 9
[13:06:42.302] [SEVERE ] updating countdown to 60000
[13:06:42.302] [SEVERE ] setting player 1 freeze to -3895
[13:06:42.302] [SEVERE ] setting player 2 freeze to -3895
[13:06:42.302] [SEVERE ] setting player 3 freeze to -212
[13:06:42.302] [SEVERE ] setting player 4 freeze to -957
[13:06:42.302] [SEVERE ] setting player 5 freeze to -1516
[13:06:42.411] [SEVERE ] updating countdown to 59891
[13:06:42.412] [SEVERE ] setting player 1 freeze to -4005
[13:06:42.412] [SEVERE ] setting player 2 freeze to -4005
[13:06:42.412] [SEVERE ] setting player 3 freeze to -322
[13:06:42.412] [SEVERE ] setting player 4 freeze to -1067
[13:06:42.412] [SEVERE ] setting player 5 freeze to -1626
[13:06:42.513] [SEVERE ] updating countdown to 59789
[13:06:42.513] [SEVERE ] setting player 1 freeze to -4106
[13:06:42.514] [SEVERE ] setting player 2 freeze to -4107
[13:06:42.514] [SEVERE ] setting player 3 freeze to -424
[13:06:42.514] [SEVERE ] setting player 4 freeze to -1169
[13:06:42.514] [SEVERE ] setting player 5 freeze to -1728
[13:06:42.622] [SEVERE ] updating countdown to 59680
[13:06:42.622] [SEVERE ] setting player 1 freeze to -4215
[13:06:42.622] [SEVERE ] setting player 2 freeze to -4215
[13:06:42.622] [SEVERE ] setting player 3 freeze to -532
[13:06:42.623] [SEVERE ] setting player 4 freeze to -1278
[13:06:42.623] [SEVERE ] setting player 5 freeze to -1837
[13:06:42.735] [SEVERE ] updating countdown to 59567
[13:06:42.735] [SEVERE ] setting player 1 freeze to -4328
[13:06:42.735] [SEVERE ] setting player 2 freeze to -4328
[13:06:42.735] [SEVERE ] setting player 3 freeze to -645
[13:06:42.735] [SEVERE ] setting player 4 freeze to -1390
[13:06:42.736] [SEVERE ] setting player 5 freeze to -1950
[13:06:42.846] [SEVERE ] updating countdown to 59456
[13:06:42.846] [SEVERE ] setting player 1 freeze to -4439
[13:06:42.847] [SEVERE ] setting player 2 freeze to -4440
[13:06:42.847] [SEVERE ] setting player 3 freeze to -757
[13:06:42.847] [SEVERE ] setting player 4 freeze to -1502
[13:06:42.847] [SEVERE ] setting player 5 freeze to -2061
[13:06:42.961] [SEVERE ] updating countdown to 59341
[13:06:42.961] [SEVERE ] setting player 1 freeze to -4554
[13:06:42.961] [SEVERE ] setting player 2 freeze to -4554
[13:06:42.961] [SEVERE ] setting player 3 freeze to -871
[13:06:42.961] [SEVERE ] setting player 4 freeze to -1616
[13:06:42.961] [SEVERE ] setting player 5 freeze to -2175
[13:06:43.071] [SEVERE ] updating countdown to 59231
[13:06:43.072] [SEVERE ] setting player 1 freeze to -4664
[13:06:43.072] [SEVERE ] setting player 2 freeze to -4665
[13:06:43.072] [SEVERE ] setting player 3 freeze to -982
[13:06:43.072] [SEVERE ] setting player 4 freeze to -1727
[13:06:43.072] [SEVERE ] setting player 5 freeze to -2286
[13:06:43.182] [SEVERE ] updating countdown to 59120
[13:06:43.182] [SEVERE ] setting player 1 freeze to -4775
[13:06:43.182] [SEVERE ] setting player 2 freeze to -4775
[13:06:43.182] [SEVERE ] setting player 3 freeze to -1092
[13:06:43.182] [SEVERE ] setting player 4 freeze to -1837
[13:06:43.182] [SEVERE ] setting player 5 freeze to -2396
[13:06:43.287] [SEVERE ] updating countdown to 59015
[13:06:43.287] [SEVERE ] setting player 1 freeze to -4880
[13:06:43.287] [SEVERE ] setting player 2 freeze to -4880
[13:06:43.287] [SEVERE ] setting player 3 freeze to -1197
[13:06:43.287] [SEVERE ] setting player 4 freeze to -1942
[13:06:43.287] [SEVERE ] setting player 5 freeze to -2501
[13:06:43.389] [SEVERE ] updating countdown to 58913
[13:06:43.389] [SEVERE ] setting player 1 freeze to -4982
[13:06:43.389] [SEVERE ] setting player 2 freeze to -4982
[13:06:43.389] [SEVERE ] setting player 3 freeze to -1299
[13:06:43.389] [SEVERE ] setting player 4 freeze to -2044
[13:06:43.389] [SEVERE ] setting player 5 freeze to -2603
[13:06:43.492] [SEVERE ] updating countdown to 58810
[13:06:43.492] [SEVERE ] setting player 1 freeze to -5085
[13:06:43.492] [SEVERE ] setting player 2 freeze to -5085
[13:06:43.492] [SEVERE ] setting player 3 freeze to -1402
[13:06:43.492] [SEVERE ] setting player 4 freeze to -2147
[13:06:43.493] [SEVERE ] setting player 5 freeze to -2707
[13:06:43.605] [SEVERE ] updating countdown to 58697
[13:06:43.605] [SEVERE ] setting player 1 freeze to -5198
[13:06:43.605] [SEVERE ] setting player 2 freeze to -5198
[13:06:43.605] [SEVERE ] setting player 3 freeze to -1515
[13:06:43.605] [SEVERE ] setting player 4 freeze to -2260
[13:06:43.605] [SEVERE ] setting player 5 freeze to -2819
[13:06:43.723] [SEVERE ] updating countdown to 58579
[13:06:43.723] [SEVERE ] setting player 1 freeze to -5316
[13:06:43.723] [SEVERE ] setting player 2 freeze to -5316
[13:06:43.723] [SEVERE ] setting player 3 freeze to -1633
[13:06:43.723] [SEVERE ] setting player 4 freeze to -2378
[13:06:43.723] [SEVERE ] setting player 5 freeze to -2937
[13:06:43.831] [SEVERE ] updating countdown to 58471
[13:06:43.831] [SEVERE ] setting player 1 freeze to -5424
[13:06:43.831] [SEVERE ] setting player 2 freeze to -5424
[13:06:43.831] [SEVERE ] setting player 3 freeze to -1741
[13:06:43.831] [SEVERE ] setting player 4 freeze to -2486
[13:06:43.831] [SEVERE ] setting player 5 freeze to -3045
[13:06:43.943] [SEVERE ] updating countdown to 58359
[13:06:43.943] [SEVERE ] setting player 1 freeze to -5536
[13:06:43.943] [SEVERE ] setting player 2 freeze to -5536
[13:06:43.944] [SEVERE ] setting player 3 freeze to -1853
[13:06:43.944] [SEVERE ] setting player 4 freeze to -2599
[13:06:43.944] [SEVERE ] setting player 5 freeze to -3158
[13:06:44.045] [SEVERE ] updating countdown to 58257
[13:06:44.045] [SEVERE ] setting player 1 freeze to -5638
[13:06:44.045] [SEVERE ] setting player 2 freeze to -5638
[13:06:44.045] [SEVERE ] setting player 3 freeze to -1955
[13:06:44.045] [SEVERE ] setting player 4 freeze to -2700
[13:06:44.045] [SEVERE ] setting player 5 freeze to -3259
[13:06:44.157] [SEVERE ] updating countdown to 58145
[13:06:44.157] [SEVERE ] setting player 1 freeze to -5750
[13:06:44.157] [SEVERE ] setting player 2 freeze to -5750
[13:06:44.157] [SEVERE ] setting player 3 freeze to -2067
[13:06:44.157] [SEVERE ] setting player 4 freeze to -2812
[13:06:44.157] [SEVERE ] setting player 5 freeze to -3371
[13:06:44.268] [SEVERE ] updating countdown to 58034
[13:06:44.268] [SEVERE ] setting player 1 freeze to -5861
[13:06:44.268] [SEVERE ] setting player 2 freeze to -5861
[13:06:44.268] [SEVERE ] setting player 3 freeze to -2178
[13:06:44.268] [SEVERE ] setting player 4 freeze to -2923
[13:06:44.268] [SEVERE ] setting player 5 freeze to -3482
[13:06:44.372] [SEVERE ] updating countdown to 57930
[13:06:44.372] [SEVERE ] setting player 1 freeze to -5965
[13:06:44.372] [SEVERE ] setting player 2 freeze to -5965
[13:06:44.372] [SEVERE ] setting player 3 freeze to -2282
[13:06:44.372] [SEVERE ] setting player 4 freeze to -3027
[13:06:44.372] [SEVERE ] setting player 5 freeze to -3586
[13:06:44.482] [SEVERE ] updating countdown to 57820
[13:06:44.482] [SEVERE ] setting player 1 freeze to -6075
[13:06:44.482] [SEVERE ] setting player 2 freeze to -6075
[13:06:44.482] [SEVERE ] setting player 3 freeze to -2392
[13:06:44.482] [SEVERE ] setting player 4 freeze to -3137
[13:06:44.482] [SEVERE ] setting player 5 freeze to -3696
[13:06:44.585] [SEVERE ] updating countdown to 57717
[13:06:44.585] [SEVERE ] setting player 1 freeze to -6178
[13:06:44.585] [SEVERE ] setting player 2 freeze to -6178
[13:06:44.585] [SEVERE ] setting player 3 freeze to -2495
[13:06:44.585] [SEVERE ] setting player 4 freeze to -3240
[13:06:44.585] [SEVERE ] setting player 5 freeze to -3799
[13:06:44.693] [SEVERE ] updating countdown to 57609
[13:06:44.693] [SEVERE ] setting player 1 freeze to -6286
[13:06:44.693] [SEVERE ] setting player 2 freeze to -6286
[13:06:44.693] [SEVERE ] setting player 3 freeze to -2603
[13:06:44.693] [SEVERE ] setting player 4 freeze to -3348
[13:06:44.693] [SEVERE ] setting player 5 freeze to -3907
