[00:06:46.148] [INFO   ] thread main starting.
[00:06:46.154] [SEVERE ] cannot read configuration file config.properties trying from resources.
[00:06:46.155] [SEVERE ] configuration file was loaded from resources directory.
[00:06:46.512] [INFO   ] thread dealer starting.
[00:06:46.512] [INFO   ] thread dealer starting.
[00:06:46.512] [INFO   ] thread Player #0 starting.
[00:06:46.512] [INFO   ] thread Player #1 starting.
[00:06:46.631] [SEVERE ] placing card 19 in slot 0
[00:06:46.633] [SEVERE ] updating countdown to 60000
[00:06:46.635] [SEVERE ] setting player 1 freeze to -123
[00:06:46.637] [SEVERE ] setting player 2 freeze to -125
[00:06:46.739] [SEVERE ] placing card 48 in slot 1
[00:06:46.739] [SEVERE ] updating countdown to 60000
[00:06:46.739] [SEVERE ] setting player 1 freeze to -227
[00:06:46.740] [SEVERE ] setting player 2 freeze to -228
[00:06:46.847] [SEVERE ] placing card 20 in slot 2
[00:06:46.848] [SEVERE ] updating countdown to 60000
[00:06:46.848] [SEVERE ] setting player 1 freeze to -336
[00:06:46.848] [SEVERE ] setting player 2 freeze to -336
[00:06:46.955] [SEVERE ] placing card 2 in slot 3
[00:06:46.956] [SEVERE ] updating countdown to 60000
[00:06:46.956] [SEVERE ] setting player 1 freeze to -444
[00:06:46.956] [SEVERE ] setting player 2 freeze to -444
[00:06:47.072] [SEVERE ] placing card 13 in slot 4
[00:06:47.073] [SEVERE ] updating countdown to 60000
[00:06:47.073] [SEVERE ] setting player 1 freeze to -561
[00:06:47.073] [SEVERE ] setting player 2 freeze to -561
[00:06:47.174] [SEVERE ] placing card 16 in slot 5
[00:06:47.174] [SEVERE ] updating countdown to 60000
[00:06:47.174] [SEVERE ] setting player 1 freeze to -662
[00:06:47.174] [SEVERE ] setting player 2 freeze to -662
[00:06:47.277] [SEVERE ] placing card 59 in slot 6
[00:06:47.277] [SEVERE ] updating countdown to 60000
[00:06:47.277] [SEVERE ] setting player 1 freeze to -765
[00:06:47.277] [SEVERE ] setting player 2 freeze to -765
[00:06:47.397] [SEVERE ] placing card 66 in slot 7
[00:06:47.397] [SEVERE ] updating countdown to 60000
[00:06:47.397] [SEVERE ] setting player 1 freeze to -885
[00:06:47.397] [SEVERE ] setting player 2 freeze to -885
[00:06:47.499] [SEVERE ] placing card 43 in slot 8
[00:06:47.499] [SEVERE ] updating countdown to 60000
[00:06:47.499] [SEVERE ] setting player 1 freeze to -987
[00:06:47.499] [SEVERE ] setting player 2 freeze to -987
[00:06:47.613] [SEVERE ] placing card 30 in slot 9
[00:06:47.613] [SEVERE ] updating countdown to 60000
[00:06:47.613] [SEVERE ] setting player 1 freeze to -1101
[00:06:47.613] [SEVERE ] setting player 2 freeze to -1101
[00:06:47.715] [SEVERE ] placing card 80 in slot 10
[00:06:47.715] [SEVERE ] updating countdown to 60000
[00:06:47.715] [SEVERE ] setting player 1 freeze to -1203
[00:06:47.715] [SEVERE ] setting player 2 freeze to -1203
[00:06:47.829] [SEVERE ] placing card 65 in slot 11
[00:06:47.829] [SEVERE ] updating countdown to 60000
[00:06:47.829] [SEVERE ] setting player 1 freeze to -1317
[00:06:47.829] [SEVERE ] setting player 2 freeze to -1317
[00:06:48.616] [SEVERE ] key 81 was pressed by player 1
[00:06:48.616] [SEVERE ] player 1 placing token on slot 0
[00:06:48.831] [SEVERE ] updating countdown to 58998
[00:06:48.831] [SEVERE ] setting player 1 freeze to -2319
[00:06:48.831] [SEVERE ] setting player 2 freeze to -2319
[00:06:49.234] [SEVERE ] key 87 was pressed by player 1
[00:06:49.234] [SEVERE ] player 1 placing token on slot 1
[00:06:49.718] [SEVERE ] key 69 was pressed by player 1
[00:06:49.718] [SEVERE ] player 1 placing token on slot 2
[00:06:49.838] [SEVERE ] updating countdown to 57991
[00:06:49.838] [SEVERE ] setting player 1 freeze to -3326
[00:06:49.838] [SEVERE ] setting player 2 freeze to -3326
[00:06:50.851] [SEVERE ] updating countdown to 56978
[00:06:50.851] [SEVERE ] setting player 1 freeze to -4339
[00:06:50.851] [SEVERE ] setting player 2 freeze to -4339
[00:06:51.854] [SEVERE ] updating countdown to 55975
[00:06:51.854] [SEVERE ] setting player 1 freeze to -5342
[00:06:51.854] [SEVERE ] setting player 2 freeze to -5342
[00:06:52.856] [SEVERE ] updating countdown to 54973
[00:06:52.856] [SEVERE ] setting player 1 freeze to -6344
[00:06:52.856] [SEVERE ] setting player 2 freeze to -6344
[00:06:53.871] [SEVERE ] updating countdown to 53958
[00:06:53.871] [SEVERE ] setting player 1 freeze to -7359
[00:06:53.871] [SEVERE ] setting player 2 freeze to -7359
[00:06:54.882] [SEVERE ] updating countdown to 52947
[00:06:54.882] [SEVERE ] setting player 1 freeze to -8370
[00:06:54.882] [SEVERE ] setting player 2 freeze to -8370
[00:06:55.897] [SEVERE ] updating countdown to 51932
[00:06:55.897] [SEVERE ] setting player 1 freeze to -9385
[00:06:55.897] [SEVERE ] setting player 2 freeze to -9385
[00:06:56.901] [SEVERE ] updating countdown to 50928
[00:06:56.901] [SEVERE ] setting player 1 freeze to -10389
[00:06:56.901] [SEVERE ] setting player 2 freeze to -10389
[00:06:57.916] [SEVERE ] updating countdown to 49913
[00:06:57.917] [SEVERE ] setting player 1 freeze to -11405
[00:06:57.917] [SEVERE ] setting player 2 freeze to -11405
