[00:25:41.850] [INFO   ] thread main starting.
[00:25:41.857] [SEVERE ] cannot read configuration file config.properties trying from resources.
[00:25:41.858] [SEVERE ] configuration file was loaded from resources directory.
[00:25:42.254] [INFO   ] thread dealer starting.
[00:25:42.255] [INFO   ] thread dealer starting.
[00:25:42.256] [INFO   ] thread Player #1 starting.
[00:25:42.256] [INFO   ] thread Player #0 starting.
[00:25:42.373] [SEVERE ] placing card 15 in slot 0
[00:25:42.373] [SEVERE ] updating countdown to 60000
[00:25:42.374] [SEVERE ] setting player 1 freeze to -120
[00:25:42.376] [SEVERE ] setting player 2 freeze to -122
[00:25:42.483] [SEVERE ] placing card 65 in slot 1
[00:25:42.484] [SEVERE ] updating countdown to 60000
[00:25:42.484] [SEVERE ] setting player 1 freeze to -230
[00:25:42.484] [SEVERE ] setting player 2 freeze to -230
[00:25:42.590] [SEVERE ] placing card 60 in slot 2
[00:25:42.591] [SEVERE ] updating countdown to 60000
[00:25:42.592] [SEVERE ] setting player 1 freeze to -338
[00:25:42.592] [SEVERE ] setting player 2 freeze to -338
[00:25:42.697] [SEVERE ] placing card 16 in slot 3
[00:25:42.697] [SEVERE ] updating countdown to 60000
[00:25:42.697] [SEVERE ] setting player 1 freeze to -443
[00:25:42.697] [SEVERE ] setting player 2 freeze to -443
[00:25:42.809] [SEVERE ] placing card 66 in slot 4
[00:25:42.809] [SEVERE ] updating countdown to 60000
[00:25:42.809] [SEVERE ] setting player 1 freeze to -555
[00:25:42.809] [SEVERE ] setting player 2 freeze to -555
[00:25:42.924] [SEVERE ] placing card 69 in slot 5
[00:25:42.924] [SEVERE ] updating countdown to 60000
[00:25:42.924] [SEVERE ] setting player 1 freeze to -670
[00:25:42.924] [SEVERE ] setting player 2 freeze to -670
[00:25:43.026] [SEVERE ] placing card 68 in slot 6
[00:25:43.026] [SEVERE ] updating countdown to 60000
[00:25:43.026] [SEVERE ] setting player 1 freeze to -772
[00:25:43.026] [SEVERE ] setting player 2 freeze to -772
[00:25:43.146] [SEVERE ] placing card 32 in slot 7
[00:25:43.147] [SEVERE ] updating countdown to 60000
[00:25:43.147] [SEVERE ] setting player 1 freeze to -893
[00:25:43.147] [SEVERE ] setting player 2 freeze to -893
[00:25:43.273] [SEVERE ] placing card 67 in slot 8
[00:25:43.273] [SEVERE ] updating countdown to 60000
[00:25:43.273] [SEVERE ] setting player 1 freeze to -1019
[00:25:43.273] [SEVERE ] setting player 2 freeze to -1019
[00:25:43.379] [SEVERE ] placing card 9 in slot 9
[00:25:43.379] [SEVERE ] updating countdown to 60000
[00:25:43.379] [SEVERE ] setting player 1 freeze to -1125
[00:25:43.379] [SEVERE ] setting player 2 freeze to -1125
[00:25:43.494] [SEVERE ] placing card 25 in slot 10
[00:25:43.494] [SEVERE ] updating countdown to 60000
[00:25:43.494] [SEVERE ] setting player 1 freeze to -1240
[00:25:43.494] [SEVERE ] setting player 2 freeze to -1240
[00:25:43.597] [SEVERE ] placing card 34 in slot 11
[00:25:43.597] [SEVERE ] updating countdown to 60000
[00:25:43.597] [SEVERE ] setting player 1 freeze to -1343
[00:25:43.597] [SEVERE ] setting player 2 freeze to -1343
[00:25:43.711] [SEVERE ] updating countdown to 59886
[00:25:43.711] [SEVERE ] setting player 1 freeze to -1457
[00:25:43.711] [SEVERE ] setting player 2 freeze to -1457
[00:25:43.814] [SEVERE ] updating countdown to 59783
[00:25:43.814] [SEVERE ] setting player 1 freeze to -1560
[00:25:43.814] [SEVERE ] setting player 2 freeze to -1560
[00:25:43.927] [SEVERE ] updating countdown to 59670
[00:25:43.927] [SEVERE ] setting player 1 freeze to -1673
[00:25:43.927] [SEVERE ] setting player 2 freeze to -1673
[00:25:44.029] [SEVERE ] updating countdown to 59568
[00:25:44.029] [SEVERE ] setting player 1 freeze to -1775
[00:25:44.029] [SEVERE ] setting player 2 freeze to -1775
[00:25:44.150] [SEVERE ] updating countdown to 59447
[00:25:44.150] [SEVERE ] setting player 1 freeze to -1896
[00:25:44.150] [SEVERE ] setting player 2 freeze to -1896
[00:25:44.265] [SEVERE ] updating countdown to 59332
[00:25:44.265] [SEVERE ] setting player 1 freeze to -2011
[00:25:44.265] [SEVERE ] setting player 2 freeze to -2011
[00:25:44.367] [SEVERE ] updating countdown to 59230
[00:25:44.367] [SEVERE ] setting player 1 freeze to -2113
[00:25:44.367] [SEVERE ] setting player 2 freeze to -2113
[00:25:44.482] [SEVERE ] updating countdown to 59115
[00:25:44.482] [SEVERE ] setting player 1 freeze to -2228
[00:25:44.482] [SEVERE ] setting player 2 freeze to -2228
[00:25:44.583] [SEVERE ] updating countdown to 59014
[00:25:44.583] [SEVERE ] setting player 1 freeze to -2329
[00:25:44.583] [SEVERE ] setting player 2 freeze to -2329
[00:25:44.698] [SEVERE ] updating countdown to 58899
[00:25:44.698] [SEVERE ] setting player 1 freeze to -2444
[00:25:44.698] [SEVERE ] setting player 2 freeze to -2444
[00:25:44.800] [SEVERE ] updating countdown to 58797
[00:25:44.800] [SEVERE ] setting player 1 freeze to -2546
[00:25:44.800] [SEVERE ] setting player 2 freeze to -2546
[00:25:44.914] [SEVERE ] updating countdown to 58683
[00:25:44.914] [SEVERE ] setting player 1 freeze to -2660
[00:25:44.914] [SEVERE ] setting player 2 freeze to -2660
[00:25:45.030] [SEVERE ] updating countdown to 58567
[00:25:45.030] [SEVERE ] setting player 1 freeze to -2776
[00:25:45.030] [SEVERE ] setting player 2 freeze to -2776
[00:25:45.102] [SEVERE ] key 81 was pressed by player 1
[00:25:45.102] [SEVERE ] player 1 placing token on slot 0
[00:25:45.142] [SEVERE ] updating countdown to 58455
[00:25:45.142] [SEVERE ] setting player 1 freeze to -2888
[00:25:45.142] [SEVERE ] setting player 2 freeze to -2888
[00:25:45.183] [SEVERE ] key 87 was pressed by player 1
[00:25:45.183] [SEVERE ] player 1 placing token on slot 1
[00:25:45.252] [SEVERE ] updating countdown to 58345
[00:25:45.253] [SEVERE ] setting player 1 freeze to -2999
[00:25:45.253] [SEVERE ] setting player 2 freeze to -2999
[00:25:45.308] [SEVERE ] key 69 was pressed by player 1
[00:25:45.308] [SEVERE ] player 1 placing token on slot 2
[00:25:45.322] [SEVERE ] updating countdown to 58275
[00:25:45.322] [SEVERE ] setting player 1 freeze to -3068
[00:25:45.322] [SEVERE ] setting player 2 freeze to -3068
[00:25:45.436] [SEVERE ] updating countdown to 58161
[00:25:45.436] [SEVERE ] setting player 1 freeze to 886
[00:25:45.436] [SEVERE ] setting player 2 freeze to -3182
[00:25:45.538] [SEVERE ] updating countdown to 58059
[00:25:45.538] [SEVERE ] setting player 1 freeze to 784
[00:25:45.538] [SEVERE ] setting player 2 freeze to -3284
[00:25:45.654] [SEVERE ] updating countdown to 57943
[00:25:45.654] [SEVERE ] setting player 1 freeze to 668
[00:25:45.654] [SEVERE ] setting player 2 freeze to -3400
[00:25:45.755] [SEVERE ] updating countdown to 57842
[00:25:45.755] [SEVERE ] setting player 1 freeze to 567
[00:25:45.755] [SEVERE ] setting player 2 freeze to -3501
[00:25:45.870] [SEVERE ] updating countdown to 57727
[00:25:45.870] [SEVERE ] setting player 1 freeze to 452
[00:25:45.870] [SEVERE ] setting player 2 freeze to -3616
[00:25:45.972] [SEVERE ] updating countdown to 57625
[00:25:45.972] [SEVERE ] setting player 1 freeze to 350
[00:25:45.972] [SEVERE ] setting player 2 freeze to -3718
[00:25:46.086] [SEVERE ] updating countdown to 57511
[00:25:46.086] [SEVERE ] setting player 1 freeze to 236
[00:25:46.086] [SEVERE ] setting player 2 freeze to -3832
[00:25:46.188] [SEVERE ] updating countdown to 57409
[00:25:46.188] [SEVERE ] setting player 1 freeze to 134
[00:25:46.188] [SEVERE ] setting player 2 freeze to -3934
[00:25:46.302] [SEVERE ] updating countdown to 57295
[00:25:46.302] [SEVERE ] setting player 1 freeze to 20
[00:25:46.302] [SEVERE ] setting player 2 freeze to -4048
[00:25:46.413] [SEVERE ] updating countdown to 57184
[00:25:46.413] [SEVERE ] setting player 1 freeze to -91
[00:25:46.413] [SEVERE ] setting player 2 freeze to -4159
[00:25:46.521] [SEVERE ] updating countdown to 57076
[00:25:46.522] [SEVERE ] setting player 1 freeze to -200
[00:25:46.522] [SEVERE ] setting player 2 freeze to -4268
[00:25:46.630] [SEVERE ] updating countdown to 56967
[00:25:46.630] [SEVERE ] setting player 1 freeze to -308
[00:25:46.630] [SEVERE ] setting player 2 freeze to -4376
[00:25:46.733] [SEVERE ] updating countdown to 56864
[00:25:46.733] [SEVERE ] setting player 1 freeze to -411
[00:25:46.733] [SEVERE ] setting player 2 freeze to -4479
[00:25:46.840] [SEVERE ] updating countdown to 56757
[00:25:46.841] [SEVERE ] setting player 1 freeze to -519
[00:25:46.841] [SEVERE ] setting player 2 freeze to -4587
[00:25:46.948] [SEVERE ] updating countdown to 56649
[00:25:46.948] [SEVERE ] setting player 1 freeze to -626
[00:25:46.948] [SEVERE ] setting player 2 freeze to -4694
[00:25:47.057] [SEVERE ] updating countdown to 56540
[00:25:47.057] [SEVERE ] setting player 1 freeze to -735
[00:25:47.057] [SEVERE ] setting player 2 freeze to -4803
[00:25:47.167] [SEVERE ] updating countdown to 56430
[00:25:47.167] [SEVERE ] setting player 1 freeze to -845
[00:25:47.167] [SEVERE ] setting player 2 freeze to -4913
[00:25:47.275] [SEVERE ] updating countdown to 56322
[00:25:47.275] [SEVERE ] setting player 1 freeze to -953
[00:25:47.275] [SEVERE ] setting player 2 freeze to -5021
[00:25:47.383] [SEVERE ] updating countdown to 56214
[00:25:47.383] [SEVERE ] setting player 1 freeze to -1061
[00:25:47.383] [SEVERE ] setting player 2 freeze to -5129
[00:25:47.489] [SEVERE ] updating countdown to 56109
[00:25:47.489] [SEVERE ] setting player 1 freeze to -1167
[00:25:47.489] [SEVERE ] setting player 2 freeze to -5235
[00:25:47.601] [SEVERE ] updating countdown to 55996
[00:25:47.601] [SEVERE ] setting player 1 freeze to -1279
[00:25:47.601] [SEVERE ] setting player 2 freeze to -5347
[00:25:47.712] [SEVERE ] updating countdown to 55885
[00:25:47.712] [SEVERE ] setting player 1 freeze to -1390
[00:25:47.712] [SEVERE ] setting player 2 freeze to -5458
[00:25:47.815] [SEVERE ] updating countdown to 55782
[00:25:47.816] [SEVERE ] setting player 1 freeze to -1494
[00:25:47.816] [SEVERE ] setting player 2 freeze to -5562
[00:25:47.918] [SEVERE ] updating countdown to 55679
[00:25:47.918] [SEVERE ] setting player 1 freeze to -1596
[00:25:47.918] [SEVERE ] setting player 2 freeze to -5664
[00:25:48.030] [SEVERE ] updating countdown to 55567
[00:25:48.030] [SEVERE ] setting player 1 freeze to -1708
[00:25:48.030] [SEVERE ] setting player 2 freeze to -5776
[00:25:48.137] [SEVERE ] updating countdown to 55460
[00:25:48.138] [SEVERE ] setting player 1 freeze to -1816
[00:25:48.138] [SEVERE ] setting player 2 freeze to -5884
[00:25:48.246] [SEVERE ] updating countdown to 55351
[00:25:48.246] [SEVERE ] setting player 1 freeze to -1924
[00:25:48.246] [SEVERE ] setting player 2 freeze to -5992
