[12:30:38.143] [INFO   ] thread main starting.
[12:30:38.151] [SEVERE ] cannot read configuration file config.properties trying from resources.
[12:30:38.154] [SEVERE ] configuration file was loaded from resources directory.
[12:30:38.588] [INFO   ] thread dealer starting.
[12:30:38.589] [INFO   ] thread dealer starting.
[12:30:38.590] [INFO   ] thread Player #0 starting.
[12:30:38.590] [INFO   ] thread Player #1 starting.
[12:30:38.706] [SEVERE ] placing card 5 in slot 0
[12:30:38.707] [SEVERE ] updating countdown to 60000
[12:30:38.708] [SEVERE ] setting player 1 freeze to -120
[12:30:38.710] [SEVERE ] setting player 2 freeze to -122
[12:30:38.817] [SEVERE ] placing card 30 in slot 1
[12:30:38.818] [SEVERE ] updating countdown to 60000
[12:30:38.818] [SEVERE ] setting player 1 freeze to -230
[12:30:38.818] [SEVERE ] setting player 2 freeze to -230
[12:30:38.927] [SEVERE ] placing card 79 in slot 2
[12:30:38.927] [SEVERE ] updating countdown to 60000
[12:30:38.927] [SEVERE ] setting player 1 freeze to -339
[12:30:38.927] [SEVERE ] setting player 2 freeze to -339
[12:30:39.038] [SEVERE ] placing card 64 in slot 3
[12:30:39.038] [SEVERE ] updating countdown to 60000
[12:30:39.039] [SEVERE ] setting player 1 freeze to -451
[12:30:39.040] [SEVERE ] setting player 2 freeze to -452
