[13:51:38.717] [INFO   ] thread main starting.
[13:51:38.726] [SEVERE ] cannot read configuration file config.properties trying from resources.
[13:51:38.728] [SEVERE ] configuration file was loaded from resources directory.
[13:51:39.166] [INFO   ] thread dealer starting.
[13:51:39.167] [INFO   ] thread dealer starting.
[13:51:39.168] [INFO   ] thread Player #0 starting.
[13:51:39.168] [INFO   ] thread Player #4 starting.
[13:51:39.168] [INFO   ] thread Player #3 starting.
[13:51:39.168] [INFO   ] thread Player #2 starting.
[13:51:39.168] [INFO   ] thread Player #1 starting.
[13:51:39.170] [INFO   ] thread computer-3 starting.
[13:51:39.171] [INFO   ] thread computer-2 starting.
[13:51:39.171] [INFO   ] thread computer-4 starting.
[13:51:39.288] [SEVERE ] placing card 11 in slot 0
[13:51:39.288] [SEVERE ] updating countdown to 60000
[13:51:39.291] [SEVERE ] setting player 1 freeze to -125
[13:51:39.291] [SEVERE ] setting player 2 freeze to -125
[13:51:39.291] [SEVERE ] setting player 3 freeze to -125
[13:51:39.292] [SEVERE ] setting player 4 freeze to -126
[13:51:39.292] [SEVERE ] setting player 5 freeze to -126
[13:51:39.396] [SEVERE ] placing card 63 in slot 1
[13:51:39.396] [SEVERE ] updating countdown to 60000
[13:51:39.396] [SEVERE ] setting player 1 freeze to -230
[13:51:39.396] [SEVERE ] setting player 2 freeze to -230
[13:51:39.396] [SEVERE ] setting player 3 freeze to -230
[13:51:39.396] [SEVERE ] setting player 4 freeze to -230
[13:51:39.397] [SEVERE ] setting player 5 freeze to -231
[13:51:39.427] [SEVERE ] player 4 placing token on slot 0
[13:51:39.503] [SEVERE ] placing card 21 in slot 2
[13:51:39.503] [SEVERE ] updating countdown to 60000
[13:51:39.504] [SEVERE ] setting player 1 freeze to -338
[13:51:39.504] [SEVERE ] setting player 2 freeze to -338
[13:51:39.504] [SEVERE ] setting player 3 freeze to -338
[13:51:39.505] [SEVERE ] setting player 4 freeze to -339
[13:51:39.505] [SEVERE ] setting player 5 freeze to -339
[13:51:39.611] [SEVERE ] placing card 80 in slot 3
[13:51:39.611] [SEVERE ] updating countdown to 60000
[13:51:39.612] [SEVERE ] setting player 1 freeze to -446
[13:51:39.612] [SEVERE ] setting player 2 freeze to -446
[13:51:39.612] [SEVERE ] setting player 3 freeze to -446
[13:51:39.612] [SEVERE ] setting player 4 freeze to -446
[13:51:39.612] [SEVERE ] setting player 5 freeze to -446
[13:51:39.690] [SEVERE ] player 4 placing token on slot 3
[13:51:39.722] [SEVERE ] placing card 62 in slot 4
[13:51:39.722] [SEVERE ] updating countdown to 60000
[13:51:39.722] [SEVERE ] setting player 1 freeze to -556
[13:51:39.722] [SEVERE ] setting player 2 freeze to -556
[13:51:39.722] [SEVERE ] setting player 3 freeze to -556
[13:51:39.722] [SEVERE ] setting player 4 freeze to -556
[13:51:39.722] [SEVERE ] setting player 5 freeze to -556
[13:51:39.830] [SEVERE ] placing card 47 in slot 5
[13:51:39.830] [SEVERE ] updating countdown to 60000
[13:51:39.830] [SEVERE ] setting player 1 freeze to -664
[13:51:39.830] [SEVERE ] setting player 2 freeze to -664
[13:51:39.830] [SEVERE ] setting player 3 freeze to -664
[13:51:39.830] [SEVERE ] setting player 4 freeze to -664
[13:51:39.830] [SEVERE ] setting player 5 freeze to -664
[13:51:39.939] [SEVERE ] placing card 59 in slot 6
[13:51:39.940] [SEVERE ] updating countdown to 60000
[13:51:39.940] [SEVERE ] setting player 1 freeze to -774
[13:51:39.940] [SEVERE ] setting player 2 freeze to -774
[13:51:39.940] [SEVERE ] setting player 3 freeze to -774
[13:51:39.940] [SEVERE ] setting player 4 freeze to -774
[13:51:39.941] [SEVERE ] setting player 5 freeze to -775
[13:51:40.048] [SEVERE ] placing card 32 in slot 7
[13:51:40.049] [SEVERE ] updating countdown to 60000
[13:51:40.049] [SEVERE ] setting player 1 freeze to -883
[13:51:40.050] [SEVERE ] setting player 2 freeze to -884
[13:51:40.050] [SEVERE ] setting player 3 freeze to -884
[13:51:40.050] [SEVERE ] setting player 4 freeze to -884
[13:51:40.050] [SEVERE ] setting player 5 freeze to -884
[13:51:40.157] [SEVERE ] placing card 45 in slot 8
[13:51:40.158] [SEVERE ] updating countdown to 60000
[13:51:40.158] [SEVERE ] setting player 1 freeze to -992
[13:51:40.158] [SEVERE ] setting player 2 freeze to -992
[13:51:40.158] [SEVERE ] setting player 3 freeze to -992
[13:51:40.159] [SEVERE ] setting player 4 freeze to -993
[13:51:40.159] [SEVERE ] setting player 5 freeze to -993
[13:51:40.218] [SEVERE ] player 4 placing token on slot 8
[13:51:40.218] [SEVERE ] player 3 placing token on slot 1
[13:51:40.218] [SEVERE ] player 5 placing token on slot 4
[13:51:40.265] [SEVERE ] placing card 25 in slot 9
[13:51:40.265] [SEVERE ] updating countdown to 60000
[13:51:40.265] [SEVERE ] setting player 1 freeze to -1099
[13:51:40.265] [SEVERE ] setting player 2 freeze to -1099
[13:51:40.265] [SEVERE ] setting player 3 freeze to -1099
[13:51:40.266] [SEVERE ] setting player 4 freeze to -1100
[13:51:40.266] [SEVERE ] setting player 5 freeze to -1100
[13:51:40.374] [SEVERE ] placing card 20 in slot 10
[13:51:40.374] [SEVERE ] updating countdown to 60000
[13:51:40.375] [SEVERE ] setting player 1 freeze to -1209
[13:51:40.375] [SEVERE ] setting player 2 freeze to -1209
[13:51:40.375] [SEVERE ] setting player 3 freeze to -1209
[13:51:40.375] [SEVERE ] setting player 4 freeze to -1209
[13:51:40.376] [SEVERE ] setting player 5 freeze to -1210
[13:51:40.470] [SEVERE ] player 3 placing token on slot 5
[13:51:40.484] [SEVERE ] placing card 24 in slot 11
[13:51:40.484] [SEVERE ] player 5 placing token on slot 7
[13:51:40.484] [SEVERE ] updating countdown to 60000
[13:51:40.484] [SEVERE ] setting player 1 freeze to -1318
[13:51:40.484] [SEVERE ] setting player 2 freeze to -1318
[13:51:40.484] [SEVERE ] setting player 3 freeze to -1318
[13:51:40.484] [SEVERE ] setting player 4 freeze to -1318
[13:51:40.485] [SEVERE ] setting player 5 freeze to -1318
[13:51:40.593] [SEVERE ] updating countdown to 59891
[13:51:40.593] [SEVERE ] setting player 1 freeze to -1427
[13:51:40.593] [SEVERE ] setting player 2 freeze to -1427
[13:51:40.594] [SEVERE ] setting player 3 freeze to -1428
[13:51:40.594] [SEVERE ] setting player 4 freeze to -1428
[13:51:40.594] [SEVERE ] setting player 5 freeze to -1428
[13:51:40.702] [SEVERE ] updating countdown to 59782
[13:51:40.702] [SEVERE ] setting player 1 freeze to -1536
[13:51:40.702] [SEVERE ] setting player 2 freeze to -1536
[13:51:40.702] [SEVERE ] setting player 3 freeze to -1536
[13:51:40.702] [SEVERE ] setting player 4 freeze to -1536
[13:51:40.702] [SEVERE ] setting player 5 freeze to -1536
[13:51:40.734] [SEVERE ] player 3 placing token on slot 7
[13:51:40.750] [SEVERE ] removing player 5 token from slot 7
[13:51:40.811] [SEVERE ] updating countdown to 59673
[13:51:40.811] [SEVERE ] setting player 1 freeze to -1645
[13:51:40.811] [SEVERE ] setting player 2 freeze to -1645
[13:51:40.812] [SEVERE ] setting player 3 freeze to -1646
[13:51:40.812] [SEVERE ] setting player 4 freeze to -1646
[13:51:40.812] [SEVERE ] setting player 5 freeze to -1646
[13:51:40.812] [SEVERE ] updating countdown to 59672
[13:51:40.812] [SEVERE ] setting player 1 freeze to -1646
[13:51:40.812] [SEVERE ] setting player 2 freeze to -1646
[13:51:40.813] [SEVERE ] setting player 3 freeze to -1647
[13:51:40.813] [SEVERE ] setting player 4 freeze to -1647
[13:51:40.813] [SEVERE ] setting player 5 freeze to -1647
[13:51:40.921] [SEVERE ] updating countdown to 59563
[13:51:40.921] [SEVERE ] setting player 1 freeze to -1755
[13:51:40.921] [SEVERE ] setting player 2 freeze to -1755
[13:51:40.921] [SEVERE ] setting player 3 freeze to -1755
[13:51:40.921] [SEVERE ] setting player 4 freeze to -107
[13:51:40.921] [SEVERE ] setting player 5 freeze to -1755
[13:51:41.014] [SEVERE ] player 5 placing token on slot 5
[13:51:41.030] [SEVERE ] updating countdown to 59454
[13:51:41.030] [SEVERE ] setting player 1 freeze to -1864
[13:51:41.030] [SEVERE ] setting player 2 freeze to -1864
[13:51:41.030] [SEVERE ] setting player 3 freeze to -1864
[13:51:41.030] [SEVERE ] setting player 4 freeze to -216
[13:51:41.030] [SEVERE ] setting player 5 freeze to -1864
[13:51:41.076] [SEVERE ] removing player 4 token from slot 0
[13:51:41.139] [SEVERE ] updating countdown to 59345
[13:51:41.139] [SEVERE ] setting player 1 freeze to -1973
[13:51:41.139] [SEVERE ] setting player 2 freeze to -1973
[13:51:41.139] [SEVERE ] setting player 3 freeze to -1973
[13:51:41.139] [SEVERE ] setting player 4 freeze to -325
[13:51:41.139] [SEVERE ] setting player 5 freeze to -1973
[13:51:41.248] [SEVERE ] updating countdown to 59236
[13:51:41.249] [SEVERE ] setting player 1 freeze to -2083
[13:51:41.249] [SEVERE ] setting player 2 freeze to -2083
[13:51:41.249] [SEVERE ] setting player 3 freeze to -2083
[13:51:41.249] [SEVERE ] setting player 4 freeze to -435
[13:51:41.249] [SEVERE ] setting player 5 freeze to -2083
[13:51:41.279] [SEVERE ] removing player 5 token from slot 5
[13:51:41.342] [SEVERE ] player 4 placing token on slot 7
[13:51:41.357] [SEVERE ] updating countdown to 59127
[13:51:41.357] [SEVERE ] setting player 1 freeze to -2191
[13:51:41.357] [SEVERE ] setting player 2 freeze to -2191
[13:51:41.357] [SEVERE ] setting player 3 freeze to -2191
[13:51:41.357] [SEVERE ] setting player 4 freeze to -543
[13:51:41.358] [SEVERE ] setting player 5 freeze to -2192
[13:51:41.358] [SEVERE ] updating countdown to 59126
[13:51:41.358] [SEVERE ] setting player 1 freeze to -2192
[13:51:41.358] [SEVERE ] setting player 2 freeze to -2192
[13:51:41.358] [SEVERE ] setting player 3 freeze to -2192
[13:51:41.358] [SEVERE ] setting player 4 freeze to -544
[13:51:41.358] [SEVERE ] setting player 5 freeze to -2192
[13:51:41.467] [SEVERE ] updating countdown to 59017
[13:51:41.467] [SEVERE ] setting player 1 freeze to -2301
[13:51:41.467] [SEVERE ] setting player 2 freeze to -2301
[13:51:41.467] [SEVERE ] setting player 3 freeze to -109
[13:51:41.467] [SEVERE ] setting player 4 freeze to -653
[13:51:41.467] [SEVERE ] setting player 5 freeze to -2301
[13:51:41.532] [SEVERE ] player 5 placing token on slot 9
[13:51:41.576] [SEVERE ] updating countdown to 58908
[13:51:41.577] [SEVERE ] setting player 1 freeze to -2411
[13:51:41.577] [SEVERE ] setting player 2 freeze to -2411
[13:51:41.577] [SEVERE ] setting player 3 freeze to -219
[13:51:41.577] [SEVERE ] setting player 4 freeze to -763
[13:51:41.577] [SEVERE ] setting player 5 freeze to -2411
[13:51:41.686] [SEVERE ] updating countdown to 58798
[13:51:41.686] [SEVERE ] setting player 1 freeze to -2520
[13:51:41.686] [SEVERE ] setting player 2 freeze to -2520
[13:51:41.686] [SEVERE ] setting player 3 freeze to -328
[13:51:41.686] [SEVERE ] setting player 4 freeze to -872
[13:51:41.686] [SEVERE ] setting player 5 freeze to -2520
[13:51:41.794] [SEVERE ] player 5 placing token on slot 1
[13:51:41.794] [SEVERE ] updating countdown to 58690
[13:51:41.795] [SEVERE ] setting player 1 freeze to -2629
[13:51:41.795] [SEVERE ] setting player 2 freeze to -2629
[13:51:41.795] [SEVERE ] setting player 3 freeze to -437
[13:51:41.795] [SEVERE ] setting player 4 freeze to -981
[13:51:41.795] [SEVERE ] setting player 5 freeze to -2629
[13:51:41.795] [SEVERE ] updating countdown to 58689
[13:51:41.795] [SEVERE ] setting player 1 freeze to -2629
[13:51:41.795] [SEVERE ] setting player 2 freeze to -2629
[13:51:41.795] [SEVERE ] setting player 3 freeze to -437
[13:51:41.795] [SEVERE ] setting player 4 freeze to -981
[13:51:41.795] [SEVERE ] setting player 5 freeze to -2629
[13:51:41.904] [SEVERE ] updating countdown to 58580
[13:51:41.904] [SEVERE ] setting player 1 freeze to -2738
[13:51:41.904] [SEVERE ] setting player 2 freeze to -2738
[13:51:41.904] [SEVERE ] setting player 3 freeze to -546
[13:51:41.904] [SEVERE ] setting player 4 freeze to -108
[13:51:41.904] [SEVERE ] setting player 5 freeze to -2738
[13:51:42.013] [SEVERE ] updating countdown to 58471
[13:51:42.013] [SEVERE ] setting player 1 freeze to -2847
[13:51:42.013] [SEVERE ] setting player 2 freeze to -2847
[13:51:42.013] [SEVERE ] setting player 3 freeze to -655
[13:51:42.013] [SEVERE ] setting player 4 freeze to -217
[13:51:42.013] [SEVERE ] setting player 5 freeze to -2847
[13:51:42.060] [SEVERE ] removing player 3 token from slot 7
[13:51:42.123] [SEVERE ] updating countdown to 58361
[13:51:42.123] [SEVERE ] setting player 1 freeze to -2957
[13:51:42.123] [SEVERE ] setting player 2 freeze to -2957
[13:51:42.123] [SEVERE ] setting player 3 freeze to -765
[13:51:42.123] [SEVERE ] setting player 4 freeze to -327
[13:51:42.123] [SEVERE ] setting player 5 freeze to -2957
[13:51:42.232] [SEVERE ] updating countdown to 58252
[13:51:42.232] [SEVERE ] setting player 1 freeze to -3066
[13:51:42.232] [SEVERE ] setting player 2 freeze to -3066
[13:51:42.232] [SEVERE ] setting player 3 freeze to -874
[13:51:42.232] [SEVERE ] setting player 4 freeze to -436
[13:51:42.232] [SEVERE ] setting player 5 freeze to -3066
[13:51:42.325] [SEVERE ] player 3 placing token on slot 6
[13:51:42.340] [SEVERE ] updating countdown to 58144
[13:51:42.340] [SEVERE ] setting player 1 freeze to -3174
[13:51:42.340] [SEVERE ] setting player 2 freeze to -3174
[13:51:42.340] [SEVERE ] setting player 3 freeze to -982
[13:51:42.340] [SEVERE ] setting player 4 freeze to -544
[13:51:42.340] [SEVERE ] setting player 5 freeze to -3174
[13:51:42.450] [SEVERE ] updating countdown to 58034
[13:51:42.450] [SEVERE ] setting player 1 freeze to -3284
[13:51:42.450] [SEVERE ] setting player 2 freeze to -3284
[13:51:42.450] [SEVERE ] setting player 3 freeze to -1092
[13:51:42.451] [SEVERE ] setting player 4 freeze to -655
[13:51:42.451] [SEVERE ] setting player 5 freeze to -3285
[13:51:42.552] [SEVERE ] updating countdown to 57932
[13:51:42.552] [SEVERE ] setting player 1 freeze to -3386
[13:51:42.552] [SEVERE ] setting player 2 freeze to -3386
[13:51:42.552] [SEVERE ] setting player 3 freeze to -1194
[13:51:42.552] [SEVERE ] setting player 4 freeze to -756
[13:51:42.552] [SEVERE ] setting player 5 freeze to -3386
[13:51:42.652] [SEVERE ] updating countdown to 57832
[13:51:42.652] [SEVERE ] setting player 1 freeze to -3486
[13:51:42.652] [SEVERE ] setting player 2 freeze to -3486
[13:51:42.652] [SEVERE ] setting player 3 freeze to -1294
[13:51:42.652] [SEVERE ] setting player 4 freeze to -856
[13:51:42.652] [SEVERE ] setting player 5 freeze to -3486
[13:51:42.761] [SEVERE ] updating countdown to 57723
[13:51:42.761] [SEVERE ] setting player 1 freeze to -3595
[13:51:42.761] [SEVERE ] setting player 2 freeze to -3595
[13:51:42.761] [SEVERE ] setting player 3 freeze to -1403
[13:51:42.761] [SEVERE ] setting player 4 freeze to -965
[13:51:42.761] [SEVERE ] setting player 5 freeze to -3595
[13:51:42.862] [SEVERE ] updating countdown to 57622
[13:51:42.862] [SEVERE ] setting player 1 freeze to -3696
[13:51:42.862] [SEVERE ] setting player 2 freeze to -3696
[13:51:42.862] [SEVERE ] setting player 3 freeze to -1504
[13:51:42.862] [SEVERE ] setting player 4 freeze to -1066
[13:51:42.862] [SEVERE ] setting player 5 freeze to -3696
[13:51:42.964] [SEVERE ] updating countdown to 57520
[13:51:42.964] [SEVERE ] setting player 1 freeze to -3798
[13:51:42.964] [SEVERE ] setting player 2 freeze to -3798
[13:51:42.964] [SEVERE ] setting player 3 freeze to -1606
[13:51:42.964] [SEVERE ] setting player 4 freeze to -1168
[13:51:42.964] [SEVERE ] setting player 5 freeze to -3798
[13:51:43.074] [SEVERE ] updating countdown to 57410
[13:51:43.074] [SEVERE ] setting player 1 freeze to -3908
[13:51:43.074] [SEVERE ] setting player 2 freeze to -3908
[13:51:43.074] [SEVERE ] setting player 3 freeze to -1716
[13:51:43.074] [SEVERE ] setting player 4 freeze to -1278
[13:51:43.074] [SEVERE ] setting player 5 freeze to -3908
[13:51:43.184] [SEVERE ] updating countdown to 57300
[13:51:43.184] [SEVERE ] setting player 1 freeze to -4018
[13:51:43.184] [SEVERE ] setting player 2 freeze to -4018
[13:51:43.184] [SEVERE ] setting player 3 freeze to -1826
[13:51:43.184] [SEVERE ] setting player 4 freeze to -1388
[13:51:43.184] [SEVERE ] setting player 5 freeze to -4018
[13:51:43.292] [SEVERE ] updating countdown to 57192
[13:51:43.292] [SEVERE ] setting player 1 freeze to -4126
[13:51:43.292] [SEVERE ] setting player 2 freeze to -4126
[13:51:43.292] [SEVERE ] setting player 3 freeze to -1934
[13:51:43.292] [SEVERE ] setting player 4 freeze to -1496
[13:51:43.292] [SEVERE ] setting player 5 freeze to -4126
[13:51:43.402] [SEVERE ] updating countdown to 57082
[13:51:43.402] [SEVERE ] setting player 1 freeze to -4236
[13:51:43.402] [SEVERE ] setting player 2 freeze to -4236
[13:51:43.402] [SEVERE ] setting player 3 freeze to -2044
[13:51:43.402] [SEVERE ] setting player 4 freeze to -1606
[13:51:43.402] [SEVERE ] setting player 5 freeze to -4236
[13:51:43.505] [SEVERE ] updating countdown to 56979
[13:51:43.505] [SEVERE ] setting player 1 freeze to -4339
[13:51:43.505] [SEVERE ] setting player 2 freeze to -4339
[13:51:43.505] [SEVERE ] setting player 3 freeze to -2147
[13:51:43.505] [SEVERE ] setting player 4 freeze to -1709
[13:51:43.505] [SEVERE ] setting player 5 freeze to -4339
[13:51:43.620] [SEVERE ] updating countdown to 56864
[13:51:43.620] [SEVERE ] setting player 1 freeze to -4454
[13:51:43.620] [SEVERE ] setting player 2 freeze to -4454
[13:51:43.620] [SEVERE ] setting player 3 freeze to -2262
[13:51:43.620] [SEVERE ] setting player 4 freeze to -1824
[13:51:43.620] [SEVERE ] setting player 5 freeze to -4454
[13:51:43.728] [SEVERE ] updating countdown to 56756
[13:51:43.728] [SEVERE ] setting player 1 freeze to -4562
[13:51:43.728] [SEVERE ] setting player 2 freeze to -4562
[13:51:43.728] [SEVERE ] setting player 3 freeze to -2370
[13:51:43.728] [SEVERE ] setting player 4 freeze to -1932
[13:51:43.728] [SEVERE ] setting player 5 freeze to -4562
[13:51:43.838] [SEVERE ] updating countdown to 56646
[13:51:43.838] [SEVERE ] setting player 1 freeze to -4672
[13:51:43.838] [SEVERE ] setting player 2 freeze to -4672
[13:51:43.838] [SEVERE ] setting player 3 freeze to -2480
[13:51:43.838] [SEVERE ] setting player 4 freeze to -2042
[13:51:43.838] [SEVERE ] setting player 5 freeze to -4672
[13:51:43.945] [SEVERE ] updating countdown to 56539
[13:51:43.945] [SEVERE ] setting player 1 freeze to -4779
[13:51:43.945] [SEVERE ] setting player 2 freeze to -4779
[13:51:43.945] [SEVERE ] setting player 3 freeze to -2587
[13:51:43.945] [SEVERE ] setting player 4 freeze to -2149
[13:51:43.945] [SEVERE ] setting player 5 freeze to -4779
[13:51:44.055] [SEVERE ] updating countdown to 56429
[13:51:44.055] [SEVERE ] setting player 1 freeze to -4889
[13:51:44.055] [SEVERE ] setting player 2 freeze to -4889
[13:51:44.055] [SEVERE ] setting player 3 freeze to -2697
[13:51:44.055] [SEVERE ] setting player 4 freeze to -2259
[13:51:44.055] [SEVERE ] setting player 5 freeze to -4889
[13:51:44.164] [SEVERE ] updating countdown to 56320
[13:51:44.164] [SEVERE ] setting player 1 freeze to -4998
[13:51:44.164] [SEVERE ] setting player 2 freeze to -4998
[13:51:44.164] [SEVERE ] setting player 3 freeze to -2806
[13:51:44.164] [SEVERE ] setting player 4 freeze to -2368
[13:51:44.164] [SEVERE ] setting player 5 freeze to -4998
[13:51:44.273] [SEVERE ] updating countdown to 56211
[13:51:44.273] [SEVERE ] setting player 1 freeze to -5107
[13:51:44.273] [SEVERE ] setting player 2 freeze to -5107
[13:51:44.273] [SEVERE ] setting player 3 freeze to -2915
[13:51:44.273] [SEVERE ] setting player 4 freeze to -2477
[13:51:44.273] [SEVERE ] setting player 5 freeze to -5107
[13:51:44.383] [SEVERE ] updating countdown to 56101
[13:51:44.384] [SEVERE ] setting player 1 freeze to -5218
[13:51:44.384] [SEVERE ] setting player 2 freeze to -5218
[13:51:44.384] [SEVERE ] setting player 3 freeze to -3026
[13:51:44.384] [SEVERE ] setting player 4 freeze to -2588
[13:51:44.384] [SEVERE ] setting player 5 freeze to -5218
[13:51:44.493] [SEVERE ] updating countdown to 55991
[13:51:44.493] [SEVERE ] setting player 1 freeze to -5327
[13:51:44.493] [SEVERE ] setting player 2 freeze to -5327
[13:51:44.493] [SEVERE ] setting player 3 freeze to -3135
[13:51:44.493] [SEVERE ] setting player 4 freeze to -2697
[13:51:44.493] [SEVERE ] setting player 5 freeze to -5327
[13:51:44.602] [SEVERE ] updating countdown to 55882
[13:51:44.602] [SEVERE ] setting player 1 freeze to -5436
[13:51:44.602] [SEVERE ] setting player 2 freeze to -5436
[13:51:44.602] [SEVERE ] setting player 3 freeze to -3244
[13:51:44.602] [SEVERE ] setting player 4 freeze to -2806
[13:51:44.602] [SEVERE ] setting player 5 freeze to -5436
[13:51:44.711] [SEVERE ] updating countdown to 55773
[13:51:44.711] [SEVERE ] setting player 1 freeze to -5545
[13:51:44.711] [SEVERE ] setting player 2 freeze to -5545
[13:51:44.711] [SEVERE ] setting player 3 freeze to -3353
[13:51:44.711] [SEVERE ] setting player 4 freeze to -2915
[13:51:44.711] [SEVERE ] setting player 5 freeze to -5545
[13:51:44.822] [SEVERE ] updating countdown to 55662
[13:51:44.822] [SEVERE ] setting player 1 freeze to -5656
[13:51:44.822] [SEVERE ] setting player 2 freeze to -5656
[13:51:44.822] [SEVERE ] setting player 3 freeze to -3464
[13:51:44.822] [SEVERE ] setting player 4 freeze to -3026
[13:51:44.822] [SEVERE ] setting player 5 freeze to -5656
[13:51:44.932] [SEVERE ] updating countdown to 55552
[13:51:44.932] [SEVERE ] setting player 1 freeze to -5766
[13:51:44.932] [SEVERE ] setting player 2 freeze to -5766
[13:51:44.932] [SEVERE ] setting player 3 freeze to -3574
[13:51:44.932] [SEVERE ] setting player 4 freeze to -3136
[13:51:44.932] [SEVERE ] setting player 5 freeze to -5766
[13:51:45.042] [SEVERE ] updating countdown to 55442
[13:51:45.042] [SEVERE ] setting player 1 freeze to -5876
[13:51:45.042] [SEVERE ] setting player 2 freeze to -5876
[13:51:45.042] [SEVERE ] setting player 3 freeze to -3684
[13:51:45.042] [SEVERE ] setting player 4 freeze to -3246
[13:51:45.042] [SEVERE ] setting player 5 freeze to -5876
[13:51:45.153] [SEVERE ] updating countdown to 55331
[13:51:45.153] [SEVERE ] setting player 1 freeze to -5987
[13:51:45.153] [SEVERE ] setting player 2 freeze to -5987
[13:51:45.153] [SEVERE ] setting player 3 freeze to -3795
[13:51:45.153] [SEVERE ] setting player 4 freeze to -3357
[13:51:45.153] [SEVERE ] setting player 5 freeze to -5987
[13:51:45.262] [SEVERE ] updating countdown to 55222
[13:51:45.263] [SEVERE ] setting player 1 freeze to -6097
[13:51:45.263] [SEVERE ] setting player 2 freeze to -6097
[13:51:45.263] [SEVERE ] setting player 3 freeze to -3905
[13:51:45.263] [SEVERE ] setting player 4 freeze to -3467
[13:51:45.263] [SEVERE ] setting player 5 freeze to -6097
[13:51:45.371] [SEVERE ] updating countdown to 55113
[13:51:45.371] [SEVERE ] setting player 1 freeze to -6205
[13:51:45.371] [SEVERE ] setting player 2 freeze to -6205
[13:51:45.371] [SEVERE ] setting player 3 freeze to -4013
[13:51:45.371] [SEVERE ] setting player 4 freeze to -3575
[13:51:45.371] [SEVERE ] setting player 5 freeze to -6205
[13:51:45.481] [SEVERE ] updating countdown to 55003
[13:51:45.481] [SEVERE ] setting player 1 freeze to -6315
[13:51:45.481] [SEVERE ] setting player 2 freeze to -6315
[13:51:45.481] [SEVERE ] setting player 3 freeze to -4123
[13:51:45.481] [SEVERE ] setting player 4 freeze to -3685
[13:51:45.481] [SEVERE ] setting player 5 freeze to -6315
[13:51:45.591] [SEVERE ] updating countdown to 54893
[13:51:45.591] [SEVERE ] setting player 1 freeze to -6425
[13:51:45.591] [SEVERE ] setting player 2 freeze to -6425
[13:51:45.591] [SEVERE ] setting player 3 freeze to -4233
[13:51:45.591] [SEVERE ] setting player 4 freeze to -3795
[13:51:45.591] [SEVERE ] setting player 5 freeze to -6425
[13:51:45.701] [SEVERE ] updating countdown to 54783
[13:51:45.702] [SEVERE ] setting player 1 freeze to -6536
[13:51:45.702] [SEVERE ] setting player 2 freeze to -6536
[13:51:45.702] [SEVERE ] setting player 3 freeze to -4344
[13:51:45.702] [SEVERE ] setting player 4 freeze to -3906
[13:51:45.702] [SEVERE ] setting player 5 freeze to -6536
[13:51:45.809] [SEVERE ] updating countdown to 54675
[13:51:45.809] [SEVERE ] setting player 1 freeze to -6643
[13:51:45.809] [SEVERE ] setting player 2 freeze to -6643
[13:51:45.809] [SEVERE ] setting player 3 freeze to -4451
[13:51:45.809] [SEVERE ] setting player 4 freeze to -4013
[13:51:45.809] [SEVERE ] setting player 5 freeze to -6643
[13:51:45.919] [SEVERE ] updating countdown to 54565
[13:51:45.919] [SEVERE ] setting player 1 freeze to -6753
[13:51:45.919] [SEVERE ] setting player 2 freeze to -6753
[13:51:45.919] [SEVERE ] setting player 3 freeze to -4561
[13:51:45.919] [SEVERE ] setting player 4 freeze to -4123
[13:51:45.919] [SEVERE ] setting player 5 freeze to -6753
[13:51:46.028] [SEVERE ] updating countdown to 54456
[13:51:46.028] [SEVERE ] setting player 1 freeze to -6862
[13:51:46.028] [SEVERE ] setting player 2 freeze to -6862
[13:51:46.028] [SEVERE ] setting player 3 freeze to -4670
[13:51:46.028] [SEVERE ] setting player 4 freeze to -4232
[13:51:46.028] [SEVERE ] setting player 5 freeze to -6862
[13:51:46.138] [SEVERE ] updating countdown to 54346
[13:51:46.138] [SEVERE ] setting player 1 freeze to -6972
[13:51:46.138] [SEVERE ] setting player 2 freeze to -6972
[13:51:46.138] [SEVERE ] setting player 3 freeze to -4780
[13:51:46.138] [SEVERE ] setting player 4 freeze to -4342
[13:51:46.138] [SEVERE ] setting player 5 freeze to -6972
[13:51:46.247] [SEVERE ] updating countdown to 54237
[13:51:46.247] [SEVERE ] setting player 1 freeze to -7081
[13:51:46.247] [SEVERE ] setting player 2 freeze to -7081
[13:51:46.247] [SEVERE ] setting player 3 freeze to -4889
[13:51:46.247] [SEVERE ] setting player 4 freeze to -4451
[13:51:46.247] [SEVERE ] setting player 5 freeze to -7081
[13:51:46.355] [SEVERE ] updating countdown to 54129
[13:51:46.356] [SEVERE ] setting player 1 freeze to -7190
[13:51:46.356] [SEVERE ] setting player 2 freeze to -7190
[13:51:46.356] [SEVERE ] setting player 3 freeze to -4998
[13:51:46.356] [SEVERE ] setting player 4 freeze to -4560
[13:51:46.356] [SEVERE ] setting player 5 freeze to -7190
[13:51:46.466] [SEVERE ] updating countdown to 54018
[13:51:46.466] [SEVERE ] setting player 1 freeze to -7300
[13:51:46.466] [SEVERE ] setting player 2 freeze to -7300
[13:51:46.466] [SEVERE ] setting player 3 freeze to -5108
[13:51:46.466] [SEVERE ] setting player 4 freeze to -4670
[13:51:46.466] [SEVERE ] setting player 5 freeze to -7300
[13:51:46.574] [SEVERE ] updating countdown to 53910
[13:51:46.574] [SEVERE ] setting player 1 freeze to -7408
[13:51:46.574] [SEVERE ] setting player 2 freeze to -7408
[13:51:46.574] [SEVERE ] setting player 3 freeze to -5216
[13:51:46.574] [SEVERE ] setting player 4 freeze to -4778
[13:51:46.574] [SEVERE ] setting player 5 freeze to -7408
[13:51:46.675] [SEVERE ] updating countdown to 53809
[13:51:46.675] [SEVERE ] setting player 1 freeze to -7509
[13:51:46.675] [SEVERE ] setting player 2 freeze to -7509
[13:51:46.675] [SEVERE ] setting player 3 freeze to -5317
[13:51:46.675] [SEVERE ] setting player 4 freeze to -4879
[13:51:46.675] [SEVERE ] setting player 5 freeze to -7509
[13:51:46.776] [SEVERE ] updating countdown to 53708
[13:51:46.776] [SEVERE ] setting player 1 freeze to -7610
[13:51:46.776] [SEVERE ] setting player 2 freeze to -7610
[13:51:46.776] [SEVERE ] setting player 3 freeze to -5418
[13:51:46.776] [SEVERE ] setting player 4 freeze to -4980
[13:51:46.776] [SEVERE ] setting player 5 freeze to -7610
[13:51:46.885] [SEVERE ] updating countdown to 53599
[13:51:46.885] [SEVERE ] setting player 1 freeze to -7719
[13:51:46.885] [SEVERE ] setting player 2 freeze to -7719
[13:51:46.885] [SEVERE ] setting player 3 freeze to -5527
[13:51:46.885] [SEVERE ] setting player 4 freeze to -5089
[13:51:46.885] [SEVERE ] setting player 5 freeze to -7719
[13:51:46.994] [SEVERE ] updating countdown to 53490
[13:51:46.994] [SEVERE ] setting player 1 freeze to -7828
[13:51:46.994] [SEVERE ] setting player 2 freeze to -7828
[13:51:46.994] [SEVERE ] setting player 3 freeze to -5636
[13:51:46.994] [SEVERE ] setting player 4 freeze to -5198
[13:51:46.994] [SEVERE ] setting player 5 freeze to -7828
[13:51:47.103] [SEVERE ] updating countdown to 53381
[13:51:47.103] [SEVERE ] setting player 1 freeze to -7937
[13:51:47.103] [SEVERE ] setting player 2 freeze to -7937
[13:51:47.103] [SEVERE ] setting player 3 freeze to -5745
[13:51:47.103] [SEVERE ] setting player 4 freeze to -5307
[13:51:47.103] [SEVERE ] setting player 5 freeze to -7937
[13:51:47.211] [SEVERE ] updating countdown to 53273
[13:51:47.211] [SEVERE ] setting player 1 freeze to -8045
[13:51:47.211] [SEVERE ] setting player 2 freeze to -8045
[13:51:47.211] [SEVERE ] setting player 3 freeze to -5853
[13:51:47.211] [SEVERE ] setting player 4 freeze to -5415
[13:51:47.211] [SEVERE ] setting player 5 freeze to -8045
[13:51:47.321] [SEVERE ] updating countdown to 53163
[13:51:47.321] [SEVERE ] setting player 1 freeze to -8155
[13:51:47.321] [SEVERE ] setting player 2 freeze to -8155
[13:51:47.321] [SEVERE ] setting player 3 freeze to -5963
[13:51:47.321] [SEVERE ] setting player 4 freeze to -5525
[13:51:47.321] [SEVERE ] setting player 5 freeze to -8155
[13:51:47.430] [SEVERE ] updating countdown to 53054
[13:51:47.430] [SEVERE ] setting player 1 freeze to -8264
[13:51:47.430] [SEVERE ] setting player 2 freeze to -8264
[13:51:47.430] [SEVERE ] setting player 3 freeze to -6072
[13:51:47.430] [SEVERE ] setting player 4 freeze to -5634
[13:51:47.430] [SEVERE ] setting player 5 freeze to -8264
[13:51:47.539] [SEVERE ] updating countdown to 52945
[13:51:47.539] [SEVERE ] setting player 1 freeze to -8373
[13:51:47.539] [SEVERE ] setting player 2 freeze to -8373
[13:51:47.539] [SEVERE ] setting player 3 freeze to -6181
[13:51:47.539] [SEVERE ] setting player 4 freeze to -5743
[13:51:47.539] [SEVERE ] setting player 5 freeze to -8373
[13:51:47.648] [SEVERE ] updating countdown to 52836
[13:51:47.648] [SEVERE ] setting player 1 freeze to -8482
[13:51:47.648] [SEVERE ] setting player 2 freeze to -8482
[13:51:47.648] [SEVERE ] setting player 3 freeze to -6290
[13:51:47.648] [SEVERE ] setting player 4 freeze to -5852
[13:51:47.648] [SEVERE ] setting player 5 freeze to -8482
[13:51:47.756] [SEVERE ] updating countdown to 52728
[13:51:47.756] [SEVERE ] setting player 1 freeze to -8590
[13:51:47.756] [SEVERE ] setting player 2 freeze to -8590
[13:51:47.756] [SEVERE ] setting player 3 freeze to -6398
[13:51:47.756] [SEVERE ] setting player 4 freeze to -5960
[13:51:47.756] [SEVERE ] setting player 5 freeze to -8590
[13:51:47.866] [SEVERE ] updating countdown to 52618
[13:51:47.866] [SEVERE ] setting player 1 freeze to -8700
[13:51:47.866] [SEVERE ] setting player 2 freeze to -8700
[13:51:47.866] [SEVERE ] setting player 3 freeze to -6508
[13:51:47.866] [SEVERE ] setting player 4 freeze to -6070
[13:51:47.866] [SEVERE ] setting player 5 freeze to -8700
[13:51:47.975] [SEVERE ] updating countdown to 52509
[13:51:47.975] [SEVERE ] setting player 1 freeze to -8809
[13:51:47.975] [SEVERE ] setting player 2 freeze to -8809
[13:51:47.975] [SEVERE ] setting player 3 freeze to -6617
[13:51:47.975] [SEVERE ] setting player 4 freeze to -6179
[13:51:47.975] [SEVERE ] setting player 5 freeze to -8809
[13:51:48.084] [SEVERE ] updating countdown to 52400
[13:51:48.084] [SEVERE ] setting player 1 freeze to -8918
[13:51:48.084] [SEVERE ] setting player 2 freeze to -8918
[13:51:48.084] [SEVERE ] setting player 3 freeze to -6726
[13:51:48.084] [SEVERE ] setting player 4 freeze to -6288
[13:51:48.084] [SEVERE ] setting player 5 freeze to -8918
[13:51:48.195] [SEVERE ] updating countdown to 52289
[13:51:48.195] [SEVERE ] setting player 1 freeze to -9029
[13:51:48.195] [SEVERE ] setting player 2 freeze to -9029
[13:51:48.195] [SEVERE ] setting player 3 freeze to -6837
[13:51:48.195] [SEVERE ] setting player 4 freeze to -6399
[13:51:48.195] [SEVERE ] setting player 5 freeze to -9029
[13:51:48.303] [SEVERE ] updating countdown to 52181
[13:51:48.303] [SEVERE ] setting player 1 freeze to -9137
[13:51:48.303] [SEVERE ] setting player 2 freeze to -9137
[13:51:48.303] [SEVERE ] setting player 3 freeze to -6945
[13:51:48.303] [SEVERE ] setting player 4 freeze to -6507
[13:51:48.303] [SEVERE ] setting player 5 freeze to -9137
[13:51:48.322] [SEVERE ] key 81 was pressed by player 1
[13:51:48.322] [SEVERE ] player 1 placing token on slot 0
[13:51:48.414] [SEVERE ] updating countdown to 52070
[13:51:48.414] [SEVERE ] setting player 1 freeze to -9248
[13:51:48.414] [SEVERE ] setting player 2 freeze to -9248
[13:51:48.414] [SEVERE ] setting player 3 freeze to -7056
[13:51:48.414] [SEVERE ] setting player 4 freeze to -6618
[13:51:48.414] [SEVERE ] setting player 5 freeze to -9248
[13:51:48.523] [SEVERE ] updating countdown to 51961
[13:51:48.523] [SEVERE ] setting player 1 freeze to -9357
[13:51:48.523] [SEVERE ] setting player 2 freeze to -9357
[13:51:48.523] [SEVERE ] setting player 3 freeze to -7165
[13:51:48.523] [SEVERE ] setting player 4 freeze to -6727
[13:51:48.523] [SEVERE ] setting player 5 freeze to -9357
[13:51:48.631] [SEVERE ] updating countdown to 51853
[13:51:48.631] [SEVERE ] setting player 1 freeze to -9465
[13:51:48.631] [SEVERE ] setting player 2 freeze to -9465
[13:51:48.631] [SEVERE ] setting player 3 freeze to -7273
[13:51:48.631] [SEVERE ] setting player 4 freeze to -6835
[13:51:48.631] [SEVERE ] setting player 5 freeze to -9465
[13:51:48.740] [SEVERE ] updating countdown to 51744
[13:51:48.740] [SEVERE ] setting player 1 freeze to -9574
[13:51:48.740] [SEVERE ] setting player 2 freeze to -9574
[13:51:48.740] [SEVERE ] setting player 3 freeze to -7382
[13:51:48.740] [SEVERE ] setting player 4 freeze to -6944
[13:51:48.740] [SEVERE ] setting player 5 freeze to -9574
[13:51:48.840] [SEVERE ] updating countdown to 51644
[13:51:48.840] [SEVERE ] setting player 1 freeze to -9674
[13:51:48.840] [SEVERE ] setting player 2 freeze to -9674
[13:51:48.840] [SEVERE ] setting player 3 freeze to -7482
[13:51:48.840] [SEVERE ] setting player 4 freeze to -7044
[13:51:48.840] [SEVERE ] setting player 5 freeze to -9674
[13:51:48.943] [SEVERE ] updating countdown to 51541
[13:51:48.943] [SEVERE ] setting player 1 freeze to -9777
[13:51:48.943] [SEVERE ] setting player 2 freeze to -9777
[13:51:48.943] [SEVERE ] setting player 3 freeze to -7585
[13:51:48.943] [SEVERE ] setting player 4 freeze to -7147
[13:51:48.943] [SEVERE ] setting player 5 freeze to -9777
[13:51:49.051] [SEVERE ] updating countdown to 51433
[13:51:49.051] [SEVERE ] setting player 1 freeze to -9885
[13:51:49.051] [SEVERE ] setting player 2 freeze to -9885
[13:51:49.051] [SEVERE ] setting player 3 freeze to -7693
[13:51:49.051] [SEVERE ] setting player 4 freeze to -7255
[13:51:49.051] [SEVERE ] setting player 5 freeze to -9885
[13:51:49.161] [SEVERE ] updating countdown to 51323
[13:51:49.161] [SEVERE ] setting player 1 freeze to -9995
[13:51:49.161] [SEVERE ] setting player 2 freeze to -9995
[13:51:49.161] [SEVERE ] setting player 3 freeze to -7803
[13:51:49.161] [SEVERE ] setting player 4 freeze to -7365
[13:51:49.161] [SEVERE ] setting player 5 freeze to -9995
[13:51:49.270] [SEVERE ] updating countdown to 51214
[13:51:49.270] [SEVERE ] setting player 1 freeze to -10104
[13:51:49.270] [SEVERE ] setting player 2 freeze to -10104
[13:51:49.270] [SEVERE ] setting player 3 freeze to -7912
[13:51:49.270] [SEVERE ] setting player 4 freeze to -7474
[13:51:49.270] [SEVERE ] setting player 5 freeze to -10104
[13:51:49.378] [SEVERE ] updating countdown to 51106
[13:51:49.378] [SEVERE ] setting player 1 freeze to -10212
[13:51:49.378] [SEVERE ] setting player 2 freeze to -10212
[13:51:49.378] [SEVERE ] setting player 3 freeze to -8020
[13:51:49.378] [SEVERE ] setting player 4 freeze to -7582
[13:51:49.378] [SEVERE ] setting player 5 freeze to -10212
[13:51:49.402] [SEVERE ] key 81 was pressed by player 1
[13:51:49.402] [SEVERE ] removing player 1 token from slot 0
[13:51:49.479] [SEVERE ] updating countdown to 51005
[13:51:49.479] [SEVERE ] setting player 1 freeze to -10313
[13:51:49.479] [SEVERE ] setting player 2 freeze to -10313
[13:51:49.479] [SEVERE ] setting player 3 freeze to -8121
[13:51:49.479] [SEVERE ] setting player 4 freeze to -7683
[13:51:49.479] [SEVERE ] setting player 5 freeze to -10313
[13:51:49.581] [SEVERE ] updating countdown to 50903
[13:51:49.581] [SEVERE ] setting player 1 freeze to -10415
[13:51:49.581] [SEVERE ] setting player 2 freeze to -10415
[13:51:49.581] [SEVERE ] setting player 3 freeze to -8223
[13:51:49.581] [SEVERE ] setting player 4 freeze to -7785
[13:51:49.581] [SEVERE ] setting player 5 freeze to -10415
[13:51:49.691] [SEVERE ] updating countdown to 50793
[13:51:49.691] [SEVERE ] setting player 1 freeze to -10525
[13:51:49.691] [SEVERE ] setting player 2 freeze to -10525
[13:51:49.691] [SEVERE ] setting player 3 freeze to -8333
[13:51:49.691] [SEVERE ] setting player 4 freeze to -7895
[13:51:49.691] [SEVERE ] setting player 5 freeze to -10525
[13:51:49.801] [SEVERE ] updating countdown to 50683
[13:51:49.801] [SEVERE ] setting player 1 freeze to -10635
[13:51:49.801] [SEVERE ] setting player 2 freeze to -10635
[13:51:49.801] [SEVERE ] setting player 3 freeze to -8443
[13:51:49.801] [SEVERE ] setting player 4 freeze to -8005
[13:51:49.801] [SEVERE ] setting player 5 freeze to -10635
[13:51:49.910] [SEVERE ] updating countdown to 50574
[13:51:49.910] [SEVERE ] setting player 1 freeze to -10744
[13:51:49.910] [SEVERE ] setting player 2 freeze to -10744
[13:51:49.910] [SEVERE ] setting player 3 freeze to -8552
[13:51:49.910] [SEVERE ] setting player 4 freeze to -8114
[13:51:49.910] [SEVERE ] setting player 5 freeze to -10744
[13:51:50.020] [SEVERE ] updating countdown to 50464
[13:51:50.020] [SEVERE ] setting player 1 freeze to -10854
[13:51:50.020] [SEVERE ] setting player 2 freeze to -10854
[13:51:50.020] [SEVERE ] setting player 3 freeze to -8662
[13:51:50.020] [SEVERE ] setting player 4 freeze to -8224
[13:51:50.020] [SEVERE ] setting player 5 freeze to -10854
[13:51:50.128] [SEVERE ] updating countdown to 50356
[13:51:50.128] [SEVERE ] setting player 1 freeze to -10962
[13:51:50.128] [SEVERE ] setting player 2 freeze to -10962
[13:51:50.128] [SEVERE ] setting player 3 freeze to -8770
[13:51:50.128] [SEVERE ] setting player 4 freeze to -8332
[13:51:50.129] [SEVERE ] setting player 5 freeze to -10963
[13:51:50.237] [SEVERE ] updating countdown to 50247
[13:51:50.237] [SEVERE ] setting player 1 freeze to -11071
[13:51:50.237] [SEVERE ] setting player 2 freeze to -11071
[13:51:50.237] [SEVERE ] setting player 3 freeze to -8879
[13:51:50.237] [SEVERE ] setting player 4 freeze to -8441
[13:51:50.237] [SEVERE ] setting player 5 freeze to -11071
[13:51:50.346] [SEVERE ] updating countdown to 50138
[13:51:50.346] [SEVERE ] setting player 1 freeze to -11180
[13:51:50.346] [SEVERE ] setting player 2 freeze to -11180
[13:51:50.346] [SEVERE ] setting player 3 freeze to -8988
[13:51:50.346] [SEVERE ] setting player 4 freeze to -8550
[13:51:50.346] [SEVERE ] setting player 5 freeze to -11180
[13:51:50.457] [SEVERE ] updating countdown to 50027
[13:51:50.457] [SEVERE ] setting player 1 freeze to -11291
[13:51:50.457] [SEVERE ] setting player 2 freeze to -11291
[13:51:50.457] [SEVERE ] setting player 3 freeze to -9099
[13:51:50.457] [SEVERE ] setting player 4 freeze to -8661
[13:51:50.457] [SEVERE ] setting player 5 freeze to -11291
[13:51:50.565] [SEVERE ] updating countdown to 49919
[13:51:50.565] [SEVERE ] setting player 1 freeze to -11399
[13:51:50.565] [SEVERE ] setting player 2 freeze to -11399
[13:51:50.565] [SEVERE ] setting player 3 freeze to -9207
[13:51:50.565] [SEVERE ] setting player 4 freeze to -8769
[13:51:50.566] [SEVERE ] setting player 5 freeze to -11400
[13:51:50.675] [SEVERE ] updating countdown to 49809
[13:51:50.675] [SEVERE ] setting player 1 freeze to -11509
[13:51:50.675] [SEVERE ] setting player 2 freeze to -11509
[13:51:50.675] [SEVERE ] setting player 3 freeze to -9317
[13:51:50.675] [SEVERE ] setting player 4 freeze to -8879
[13:51:50.675] [SEVERE ] setting player 5 freeze to -11509
[13:51:50.784] [SEVERE ] updating countdown to 49700
[13:51:50.784] [SEVERE ] setting player 1 freeze to -11618
[13:51:50.784] [SEVERE ] setting player 2 freeze to -11618
[13:51:50.784] [SEVERE ] setting player 3 freeze to -9426
[13:51:50.784] [SEVERE ] setting player 4 freeze to -8988
[13:51:50.784] [SEVERE ] setting player 5 freeze to -11618
[13:51:50.893] [SEVERE ] updating countdown to 49591
[13:51:50.893] [SEVERE ] setting player 1 freeze to -11727
[13:51:50.893] [SEVERE ] setting player 2 freeze to -11727
[13:51:50.893] [SEVERE ] setting player 3 freeze to -9535
[13:51:50.893] [SEVERE ] setting player 4 freeze to -9097
[13:51:50.893] [SEVERE ] setting player 5 freeze to -11727
[13:51:51.003] [SEVERE ] updating countdown to 49481
[13:51:51.003] [SEVERE ] setting player 1 freeze to -11837
[13:51:51.003] [SEVERE ] setting player 2 freeze to -11837
[13:51:51.003] [SEVERE ] setting player 3 freeze to -9645
[13:51:51.003] [SEVERE ] setting player 4 freeze to -9207
[13:51:51.003] [SEVERE ] setting player 5 freeze to -11837
[13:51:51.112] [SEVERE ] updating countdown to 49372
[13:51:51.112] [SEVERE ] setting player 1 freeze to -11946
[13:51:51.112] [SEVERE ] setting player 2 freeze to -11946
[13:51:51.112] [SEVERE ] setting player 3 freeze to -9754
[13:51:51.112] [SEVERE ] setting player 4 freeze to -9316
[13:51:51.112] [SEVERE ] setting player 5 freeze to -11946
[13:51:51.222] [SEVERE ] updating countdown to 49262
[13:51:51.222] [SEVERE ] setting player 1 freeze to -12056
[13:51:51.222] [SEVERE ] setting player 2 freeze to -12056
[13:51:51.222] [SEVERE ] setting player 3 freeze to -9864
[13:51:51.222] [SEVERE ] setting player 4 freeze to -9426
[13:51:51.222] [SEVERE ] setting player 5 freeze to -12056
[13:51:51.323] [SEVERE ] updating countdown to 49161
[13:51:51.323] [SEVERE ] setting player 1 freeze to -12157
[13:51:51.323] [SEVERE ] setting player 2 freeze to -12157
[13:51:51.323] [SEVERE ] setting player 3 freeze to -9965
[13:51:51.323] [SEVERE ] setting player 4 freeze to -9527
[13:51:51.323] [SEVERE ] setting player 5 freeze to -12157
[13:51:51.425] [SEVERE ] updating countdown to 49059
[13:51:51.425] [SEVERE ] setting player 1 freeze to -12259
[13:51:51.425] [SEVERE ] setting player 2 freeze to -12259
[13:51:51.425] [SEVERE ] setting player 3 freeze to -10067
[13:51:51.425] [SEVERE ] setting player 4 freeze to -9629
[13:51:51.425] [SEVERE ] setting player 5 freeze to -12259
[13:51:51.535] [SEVERE ] updating countdown to 48949
[13:51:51.535] [SEVERE ] setting player 1 freeze to -12369
[13:51:51.535] [SEVERE ] setting player 2 freeze to -12369
[13:51:51.536] [SEVERE ] setting player 3 freeze to -10178
[13:51:51.536] [SEVERE ] setting player 4 freeze to -9740
[13:51:51.536] [SEVERE ] setting player 5 freeze to -12370
[13:51:51.645] [SEVERE ] updating countdown to 48839
[13:51:51.645] [SEVERE ] setting player 1 freeze to -12479
[13:51:51.645] [SEVERE ] setting player 2 freeze to -12479
[13:51:51.645] [SEVERE ] setting player 3 freeze to -10287
[13:51:51.645] [SEVERE ] setting player 4 freeze to -9849
[13:51:51.645] [SEVERE ] setting player 5 freeze to -12479
[13:51:51.753] [SEVERE ] updating countdown to 48731
[13:51:51.753] [SEVERE ] setting player 1 freeze to -12587
[13:51:51.753] [SEVERE ] setting player 2 freeze to -12587
[13:51:51.753] [SEVERE ] setting player 3 freeze to -10395
[13:51:51.753] [SEVERE ] setting player 4 freeze to -9957
[13:51:51.753] [SEVERE ] setting player 5 freeze to -12587
[13:51:51.853] [SEVERE ] updating countdown to 48631
[13:51:51.853] [SEVERE ] setting player 1 freeze to -12687
[13:51:51.853] [SEVERE ] setting player 2 freeze to -12687
[13:51:51.853] [SEVERE ] setting player 3 freeze to -10495
[13:51:51.853] [SEVERE ] setting player 4 freeze to -10057
[13:51:51.853] [SEVERE ] setting player 5 freeze to -12687
[13:51:51.955] [SEVERE ] updating countdown to 48529
[13:51:51.955] [SEVERE ] setting player 1 freeze to -12789
[13:51:51.955] [SEVERE ] setting player 2 freeze to -12789
[13:51:51.955] [SEVERE ] setting player 3 freeze to -10597
[13:51:51.955] [SEVERE ] setting player 4 freeze to -10159
[13:51:51.955] [SEVERE ] setting player 5 freeze to -12789
[13:51:52.064] [SEVERE ] updating countdown to 48420
[13:51:52.064] [SEVERE ] setting player 1 freeze to -12898
[13:51:52.064] [SEVERE ] setting player 2 freeze to -12898
[13:51:52.064] [SEVERE ] setting player 3 freeze to -10706
[13:51:52.064] [SEVERE ] setting player 4 freeze to -10268
[13:51:52.064] [SEVERE ] setting player 5 freeze to -12898
[13:51:52.164] [SEVERE ] updating countdown to 48320
[13:51:52.164] [SEVERE ] setting player 1 freeze to -12998
[13:51:52.164] [SEVERE ] setting player 2 freeze to -12998
[13:51:52.164] [SEVERE ] setting player 3 freeze to -10806
[13:51:52.164] [SEVERE ] setting player 4 freeze to -10368
[13:51:52.164] [SEVERE ] setting player 5 freeze to -12998
[13:51:52.268] [SEVERE ] updating countdown to 48216
[13:51:52.268] [SEVERE ] setting player 1 freeze to -13102
[13:51:52.268] [SEVERE ] setting player 2 freeze to -13102
[13:51:52.268] [SEVERE ] setting player 3 freeze to -10910
[13:51:52.268] [SEVERE ] setting player 4 freeze to -10472
[13:51:52.268] [SEVERE ] setting player 5 freeze to -13102
[13:51:52.376] [SEVERE ] updating countdown to 48108
[13:51:52.376] [SEVERE ] setting player 1 freeze to -13210
[13:51:52.376] [SEVERE ] setting player 2 freeze to -13210
[13:51:52.376] [SEVERE ] setting player 3 freeze to -11018
[13:51:52.376] [SEVERE ] setting player 4 freeze to -10580
[13:51:52.376] [SEVERE ] setting player 5 freeze to -13210
[13:51:52.486] [SEVERE ] updating countdown to 47998
[13:51:52.486] [SEVERE ] setting player 1 freeze to -13320
[13:51:52.486] [SEVERE ] setting player 2 freeze to -13320
[13:51:52.486] [SEVERE ] setting player 3 freeze to -11128
[13:51:52.486] [SEVERE ] setting player 4 freeze to -10690
[13:51:52.486] [SEVERE ] setting player 5 freeze to -13320
[13:51:52.595] [SEVERE ] updating countdown to 47889
[13:51:52.595] [SEVERE ] setting player 1 freeze to -13429
[13:51:52.595] [SEVERE ] setting player 2 freeze to -13429
[13:51:52.595] [SEVERE ] setting player 3 freeze to -11237
[13:51:52.595] [SEVERE ] setting player 4 freeze to -10799
[13:51:52.595] [SEVERE ] setting player 5 freeze to -13429
[13:51:52.703] [SEVERE ] updating countdown to 47781
[13:51:52.703] [SEVERE ] setting player 1 freeze to -13537
[13:51:52.703] [SEVERE ] setting player 2 freeze to -13537
[13:51:52.703] [SEVERE ] setting player 3 freeze to -11345
[13:51:52.703] [SEVERE ] setting player 4 freeze to -10907
[13:51:52.703] [SEVERE ] setting player 5 freeze to -13537
[13:51:52.812] [SEVERE ] updating countdown to 47672
[13:51:52.812] [SEVERE ] setting player 1 freeze to -13646
[13:51:52.812] [SEVERE ] setting player 2 freeze to -13646
[13:51:52.812] [SEVERE ] setting player 3 freeze to -11454
[13:51:52.812] [SEVERE ] setting player 4 freeze to -11016
[13:51:52.812] [SEVERE ] setting player 5 freeze to -13646
[13:51:52.920] [SEVERE ] updating countdown to 47564
[13:51:52.920] [SEVERE ] setting player 1 freeze to -13754
[13:51:52.920] [SEVERE ] setting player 2 freeze to -13754
[13:51:52.920] [SEVERE ] setting player 3 freeze to -11562
[13:51:52.920] [SEVERE ] setting player 4 freeze to -11124
[13:51:52.920] [SEVERE ] setting player 5 freeze to -13754
[13:51:53.031] [SEVERE ] updating countdown to 47453
[13:51:53.032] [SEVERE ] setting player 1 freeze to -13866
[13:51:53.032] [SEVERE ] setting player 2 freeze to -13866
[13:51:53.032] [SEVERE ] setting player 3 freeze to -11674
[13:51:53.032] [SEVERE ] setting player 4 freeze to -11236
[13:51:53.032] [SEVERE ] setting player 5 freeze to -13866
[13:51:53.142] [SEVERE ] updating countdown to 47342
[13:51:53.142] [SEVERE ] setting player 1 freeze to -13976
[13:51:53.142] [SEVERE ] setting player 2 freeze to -13976
[13:51:53.142] [SEVERE ] setting player 3 freeze to -11784
[13:51:53.142] [SEVERE ] setting player 4 freeze to -11346
[13:51:53.142] [SEVERE ] setting player 5 freeze to -13976
[13:51:53.250] [SEVERE ] updating countdown to 47234
[13:51:53.250] [SEVERE ] setting player 1 freeze to -14084
[13:51:53.250] [SEVERE ] setting player 2 freeze to -14084
[13:51:53.250] [SEVERE ] setting player 3 freeze to -11892
[13:51:53.250] [SEVERE ] setting player 4 freeze to -11454
[13:51:53.250] [SEVERE ] setting player 5 freeze to -14084
[13:51:53.358] [SEVERE ] updating countdown to 47126
[13:51:53.358] [SEVERE ] setting player 1 freeze to -14192
[13:51:53.358] [SEVERE ] setting player 2 freeze to -14192
[13:51:53.358] [SEVERE ] setting player 3 freeze to -12000
[13:51:53.358] [SEVERE ] setting player 4 freeze to -11562
[13:51:53.358] [SEVERE ] setting player 5 freeze to -14192
[13:51:53.468] [SEVERE ] updating countdown to 47016
[13:51:53.469] [SEVERE ] setting player 1 freeze to -14303
[13:51:53.469] [SEVERE ] setting player 2 freeze to -14303
[13:51:53.469] [SEVERE ] setting player 3 freeze to -12111
[13:51:53.469] [SEVERE ] setting player 4 freeze to -11673
[13:51:53.469] [SEVERE ] setting player 5 freeze to -14303
[13:51:53.578] [SEVERE ] updating countdown to 46906
[13:51:53.578] [SEVERE ] setting player 1 freeze to -14412
[13:51:53.578] [SEVERE ] setting player 2 freeze to -14412
[13:51:53.578] [SEVERE ] setting player 3 freeze to -12220
[13:51:53.578] [SEVERE ] setting player 4 freeze to -11782
[13:51:53.578] [SEVERE ] setting player 5 freeze to -14412
[13:51:53.686] [SEVERE ] updating countdown to 46798
[13:51:53.686] [SEVERE ] setting player 1 freeze to -14520
[13:51:53.686] [SEVERE ] setting player 2 freeze to -14520
[13:51:53.686] [SEVERE ] setting player 3 freeze to -12328
[13:51:53.686] [SEVERE ] setting player 4 freeze to -11890
[13:51:53.686] [SEVERE ] setting player 5 freeze to -14520
[13:51:53.796] [SEVERE ] updating countdown to 46688
[13:51:53.797] [SEVERE ] setting player 1 freeze to -14631
[13:51:53.797] [SEVERE ] setting player 2 freeze to -14631
[13:51:53.797] [SEVERE ] setting player 3 freeze to -12439
[13:51:53.797] [SEVERE ] setting player 4 freeze to -12001
[13:51:53.797] [SEVERE ] setting player 5 freeze to -14631
[13:51:53.907] [SEVERE ] updating countdown to 46577
[13:51:53.908] [SEVERE ] setting player 1 freeze to -14742
[13:51:53.908] [SEVERE ] setting player 2 freeze to -14742
[13:51:53.908] [SEVERE ] setting player 3 freeze to -12550
[13:51:53.908] [SEVERE ] setting player 4 freeze to -12112
[13:51:53.908] [SEVERE ] setting player 5 freeze to -14742
[13:51:54.009] [SEVERE ] updating countdown to 46475
[13:51:54.009] [SEVERE ] setting player 1 freeze to -14843
[13:51:54.009] [SEVERE ] setting player 2 freeze to -14843
[13:51:54.009] [SEVERE ] setting player 3 freeze to -12651
[13:51:54.009] [SEVERE ] setting player 4 freeze to -12213
[13:51:54.009] [SEVERE ] setting player 5 freeze to -14843
[13:51:54.112] [SEVERE ] updating countdown to 46372
[13:51:54.112] [SEVERE ] setting player 1 freeze to -14946
[13:51:54.112] [SEVERE ] setting player 2 freeze to -14946
[13:51:54.112] [SEVERE ] setting player 3 freeze to -12754
[13:51:54.112] [SEVERE ] setting player 4 freeze to -12316
[13:51:54.112] [SEVERE ] setting player 5 freeze to -14946
[13:51:54.222] [SEVERE ] updating countdown to 46262
[13:51:54.222] [SEVERE ] setting player 1 freeze to -15056
[13:51:54.222] [SEVERE ] setting player 2 freeze to -15056
[13:51:54.222] [SEVERE ] setting player 3 freeze to -12864
[13:51:54.222] [SEVERE ] setting player 4 freeze to -12426
[13:51:54.222] [SEVERE ] setting player 5 freeze to -15056
[13:51:54.330] [SEVERE ] updating countdown to 46154
[13:51:54.330] [SEVERE ] setting player 1 freeze to -15164
[13:51:54.330] [SEVERE ] setting player 2 freeze to -15164
[13:51:54.330] [SEVERE ] setting player 3 freeze to -12972
[13:51:54.330] [SEVERE ] setting player 4 freeze to -12534
[13:51:54.330] [SEVERE ] setting player 5 freeze to -15164
[13:51:54.440] [SEVERE ] updating countdown to 46044
[13:51:54.440] [SEVERE ] setting player 1 freeze to -15274
[13:51:54.440] [SEVERE ] setting player 2 freeze to -15274
[13:51:54.440] [SEVERE ] setting player 3 freeze to -13082
[13:51:54.440] [SEVERE ] setting player 4 freeze to -12644
[13:51:54.440] [SEVERE ] setting player 5 freeze to -15274
[13:51:54.549] [SEVERE ] updating countdown to 45935
[13:51:54.549] [SEVERE ] setting player 1 freeze to -15383
[13:51:54.549] [SEVERE ] setting player 2 freeze to -15383
[13:51:54.549] [SEVERE ] setting player 3 freeze to -13191
[13:51:54.549] [SEVERE ] setting player 4 freeze to -12753
[13:51:54.549] [SEVERE ] setting player 5 freeze to -15383
[13:51:54.658] [SEVERE ] updating countdown to 45826
[13:51:54.658] [SEVERE ] setting player 1 freeze to -15492
[13:51:54.658] [SEVERE ] setting player 2 freeze to -15492
[13:51:54.658] [SEVERE ] setting player 3 freeze to -13300
[13:51:54.658] [SEVERE ] setting player 4 freeze to -12862
[13:51:54.658] [SEVERE ] setting player 5 freeze to -15492
[13:51:54.768] [SEVERE ] updating countdown to 45716
[13:51:54.768] [SEVERE ] setting player 1 freeze to -15602
[13:51:54.768] [SEVERE ] setting player 2 freeze to -15602
[13:51:54.768] [SEVERE ] setting player 3 freeze to -13410
[13:51:54.768] [SEVERE ] setting player 4 freeze to -12972
[13:51:54.768] [SEVERE ] setting player 5 freeze to -15602
[13:51:54.876] [SEVERE ] updating countdown to 45608
[13:51:54.876] [SEVERE ] setting player 1 freeze to -15710
[13:51:54.876] [SEVERE ] setting player 2 freeze to -15710
[13:51:54.876] [SEVERE ] setting player 3 freeze to -13518
[13:51:54.876] [SEVERE ] setting player 4 freeze to -13080
[13:51:54.876] [SEVERE ] setting player 5 freeze to -15710
[13:51:54.986] [SEVERE ] updating countdown to 45498
[13:51:54.986] [SEVERE ] setting player 1 freeze to -15820
[13:51:54.986] [SEVERE ] setting player 2 freeze to -15820
[13:51:54.986] [SEVERE ] setting player 3 freeze to -13628
[13:51:54.986] [SEVERE ] setting player 4 freeze to -13190
[13:51:54.986] [SEVERE ] setting player 5 freeze to -15820
[13:51:55.086] [SEVERE ] updating countdown to 45398
[13:51:55.086] [SEVERE ] setting player 1 freeze to -15920
[13:51:55.086] [SEVERE ] setting player 2 freeze to -15920
[13:51:55.086] [SEVERE ] setting player 3 freeze to -13728
[13:51:55.086] [SEVERE ] setting player 4 freeze to -13290
[13:51:55.086] [SEVERE ] setting player 5 freeze to -15920
[13:51:55.188] [SEVERE ] updating countdown to 45296
[13:51:55.188] [SEVERE ] setting player 1 freeze to -16022
[13:51:55.188] [SEVERE ] setting player 2 freeze to -16022
[13:51:55.188] [SEVERE ] setting player 3 freeze to -13830
[13:51:55.188] [SEVERE ] setting player 4 freeze to -13392
[13:51:55.188] [SEVERE ] setting player 5 freeze to -16022
[13:51:55.297] [SEVERE ] updating countdown to 45187
[13:51:55.297] [SEVERE ] setting player 1 freeze to -16131
[13:51:55.297] [SEVERE ] setting player 2 freeze to -16131
[13:51:55.297] [SEVERE ] setting player 3 freeze to -13939
[13:51:55.297] [SEVERE ] setting player 4 freeze to -13501
[13:51:55.297] [SEVERE ] setting player 5 freeze to -16131
[13:51:55.398] [SEVERE ] updating countdown to 45086
[13:51:55.398] [SEVERE ] setting player 1 freeze to -16232
[13:51:55.398] [SEVERE ] setting player 2 freeze to -16232
[13:51:55.398] [SEVERE ] setting player 3 freeze to -14040
[13:51:55.398] [SEVERE ] setting player 4 freeze to -13602
[13:51:55.398] [SEVERE ] setting player 5 freeze to -16232
[13:51:55.500] [SEVERE ] updating countdown to 44984
[13:51:55.500] [SEVERE ] setting player 1 freeze to -16334
[13:51:55.500] [SEVERE ] setting player 2 freeze to -16334
[13:51:55.500] [SEVERE ] setting player 3 freeze to -14142
[13:51:55.500] [SEVERE ] setting player 4 freeze to -13704
[13:51:55.500] [SEVERE ] setting player 5 freeze to -16334
[13:51:55.601] [SEVERE ] updating countdown to 44883
[13:51:55.601] [SEVERE ] setting player 1 freeze to -16435
[13:51:55.601] [SEVERE ] setting player 2 freeze to -16435
[13:51:55.601] [SEVERE ] setting player 3 freeze to -14243
[13:51:55.601] [SEVERE ] setting player 4 freeze to -13805
[13:51:55.601] [SEVERE ] setting player 5 freeze to -16435
[13:51:55.704] [SEVERE ] updating countdown to 44780
[13:51:55.704] [SEVERE ] setting player 1 freeze to -16538
[13:51:55.704] [SEVERE ] setting player 2 freeze to -16538
[13:51:55.704] [SEVERE ] setting player 3 freeze to -14346
[13:51:55.704] [SEVERE ] setting player 4 freeze to -13908
[13:51:55.704] [SEVERE ] setting player 5 freeze to -16538
[13:51:55.813] [SEVERE ] updating countdown to 44671
[13:51:55.813] [SEVERE ] setting player 1 freeze to -16647
[13:51:55.813] [SEVERE ] setting player 2 freeze to -16647
[13:51:55.813] [SEVERE ] setting player 3 freeze to -14455
[13:51:55.813] [SEVERE ] setting player 4 freeze to -14017
[13:51:55.813] [SEVERE ] setting player 5 freeze to -16647
[13:51:55.922] [SEVERE ] updating countdown to 44562
[13:51:55.923] [SEVERE ] setting player 1 freeze to -16757
[13:51:55.923] [SEVERE ] setting player 2 freeze to -16757
[13:51:55.923] [SEVERE ] setting player 3 freeze to -14565
[13:51:55.923] [SEVERE ] setting player 4 freeze to -14127
[13:51:55.923] [SEVERE ] setting player 5 freeze to -16757
[13:51:56.032] [SEVERE ] updating countdown to 44452
[13:51:56.032] [SEVERE ] setting player 1 freeze to -16866
[13:51:56.032] [SEVERE ] setting player 2 freeze to -16866
[13:51:56.032] [SEVERE ] setting player 3 freeze to -14674
[13:51:56.032] [SEVERE ] setting player 4 freeze to -14236
[13:51:56.032] [SEVERE ] setting player 5 freeze to -16866
[13:51:56.133] [SEVERE ] updating countdown to 44351
[13:51:56.133] [SEVERE ] setting player 1 freeze to -16967
[13:51:56.133] [SEVERE ] setting player 2 freeze to -16967
[13:51:56.133] [SEVERE ] setting player 3 freeze to -14775
[13:51:56.133] [SEVERE ] setting player 4 freeze to -14337
[13:51:56.133] [SEVERE ] setting player 5 freeze to -16967
[13:51:56.234] [SEVERE ] updating countdown to 44250
[13:51:56.234] [SEVERE ] setting player 1 freeze to -17068
[13:51:56.234] [SEVERE ] setting player 2 freeze to -17068
[13:51:56.234] [SEVERE ] setting player 3 freeze to -14876
[13:51:56.234] [SEVERE ] setting player 4 freeze to -14438
[13:51:56.234] [SEVERE ] setting player 5 freeze to -17068
[13:51:56.343] [SEVERE ] updating countdown to 44141
[13:51:56.343] [SEVERE ] setting player 1 freeze to -17177
[13:51:56.343] [SEVERE ] setting player 2 freeze to -17177
[13:51:56.343] [SEVERE ] setting player 3 freeze to -14985
[13:51:56.343] [SEVERE ] setting player 4 freeze to -14547
[13:51:56.343] [SEVERE ] setting player 5 freeze to -17177
[13:51:56.450] [SEVERE ] updating countdown to 44034
[13:51:56.450] [SEVERE ] setting player 1 freeze to -17284
[13:51:56.450] [SEVERE ] setting player 2 freeze to -17284
[13:51:56.450] [SEVERE ] setting player 3 freeze to -15092
[13:51:56.450] [SEVERE ] setting player 4 freeze to -14654
[13:51:56.450] [SEVERE ] setting player 5 freeze to -17284
[13:51:56.559] [SEVERE ] updating countdown to 43925
[13:51:56.560] [SEVERE ] setting player 1 freeze to -17394
[13:51:56.560] [SEVERE ] setting player 2 freeze to -17394
[13:51:56.560] [SEVERE ] setting player 3 freeze to -15202
[13:51:56.560] [SEVERE ] setting player 4 freeze to -14764
[13:51:56.560] [SEVERE ] setting player 5 freeze to -17394
[13:51:56.668] [SEVERE ] updating countdown to 43816
[13:51:56.668] [SEVERE ] setting player 1 freeze to -17502
[13:51:56.668] [SEVERE ] setting player 2 freeze to -17502
[13:51:56.668] [SEVERE ] setting player 3 freeze to -15310
[13:51:56.668] [SEVERE ] setting player 4 freeze to -14872
[13:51:56.668] [SEVERE ] setting player 5 freeze to -17502
[13:51:56.777] [SEVERE ] updating countdown to 43707
[13:51:56.777] [SEVERE ] setting player 1 freeze to -17611
[13:51:56.777] [SEVERE ] setting player 2 freeze to -17611
[13:51:56.777] [SEVERE ] setting player 3 freeze to -15419
[13:51:56.777] [SEVERE ] setting player 4 freeze to -14981
[13:51:56.777] [SEVERE ] setting player 5 freeze to -17611
[13:51:56.887] [SEVERE ] updating countdown to 43597
[13:51:56.887] [SEVERE ] setting player 1 freeze to -17721
[13:51:56.887] [SEVERE ] setting player 2 freeze to -17721
[13:51:56.887] [SEVERE ] setting player 3 freeze to -15529
[13:51:56.887] [SEVERE ] setting player 4 freeze to -15091
[13:51:56.887] [SEVERE ] setting player 5 freeze to -17721
[13:51:56.989] [SEVERE ] updating countdown to 43495
[13:51:56.989] [SEVERE ] setting player 1 freeze to -17823
[13:51:56.989] [SEVERE ] setting player 2 freeze to -17823
[13:51:56.989] [SEVERE ] setting player 3 freeze to -15631
[13:51:56.989] [SEVERE ] setting player 4 freeze to -15193
[13:51:56.989] [SEVERE ] setting player 5 freeze to -17823
[13:51:57.090] [SEVERE ] updating countdown to 43394
[13:51:57.090] [SEVERE ] setting player 1 freeze to -17924
[13:51:57.090] [SEVERE ] setting player 2 freeze to -17924
[13:51:57.090] [SEVERE ] setting player 3 freeze to -15732
[13:51:57.090] [SEVERE ] setting player 4 freeze to -15294
[13:51:57.090] [SEVERE ] setting player 5 freeze to -17924
[13:51:57.198] [SEVERE ] updating countdown to 43286
[13:51:57.198] [SEVERE ] setting player 1 freeze to -18032
[13:51:57.198] [SEVERE ] setting player 2 freeze to -18032
[13:51:57.198] [SEVERE ] setting player 3 freeze to -15840
[13:51:57.198] [SEVERE ] setting player 4 freeze to -15402
[13:51:57.198] [SEVERE ] setting player 5 freeze to -18032
[13:51:57.301] [SEVERE ] updating countdown to 43183
[13:51:57.301] [SEVERE ] setting player 1 freeze to -18135
[13:51:57.301] [SEVERE ] setting player 2 freeze to -18135
[13:51:57.301] [SEVERE ] setting player 3 freeze to -15943
[13:51:57.301] [SEVERE ] setting player 4 freeze to -15505
[13:51:57.301] [SEVERE ] setting player 5 freeze to -18135
[13:51:57.402] [SEVERE ] updating countdown to 43082
[13:51:57.402] [SEVERE ] setting player 1 freeze to -18236
[13:51:57.402] [SEVERE ] setting player 2 freeze to -18236
[13:51:57.402] [SEVERE ] setting player 3 freeze to -16044
[13:51:57.402] [SEVERE ] setting player 4 freeze to -15606
[13:51:57.402] [SEVERE ] setting player 5 freeze to -18236
[13:51:57.510] [SEVERE ] updating countdown to 42974
[13:51:57.510] [SEVERE ] setting player 1 freeze to -18344
[13:51:57.510] [SEVERE ] setting player 2 freeze to -18344
[13:51:57.510] [SEVERE ] setting player 3 freeze to -16152
[13:51:57.510] [SEVERE ] setting player 4 freeze to -15714
[13:51:57.510] [SEVERE ] setting player 5 freeze to -18344
[13:51:57.620] [SEVERE ] updating countdown to 42864
[13:51:57.620] [SEVERE ] setting player 1 freeze to -18454
[13:51:57.620] [SEVERE ] setting player 2 freeze to -18454
[13:51:57.620] [SEVERE ] setting player 3 freeze to -16262
[13:51:57.620] [SEVERE ] setting player 4 freeze to -15824
[13:51:57.620] [SEVERE ] setting player 5 freeze to -18454
[13:51:57.721] [SEVERE ] updating countdown to 42763
[13:51:57.721] [SEVERE ] setting player 1 freeze to -18555
[13:51:57.721] [SEVERE ] setting player 2 freeze to -18555
[13:51:57.721] [SEVERE ] setting player 3 freeze to -16363
[13:51:57.721] [SEVERE ] setting player 4 freeze to -15925
[13:51:57.721] [SEVERE ] setting player 5 freeze to -18555
[13:51:57.823] [SEVERE ] updating countdown to 42661
[13:51:57.823] [SEVERE ] setting player 1 freeze to -18657
[13:51:57.823] [SEVERE ] setting player 2 freeze to -18657
[13:51:57.823] [SEVERE ] setting player 3 freeze to -16465
[13:51:57.823] [SEVERE ] setting player 4 freeze to -16027
[13:51:57.823] [SEVERE ] setting player 5 freeze to -18657
[13:51:57.932] [SEVERE ] updating countdown to 42552
[13:51:57.932] [SEVERE ] setting player 1 freeze to -18766
[13:51:57.932] [SEVERE ] setting player 2 freeze to -18766
[13:51:57.932] [SEVERE ] setting player 3 freeze to -16574
[13:51:57.932] [SEVERE ] setting player 4 freeze to -16136
[13:51:57.932] [SEVERE ] setting player 5 freeze to -18766
[13:51:58.042] [SEVERE ] updating countdown to 42442
[13:51:58.042] [SEVERE ] setting player 1 freeze to -18876
[13:51:58.042] [SEVERE ] setting player 2 freeze to -18876
[13:51:58.042] [SEVERE ] setting player 3 freeze to -16684
[13:51:58.042] [SEVERE ] setting player 4 freeze to -16246
[13:51:58.042] [SEVERE ] setting player 5 freeze to -18876
[13:51:58.151] [SEVERE ] updating countdown to 42333
[13:51:58.151] [SEVERE ] setting player 1 freeze to -18985
[13:51:58.151] [SEVERE ] setting player 2 freeze to -18985
[13:51:58.151] [SEVERE ] setting player 3 freeze to -16793
[13:51:58.151] [SEVERE ] setting player 4 freeze to -16355
[13:51:58.151] [SEVERE ] setting player 5 freeze to -18985
[13:51:58.260] [SEVERE ] updating countdown to 42224
[13:51:58.260] [SEVERE ] setting player 1 freeze to -19094
[13:51:58.260] [SEVERE ] setting player 2 freeze to -19094
[13:51:58.260] [SEVERE ] setting player 3 freeze to -16902
[13:51:58.260] [SEVERE ] setting player 4 freeze to -16464
[13:51:58.260] [SEVERE ] setting player 5 freeze to -19094
[13:51:58.370] [SEVERE ] updating countdown to 42114
[13:51:58.370] [SEVERE ] setting player 1 freeze to -19204
[13:51:58.370] [SEVERE ] setting player 2 freeze to -19204
[13:51:58.370] [SEVERE ] setting player 3 freeze to -17012
[13:51:58.370] [SEVERE ] setting player 4 freeze to -16574
[13:51:58.370] [SEVERE ] setting player 5 freeze to -19204
[13:51:58.480] [SEVERE ] updating countdown to 42004
[13:51:58.480] [SEVERE ] setting player 1 freeze to -19314
[13:51:58.480] [SEVERE ] setting player 2 freeze to -19314
[13:51:58.480] [SEVERE ] setting player 3 freeze to -17122
[13:51:58.480] [SEVERE ] setting player 4 freeze to -16684
[13:51:58.480] [SEVERE ] setting player 5 freeze to -19314
[13:51:58.591] [SEVERE ] updating countdown to 41893
[13:51:58.591] [SEVERE ] setting player 1 freeze to -19425
[13:51:58.591] [SEVERE ] setting player 2 freeze to -19425
[13:51:58.591] [SEVERE ] setting player 3 freeze to -17233
[13:51:58.591] [SEVERE ] setting player 4 freeze to -16795
[13:51:58.591] [SEVERE ] setting player 5 freeze to -19425
[13:51:58.700] [SEVERE ] updating countdown to 41784
[13:51:58.700] [SEVERE ] setting player 1 freeze to -19534
[13:51:58.700] [SEVERE ] setting player 2 freeze to -19534
[13:51:58.700] [SEVERE ] setting player 3 freeze to -17342
[13:51:58.700] [SEVERE ] setting player 4 freeze to -16904
[13:51:58.700] [SEVERE ] setting player 5 freeze to -19534
[13:51:58.810] [SEVERE ] updating countdown to 41674
[13:51:58.810] [SEVERE ] setting player 1 freeze to -19644
[13:51:58.810] [SEVERE ] setting player 2 freeze to -19644
[13:51:58.810] [SEVERE ] setting player 3 freeze to -17452
[13:51:58.810] [SEVERE ] setting player 4 freeze to -17014
[13:51:58.810] [SEVERE ] setting player 5 freeze to -19644
[13:51:58.920] [SEVERE ] updating countdown to 41564
[13:51:58.920] [SEVERE ] setting player 1 freeze to -19754
[13:51:58.920] [SEVERE ] setting player 2 freeze to -19754
[13:51:58.920] [SEVERE ] setting player 3 freeze to -17562
[13:51:58.920] [SEVERE ] setting player 4 freeze to -17124
[13:51:58.920] [SEVERE ] setting player 5 freeze to -19754
[13:51:59.029] [SEVERE ] updating countdown to 41455
[13:51:59.029] [SEVERE ] setting player 1 freeze to -19863
[13:51:59.029] [SEVERE ] setting player 2 freeze to -19863
[13:51:59.029] [SEVERE ] setting player 3 freeze to -17671
[13:51:59.029] [SEVERE ] setting player 4 freeze to -17233
[13:51:59.029] [SEVERE ] setting player 5 freeze to -19863
[13:51:59.138] [SEVERE ] updating countdown to 41346
[13:51:59.138] [SEVERE ] setting player 1 freeze to -19972
[13:51:59.138] [SEVERE ] setting player 2 freeze to -19972
[13:51:59.138] [SEVERE ] setting player 3 freeze to -17780
[13:51:59.138] [SEVERE ] setting player 4 freeze to -17342
[13:51:59.138] [SEVERE ] setting player 5 freeze to -19972
[13:51:59.247] [SEVERE ] updating countdown to 41237
[13:51:59.247] [SEVERE ] setting player 1 freeze to -20081
[13:51:59.247] [SEVERE ] setting player 2 freeze to -20081
[13:51:59.247] [SEVERE ] setting player 3 freeze to -17889
[13:51:59.247] [SEVERE ] setting player 4 freeze to -17451
[13:51:59.247] [SEVERE ] setting player 5 freeze to -20081
[13:51:59.358] [SEVERE ] updating countdown to 41126
[13:51:59.358] [SEVERE ] setting player 1 freeze to -20192
[13:51:59.358] [SEVERE ] setting player 2 freeze to -20192
[13:51:59.358] [SEVERE ] setting player 3 freeze to -18000
[13:51:59.358] [SEVERE ] setting player 4 freeze to -17562
[13:51:59.358] [SEVERE ] setting player 5 freeze to -20192
[13:51:59.467] [SEVERE ] updating countdown to 41017
[13:51:59.467] [SEVERE ] setting player 1 freeze to -20301
[13:51:59.467] [SEVERE ] setting player 2 freeze to -20301
[13:51:59.467] [SEVERE ] setting player 3 freeze to -18109
[13:51:59.467] [SEVERE ] setting player 4 freeze to -17671
[13:51:59.467] [SEVERE ] setting player 5 freeze to -20301
[13:51:59.575] [SEVERE ] updating countdown to 40909
[13:51:59.575] [SEVERE ] setting player 1 freeze to -20409
[13:51:59.575] [SEVERE ] setting player 2 freeze to -20409
[13:51:59.575] [SEVERE ] setting player 3 freeze to -18217
[13:51:59.575] [SEVERE ] setting player 4 freeze to -17779
[13:51:59.575] [SEVERE ] setting player 5 freeze to -20409
[13:51:59.684] [SEVERE ] updating countdown to 40800
[13:51:59.684] [SEVERE ] setting player 1 freeze to -20518
[13:51:59.684] [SEVERE ] setting player 2 freeze to -20518
[13:51:59.684] [SEVERE ] setting player 3 freeze to -18326
[13:51:59.684] [SEVERE ] setting player 4 freeze to -17888
[13:51:59.684] [SEVERE ] setting player 5 freeze to -20518
[13:51:59.793] [SEVERE ] updating countdown to 40691
[13:51:59.793] [SEVERE ] setting player 1 freeze to -20627
[13:51:59.793] [SEVERE ] setting player 2 freeze to -20627
[13:51:59.793] [SEVERE ] setting player 3 freeze to -18435
[13:51:59.793] [SEVERE ] setting player 4 freeze to -17997
[13:51:59.793] [SEVERE ] setting player 5 freeze to -20627
[13:51:59.903] [SEVERE ] updating countdown to 40581
[13:51:59.903] [SEVERE ] setting player 1 freeze to -20737
[13:51:59.903] [SEVERE ] setting player 2 freeze to -20737
[13:51:59.903] [SEVERE ] setting player 3 freeze to -18545
[13:51:59.903] [SEVERE ] setting player 4 freeze to -18107
[13:51:59.903] [SEVERE ] setting player 5 freeze to -20737
[13:52:00.011] [SEVERE ] updating countdown to 40473
[13:52:00.012] [SEVERE ] setting player 1 freeze to -20846
[13:52:00.012] [SEVERE ] setting player 2 freeze to -20846
[13:52:00.012] [SEVERE ] setting player 3 freeze to -18654
[13:52:00.012] [SEVERE ] setting player 4 freeze to -18216
[13:52:00.012] [SEVERE ] setting player 5 freeze to -20846
[13:52:00.120] [SEVERE ] updating countdown to 40364
[13:52:00.120] [SEVERE ] setting player 1 freeze to -20954
[13:52:00.120] [SEVERE ] setting player 2 freeze to -20954
[13:52:00.120] [SEVERE ] setting player 3 freeze to -18762
[13:52:00.120] [SEVERE ] setting player 4 freeze to -18324
[13:52:00.120] [SEVERE ] setting player 5 freeze to -20954
[13:52:00.231] [SEVERE ] updating countdown to 40253
[13:52:00.231] [SEVERE ] setting player 1 freeze to -21065
[13:52:00.231] [SEVERE ] setting player 2 freeze to -21065
[13:52:00.231] [SEVERE ] setting player 3 freeze to -18873
[13:52:00.231] [SEVERE ] setting player 4 freeze to -18435
[13:52:00.231] [SEVERE ] setting player 5 freeze to -21065
[13:52:00.341] [SEVERE ] updating countdown to 40143
[13:52:00.341] [SEVERE ] setting player 1 freeze to -21175
[13:52:00.341] [SEVERE ] setting player 2 freeze to -21175
[13:52:00.341] [SEVERE ] setting player 3 freeze to -18983
[13:52:00.341] [SEVERE ] setting player 4 freeze to -18545
[13:52:00.341] [SEVERE ] setting player 5 freeze to -21175
[13:52:00.450] [SEVERE ] updating countdown to 40034
[13:52:00.450] [SEVERE ] setting player 1 freeze to -21284
[13:52:00.450] [SEVERE ] setting player 2 freeze to -21284
[13:52:00.450] [SEVERE ] setting player 3 freeze to -19092
[13:52:00.450] [SEVERE ] setting player 4 freeze to -18654
[13:52:00.450] [SEVERE ] setting player 5 freeze to -21284
[13:52:00.559] [SEVERE ] updating countdown to 39925
[13:52:00.559] [SEVERE ] setting player 1 freeze to -21393
[13:52:00.559] [SEVERE ] setting player 2 freeze to -21393
[13:52:00.559] [SEVERE ] setting player 3 freeze to -19201
[13:52:00.559] [SEVERE ] setting player 4 freeze to -18763
[13:52:00.559] [SEVERE ] setting player 5 freeze to -21393
[13:52:00.670] [SEVERE ] updating countdown to 39814
[13:52:00.670] [SEVERE ] setting player 1 freeze to -21504
[13:52:00.670] [SEVERE ] setting player 2 freeze to -21504
[13:52:00.670] [SEVERE ] setting player 3 freeze to -19312
[13:52:00.670] [SEVERE ] setting player 4 freeze to -18874
[13:52:00.670] [SEVERE ] setting player 5 freeze to -21504
[13:52:00.779] [SEVERE ] updating countdown to 39705
[13:52:00.779] [SEVERE ] setting player 1 freeze to -21613
[13:52:00.779] [SEVERE ] setting player 2 freeze to -21613
[13:52:00.779] [SEVERE ] setting player 3 freeze to -19421
[13:52:00.779] [SEVERE ] setting player 4 freeze to -18983
[13:52:00.779] [SEVERE ] setting player 5 freeze to -21613
[13:52:00.889] [SEVERE ] updating countdown to 39595
[13:52:00.889] [SEVERE ] setting player 1 freeze to -21723
[13:52:00.889] [SEVERE ] setting player 2 freeze to -21723
[13:52:00.889] [SEVERE ] setting player 3 freeze to -19531
[13:52:00.889] [SEVERE ] setting player 4 freeze to -19093
[13:52:00.889] [SEVERE ] setting player 5 freeze to -21723
[13:52:00.997] [SEVERE ] updating countdown to 39487
[13:52:00.997] [SEVERE ] setting player 1 freeze to -21831
[13:52:00.997] [SEVERE ] setting player 2 freeze to -21831
[13:52:00.997] [SEVERE ] setting player 3 freeze to -19639
[13:52:00.997] [SEVERE ] setting player 4 freeze to -19201
[13:52:00.997] [SEVERE ] setting player 5 freeze to -21831
[13:52:01.106] [SEVERE ] updating countdown to 39378
[13:52:01.106] [SEVERE ] setting player 1 freeze to -21940
[13:52:01.106] [SEVERE ] setting player 2 freeze to -21940
[13:52:01.106] [SEVERE ] setting player 3 freeze to -19748
[13:52:01.106] [SEVERE ] setting player 4 freeze to -19310
[13:52:01.106] [SEVERE ] setting player 5 freeze to -21940
[13:52:01.215] [SEVERE ] updating countdown to 39269
[13:52:01.215] [SEVERE ] setting player 1 freeze to -22049
[13:52:01.215] [SEVERE ] setting player 2 freeze to -22049
[13:52:01.215] [SEVERE ] setting player 3 freeze to -19857
[13:52:01.215] [SEVERE ] setting player 4 freeze to -19419
[13:52:01.215] [SEVERE ] setting player 5 freeze to -22049
[13:52:01.324] [SEVERE ] updating countdown to 39160
[13:52:01.324] [SEVERE ] setting player 1 freeze to -22158
[13:52:01.324] [SEVERE ] setting player 2 freeze to -22158
[13:52:01.324] [SEVERE ] setting player 3 freeze to -19966
[13:52:01.324] [SEVERE ] setting player 4 freeze to -19528
[13:52:01.324] [SEVERE ] setting player 5 freeze to -22158
[13:52:01.433] [SEVERE ] updating countdown to 39051
[13:52:01.433] [SEVERE ] setting player 1 freeze to -22267
[13:52:01.433] [SEVERE ] setting player 2 freeze to -22267
[13:52:01.433] [SEVERE ] setting player 3 freeze to -20075
[13:52:01.433] [SEVERE ] setting player 4 freeze to -19637
[13:52:01.433] [SEVERE ] setting player 5 freeze to -22267
[13:52:01.542] [SEVERE ] updating countdown to 38942
[13:52:01.542] [SEVERE ] setting player 1 freeze to -22376
[13:52:01.542] [SEVERE ] setting player 2 freeze to -22376
[13:52:01.542] [SEVERE ] setting player 3 freeze to -20184
[13:52:01.542] [SEVERE ] setting player 4 freeze to -19746
[13:52:01.542] [SEVERE ] setting player 5 freeze to -22376
[13:52:01.651] [SEVERE ] updating countdown to 38833
[13:52:01.652] [SEVERE ] setting player 1 freeze to -22486
[13:52:01.652] [SEVERE ] setting player 2 freeze to -22486
[13:52:01.652] [SEVERE ] setting player 3 freeze to -20294
[13:52:01.652] [SEVERE ] setting player 4 freeze to -19856
[13:52:01.652] [SEVERE ] setting player 5 freeze to -22486
[13:52:01.761] [SEVERE ] updating countdown to 38723
[13:52:01.761] [SEVERE ] setting player 1 freeze to -22595
[13:52:01.761] [SEVERE ] setting player 2 freeze to -22595
[13:52:01.761] [SEVERE ] setting player 3 freeze to -20403
[13:52:01.761] [SEVERE ] setting player 4 freeze to -19965
[13:52:01.761] [SEVERE ] setting player 5 freeze to -22595
[13:52:01.871] [SEVERE ] updating countdown to 38613
[13:52:01.871] [SEVERE ] setting player 1 freeze to -22705
[13:52:01.871] [SEVERE ] setting player 2 freeze to -22705
[13:52:01.871] [SEVERE ] setting player 3 freeze to -20513
[13:52:01.871] [SEVERE ] setting player 4 freeze to -20075
[13:52:01.871] [SEVERE ] setting player 5 freeze to -22705
[13:52:01.980] [SEVERE ] updating countdown to 38504
[13:52:01.980] [SEVERE ] setting player 1 freeze to -22814
[13:52:01.980] [SEVERE ] setting player 2 freeze to -22814
[13:52:01.980] [SEVERE ] setting player 3 freeze to -20622
[13:52:01.980] [SEVERE ] setting player 4 freeze to -20184
[13:52:01.980] [SEVERE ] setting player 5 freeze to -22814
[13:52:02.090] [SEVERE ] updating countdown to 38394
[13:52:02.090] [SEVERE ] setting player 1 freeze to -22924
[13:52:02.090] [SEVERE ] setting player 2 freeze to -22924
[13:52:02.090] [SEVERE ] setting player 3 freeze to -20732
[13:52:02.090] [SEVERE ] setting player 4 freeze to -20294
[13:52:02.090] [SEVERE ] setting player 5 freeze to -22924
[13:52:02.200] [SEVERE ] updating countdown to 38284
[13:52:02.200] [SEVERE ] setting player 1 freeze to -23034
[13:52:02.200] [SEVERE ] setting player 2 freeze to -23034
[13:52:02.200] [SEVERE ] setting player 3 freeze to -20842
[13:52:02.200] [SEVERE ] setting player 4 freeze to -20404
[13:52:02.200] [SEVERE ] setting player 5 freeze to -23034
[13:52:02.307] [SEVERE ] updating countdown to 38177
[13:52:02.307] [SEVERE ] setting player 1 freeze to -23141
[13:52:02.307] [SEVERE ] setting player 2 freeze to -23141
[13:52:02.307] [SEVERE ] setting player 3 freeze to -20949
[13:52:02.307] [SEVERE ] setting player 4 freeze to -20511
[13:52:02.307] [SEVERE ] setting player 5 freeze to -23141
