[13:20:01.659] [INFO   ] thread main starting.
[13:20:01.667] [SEVERE ] cannot read configuration file config.properties trying from resources.
[13:20:01.667] [SEVERE ] configuration file was loaded from resources directory.
[13:20:02.232] [INFO   ] thread dealer starting.
[13:20:02.232] [INFO   ] thread dealer starting.
[13:20:02.232] [INFO   ] thread Player #1 starting.
[13:20:02.232] [INFO   ] thread Player #2 starting.
[13:20:02.232] [INFO   ] thread Player #3 starting.
[13:20:02.240] [INFO   ] thread computer-3 starting.
[13:20:02.232] [INFO   ] thread Player #0 starting.
[13:20:02.240] [INFO   ] thread computer-2 starting.
[13:20:02.232] [INFO   ] thread Player #4 starting.
[13:20:02.248] [INFO   ] thread computer-4 starting.
[13:20:02.355] [SEVERE ] placing card 32 in slot 0
[13:20:02.356] [SEVERE ] updating countdown to 60000
[13:20:02.356] [SEVERE ] setting player 1 freeze to -124
[13:20:02.359] [SEVERE ] setting player 2 freeze to -127
[13:20:02.359] [SEVERE ] setting player 3 freeze to -127
[13:20:02.359] [SEVERE ] setting player 4 freeze to -127
[13:20:02.359] [SEVERE ] setting player 5 freeze to -127
[13:20:02.469] [SEVERE ] placing card 41 in slot 1
[13:20:02.469] [SEVERE ] updating countdown to 60000
[13:20:02.469] [SEVERE ] setting player 1 freeze to -237
[13:20:02.469] [SEVERE ] setting player 2 freeze to -237
[13:20:02.469] [SEVERE ] setting player 3 freeze to -237
[13:20:02.469] [SEVERE ] setting player 4 freeze to -237
[13:20:02.471] [SEVERE ] setting player 5 freeze to -239
[13:20:02.500] [SEVERE ] player 3 placing token on slot 1
[13:20:02.577] [SEVERE ] placing card 66 in slot 2
[13:20:02.577] [SEVERE ] updating countdown to 60000
[13:20:02.577] [SEVERE ] setting player 1 freeze to -345
[13:20:02.577] [SEVERE ] setting player 2 freeze to -345
[13:20:02.577] [SEVERE ] setting player 3 freeze to -345
[13:20:02.577] [SEVERE ] setting player 4 freeze to -345
[13:20:02.577] [SEVERE ] setting player 5 freeze to -345
[13:20:02.681] [SEVERE ] placing card 62 in slot 3
[13:20:02.681] [SEVERE ] updating countdown to 60000
[13:20:02.681] [SEVERE ] setting player 1 freeze to -449
[13:20:02.681] [SEVERE ] setting player 2 freeze to -449
[13:20:02.681] [SEVERE ] setting player 3 freeze to -449
[13:20:02.681] [SEVERE ] setting player 4 freeze to -449
[13:20:02.681] [SEVERE ] setting player 5 freeze to -449
[13:20:02.751] [SEVERE ] player 5 placing token on slot 2
[13:20:02.765] [SEVERE ] player 3 placing token on slot 0
[13:20:02.785] [SEVERE ] placing card 57 in slot 4
[13:20:02.785] [SEVERE ] updating countdown to 60000
[13:20:02.785] [SEVERE ] setting player 1 freeze to -553
[13:20:02.785] [SEVERE ] setting player 2 freeze to -553
[13:20:02.785] [SEVERE ] setting player 3 freeze to -553
[13:20:02.785] [SEVERE ] setting player 4 freeze to -553
[13:20:02.785] [SEVERE ] setting player 5 freeze to -553
[13:20:02.899] [SEVERE ] placing card 54 in slot 5
[13:20:02.899] [SEVERE ] updating countdown to 60000
[13:20:02.899] [SEVERE ] setting player 1 freeze to -667
[13:20:02.900] [SEVERE ] setting player 2 freeze to -668
[13:20:02.900] [SEVERE ] setting player 3 freeze to -668
[13:20:02.900] [SEVERE ] setting player 4 freeze to -668
[13:20:02.901] [SEVERE ] setting player 5 freeze to -669
[13:20:03.008] [SEVERE ] placing card 70 in slot 6
[13:20:03.008] [SEVERE ] player 5 placing token on slot 3
[13:20:03.010] [SEVERE ] updating countdown to 60000
[13:20:03.010] [SEVERE ] setting player 1 freeze to -778
[13:20:03.010] [SEVERE ] setting player 2 freeze to -778
[13:20:03.010] [SEVERE ] setting player 3 freeze to -778
[13:20:03.011] [SEVERE ] setting player 4 freeze to -779
[13:20:03.011] [SEVERE ] setting player 5 freeze to -779
[13:20:03.017] [SEVERE ] player 3 placing token on slot 5
[13:20:03.120] [SEVERE ] placing card 36 in slot 7
[13:20:03.120] [SEVERE ] updating countdown to 60000
[13:20:03.120] [SEVERE ] setting player 1 freeze to -888
[13:20:03.120] [SEVERE ] setting player 2 freeze to -888
[13:20:03.120] [SEVERE ] setting player 3 freeze to -888
[13:20:03.120] [SEVERE ] setting player 4 freeze to -888
[13:20:03.120] [SEVERE ] setting player 5 freeze to -888
[13:20:03.235] [SEVERE ] placing card 10 in slot 8
[13:20:03.235] [SEVERE ] updating countdown to 60000
[13:20:03.235] [SEVERE ] setting player 1 freeze to -1003
[13:20:03.235] [SEVERE ] setting player 2 freeze to -1003
[13:20:03.235] [SEVERE ] setting player 3 freeze to -1003
[13:20:03.235] [SEVERE ] setting player 4 freeze to -1003
[13:20:03.235] [SEVERE ] setting player 5 freeze to -1003
[13:20:03.267] [SEVERE ] player 4 placing token on slot 0
[13:20:03.339] [SEVERE ] placing card 11 in slot 9
[13:20:03.339] [SEVERE ] updating countdown to 60000
[13:20:03.339] [SEVERE ] setting player 1 freeze to -1107
[13:20:03.339] [SEVERE ] setting player 2 freeze to -1107
[13:20:03.339] [SEVERE ] setting player 3 freeze to -1107
[13:20:03.340] [SEVERE ] setting player 4 freeze to -1108
[13:20:03.340] [SEVERE ] setting player 5 freeze to -1108
[13:20:03.448] [SEVERE ] placing card 48 in slot 10
[13:20:03.448] [SEVERE ] updating countdown to 60000
[13:20:03.448] [SEVERE ] setting player 1 freeze to -1216
[13:20:03.448] [SEVERE ] setting player 2 freeze to -1216
[13:20:03.448] [SEVERE ] setting player 3 freeze to -1216
[13:20:03.448] [SEVERE ] setting player 4 freeze to -1216
[13:20:03.448] [SEVERE ] setting player 5 freeze to -1216
[13:20:03.528] [SEVERE ] player 5 placing token on slot 4
[13:20:03.528] [SEVERE ] player 4 placing token on slot 7
[13:20:03.551] [SEVERE ] placing card 79 in slot 11
[13:20:03.551] [SEVERE ] updating countdown to 60000
[13:20:03.551] [SEVERE ] setting player 1 freeze to -1319
[13:20:03.551] [SEVERE ] setting player 2 freeze to -1319
[13:20:03.551] [SEVERE ] setting player 3 freeze to -1319
[13:20:03.551] [SEVERE ] setting player 4 freeze to -1319
[13:20:03.551] [SEVERE ] setting player 5 freeze to -1319
[13:20:03.664] [SEVERE ] updating countdown to 59887
[13:20:03.664] [SEVERE ] setting player 1 freeze to -1432
[13:20:03.664] [SEVERE ] setting player 2 freeze to -1432
[13:20:03.664] [SEVERE ] setting player 3 freeze to -1432
[13:20:03.666] [SEVERE ] setting player 4 freeze to -1434
[13:20:03.666] [SEVERE ] setting player 5 freeze to -1434
[13:20:03.772] [SEVERE ] updating countdown to 59779
[13:20:03.772] [SEVERE ] setting player 1 freeze to -1540
[13:20:03.772] [SEVERE ] setting player 2 freeze to -1540
[13:20:03.772] [SEVERE ] setting player 3 freeze to -1540
[13:20:03.772] [SEVERE ] setting player 4 freeze to -1540
[13:20:03.772] [SEVERE ] setting player 5 freeze to -1540
[13:20:03.788] [SEVERE ] player 4 placing token on slot 8
[13:20:03.876] [SEVERE ] updating countdown to 59675
[13:20:03.876] [SEVERE ] setting player 1 freeze to -1644
[13:20:03.876] [SEVERE ] setting player 2 freeze to -1644
[13:20:03.876] [SEVERE ] setting player 3 freeze to -1644
[13:20:03.876] [SEVERE ] setting player 4 freeze to -1644
[13:20:03.876] [SEVERE ] setting player 5 freeze to -1644
[13:20:03.876] [SEVERE ] updating countdown to 59675
[13:20:03.876] [SEVERE ] setting player 1 freeze to -1644
[13:20:03.876] [SEVERE ] setting player 2 freeze to -1644
[13:20:03.876] [SEVERE ] setting player 3 freeze to -1644
[13:20:03.876] [SEVERE ] setting player 4 freeze to -1644
[13:20:03.876] [SEVERE ] setting player 5 freeze to -1644
