[00:19:55.652] [INFO   ] thread main starting.
[00:19:55.657] [SEVERE ] cannot read configuration file config.properties trying from resources.
[00:19:55.659] [SEVERE ] configuration file was loaded from resources directory.
[00:19:56.012] [INFO   ] thread dealer starting.
[00:19:56.013] [INFO   ] thread dealer starting.
[00:19:56.013] [INFO   ] thread Player #0 starting.
[00:19:56.014] [INFO   ] thread Player #1 starting.
[00:19:56.131] [SEVERE ] placing card 24 in slot 0
[00:19:56.132] [SEVERE ] updating countdown to 60000
[00:19:56.134] [SEVERE ] setting player 1 freeze to -123
[00:19:56.136] [SEVERE ] setting player 2 freeze to -125
[00:19:56.241] [SEVERE ] placing card 67 in slot 1
[00:19:56.241] [SEVERE ] updating countdown to 60000
[00:19:56.242] [SEVERE ] setting player 1 freeze to -231
[00:19:56.242] [SEVERE ] setting player 2 freeze to -231
[00:19:56.350] [SEVERE ] placing card 14 in slot 2
[00:19:56.351] [SEVERE ] updating countdown to 60000
[00:19:56.351] [SEVERE ] setting player 1 freeze to -340
[00:19:56.351] [SEVERE ] setting player 2 freeze to -340
[00:19:56.458] [SEVERE ] placing card 73 in slot 3
[00:19:56.458] [SEVERE ] updating countdown to 60000
[00:19:56.458] [SEVERE ] setting player 1 freeze to -447
[00:19:56.458] [SEVERE ] setting player 2 freeze to -447
[00:19:56.577] [SEVERE ] placing card 68 in slot 4
[00:19:56.577] [SEVERE ] updating countdown to 60000
[00:19:56.577] [SEVERE ] setting player 1 freeze to -566
[00:19:56.577] [SEVERE ] setting player 2 freeze to -566
[00:19:56.678] [SEVERE ] placing card 58 in slot 5
[00:19:56.678] [SEVERE ] updating countdown to 60000
[00:19:56.678] [SEVERE ] setting player 1 freeze to -667
[00:19:56.678] [SEVERE ] setting player 2 freeze to -667
[00:19:56.785] [SEVERE ] placing card 78 in slot 6
[00:19:56.785] [SEVERE ] updating countdown to 60000
[00:19:56.785] [SEVERE ] setting player 1 freeze to -774
[00:19:56.785] [SEVERE ] setting player 2 freeze to -774
[00:19:56.894] [SEVERE ] placing card 54 in slot 7
[00:19:56.894] [SEVERE ] updating countdown to 60000
[00:19:56.894] [SEVERE ] setting player 1 freeze to -883
[00:19:56.894] [SEVERE ] setting player 2 freeze to -883
[00:19:56.996] [SEVERE ] placing card 48 in slot 8
[00:19:56.996] [SEVERE ] updating countdown to 60000
[00:19:56.996] [SEVERE ] setting player 1 freeze to -985
[00:19:56.996] [SEVERE ] setting player 2 freeze to -985
[00:19:57.111] [SEVERE ] placing card 15 in slot 9
[00:19:57.111] [SEVERE ] updating countdown to 60000
[00:19:57.111] [SEVERE ] setting player 1 freeze to -1100
[00:19:57.111] [SEVERE ] setting player 2 freeze to -1100
[00:19:57.225] [SEVERE ] placing card 76 in slot 10
[00:19:57.225] [SEVERE ] updating countdown to 60000
[00:19:57.225] [SEVERE ] setting player 1 freeze to -1214
[00:19:57.225] [SEVERE ] setting player 2 freeze to -1214
[00:19:57.326] [SEVERE ] placing card 6 in slot 11
[00:19:57.326] [SEVERE ] updating countdown to 60000
[00:19:57.326] [SEVERE ] setting player 1 freeze to -1315
[00:19:57.326] [SEVERE ] setting player 2 freeze to -1315
[00:19:57.448] [SEVERE ] updating countdown to 59878
[00:19:57.448] [SEVERE ] setting player 1 freeze to -1437
[00:19:57.448] [SEVERE ] setting player 2 freeze to -1437
[00:19:57.550] [SEVERE ] updating countdown to 59776
[00:19:57.550] [SEVERE ] setting player 1 freeze to -1539
[00:19:57.550] [SEVERE ] setting player 2 freeze to -1539
[00:19:57.665] [SEVERE ] updating countdown to 59661
[00:19:57.665] [SEVERE ] setting player 1 freeze to -1654
[00:19:57.665] [SEVERE ] setting player 2 freeze to -1654
[00:19:57.767] [SEVERE ] updating countdown to 59559
[00:19:57.767] [SEVERE ] setting player 1 freeze to -1756
[00:19:57.767] [SEVERE ] setting player 2 freeze to -1756
[00:19:57.881] [SEVERE ] updating countdown to 59445
[00:19:57.881] [SEVERE ] setting player 1 freeze to -1870
[00:19:57.881] [SEVERE ] setting player 2 freeze to -1870
[00:19:57.982] [SEVERE ] updating countdown to 59344
[00:19:57.982] [SEVERE ] setting player 1 freeze to -1971
[00:19:57.982] [SEVERE ] setting player 2 freeze to -1971
[00:19:58.084] [SEVERE ] updating countdown to 59242
[00:19:58.084] [SEVERE ] setting player 1 freeze to -2073
[00:19:58.084] [SEVERE ] setting player 2 freeze to -2073
[00:19:58.198] [SEVERE ] updating countdown to 59128
[00:19:58.198] [SEVERE ] setting player 1 freeze to -2187
[00:19:58.198] [SEVERE ] setting player 2 freeze to -2187
[00:19:58.314] [SEVERE ] updating countdown to 59012
[00:19:58.314] [SEVERE ] setting player 1 freeze to -2303
[00:19:58.314] [SEVERE ] setting player 2 freeze to -2303
[00:19:58.415] [SEVERE ] updating countdown to 58911
[00:19:58.415] [SEVERE ] setting player 1 freeze to -2404
[00:19:58.415] [SEVERE ] setting player 2 freeze to -2404
[00:19:58.483] [SEVERE ] key 81 was pressed by player 1
[00:19:58.483] [SEVERE ] player 1 placing token on slot 0
[00:19:58.529] [SEVERE ] updating countdown to 58797
[00:19:58.529] [SEVERE ] setting player 1 freeze to -2518
[00:19:58.529] [SEVERE ] setting player 2 freeze to -2518
[00:19:58.634] [SEVERE ] updating countdown to 58692
[00:19:58.634] [SEVERE ] setting player 1 freeze to -2623
[00:19:58.634] [SEVERE ] setting player 2 freeze to -2623
[00:19:58.752] [SEVERE ] updating countdown to 58574
[00:19:58.752] [SEVERE ] setting player 1 freeze to -2741
[00:19:58.752] [SEVERE ] setting player 2 freeze to -2741
[00:19:58.837] [SEVERE ] key 87 was pressed by player 1
[00:19:58.837] [SEVERE ] player 1 placing token on slot 1
[00:19:58.862] [SEVERE ] updating countdown to 58464
[00:19:58.862] [SEVERE ] setting player 1 freeze to -2851
[00:19:58.862] [SEVERE ] setting player 2 freeze to -2851
[00:19:58.969] [SEVERE ] updating countdown to 58357
[00:19:58.969] [SEVERE ] setting player 1 freeze to -2958
[00:19:58.969] [SEVERE ] setting player 2 freeze to -2958
[00:19:59.071] [SEVERE ] updating countdown to 58255
[00:19:59.071] [SEVERE ] setting player 1 freeze to -3060
[00:19:59.071] [SEVERE ] setting player 2 freeze to -3060
[00:19:59.185] [SEVERE ] updating countdown to 58141
[00:19:59.185] [SEVERE ] setting player 1 freeze to -3174
[00:19:59.185] [SEVERE ] setting player 2 freeze to -3174
[00:19:59.287] [SEVERE ] updating countdown to 58039
[00:19:59.287] [SEVERE ] setting player 1 freeze to -3276
[00:19:59.287] [SEVERE ] setting player 2 freeze to -3276
[00:19:59.339] [SEVERE ] key 69 was pressed by player 1
[00:19:59.339] [SEVERE ] player 1 placing token on slot 2
[00:19:59.339] [SEVERE ] updating countdown to 57987
[00:19:59.339] [SEVERE ] setting player 1 freeze to -3328
[00:19:59.339] [SEVERE ] setting player 2 freeze to -3328
[00:19:59.458] [SEVERE ] updating countdown to 57868
[00:19:59.458] [SEVERE ] setting player 1 freeze to 881
[00:19:59.458] [SEVERE ] setting player 2 freeze to -3447
[00:19:59.570] [SEVERE ] updating countdown to 57756
[00:19:59.570] [SEVERE ] setting player 1 freeze to 769
[00:19:59.570] [SEVERE ] setting player 2 freeze to -3559
[00:19:59.672] [SEVERE ] updating countdown to 57654
[00:19:59.672] [SEVERE ] setting player 1 freeze to 667
[00:19:59.672] [SEVERE ] setting player 2 freeze to -3661
[00:19:59.787] [SEVERE ] updating countdown to 57539
[00:19:59.787] [SEVERE ] setting player 1 freeze to 552
[00:19:59.787] [SEVERE ] setting player 2 freeze to -3776
[00:19:59.887] [SEVERE ] updating countdown to 57439
[00:19:59.887] [SEVERE ] setting player 1 freeze to 452
[00:19:59.887] [SEVERE ] setting player 2 freeze to -3876
[00:20:00.003] [SEVERE ] updating countdown to 57323
[00:20:00.003] [SEVERE ] setting player 1 freeze to 336
[00:20:00.003] [SEVERE ] setting player 2 freeze to -3992
[00:20:00.108] [SEVERE ] updating countdown to 57218
[00:20:00.108] [SEVERE ] setting player 1 freeze to 231
[00:20:00.108] [SEVERE ] setting player 2 freeze to -4097
[00:20:00.216] [SEVERE ] updating countdown to 57110
[00:20:00.217] [SEVERE ] setting player 1 freeze to 122
[00:20:00.217] [SEVERE ] setting player 2 freeze to -4206
[00:20:00.331] [SEVERE ] updating countdown to 56995
[00:20:00.331] [SEVERE ] setting player 1 freeze to 8
[00:20:00.331] [SEVERE ] setting player 2 freeze to -4320
[00:20:00.437] [SEVERE ] updating countdown to 56889
[00:20:00.437] [SEVERE ] setting player 1 freeze to -98
[00:20:00.437] [SEVERE ] setting player 2 freeze to -4426
[00:20:00.555] [SEVERE ] updating countdown to 56771
[00:20:00.555] [SEVERE ] setting player 1 freeze to -216
[00:20:00.555] [SEVERE ] setting player 2 freeze to -4544
[00:20:00.668] [SEVERE ] updating countdown to 56658
[00:20:00.668] [SEVERE ] setting player 1 freeze to -329
[00:20:00.668] [SEVERE ] setting player 2 freeze to -4657
[00:20:00.778] [SEVERE ] updating countdown to 56548
[00:20:00.778] [SEVERE ] setting player 1 freeze to -439
[00:20:00.778] [SEVERE ] setting player 2 freeze to -4767
[00:20:00.889] [SEVERE ] updating countdown to 56437
[00:20:00.889] [SEVERE ] setting player 1 freeze to -550
[00:20:00.889] [SEVERE ] setting player 2 freeze to -4878
[00:20:00.992] [SEVERE ] updating countdown to 56334
[00:20:00.993] [SEVERE ] setting player 1 freeze to -654
[00:20:00.993] [SEVERE ] setting player 2 freeze to -4982
[00:20:01.095] [SEVERE ] updating countdown to 56231
[00:20:01.095] [SEVERE ] setting player 1 freeze to -756
[00:20:01.095] [SEVERE ] setting player 2 freeze to -5084
[00:20:01.206] [SEVERE ] updating countdown to 56120
[00:20:01.206] [SEVERE ] setting player 1 freeze to -867
[00:20:01.206] [SEVERE ] setting player 2 freeze to -5195
[00:20:01.308] [SEVERE ] updating countdown to 56018
[00:20:01.308] [SEVERE ] setting player 1 freeze to -969
[00:20:01.308] [SEVERE ] setting player 2 freeze to -5297
[00:20:01.419] [SEVERE ] updating countdown to 55907
[00:20:01.419] [SEVERE ] setting player 1 freeze to -1080
[00:20:01.419] [SEVERE ] setting player 2 freeze to -5408
[00:20:01.533] [SEVERE ] updating countdown to 55793
[00:20:01.533] [SEVERE ] setting player 1 freeze to -1194
[00:20:01.533] [SEVERE ] setting player 2 freeze to -5522
[00:20:01.638] [SEVERE ] updating countdown to 55688
[00:20:01.638] [SEVERE ] setting player 1 freeze to -1299
[00:20:01.638] [SEVERE ] setting player 2 freeze to -5627
[00:20:01.761] [SEVERE ] updating countdown to 55565
[00:20:01.761] [SEVERE ] setting player 1 freeze to -1422
[00:20:01.761] [SEVERE ] setting player 2 freeze to -5750
[00:20:01.872] [SEVERE ] updating countdown to 55454
[00:20:01.872] [SEVERE ] setting player 1 freeze to -1533
[00:20:01.872] [SEVERE ] setting player 2 freeze to -5861
[00:20:01.973] [SEVERE ] updating countdown to 55353
[00:20:01.973] [SEVERE ] setting player 1 freeze to -1634
[00:20:01.973] [SEVERE ] setting player 2 freeze to -5962
[00:20:02.080] [SEVERE ] updating countdown to 55246
[00:20:02.080] [SEVERE ] setting player 1 freeze to -1741
[00:20:02.080] [SEVERE ] setting player 2 freeze to -6069
[00:20:02.189] [SEVERE ] updating countdown to 55137
[00:20:02.189] [SEVERE ] setting player 1 freeze to -1850
[00:20:02.189] [SEVERE ] setting player 2 freeze to -6178
[00:20:02.304] [SEVERE ] updating countdown to 55022
[00:20:02.304] [SEVERE ] setting player 1 freeze to -1965
[00:20:02.304] [SEVERE ] setting player 2 freeze to -6293
[00:20:02.405] [SEVERE ] updating countdown to 54921
[00:20:02.405] [SEVERE ] setting player 1 freeze to -2066
[00:20:02.405] [SEVERE ] setting player 2 freeze to -6394
[00:20:02.519] [SEVERE ] updating countdown to 54807
[00:20:02.519] [SEVERE ] setting player 1 freeze to -2180
[00:20:02.519] [SEVERE ] setting player 2 freeze to -6508
[00:20:02.621] [SEVERE ] updating countdown to 54705
[00:20:02.621] [SEVERE ] setting player 1 freeze to -2282
[00:20:02.621] [SEVERE ] setting player 2 freeze to -6610
[00:20:02.736] [SEVERE ] updating countdown to 54590
[00:20:02.736] [SEVERE ] setting player 1 freeze to -2397
[00:20:02.736] [SEVERE ] setting player 2 freeze to -6725
[00:20:02.858] [SEVERE ] updating countdown to 54468
[00:20:02.858] [SEVERE ] setting player 1 freeze to -2519
[00:20:02.858] [SEVERE ] setting player 2 freeze to -6847
[00:20:02.973] [SEVERE ] updating countdown to 54353
[00:20:02.973] [SEVERE ] setting player 1 freeze to -2634
[00:20:02.973] [SEVERE ] setting player 2 freeze to -6962
[00:20:03.075] [SEVERE ] updating countdown to 54251
[00:20:03.075] [SEVERE ] setting player 1 freeze to -2736
[00:20:03.075] [SEVERE ] setting player 2 freeze to -7064
[00:20:03.190] [SEVERE ] updating countdown to 54136
[00:20:03.190] [SEVERE ] setting player 1 freeze to -2851
[00:20:03.190] [SEVERE ] setting player 2 freeze to -7179
[00:20:03.303] [SEVERE ] updating countdown to 54023
[00:20:03.303] [SEVERE ] setting player 1 freeze to -2964
[00:20:03.303] [SEVERE ] setting player 2 freeze to -7292
[00:20:03.406] [SEVERE ] updating countdown to 53920
[00:20:03.406] [SEVERE ] setting player 1 freeze to -3067
[00:20:03.406] [SEVERE ] setting player 2 freeze to -7395
[00:20:03.520] [SEVERE ] updating countdown to 53806
[00:20:03.520] [SEVERE ] setting player 1 freeze to -3181
[00:20:03.521] [SEVERE ] setting player 2 freeze to -7510
[00:20:03.629] [SEVERE ] updating countdown to 53697
[00:20:03.629] [SEVERE ] setting player 1 freeze to -3290
[00:20:03.629] [SEVERE ] setting player 2 freeze to -7618
[00:20:03.738] [SEVERE ] updating countdown to 53588
[00:20:03.738] [SEVERE ] setting player 1 freeze to -3399
[00:20:03.738] [SEVERE ] setting player 2 freeze to -7727
[00:20:03.852] [SEVERE ] updating countdown to 53474
[00:20:03.852] [SEVERE ] setting player 1 freeze to -3513
[00:20:03.852] [SEVERE ] setting player 2 freeze to -7841
[00:20:03.971] [SEVERE ] updating countdown to 53355
[00:20:03.971] [SEVERE ] setting player 1 freeze to -3632
[00:20:03.971] [SEVERE ] setting player 2 freeze to -7960
[00:20:04.075] [SEVERE ] updating countdown to 53251
[00:20:04.075] [SEVERE ] setting player 1 freeze to -3736
[00:20:04.075] [SEVERE ] setting player 2 freeze to -8064
[00:20:04.176] [SEVERE ] updating countdown to 53150
[00:20:04.176] [SEVERE ] setting player 1 freeze to -3837
[00:20:04.176] [SEVERE ] setting player 2 freeze to -8165
[00:20:04.291] [SEVERE ] updating countdown to 53035
[00:20:04.291] [SEVERE ] setting player 1 freeze to -3952
[00:20:04.291] [SEVERE ] setting player 2 freeze to -8280
[00:20:04.405] [SEVERE ] updating countdown to 52921
[00:20:04.405] [SEVERE ] setting player 1 freeze to -4066
[00:20:04.405] [SEVERE ] setting player 2 freeze to -8394
[00:20:04.519] [SEVERE ] updating countdown to 52807
[00:20:04.519] [SEVERE ] setting player 1 freeze to -4180
[00:20:04.520] [SEVERE ] setting player 2 freeze to -8508
