[00:45:43.681] [INFO   ] thread main starting.
[00:45:43.689] [SEVERE ] cannot read configuration file config.properties trying from resources.
[00:45:43.697] [SEVERE ] configuration file was loaded from resources directory.
[00:45:44.294] [INFO   ] thread dealer starting.
[00:45:44.295] [INFO   ] thread dealer starting.
[00:45:44.296] [INFO   ] thread Player #0 starting.
[00:45:44.296] [INFO   ] thread Player #1 starting.
[00:45:44.413] [SEVERE ] placing card 13 in slot 0
[00:45:44.413] [SEVERE ] updating countdown to 60000
[00:45:44.413] [SEVERE ] setting player 1 freeze to -119
[00:45:44.413] [SEVERE ] setting player 2 freeze to -119
[00:45:44.531] [SEVERE ] placing card 22 in slot 1
[00:45:44.532] [SEVERE ] updating countdown to 60000
[00:45:44.532] [SEVERE ] setting player 1 freeze to -238
[00:45:44.532] [SEVERE ] setting player 2 freeze to -238
[00:45:44.644] [SEVERE ] placing card 10 in slot 2
[00:45:44.645] [SEVERE ] updating countdown to 60000
[00:45:44.645] [SEVERE ] setting player 1 freeze to -351
[00:45:44.645] [SEVERE ] setting player 2 freeze to -351
[00:45:44.747] [SEVERE ] placing card 31 in slot 3
[00:45:44.747] [SEVERE ] updating countdown to 60000
[00:45:44.747] [SEVERE ] setting player 1 freeze to -453
[00:45:44.747] [SEVERE ] setting player 2 freeze to -453
[00:45:44.862] [SEVERE ] placing card 38 in slot 4
[00:45:44.862] [SEVERE ] updating countdown to 60000
[00:45:44.862] [SEVERE ] setting player 1 freeze to -568
[00:45:44.862] [SEVERE ] setting player 2 freeze to -568
[00:45:44.978] [SEVERE ] placing card 21 in slot 5
[00:45:44.978] [SEVERE ] updating countdown to 60000
[00:45:44.978] [SEVERE ] setting player 1 freeze to -684
[00:45:44.978] [SEVERE ] setting player 2 freeze to -684
[00:45:45.092] [SEVERE ] placing card 69 in slot 6
[00:45:45.092] [SEVERE ] updating countdown to 60000
[00:45:45.092] [SEVERE ] setting player 1 freeze to -798
[00:45:45.092] [SEVERE ] setting player 2 freeze to -798
[00:45:45.194] [SEVERE ] placing card 61 in slot 7
[00:45:45.194] [SEVERE ] updating countdown to 60000
[00:45:45.194] [SEVERE ] setting player 1 freeze to -900
[00:45:45.194] [SEVERE ] setting player 2 freeze to -900
[00:45:45.307] [SEVERE ] placing card 76 in slot 8
[00:45:45.308] [SEVERE ] updating countdown to 60000
[00:45:45.308] [SEVERE ] setting player 1 freeze to -1014
[00:45:45.309] [SEVERE ] setting player 2 freeze to -1015
[00:45:45.424] [SEVERE ] placing card 2 in slot 9
[00:45:45.424] [SEVERE ] updating countdown to 60000
[00:45:45.424] [SEVERE ] setting player 1 freeze to -1130
[00:45:45.424] [SEVERE ] setting player 2 freeze to -1130
[00:45:45.537] [SEVERE ] placing card 52 in slot 10
[00:45:45.537] [SEVERE ] updating countdown to 60000
[00:45:45.537] [SEVERE ] setting player 1 freeze to -1243
[00:45:45.537] [SEVERE ] setting player 2 freeze to -1243
[00:45:45.641] [SEVERE ] placing card 77 in slot 11
[00:45:45.641] [SEVERE ] updating countdown to 60000
[00:45:45.641] [SEVERE ] setting player 1 freeze to -1347
[00:45:45.641] [SEVERE ] setting player 2 freeze to -1347
[00:45:45.756] [SEVERE ] updating countdown to 59885
[00:45:45.756] [SEVERE ] setting player 1 freeze to -1462
[00:45:45.756] [SEVERE ] setting player 2 freeze to -1462
[00:45:45.858] [SEVERE ] updating countdown to 59783
[00:45:45.858] [SEVERE ] setting player 1 freeze to -1564
[00:45:45.858] [SEVERE ] setting player 2 freeze to -1564
[00:45:45.970] [SEVERE ] updating countdown to 59671
[00:45:45.970] [SEVERE ] setting player 1 freeze to -1676
[00:45:45.970] [SEVERE ] setting player 2 freeze to -1676
[00:45:46.073] [SEVERE ] updating countdown to 59568
[00:45:46.073] [SEVERE ] setting player 1 freeze to -1779
[00:45:46.073] [SEVERE ] setting player 2 freeze to -1779
[00:45:46.177] [SEVERE ] updating countdown to 59464
[00:45:46.177] [SEVERE ] setting player 1 freeze to -1883
[00:45:46.177] [SEVERE ] setting player 2 freeze to -1883
[00:45:46.289] [SEVERE ] key 81 was pressed by player 1
[00:45:46.289] [SEVERE ] updating countdown to 59352
[00:45:46.290] [SEVERE ] player 1 placing token on slot 0
[00:45:46.290] [SEVERE ] setting player 1 freeze to -1996
[00:45:46.290] [SEVERE ] setting player 2 freeze to -1996
[00:45:46.392] [SEVERE ] updating countdown to 59249
[00:45:46.392] [SEVERE ] setting player 1 freeze to -2098
[00:45:46.392] [SEVERE ] setting player 2 freeze to -2098
[00:45:46.496] [SEVERE ] updating countdown to 59145
[00:45:46.496] [SEVERE ] setting player 1 freeze to -2202
[00:45:46.496] [SEVERE ] setting player 2 freeze to -2202
[00:45:46.568] [SEVERE ] key 87 was pressed by player 1
[00:45:46.568] [SEVERE ] player 1 placing token on slot 1
[00:45:46.608] [SEVERE ] updating countdown to 59033
[00:45:46.608] [SEVERE ] setting player 1 freeze to -2314
[00:45:46.608] [SEVERE ] setting player 2 freeze to -2314
[00:45:46.713] [SEVERE ] updating countdown to 58928
[00:45:46.713] [SEVERE ] setting player 1 freeze to -2419
[00:45:46.713] [SEVERE ] setting player 2 freeze to -2419
[00:45:46.821] [SEVERE ] updating countdown to 58820
[00:45:46.821] [SEVERE ] setting player 1 freeze to -2527
[00:45:46.821] [SEVERE ] setting player 2 freeze to -2527
[00:45:46.861] [SEVERE ] key 69 was pressed by player 1
[00:45:46.861] [SEVERE ] player 1 placing token on slot 2
[00:45:46.929] [SEVERE ] updating countdown to 58712
[00:45:46.929] [SEVERE ] setting player 1 freeze to -2635
[00:45:46.929] [SEVERE ] setting player 2 freeze to -2635
[00:45:46.930] [SEVERE ] updating countdown to 58711
[00:45:46.930] [SEVERE ] setting player 1 freeze to -2636
[00:45:46.931] [SEVERE ] setting player 2 freeze to -2637
[00:45:46.936] [INFO   ] thread dealer terminated.
[00:45:51.958] [SEVERE ] thanks for playing... it was fun!
[00:45:51.959] [INFO   ] thread main terminated.
[00:45:51.959] [SEVERE ] disposing of user interface elements
