[00:29:35.320] [INFO   ] thread main starting.
[00:29:35.325] [SEVERE ] cannot read configuration file config.properties trying from resources.
[00:29:35.326] [SEVERE ] configuration file was loaded from resources directory.
[00:29:35.694] [INFO   ] thread dealer starting.
[00:29:35.695] [INFO   ] thread dealer starting.
[00:29:35.697] [INFO   ] thread Player #0 starting.
[00:29:35.697] [INFO   ] thread Player #1 starting.
[00:29:35.806] [SEVERE ] placing card 8 in slot 0
[00:29:35.807] [SEVERE ] updating countdown to 60000
[00:29:35.808] [SEVERE ] setting player 1 freeze to -114
[00:29:35.810] [SEVERE ] setting player 2 freeze to -116
[00:29:35.913] [SEVERE ] placing card 36 in slot 1
[00:29:35.914] [SEVERE ] updating countdown to 60000
[00:29:35.914] [SEVERE ] setting player 1 freeze to -220
[00:29:35.914] [SEVERE ] setting player 2 freeze to -220
[00:29:36.021] [SEVERE ] placing card 58 in slot 2
[00:29:36.021] [SEVERE ] updating countdown to 60000
[00:29:36.021] [SEVERE ] setting player 1 freeze to -327
[00:29:36.022] [SEVERE ] setting player 2 freeze to -328
[00:29:36.130] [SEVERE ] placing card 20 in slot 3
[00:29:36.130] [SEVERE ] updating countdown to 60000
[00:29:36.131] [SEVERE ] setting player 1 freeze to -437
[00:29:36.131] [SEVERE ] setting player 2 freeze to -437
[00:29:36.237] [SEVERE ] placing card 14 in slot 4
[00:29:36.237] [SEVERE ] updating countdown to 60000
[00:29:36.237] [SEVERE ] setting player 1 freeze to -543
[00:29:36.237] [SEVERE ] setting player 2 freeze to -543
[00:29:36.346] [SEVERE ] placing card 11 in slot 5
[00:29:36.346] [SEVERE ] updating countdown to 60000
[00:29:36.347] [SEVERE ] setting player 1 freeze to -653
[00:29:36.347] [SEVERE ] setting player 2 freeze to -653
[00:29:36.454] [SEVERE ] placing card 37 in slot 6
[00:29:36.454] [SEVERE ] updating countdown to 60000
[00:29:36.455] [SEVERE ] setting player 1 freeze to -761
[00:29:36.455] [SEVERE ] setting player 2 freeze to -761
[00:29:36.564] [SEVERE ] placing card 10 in slot 7
[00:29:36.564] [SEVERE ] updating countdown to 60000
[00:29:36.565] [SEVERE ] setting player 1 freeze to -871
[00:29:36.565] [SEVERE ] setting player 2 freeze to -871
[00:29:36.671] [SEVERE ] placing card 42 in slot 8
[00:29:36.671] [SEVERE ] updating countdown to 60000
[00:29:36.671] [SEVERE ] setting player 1 freeze to -977
[00:29:36.672] [SEVERE ] setting player 2 freeze to -978
[00:29:36.780] [SEVERE ] placing card 57 in slot 9
[00:29:36.780] [SEVERE ] updating countdown to 60000
[00:29:36.781] [SEVERE ] setting player 1 freeze to -1087
[00:29:36.781] [SEVERE ] setting player 2 freeze to -1087
[00:29:36.890] [SEVERE ] placing card 0 in slot 10
[00:29:36.890] [SEVERE ] updating countdown to 60000
[00:29:36.890] [SEVERE ] setting player 1 freeze to -1196
[00:29:36.891] [SEVERE ] setting player 2 freeze to -1197
[00:29:36.997] [SEVERE ] placing card 46 in slot 11
[00:29:36.997] [SEVERE ] updating countdown to 60000
[00:29:36.997] [SEVERE ] setting player 1 freeze to -1303
[00:29:36.998] [SEVERE ] setting player 2 freeze to -1304
[00:29:37.105] [SEVERE ] updating countdown to 59892
[00:29:37.106] [SEVERE ] setting player 1 freeze to -1411
[00:29:37.106] [SEVERE ] setting player 2 freeze to -1412
[00:29:37.214] [SEVERE ] updating countdown to 59783
[00:29:37.214] [SEVERE ] setting player 1 freeze to -1520
[00:29:37.214] [SEVERE ] setting player 2 freeze to -1520
[00:29:37.323] [SEVERE ] updating countdown to 59674
[00:29:37.323] [SEVERE ] setting player 1 freeze to -1629
[00:29:37.323] [SEVERE ] setting player 2 freeze to -1629
[00:29:37.433] [SEVERE ] updating countdown to 59564
[00:29:37.433] [SEVERE ] setting player 1 freeze to -1739
[00:29:37.433] [SEVERE ] setting player 2 freeze to -1739
[00:29:37.516] [SEVERE ] key 81 was pressed by player 1
[00:29:37.517] [SEVERE ] player 1 placing token on slot 0
[00:29:37.541] [SEVERE ] updating countdown to 59456
[00:29:37.541] [SEVERE ] setting player 1 freeze to -1847
[00:29:37.541] [SEVERE ] setting player 2 freeze to -1847
[00:29:37.649] [SEVERE ] updating countdown to 59348
[00:29:37.649] [SEVERE ] setting player 1 freeze to -1955
[00:29:37.649] [SEVERE ] setting player 2 freeze to -1955
[00:29:37.746] [SEVERE ] key 87 was pressed by player 1
[00:29:37.747] [SEVERE ] player 1 placing token on slot 1
[00:29:37.757] [SEVERE ] updating countdown to 59240
[00:29:37.757] [SEVERE ] setting player 1 freeze to -2063
[00:29:37.757] [SEVERE ] setting player 2 freeze to -2063
[00:29:37.867] [SEVERE ] updating countdown to 59130
[00:29:37.867] [SEVERE ] setting player 1 freeze to -2173
[00:29:37.867] [SEVERE ] setting player 2 freeze to -2173
[00:29:37.974] [SEVERE ] updating countdown to 59023
[00:29:37.974] [SEVERE ] setting player 1 freeze to -2280
[00:29:37.974] [SEVERE ] setting player 2 freeze to -2280
[00:29:38.041] [SEVERE ] key 69 was pressed by player 1
[00:29:38.043] [SEVERE ] player 1 placing token on slot 2
[00:29:38.043] [SEVERE ] updating countdown to 58954
[00:29:38.044] [SEVERE ] setting player 1 freeze to -2350
[00:29:38.045] [SEVERE ] setting player 2 freeze to -2351
[00:29:38.160] [SEVERE ] updating countdown to 58837
[00:29:38.160] [SEVERE ] setting player 1 freeze to 885
[00:29:38.161] [SEVERE ] setting player 2 freeze to -2467
[00:29:38.268] [SEVERE ] updating countdown to 58729
[00:29:38.268] [SEVERE ] setting player 1 freeze to 777
[00:29:38.268] [SEVERE ] setting player 2 freeze to -2574
[00:29:38.376] [SEVERE ] updating countdown to 58621
[00:29:38.376] [SEVERE ] setting player 1 freeze to 669
[00:29:38.376] [SEVERE ] setting player 2 freeze to -2682
[00:29:38.484] [SEVERE ] updating countdown to 58513
[00:29:38.484] [SEVERE ] setting player 1 freeze to 561
[00:29:38.484] [SEVERE ] setting player 2 freeze to -2790
[00:29:38.592] [SEVERE ] updating countdown to 58405
[00:29:38.592] [SEVERE ] setting player 1 freeze to 453
[00:29:38.592] [SEVERE ] setting player 2 freeze to -2898
[00:29:38.700] [SEVERE ] updating countdown to 58297
[00:29:38.700] [SEVERE ] setting player 1 freeze to 345
[00:29:38.700] [SEVERE ] setting player 2 freeze to -3006
[00:29:38.808] [SEVERE ] updating countdown to 58189
[00:29:38.808] [SEVERE ] setting player 1 freeze to 237
[00:29:38.808] [SEVERE ] setting player 2 freeze to -3114
[00:29:38.918] [SEVERE ] updating countdown to 58079
[00:29:38.918] [SEVERE ] setting player 1 freeze to 127
[00:29:38.918] [SEVERE ] setting player 2 freeze to -3224
[00:29:39.027] [SEVERE ] updating countdown to 57970
[00:29:39.027] [SEVERE ] setting player 1 freeze to 18
[00:29:39.027] [SEVERE ] setting player 2 freeze to -3333
[00:29:39.135] [SEVERE ] updating countdown to 57862
[00:29:39.135] [SEVERE ] setting player 1 freeze to -90
[00:29:39.135] [SEVERE ] setting player 2 freeze to -3441
[00:29:39.244] [SEVERE ] updating countdown to 57753
[00:29:39.244] [SEVERE ] setting player 1 freeze to -199
[00:29:39.244] [SEVERE ] setting player 2 freeze to -3550
[00:29:39.352] [SEVERE ] updating countdown to 57645
[00:29:39.352] [SEVERE ] setting player 1 freeze to -307
[00:29:39.352] [SEVERE ] setting player 2 freeze to -3658
[00:29:39.460] [SEVERE ] updating countdown to 57537
[00:29:39.460] [SEVERE ] setting player 1 freeze to -415
[00:29:39.460] [SEVERE ] setting player 2 freeze to -3766
[00:29:39.568] [SEVERE ] updating countdown to 57429
[00:29:39.568] [SEVERE ] setting player 1 freeze to -523
[00:29:39.568] [SEVERE ] setting player 2 freeze to -3874
[00:29:39.676] [SEVERE ] updating countdown to 57321
[00:29:39.676] [SEVERE ] setting player 1 freeze to -631
[00:29:39.676] [SEVERE ] setting player 2 freeze to -3982
[00:29:39.786] [SEVERE ] updating countdown to 57211
[00:29:39.786] [SEVERE ] setting player 1 freeze to -741
[00:29:39.786] [SEVERE ] setting player 2 freeze to -4092
[00:29:39.894] [SEVERE ] updating countdown to 57103
[00:29:39.894] [SEVERE ] setting player 1 freeze to -849
[00:29:39.894] [SEVERE ] setting player 2 freeze to -4200
[00:29:40.002] [SEVERE ] updating countdown to 56995
[00:29:40.002] [SEVERE ] setting player 1 freeze to -957
[00:29:40.002] [SEVERE ] setting player 2 freeze to -4308
[00:29:40.110] [SEVERE ] updating countdown to 56887
[00:29:40.110] [SEVERE ] setting player 1 freeze to -1065
[00:29:40.110] [SEVERE ] setting player 2 freeze to -4416
[00:29:40.219] [SEVERE ] updating countdown to 56778
[00:29:40.219] [SEVERE ] setting player 1 freeze to -1174
[00:29:40.219] [SEVERE ] setting player 2 freeze to -4525
[00:29:40.327] [SEVERE ] updating countdown to 56670
[00:29:40.327] [SEVERE ] setting player 1 freeze to -1282
[00:29:40.327] [SEVERE ] setting player 2 freeze to -4633
[00:29:40.436] [SEVERE ] updating countdown to 56561
[00:29:40.436] [SEVERE ] setting player 1 freeze to -1391
[00:29:40.436] [SEVERE ] setting player 2 freeze to -4742
[00:29:40.544] [SEVERE ] updating countdown to 56453
[00:29:40.544] [SEVERE ] setting player 1 freeze to -1499
[00:29:40.544] [SEVERE ] setting player 2 freeze to -4850
[00:29:40.652] [SEVERE ] updating countdown to 56345
[00:29:40.653] [SEVERE ] setting player 1 freeze to -1608
[00:29:40.653] [SEVERE ] setting player 2 freeze to -4959
[00:29:40.761] [SEVERE ] updating countdown to 56236
[00:29:40.761] [SEVERE ] setting player 1 freeze to -1716
[00:29:40.761] [SEVERE ] setting player 2 freeze to -5067
[00:29:40.869] [SEVERE ] updating countdown to 56128
[00:29:40.869] [SEVERE ] setting player 1 freeze to -1824
[00:29:40.869] [SEVERE ] setting player 2 freeze to -5175
[00:29:40.978] [SEVERE ] updating countdown to 56019
[00:29:40.978] [SEVERE ] setting player 1 freeze to -1933
[00:29:40.978] [SEVERE ] setting player 2 freeze to -5284
[00:29:41.085] [SEVERE ] updating countdown to 55912
[00:29:41.085] [SEVERE ] setting player 1 freeze to -2040
[00:29:41.085] [SEVERE ] setting player 2 freeze to -5391
[00:29:41.194] [SEVERE ] updating countdown to 55803
[00:29:41.194] [SEVERE ] setting player 1 freeze to -2149
[00:29:41.194] [SEVERE ] setting player 2 freeze to -5500
[00:29:41.303] [SEVERE ] updating countdown to 55694
[00:29:41.303] [SEVERE ] setting player 1 freeze to -2258
[00:29:41.303] [SEVERE ] setting player 2 freeze to -5609
[00:29:41.411] [SEVERE ] updating countdown to 55586
[00:29:41.411] [SEVERE ] setting player 1 freeze to -2366
[00:29:41.411] [SEVERE ] setting player 2 freeze to -5717
[00:29:41.518] [SEVERE ] updating countdown to 55479
[00:29:41.518] [SEVERE ] setting player 1 freeze to -2473
[00:29:41.518] [SEVERE ] setting player 2 freeze to -5824
[00:29:41.626] [SEVERE ] updating countdown to 55371
[00:29:41.626] [SEVERE ] setting player 1 freeze to -2581
[00:29:41.626] [SEVERE ] setting player 2 freeze to -5932
[00:29:41.735] [SEVERE ] updating countdown to 55262
[00:29:41.735] [SEVERE ] setting player 1 freeze to -2690
[00:29:41.735] [SEVERE ] setting player 2 freeze to -6041
[00:29:41.843] [SEVERE ] updating countdown to 55154
[00:29:41.843] [SEVERE ] setting player 1 freeze to -2798
[00:29:41.843] [SEVERE ] setting player 2 freeze to -6149
[00:29:41.952] [SEVERE ] updating countdown to 55045
[00:29:41.952] [SEVERE ] setting player 1 freeze to -2907
[00:29:41.952] [SEVERE ] setting player 2 freeze to -6258
[00:29:42.061] [SEVERE ] updating countdown to 54936
[00:29:42.061] [SEVERE ] setting player 1 freeze to -3016
[00:29:42.061] [SEVERE ] setting player 2 freeze to -6367
