[01:08:27.920] [INFO   ] thread main starting.
[01:08:27.928] [SEVERE ] cannot read configuration file config.properties trying from resources.
[01:08:27.928] [SEVERE ] configuration file was loaded from resources directory.
[01:08:28.495] [INFO   ] thread dealer starting.
[01:08:28.495] [INFO   ] thread dealer starting.
[01:08:28.496] [INFO   ] thread Player #0 starting.
[01:08:28.496] [INFO   ] thread Player #1 starting.
[01:08:28.602] [SEVERE ] placing card 62 in slot 0
[01:08:28.602] [SEVERE ] updating countdown to 60000
[01:08:28.602] [SEVERE ] setting player 1 freeze to -107
[01:08:28.602] [SEVERE ] setting player 2 freeze to -107
[01:08:28.717] [SEVERE ] placing card 27 in slot 1
[01:08:28.718] [SEVERE ] updating countdown to 60000
[01:08:28.718] [SEVERE ] setting player 1 freeze to -223
[01:08:28.718] [SEVERE ] setting player 2 freeze to -223
[01:08:28.829] [SEVERE ] placing card 74 in slot 2
[01:08:28.829] [SEVERE ] updating countdown to 60000
[01:08:28.829] [SEVERE ] setting player 1 freeze to -334
[01:08:28.829] [SEVERE ] setting player 2 freeze to -334
[01:08:28.937] [SEVERE ] placing card 40 in slot 3
[01:08:28.937] [SEVERE ] updating countdown to 60000
[01:08:28.937] [SEVERE ] setting player 1 freeze to -442
[01:08:28.937] [SEVERE ] setting player 2 freeze to -442
[01:08:29.050] [SEVERE ] placing card 22 in slot 4
[01:08:29.051] [SEVERE ] updating countdown to 60000
[01:08:29.051] [SEVERE ] setting player 1 freeze to -556
[01:08:29.051] [SEVERE ] setting player 2 freeze to -556
[01:08:29.157] [SEVERE ] placing card 55 in slot 5
[01:08:29.157] [SEVERE ] updating countdown to 60000
[01:08:29.157] [SEVERE ] setting player 1 freeze to -662
[01:08:29.157] [SEVERE ] setting player 2 freeze to -662
[01:08:29.271] [SEVERE ] placing card 17 in slot 6
[01:08:29.271] [SEVERE ] updating countdown to 60000
[01:08:29.271] [SEVERE ] setting player 1 freeze to -776
[01:08:29.271] [SEVERE ] setting player 2 freeze to -776
[01:08:29.373] [SEVERE ] placing card 38 in slot 7
[01:08:29.373] [SEVERE ] updating countdown to 60000
[01:08:29.373] [SEVERE ] setting player 1 freeze to -878
[01:08:29.373] [SEVERE ] setting player 2 freeze to -878
[01:08:29.485] [SEVERE ] placing card 50 in slot 8
[01:08:29.485] [SEVERE ] updating countdown to 60000
[01:08:29.485] [SEVERE ] setting player 1 freeze to -990
[01:08:29.485] [SEVERE ] setting player 2 freeze to -990
[01:08:29.586] [SEVERE ] placing card 32 in slot 9
[01:08:29.586] [SEVERE ] updating countdown to 60000
[01:08:29.586] [SEVERE ] setting player 1 freeze to -1091
[01:08:29.586] [SEVERE ] setting player 2 freeze to -1091
[01:08:29.689] [SEVERE ] placing card 71 in slot 10
[01:08:29.689] [SEVERE ] updating countdown to 60000
[01:08:29.689] [SEVERE ] setting player 1 freeze to -1194
[01:08:29.689] [SEVERE ] setting player 2 freeze to -1194
[01:08:29.794] [SEVERE ] placing card 65 in slot 11
[01:08:29.794] [SEVERE ] updating countdown to 60000
[01:08:29.794] [SEVERE ] setting player 1 freeze to -1299
[01:08:29.794] [SEVERE ] setting player 2 freeze to -1299
[01:08:29.904] [SEVERE ] updating countdown to 59890
[01:08:29.904] [SEVERE ] setting player 1 freeze to -1409
[01:08:29.904] [SEVERE ] setting player 2 freeze to -1409
[01:08:30.012] [SEVERE ] updating countdown to 59782
[01:08:30.012] [SEVERE ] setting player 1 freeze to -1517
[01:08:30.012] [SEVERE ] setting player 2 freeze to -1517
[01:08:30.116] [SEVERE ] updating countdown to 59678
[01:08:30.116] [SEVERE ] setting player 1 freeze to -1621
[01:08:30.116] [SEVERE ] setting player 2 freeze to -1621
[01:08:30.229] [SEVERE ] updating countdown to 59565
[01:08:30.229] [SEVERE ] setting player 1 freeze to -1734
[01:08:30.229] [SEVERE ] setting player 2 freeze to -1734
[01:08:30.342] [SEVERE ] updating countdown to 59452
[01:08:30.342] [SEVERE ] setting player 1 freeze to -1847
[01:08:30.342] [SEVERE ] setting player 2 freeze to -1847
[01:08:30.446] [SEVERE ] key 81 was pressed by player 1
[01:08:30.454] [SEVERE ] updating countdown to 59340
[01:08:30.454] [SEVERE ] setting player 1 freeze to -1959
[01:08:30.454] [SEVERE ] setting player 2 freeze to -1959
[01:08:30.454] [SEVERE ] player 1 placing token on slot 0
[01:08:30.569] [SEVERE ] updating countdown to 59225
[01:08:30.570] [SEVERE ] setting player 1 freeze to -2075
[01:08:30.570] [SEVERE ] setting player 2 freeze to -2075
[01:08:30.677] [SEVERE ] updating countdown to 59117
[01:08:30.677] [SEVERE ] setting player 1 freeze to -2182
[01:08:30.677] [SEVERE ] setting player 2 freeze to -2182
[01:08:30.779] [SEVERE ] updating countdown to 59015
[01:08:30.779] [SEVERE ] setting player 1 freeze to -2284
[01:08:30.779] [SEVERE ] setting player 2 freeze to -2284
[01:08:30.892] [SEVERE ] updating countdown to 58902
[01:08:30.892] [SEVERE ] setting player 1 freeze to -2397
[01:08:30.892] [SEVERE ] setting player 2 freeze to -2397
[01:08:31.000] [SEVERE ] updating countdown to 58794
[01:08:31.000] [SEVERE ] setting player 1 freeze to -2505
[01:08:31.000] [SEVERE ] setting player 2 freeze to -2505
[01:08:31.108] [SEVERE ] updating countdown to 58686
[01:08:31.108] [SEVERE ] setting player 1 freeze to -2613
[01:08:31.108] [SEVERE ] setting player 2 freeze to -2613
[01:08:31.210] [SEVERE ] updating countdown to 58584
[01:08:31.210] [SEVERE ] setting player 1 freeze to -2715
[01:08:31.210] [SEVERE ] setting player 2 freeze to -2715
[01:08:31.314] [SEVERE ] updating countdown to 58480
[01:08:31.315] [SEVERE ] setting player 1 freeze to -2819
[01:08:31.315] [SEVERE ] setting player 2 freeze to -2820
[01:08:31.360] [SEVERE ] key 87 was pressed by player 1
[01:08:31.360] [SEVERE ] player 1 placing token on slot 1
[01:08:31.417] [SEVERE ] updating countdown to 58377
[01:08:31.417] [SEVERE ] setting player 1 freeze to -2922
[01:08:31.417] [SEVERE ] setting player 2 freeze to -2922
[01:08:31.529] [SEVERE ] updating countdown to 58265
[01:08:31.529] [SEVERE ] setting player 1 freeze to -3034
[01:08:31.529] [SEVERE ] setting player 2 freeze to -3034
[01:08:31.619] [SEVERE ] key 69 was pressed by player 1
[01:08:31.619] [SEVERE ] player 1 placing token on slot 2
[01:08:31.643] [SEVERE ] updating countdown to 58151
[01:08:31.643] [SEVERE ] setting player 1 freeze to -3148
[01:08:31.643] [SEVERE ] setting player 2 freeze to -3148
[01:08:31.643] [SEVERE ] updating countdown to 58151
[01:08:31.643] [SEVERE ] setting player 1 freeze to -3148
[01:08:31.643] [SEVERE ] setting player 2 freeze to -3148
[01:08:31.751] [SEVERE ] updating countdown to 58043
[01:08:31.751] [SEVERE ] setting player 1 freeze to 2892
[01:08:31.751] [SEVERE ] setting player 2 freeze to -3256
[01:08:31.855] [SEVERE ] updating countdown to 57939
[01:08:31.855] [SEVERE ] setting player 1 freeze to 2788
[01:08:31.855] [SEVERE ] setting player 2 freeze to -3360
[01:08:31.967] [SEVERE ] updating countdown to 57827
[01:08:31.967] [SEVERE ] setting player 1 freeze to 2676
[01:08:31.967] [SEVERE ] setting player 2 freeze to -3472
[01:08:32.069] [SEVERE ] updating countdown to 57725
[01:08:32.069] [SEVERE ] setting player 1 freeze to 2574
[01:08:32.069] [SEVERE ] setting player 2 freeze to -3574
[01:08:32.184] [SEVERE ] updating countdown to 57610
[01:08:32.184] [SEVERE ] setting player 1 freeze to 2459
[01:08:32.184] [SEVERE ] setting player 2 freeze to -3689
[01:08:32.297] [SEVERE ] updating countdown to 57497
[01:08:32.297] [SEVERE ] setting player 1 freeze to 2346
[01:08:32.297] [SEVERE ] setting player 2 freeze to -3802
[01:08:32.409] [SEVERE ] updating countdown to 57385
[01:08:32.409] [SEVERE ] setting player 1 freeze to 2234
[01:08:32.409] [SEVERE ] setting player 2 freeze to -3914
[01:08:32.513] [SEVERE ] updating countdown to 57281
[01:08:32.513] [SEVERE ] setting player 1 freeze to 2130
[01:08:32.513] [SEVERE ] setting player 2 freeze to -4018
[01:08:32.617] [SEVERE ] updating countdown to 57177
[01:08:32.617] [SEVERE ] setting player 1 freeze to 2026
[01:08:32.617] [SEVERE ] setting player 2 freeze to -4122
[01:08:32.730] [SEVERE ] updating countdown to 57064
[01:08:32.730] [SEVERE ] setting player 1 freeze to 1913
[01:08:32.730] [SEVERE ] setting player 2 freeze to -4235
[01:08:32.836] [SEVERE ] updating countdown to 56958
[01:08:32.836] [SEVERE ] setting player 1 freeze to 1807
[01:08:32.836] [SEVERE ] setting player 2 freeze to -4341
[01:08:32.948] [SEVERE ] updating countdown to 56846
[01:08:32.948] [SEVERE ] setting player 1 freeze to 1695
[01:08:32.948] [SEVERE ] setting player 2 freeze to -4453
[01:08:33.053] [SEVERE ] updating countdown to 56741
[01:08:33.053] [SEVERE ] setting player 1 freeze to 1590
[01:08:33.053] [SEVERE ] setting player 2 freeze to -4558
[01:08:33.155] [SEVERE ] updating countdown to 56639
[01:08:33.155] [SEVERE ] setting player 1 freeze to 1488
[01:08:33.155] [SEVERE ] setting player 2 freeze to -4660
[01:08:33.267] [SEVERE ] updating countdown to 56527
[01:08:33.267] [SEVERE ] setting player 1 freeze to 1376
[01:08:33.267] [SEVERE ] setting player 2 freeze to -4772
[01:08:33.383] [SEVERE ] updating countdown to 56411
[01:08:33.383] [SEVERE ] setting player 1 freeze to 1260
[01:08:33.383] [SEVERE ] setting player 2 freeze to -4888
[01:08:33.495] [SEVERE ] updating countdown to 56299
[01:08:33.495] [SEVERE ] setting player 1 freeze to 1148
[01:08:33.495] [SEVERE ] setting player 2 freeze to -5000
[01:08:33.607] [SEVERE ] updating countdown to 56187
[01:08:33.607] [SEVERE ] setting player 1 freeze to 1036
[01:08:33.607] [SEVERE ] setting player 2 freeze to -5112
[01:08:33.720] [SEVERE ] updating countdown to 56074
[01:08:33.720] [SEVERE ] setting player 1 freeze to 923
[01:08:33.720] [SEVERE ] setting player 2 freeze to -5225
[01:08:33.832] [SEVERE ] updating countdown to 55962
[01:08:33.832] [SEVERE ] setting player 1 freeze to 811
[01:08:33.832] [SEVERE ] setting player 2 freeze to -5337
[01:08:33.944] [SEVERE ] updating countdown to 55850
[01:08:33.944] [SEVERE ] setting player 1 freeze to 699
[01:08:33.944] [SEVERE ] setting player 2 freeze to -5449
[01:08:34.064] [SEVERE ] updating countdown to 55730
[01:08:34.064] [SEVERE ] setting player 1 freeze to 579
[01:08:34.064] [SEVERE ] setting player 2 freeze to -5569
[01:08:34.177] [SEVERE ] updating countdown to 55617
[01:08:34.177] [SEVERE ] setting player 1 freeze to 466
[01:08:34.177] [SEVERE ] setting player 2 freeze to -5682
[01:08:34.279] [SEVERE ] updating countdown to 55515
[01:08:34.279] [SEVERE ] setting player 1 freeze to 364
[01:08:34.279] [SEVERE ] setting player 2 freeze to -5784
[01:08:34.381] [SEVERE ] updating countdown to 55413
[01:08:34.381] [SEVERE ] setting player 1 freeze to 262
[01:08:34.381] [SEVERE ] setting player 2 freeze to -5886
[01:08:34.490] [SEVERE ] updating countdown to 55304
[01:08:34.490] [SEVERE ] setting player 1 freeze to 153
[01:08:34.490] [SEVERE ] setting player 2 freeze to -5995
[01:08:34.598] [SEVERE ] updating countdown to 55196
[01:08:34.598] [SEVERE ] setting player 1 freeze to 45
[01:08:34.598] [SEVERE ] setting player 2 freeze to -6103
[01:08:34.710] [SEVERE ] updating countdown to 55084
[01:08:34.710] [SEVERE ] setting player 1 freeze to -67
[01:08:34.710] [SEVERE ] setting player 2 freeze to -6215
[01:08:34.823] [SEVERE ] updating countdown to 54971
[01:08:34.823] [SEVERE ] setting player 1 freeze to -180
[01:08:34.823] [SEVERE ] setting player 2 freeze to -6328
[01:08:34.936] [SEVERE ] updating countdown to 54858
[01:08:34.936] [SEVERE ] setting player 1 freeze to -293
[01:08:34.936] [SEVERE ] setting player 2 freeze to -6441
[01:08:35.049] [SEVERE ] updating countdown to 54745
[01:08:35.049] [SEVERE ] setting player 1 freeze to -406
[01:08:35.049] [SEVERE ] setting player 2 freeze to -6554
[01:08:35.161] [SEVERE ] updating countdown to 54633
[01:08:35.161] [SEVERE ] setting player 1 freeze to -518
[01:08:35.161] [SEVERE ] setting player 2 freeze to -6666
[01:08:35.274] [SEVERE ] updating countdown to 54520
[01:08:35.274] [SEVERE ] setting player 1 freeze to -631
[01:08:35.274] [SEVERE ] setting player 2 freeze to -6779
[01:08:35.378] [SEVERE ] updating countdown to 54416
[01:08:35.378] [SEVERE ] setting player 1 freeze to -735
[01:08:35.378] [SEVERE ] setting player 2 freeze to -6883
[01:08:35.490] [SEVERE ] updating countdown to 54304
[01:08:35.490] [SEVERE ] setting player 1 freeze to -847
[01:08:35.490] [SEVERE ] setting player 2 freeze to -6995
[01:08:35.603] [SEVERE ] updating countdown to 54191
[01:08:35.603] [SEVERE ] setting player 1 freeze to -960
[01:08:35.603] [SEVERE ] setting player 2 freeze to -7108
[01:08:35.709] [SEVERE ] updating countdown to 54085
[01:08:35.709] [SEVERE ] setting player 1 freeze to -1066
[01:08:35.709] [SEVERE ] setting player 2 freeze to -7214
[01:08:35.821] [SEVERE ] updating countdown to 53973
[01:08:35.821] [SEVERE ] setting player 1 freeze to -1178
[01:08:35.821] [SEVERE ] setting player 2 freeze to -7326
[01:08:35.925] [SEVERE ] updating countdown to 53869
[01:08:35.925] [SEVERE ] setting player 1 freeze to -1282
[01:08:35.925] [SEVERE ] setting player 2 freeze to -7430
[01:08:36.037] [SEVERE ] updating countdown to 53757
[01:08:36.037] [SEVERE ] setting player 1 freeze to -1394
[01:08:36.037] [SEVERE ] setting player 2 freeze to -7542
[01:08:36.143] [SEVERE ] updating countdown to 53651
[01:08:36.143] [SEVERE ] setting player 1 freeze to -1500
[01:08:36.143] [SEVERE ] setting player 2 freeze to -7648
[01:08:36.253] [SEVERE ] updating countdown to 53541
[01:08:36.253] [SEVERE ] setting player 1 freeze to -1610
[01:08:36.253] [SEVERE ] setting player 2 freeze to -7758
[01:08:36.358] [SEVERE ] updating countdown to 53436
[01:08:36.358] [SEVERE ] setting player 1 freeze to -1715
[01:08:36.358] [SEVERE ] setting player 2 freeze to -7863
[01:08:36.470] [SEVERE ] updating countdown to 53324
[01:08:36.470] [SEVERE ] setting player 1 freeze to -1827
[01:08:36.470] [SEVERE ] setting player 2 freeze to -7975
[01:08:36.585] [SEVERE ] updating countdown to 53209
[01:08:36.585] [SEVERE ] setting player 1 freeze to -1942
[01:08:36.585] [SEVERE ] setting player 2 freeze to -8090
[01:08:36.691] [SEVERE ] updating countdown to 53103
[01:08:36.691] [SEVERE ] setting player 1 freeze to -2048
[01:08:36.691] [SEVERE ] setting player 2 freeze to -8196
[01:08:36.796] [SEVERE ] updating countdown to 52998
[01:08:36.796] [SEVERE ] setting player 1 freeze to -2153
[01:08:36.796] [SEVERE ] setting player 2 freeze to -8301
[01:08:36.909] [SEVERE ] updating countdown to 52885
[01:08:36.909] [SEVERE ] setting player 1 freeze to -2266
[01:08:36.909] [SEVERE ] setting player 2 freeze to -8414
[01:08:37.021] [SEVERE ] updating countdown to 52773
[01:08:37.021] [SEVERE ] setting player 1 freeze to -2378
[01:08:37.021] [SEVERE ] setting player 2 freeze to -8526
[01:08:37.126] [SEVERE ] updating countdown to 52668
[01:08:37.126] [SEVERE ] setting player 1 freeze to -2483
[01:08:37.126] [SEVERE ] setting player 2 freeze to -8631
[01:08:37.231] [SEVERE ] updating countdown to 52563
[01:08:37.231] [SEVERE ] setting player 1 freeze to -2588
[01:08:37.231] [SEVERE ] setting player 2 freeze to -8736
[01:08:37.335] [SEVERE ] updating countdown to 52459
[01:08:37.335] [SEVERE ] setting player 1 freeze to -2692
[01:08:37.335] [SEVERE ] setting player 2 freeze to -8840
[01:08:37.445] [SEVERE ] updating countdown to 52349
[01:08:37.445] [SEVERE ] setting player 1 freeze to -2802
[01:08:37.445] [SEVERE ] setting player 2 freeze to -8950
[01:08:37.558] [SEVERE ] updating countdown to 52236
[01:08:37.558] [SEVERE ] setting player 1 freeze to -2915
[01:08:37.558] [SEVERE ] setting player 2 freeze to -9063
[01:08:37.671] [SEVERE ] updating countdown to 52123
[01:08:37.671] [SEVERE ] setting player 1 freeze to -3028
[01:08:37.671] [SEVERE ] setting player 2 freeze to -9176
[01:08:37.775] [SEVERE ] updating countdown to 52019
[01:08:37.775] [SEVERE ] setting player 1 freeze to -3132
[01:08:37.775] [SEVERE ] setting player 2 freeze to -9280
[01:08:37.887] [SEVERE ] updating countdown to 51907
[01:08:37.887] [SEVERE ] setting player 1 freeze to -3244
[01:08:37.887] [SEVERE ] setting player 2 freeze to -9392
[01:08:37.999] [SEVERE ] updating countdown to 51795
[01:08:37.999] [SEVERE ] setting player 1 freeze to -3356
[01:08:37.999] [SEVERE ] setting player 2 freeze to -9504
[01:08:38.108] [SEVERE ] updating countdown to 51686
[01:08:38.108] [SEVERE ] setting player 1 freeze to -3465
[01:08:38.108] [SEVERE ] setting player 2 freeze to -9613
[01:08:38.212] [SEVERE ] updating countdown to 51582
[01:08:38.212] [SEVERE ] setting player 1 freeze to -3569
[01:08:38.212] [SEVERE ] setting player 2 freeze to -9717
[01:08:38.325] [SEVERE ] updating countdown to 51469
[01:08:38.325] [SEVERE ] setting player 1 freeze to -3682
[01:08:38.325] [SEVERE ] setting player 2 freeze to -9830
[01:08:38.440] [SEVERE ] updating countdown to 51354
[01:08:38.440] [SEVERE ] setting player 1 freeze to -3797
[01:08:38.440] [SEVERE ] setting player 2 freeze to -9945
[01:08:38.548] [SEVERE ] updating countdown to 51246
[01:08:38.548] [SEVERE ] setting player 1 freeze to -3905
[01:08:38.548] [SEVERE ] setting player 2 freeze to -10053
[01:08:38.656] [SEVERE ] updating countdown to 51138
[01:08:38.656] [SEVERE ] setting player 1 freeze to -4013
[01:08:38.656] [SEVERE ] setting player 2 freeze to -10161
[01:08:38.762] [SEVERE ] updating countdown to 51032
[01:08:38.762] [SEVERE ] setting player 1 freeze to -4119
[01:08:38.762] [SEVERE ] setting player 2 freeze to -10267
[01:08:38.867] [SEVERE ] updating countdown to 50927
[01:08:38.867] [SEVERE ] setting player 1 freeze to -4224
[01:08:38.867] [SEVERE ] setting player 2 freeze to -10372
[01:08:38.976] [SEVERE ] updating countdown to 50818
[01:08:38.976] [SEVERE ] setting player 1 freeze to -4333
[01:08:38.976] [SEVERE ] setting player 2 freeze to -10481
[01:08:39.084] [SEVERE ] updating countdown to 50710
[01:08:39.084] [SEVERE ] setting player 1 freeze to -4441
[01:08:39.084] [SEVERE ] setting player 2 freeze to -10589
[01:08:39.192] [SEVERE ] updating countdown to 50602
[01:08:39.192] [SEVERE ] setting player 1 freeze to -4549
[01:08:39.192] [SEVERE ] setting player 2 freeze to -10697
[01:08:39.299] [SEVERE ] updating countdown to 50495
[01:08:39.299] [SEVERE ] setting player 1 freeze to -4656
[01:08:39.299] [SEVERE ] setting player 2 freeze to -10804
[01:08:39.404] [SEVERE ] updating countdown to 50390
[01:08:39.404] [SEVERE ] setting player 1 freeze to -4761
[01:08:39.404] [SEVERE ] setting player 2 freeze to -10909
[01:08:39.512] [SEVERE ] updating countdown to 50282
[01:08:39.512] [SEVERE ] setting player 1 freeze to -4869
[01:08:39.512] [SEVERE ] setting player 2 freeze to -11017
[01:08:39.615] [SEVERE ] updating countdown to 50179
[01:08:39.615] [SEVERE ] setting player 1 freeze to -4972
[01:08:39.615] [SEVERE ] setting player 2 freeze to -11120
[01:08:39.717] [SEVERE ] updating countdown to 50077
[01:08:39.717] [SEVERE ] setting player 1 freeze to -5074
[01:08:39.717] [SEVERE ] setting player 2 freeze to -11222
[01:08:39.829] [SEVERE ] updating countdown to 49965
[01:08:39.829] [SEVERE ] setting player 1 freeze to -5186
[01:08:39.829] [SEVERE ] setting player 2 freeze to -11334
[01:08:39.936] [SEVERE ] updating countdown to 49858
[01:08:39.936] [SEVERE ] setting player 1 freeze to -5293
[01:08:39.936] [SEVERE ] setting player 2 freeze to -11441
[01:08:40.041] [SEVERE ] updating countdown to 49753
[01:08:40.041] [SEVERE ] setting player 1 freeze to -5398
[01:08:40.041] [SEVERE ] setting player 2 freeze to -11546
[01:08:40.149] [SEVERE ] updating countdown to 49645
[01:08:40.149] [SEVERE ] setting player 1 freeze to -5506
[01:08:40.149] [SEVERE ] setting player 2 freeze to -11654
[01:08:40.259] [SEVERE ] updating countdown to 49535
[01:08:40.259] [SEVERE ] setting player 1 freeze to -5616
[01:08:40.259] [SEVERE ] setting player 2 freeze to -11764
[01:08:40.366] [SEVERE ] updating countdown to 49428
[01:08:40.366] [SEVERE ] setting player 1 freeze to -5723
[01:08:40.366] [SEVERE ] setting player 2 freeze to -11871
[01:08:40.475] [SEVERE ] updating countdown to 49319
[01:08:40.475] [SEVERE ] setting player 1 freeze to -5832
[01:08:40.475] [SEVERE ] setting player 2 freeze to -11980
[01:08:40.583] [SEVERE ] updating countdown to 49211
[01:08:40.583] [SEVERE ] setting player 1 freeze to -5940
[01:08:40.583] [SEVERE ] setting player 2 freeze to -12088
