[12:31:02.455] [INFO   ] thread main starting.
[12:31:02.468] [SEVERE ] cannot read configuration file config.properties trying from resources.
[12:31:02.471] [SEVERE ] configuration file was loaded from resources directory.
[12:31:03.464] [INFO   ] thread dealer starting.
[12:31:03.504] [INFO   ] thread dealer starting.
[12:31:03.505] [INFO   ] thread Player #0 starting.
[12:31:03.505] [INFO   ] thread Player #1 starting.
[12:31:03.628] [SEVERE ] placing card 69 in slot 0
[12:31:03.630] [SEVERE ] updating countdown to 60000
[12:31:03.631] [SEVERE ] setting player 1 freeze to -167
[12:31:03.631] [SEVERE ] setting player 2 freeze to -167
[12:31:03.735] [SEVERE ] placing card 49 in slot 1
[12:31:03.736] [SEVERE ] updating countdown to 60000
[12:31:03.736] [SEVERE ] setting player 1 freeze to -272
[12:31:03.736] [SEVERE ] setting player 2 freeze to -272
[12:31:03.846] [SEVERE ] placing card 37 in slot 2
[12:31:03.847] [SEVERE ] updating countdown to 60000
[12:31:03.847] [SEVERE ] setting player 1 freeze to -383
[12:31:03.848] [SEVERE ] setting player 2 freeze to -384
[12:31:03.957] [SEVERE ] placing card 74 in slot 3
[12:31:03.957] [SEVERE ] updating countdown to 60000
[12:31:03.958] [SEVERE ] setting player 1 freeze to -494
[12:31:03.958] [SEVERE ] setting player 2 freeze to -494
[12:31:04.067] [SEVERE ] placing card 43 in slot 4
[12:31:04.068] [SEVERE ] updating countdown to 60000
[12:31:04.068] [SEVERE ] setting player 1 freeze to -604
[12:31:04.068] [SEVERE ] setting player 2 freeze to -604
[12:31:04.176] [SEVERE ] placing card 3 in slot 5
[12:31:04.176] [SEVERE ] updating countdown to 60000
[12:31:04.177] [SEVERE ] setting player 1 freeze to -713
[12:31:04.177] [SEVERE ] setting player 2 freeze to -713
[12:31:04.286] [SEVERE ] placing card 28 in slot 6
[12:31:04.286] [SEVERE ] updating countdown to 60000
[12:31:04.286] [SEVERE ] setting player 1 freeze to -822
[12:31:04.287] [SEVERE ] setting player 2 freeze to -823
[12:31:04.395] [SEVERE ] placing card 59 in slot 7
[12:31:04.396] [SEVERE ] updating countdown to 60000
[12:31:04.397] [SEVERE ] setting player 1 freeze to -933
[12:31:04.397] [SEVERE ] setting player 2 freeze to -933
[12:31:04.504] [SEVERE ] placing card 48 in slot 8
[12:31:04.504] [SEVERE ] updating countdown to 60000
[12:31:04.504] [SEVERE ] setting player 1 freeze to -1040
[12:31:04.504] [SEVERE ] setting player 2 freeze to -1040
[12:31:04.615] [SEVERE ] placing card 31 in slot 9
[12:31:04.615] [SEVERE ] updating countdown to 60000
[12:31:04.616] [SEVERE ] setting player 1 freeze to -1152
[12:31:04.616] [SEVERE ] setting player 2 freeze to -1152
[12:31:04.722] [SEVERE ] placing card 9 in slot 10
[12:31:04.723] [SEVERE ] updating countdown to 60000
[12:31:04.723] [SEVERE ] setting player 1 freeze to -1259
[12:31:04.723] [SEVERE ] setting player 2 freeze to -1259
[12:31:04.832] [SEVERE ] placing card 61 in slot 11
[12:31:04.832] [SEVERE ] updating countdown to 60000
[12:31:04.833] [SEVERE ] setting player 1 freeze to -1369
[12:31:04.833] [SEVERE ] setting player 2 freeze to -1369
[12:31:04.943] [SEVERE ] updating countdown to 59889
[12:31:04.943] [SEVERE ] setting player 1 freeze to -1479
[12:31:04.944] [SEVERE ] setting player 2 freeze to -1480
[12:31:05.055] [SEVERE ] updating countdown to 59777
[12:31:05.055] [SEVERE ] setting player 1 freeze to -1591
[12:31:05.055] [SEVERE ] setting player 2 freeze to -1591
[12:31:05.167] [SEVERE ] updating countdown to 59665
[12:31:05.167] [SEVERE ] setting player 1 freeze to -1703
[12:31:05.167] [SEVERE ] setting player 2 freeze to -1703
[12:31:05.279] [SEVERE ] updating countdown to 59553
[12:31:05.279] [SEVERE ] setting player 1 freeze to -1815
[12:31:05.279] [SEVERE ] setting player 2 freeze to -1815
[12:31:05.390] [SEVERE ] updating countdown to 59442
[12:31:05.390] [SEVERE ] setting player 1 freeze to -1926
[12:31:05.390] [SEVERE ] setting player 2 freeze to -1926
[12:31:05.500] [SEVERE ] updating countdown to 59332
[12:31:05.500] [SEVERE ] setting player 1 freeze to -2036
[12:31:05.500] [SEVERE ] setting player 2 freeze to -2036
[12:31:05.612] [SEVERE ] updating countdown to 59220
[12:31:05.613] [SEVERE ] setting player 1 freeze to -2149
[12:31:05.613] [SEVERE ] setting player 2 freeze to -2149
[12:31:05.723] [SEVERE ] updating countdown to 59109
[12:31:05.723] [SEVERE ] setting player 1 freeze to -2259
[12:31:05.723] [SEVERE ] setting player 2 freeze to -2259
[12:31:05.834] [SEVERE ] updating countdown to 58998
[12:31:05.834] [SEVERE ] setting player 1 freeze to -2370
[12:31:05.834] [SEVERE ] setting player 2 freeze to -2370
[12:31:05.943] [SEVERE ] updating countdown to 58889
[12:31:05.943] [SEVERE ] setting player 1 freeze to -2479
[12:31:05.944] [SEVERE ] setting player 2 freeze to -2480
[12:31:06.055] [SEVERE ] updating countdown to 58777
[12:31:06.055] [SEVERE ] setting player 1 freeze to -2591
[12:31:06.055] [SEVERE ] setting player 2 freeze to -2591
[12:31:06.165] [SEVERE ] updating countdown to 58667
[12:31:06.165] [SEVERE ] setting player 1 freeze to -2701
[12:31:06.165] [SEVERE ] setting player 2 freeze to -2701
[12:31:06.274] [SEVERE ] updating countdown to 58558
[12:31:06.274] [SEVERE ] setting player 1 freeze to -2810
[12:31:06.274] [SEVERE ] setting player 2 freeze to -2810
[12:31:06.385] [SEVERE ] updating countdown to 58447
[12:31:06.385] [SEVERE ] setting player 1 freeze to -2921
[12:31:06.385] [SEVERE ] setting player 2 freeze to -2921
[12:31:06.495] [SEVERE ] updating countdown to 58337
[12:31:06.495] [SEVERE ] setting player 1 freeze to -3031
[12:31:06.496] [SEVERE ] setting player 2 freeze to -3032
[12:31:06.605] [SEVERE ] updating countdown to 58227
[12:31:06.605] [SEVERE ] setting player 1 freeze to -3141
[12:31:06.605] [SEVERE ] setting player 2 freeze to -3141
[12:31:06.716] [SEVERE ] updating countdown to 58116
[12:31:06.716] [SEVERE ] setting player 1 freeze to -3252
[12:31:06.716] [SEVERE ] setting player 2 freeze to -3252
[12:31:06.768] [SEVERE ] key 81 was pressed by player 1
[12:31:06.770] [SEVERE ] player 1 placing token on slot 0
[12:31:06.825] [SEVERE ] updating countdown to 58007
[12:31:06.825] [SEVERE ] setting player 1 freeze to -3361
[12:31:06.825] [SEVERE ] setting player 2 freeze to -3361
[12:31:06.934] [SEVERE ] updating countdown to 57898
[12:31:06.935] [SEVERE ] setting player 1 freeze to -3470
[12:31:06.935] [SEVERE ] setting player 2 freeze to -3471
[12:31:07.045] [SEVERE ] updating countdown to 57787
[12:31:07.045] [SEVERE ] setting player 1 freeze to -3581
[12:31:07.045] [SEVERE ] setting player 2 freeze to -3581
[12:31:07.156] [SEVERE ] updating countdown to 57676
[12:31:07.157] [SEVERE ] setting player 1 freeze to -3693
[12:31:07.157] [SEVERE ] setting player 2 freeze to -3693
[12:31:07.230] [SEVERE ] key 87 was pressed by player 1
[12:31:07.231] [SEVERE ] player 1 placing token on slot 1
[12:31:07.267] [SEVERE ] updating countdown to 57565
[12:31:07.267] [SEVERE ] setting player 1 freeze to -3803
[12:31:07.267] [SEVERE ] setting player 2 freeze to -3803
[12:31:07.377] [SEVERE ] updating countdown to 57455
[12:31:07.377] [SEVERE ] setting player 1 freeze to -3913
[12:31:07.377] [SEVERE ] setting player 2 freeze to -3913
[12:31:07.486] [SEVERE ] updating countdown to 57346
[12:31:07.486] [SEVERE ] setting player 1 freeze to -4022
[12:31:07.486] [SEVERE ] setting player 2 freeze to -4022
[12:31:07.594] [SEVERE ] updating countdown to 57238
[12:31:07.594] [SEVERE ] setting player 1 freeze to -4130
[12:31:07.594] [SEVERE ] setting player 2 freeze to -4130
[12:31:07.637] [SEVERE ] key 69 was pressed by player 1
[12:31:07.641] [SEVERE ] player 1 placing token on slot 2
[12:31:07.703] [SEVERE ] updating countdown to 57129
[12:31:07.704] [SEVERE ] setting player 1 freeze to -4239
[12:31:07.704] [SEVERE ] setting player 2 freeze to -4240
[12:31:07.704] [SEVERE ] updating countdown to 57128
[12:31:07.704] [SEVERE ] setting player 1 freeze to -4240
[12:31:07.704] [SEVERE ] setting player 2 freeze to -4240
[12:31:07.812] [SEVERE ] updating countdown to 57020
[12:31:07.812] [SEVERE ] setting player 1 freeze to 2892
[12:31:07.813] [SEVERE ] setting player 2 freeze to -4349
[12:31:07.921] [SEVERE ] updating countdown to 56911
[12:31:07.922] [SEVERE ] setting player 1 freeze to 2782
[12:31:07.922] [SEVERE ] setting player 2 freeze to -4458
[12:31:08.030] [SEVERE ] updating countdown to 56802
[12:31:08.030] [SEVERE ] setting player 1 freeze to 2674
[12:31:08.030] [SEVERE ] setting player 2 freeze to -4566
[12:31:08.139] [SEVERE ] updating countdown to 56693
[12:31:08.139] [SEVERE ] setting player 1 freeze to 2565
[12:31:08.139] [SEVERE ] setting player 2 freeze to -4675
[12:31:08.249] [SEVERE ] updating countdown to 56583
[12:31:08.249] [SEVERE ] setting player 1 freeze to 2455
[12:31:08.249] [SEVERE ] setting player 2 freeze to -4785
[12:31:08.360] [SEVERE ] updating countdown to 56472
[12:31:08.360] [SEVERE ] setting player 1 freeze to 2344
[12:31:08.360] [SEVERE ] setting player 2 freeze to -4896
[12:31:08.471] [SEVERE ] updating countdown to 56361
[12:31:08.471] [SEVERE ] setting player 1 freeze to 2233
[12:31:08.471] [SEVERE ] setting player 2 freeze to -5007
[12:31:08.580] [SEVERE ] updating countdown to 56252
[12:31:08.580] [SEVERE ] setting player 1 freeze to 2124
[12:31:08.580] [SEVERE ] setting player 2 freeze to -5116
[12:31:08.690] [SEVERE ] updating countdown to 56142
[12:31:08.690] [SEVERE ] setting player 1 freeze to 2014
[12:31:08.690] [SEVERE ] setting player 2 freeze to -5226
[12:31:08.800] [SEVERE ] updating countdown to 56032
[12:31:08.800] [SEVERE ] setting player 1 freeze to 1904
[12:31:08.801] [SEVERE ] setting player 2 freeze to -5337
[12:31:08.912] [SEVERE ] updating countdown to 55920
[12:31:08.912] [SEVERE ] setting player 1 freeze to 1792
[12:31:08.912] [SEVERE ] setting player 2 freeze to -5448
[12:31:09.022] [SEVERE ] updating countdown to 55810
[12:31:09.022] [SEVERE ] setting player 1 freeze to 1682
[12:31:09.022] [SEVERE ] setting player 2 freeze to -5558
[12:31:09.131] [SEVERE ] updating countdown to 55701
[12:31:09.131] [SEVERE ] setting player 1 freeze to 1573
[12:31:09.131] [SEVERE ] setting player 2 freeze to -5667
[12:31:09.241] [SEVERE ] updating countdown to 55591
[12:31:09.241] [SEVERE ] setting player 1 freeze to 1463
[12:31:09.241] [SEVERE ] setting player 2 freeze to -5777
[12:31:09.352] [SEVERE ] updating countdown to 55480
[12:31:09.352] [SEVERE ] setting player 1 freeze to 1352
[12:31:09.353] [SEVERE ] setting player 2 freeze to -5889
[12:31:09.462] [SEVERE ] updating countdown to 55370
[12:31:09.463] [SEVERE ] setting player 1 freeze to 1241
[12:31:09.463] [SEVERE ] setting player 2 freeze to -5999
[12:31:09.572] [SEVERE ] updating countdown to 55260
[12:31:09.572] [SEVERE ] setting player 1 freeze to 1132
[12:31:09.572] [SEVERE ] setting player 2 freeze to -6108
[12:31:09.681] [SEVERE ] updating countdown to 55151
[12:31:09.681] [SEVERE ] setting player 1 freeze to 1023
[12:31:09.681] [SEVERE ] setting player 2 freeze to -6217
[12:31:09.790] [SEVERE ] updating countdown to 55042
[12:31:09.790] [SEVERE ] setting player 1 freeze to 914
[12:31:09.790] [SEVERE ] setting player 2 freeze to -6326
[12:31:09.903] [SEVERE ] updating countdown to 54929
[12:31:09.904] [SEVERE ] setting player 1 freeze to 800
[12:31:09.905] [SEVERE ] setting player 2 freeze to -6441
[12:31:10.007] [SEVERE ] updating countdown to 54825
[12:31:10.007] [SEVERE ] setting player 1 freeze to 697
[12:31:10.007] [SEVERE ] setting player 2 freeze to -6543
[12:31:10.116] [SEVERE ] updating countdown to 54716
[12:31:10.116] [SEVERE ] setting player 1 freeze to 588
[12:31:10.116] [SEVERE ] setting player 2 freeze to -6652
[12:31:10.225] [SEVERE ] updating countdown to 54608
[12:31:10.225] [SEVERE ] setting player 1 freeze to 479
[12:31:10.225] [SEVERE ] setting player 2 freeze to -6761
[12:31:10.335] [SEVERE ] updating countdown to 54497
[12:31:10.335] [SEVERE ] setting player 1 freeze to 369
[12:31:10.335] [SEVERE ] setting player 2 freeze to -6871
[12:31:10.444] [SEVERE ] updating countdown to 54388
[12:31:10.445] [SEVERE ] setting player 1 freeze to 259
[12:31:10.445] [SEVERE ] setting player 2 freeze to -6981
[12:31:10.554] [SEVERE ] updating countdown to 54278
[12:31:10.554] [SEVERE ] setting player 1 freeze to 150
[12:31:10.554] [SEVERE ] setting player 2 freeze to -7090
[12:31:10.664] [SEVERE ] updating countdown to 54168
[12:31:10.664] [SEVERE ] setting player 1 freeze to 40
[12:31:10.664] [SEVERE ] setting player 2 freeze to -7200
[12:31:10.773] [SEVERE ] updating countdown to 54059
[12:31:10.773] [SEVERE ] setting player 1 freeze to -69
[12:31:10.773] [SEVERE ] setting player 2 freeze to -7309
[12:31:10.883] [SEVERE ] updating countdown to 53949
[12:31:10.883] [SEVERE ] setting player 1 freeze to -179
[12:31:10.884] [SEVERE ] setting player 2 freeze to -7420
[12:31:10.992] [SEVERE ] updating countdown to 53840
[12:31:10.992] [SEVERE ] setting player 1 freeze to -288
[12:31:10.992] [SEVERE ] setting player 2 freeze to -7528
[12:31:11.102] [SEVERE ] updating countdown to 53730
[12:31:11.103] [SEVERE ] setting player 1 freeze to -399
[12:31:11.103] [SEVERE ] setting player 2 freeze to -7639
[12:31:11.209] [SEVERE ] updating countdown to 53623
[12:31:11.209] [SEVERE ] setting player 1 freeze to -505
[12:31:11.209] [SEVERE ] setting player 2 freeze to -7745
[12:31:11.319] [SEVERE ] updating countdown to 53513
[12:31:11.319] [SEVERE ] setting player 1 freeze to -615
[12:31:11.319] [SEVERE ] setting player 2 freeze to -7855
[12:31:11.428] [SEVERE ] updating countdown to 53404
[12:31:11.428] [SEVERE ] setting player 1 freeze to -724
[12:31:11.428] [SEVERE ] setting player 2 freeze to -7964
[12:31:11.537] [SEVERE ] updating countdown to 53295
[12:31:11.537] [SEVERE ] setting player 1 freeze to -833
[12:31:11.537] [SEVERE ] setting player 2 freeze to -8073
[12:31:11.646] [SEVERE ] updating countdown to 53186
[12:31:11.646] [SEVERE ] setting player 1 freeze to -942
[12:31:11.646] [SEVERE ] setting player 2 freeze to -8182
[12:31:11.755] [SEVERE ] updating countdown to 53077
[12:31:11.755] [SEVERE ] setting player 1 freeze to -1051
[12:31:11.755] [SEVERE ] setting player 2 freeze to -8291
[12:31:11.866] [SEVERE ] updating countdown to 52966
[12:31:11.866] [SEVERE ] setting player 1 freeze to -1162
[12:31:11.866] [SEVERE ] setting player 2 freeze to -8402
[12:31:11.976] [SEVERE ] updating countdown to 52856
[12:31:11.976] [SEVERE ] setting player 1 freeze to -1272
[12:31:11.976] [SEVERE ] setting player 2 freeze to -8512
[12:31:12.085] [SEVERE ] updating countdown to 52747
[12:31:12.085] [SEVERE ] setting player 1 freeze to -1381
[12:31:12.085] [SEVERE ] setting player 2 freeze to -8621
[12:31:12.194] [SEVERE ] updating countdown to 52638
[12:31:12.194] [SEVERE ] setting player 1 freeze to -1490
[12:31:12.195] [SEVERE ] setting player 2 freeze to -8731
[12:31:12.303] [SEVERE ] updating countdown to 52529
[12:31:12.303] [SEVERE ] setting player 1 freeze to -1599
[12:31:12.303] [SEVERE ] setting player 2 freeze to -8839
[12:31:12.414] [SEVERE ] updating countdown to 52418
[12:31:12.414] [SEVERE ] setting player 1 freeze to -1710
[12:31:12.414] [SEVERE ] setting player 2 freeze to -8950
[12:31:12.523] [SEVERE ] updating countdown to 52309
[12:31:12.523] [SEVERE ] setting player 1 freeze to -1819
[12:31:12.523] [SEVERE ] setting player 2 freeze to -9059
