[00:04:15.510] [INFO   ] thread main starting.
[00:04:15.517] [SEVERE ] cannot read configuration file config.properties trying from resources.
[00:04:15.518] [SEVERE ] configuration file was loaded from resources directory.
[00:04:15.915] [INFO   ] thread dealer starting.
[00:04:15.916] [INFO   ] thread dealer starting.
[00:04:15.919] [INFO   ] thread Player #0 starting.
[00:04:15.919] [INFO   ] thread Player #1 starting.
[00:04:16.035] [SEVERE ] placing card 56 in slot 0
[00:04:16.036] [SEVERE ] updating countdown to 60000
[00:04:16.038] [SEVERE ] setting player 1 freeze to -123
[00:04:16.040] [SEVERE ] setting player 2 freeze to -125
[00:04:16.144] [SEVERE ] placing card 38 in slot 1
[00:04:16.144] [SEVERE ] updating countdown to 60000
[00:04:16.144] [SEVERE ] setting player 1 freeze to -229
[00:04:16.145] [SEVERE ] setting player 2 freeze to -230
[00:04:16.252] [SEVERE ] placing card 8 in slot 2
[00:04:16.252] [SEVERE ] updating countdown to 60000
[00:04:16.252] [SEVERE ] setting player 1 freeze to -337
[00:04:16.253] [SEVERE ] setting player 2 freeze to -338
[00:04:16.354] [SEVERE ] placing card 21 in slot 3
[00:04:16.355] [SEVERE ] updating countdown to 60000
[00:04:16.356] [SEVERE ] setting player 1 freeze to -441
[00:04:16.357] [SEVERE ] setting player 2 freeze to -442
[00:04:16.462] [SEVERE ] placing card 73 in slot 4
[00:04:16.462] [SEVERE ] updating countdown to 60000
[00:04:16.462] [SEVERE ] setting player 1 freeze to -547
[00:04:16.463] [SEVERE ] setting player 2 freeze to -548
[00:04:16.571] [SEVERE ] placing card 16 in slot 5
[00:04:16.571] [SEVERE ] updating countdown to 60000
[00:04:16.572] [SEVERE ] setting player 1 freeze to -657
[00:04:16.573] [SEVERE ] setting player 2 freeze to -658
[00:04:16.679] [SEVERE ] placing card 2 in slot 6
[00:04:16.679] [SEVERE ] updating countdown to 60000
[00:04:16.680] [SEVERE ] setting player 1 freeze to -765
[00:04:16.680] [SEVERE ] setting player 2 freeze to -765
[00:04:16.787] [SEVERE ] placing card 40 in slot 7
[00:04:16.787] [SEVERE ] updating countdown to 60000
[00:04:16.787] [SEVERE ] setting player 1 freeze to -872
[00:04:16.787] [SEVERE ] setting player 2 freeze to -872
[00:04:16.891] [SEVERE ] placing card 42 in slot 8
[00:04:16.891] [SEVERE ] updating countdown to 60000
[00:04:16.891] [SEVERE ] setting player 1 freeze to -976
[00:04:16.891] [SEVERE ] setting player 2 freeze to -976
[00:04:16.993] [SEVERE ] placing card 32 in slot 9
[00:04:16.993] [SEVERE ] updating countdown to 60000
[00:04:16.993] [SEVERE ] setting player 1 freeze to -1078
[00:04:16.993] [SEVERE ] setting player 2 freeze to -1078
[00:04:17.107] [SEVERE ] placing card 46 in slot 10
[00:04:17.107] [SEVERE ] updating countdown to 60000
[00:04:17.107] [SEVERE ] setting player 1 freeze to -1192
[00:04:17.107] [SEVERE ] setting player 2 freeze to -1192
[00:04:17.210] [SEVERE ] placing card 22 in slot 11
[00:04:17.210] [SEVERE ] updating countdown to 60000
[00:04:17.210] [SEVERE ] setting player 1 freeze to -1295
[00:04:17.210] [SEVERE ] setting player 2 freeze to -1295
[00:04:18.213] [SEVERE ] updating countdown to 58997
[00:04:18.213] [SEVERE ] setting player 1 freeze to -2298
[00:04:18.213] [SEVERE ] setting player 2 freeze to -2298
[00:04:18.929] [SEVERE ] key 81 was pressed by player 1
[00:04:18.929] [SEVERE ] player 1 placing token on slot 0
[00:04:19.229] [SEVERE ] updating countdown to 57981
[00:04:19.229] [SEVERE ] setting player 1 freeze to -3314
[00:04:19.229] [SEVERE ] setting player 2 freeze to -3314
[00:04:20.233] [SEVERE ] updating countdown to 56977
[00:04:20.234] [SEVERE ] setting player 1 freeze to -4319
[00:04:20.234] [SEVERE ] setting player 2 freeze to -4319
[00:04:21.240] [SEVERE ] updating countdown to 55970
[00:04:21.240] [SEVERE ] setting player 1 freeze to -5325
[00:04:21.241] [SEVERE ] setting player 2 freeze to -5326
[00:04:22.250] [SEVERE ] updating countdown to 54960
[00:04:22.250] [SEVERE ] setting player 1 freeze to -6335
[00:04:22.250] [SEVERE ] setting player 2 freeze to -6335
[00:04:23.253] [SEVERE ] updating countdown to 53957
[00:04:23.253] [SEVERE ] setting player 1 freeze to -7338
[00:04:23.253] [SEVERE ] setting player 2 freeze to -7338
[00:04:24.265] [SEVERE ] updating countdown to 52945
[00:04:24.265] [SEVERE ] setting player 1 freeze to -8350
[00:04:24.265] [SEVERE ] setting player 2 freeze to -8350
[00:04:25.274] [SEVERE ] updating countdown to 51936
[00:04:25.274] [SEVERE ] setting player 1 freeze to -9359
[00:04:25.274] [SEVERE ] setting player 2 freeze to -9359
[00:04:26.277] [SEVERE ] updating countdown to 50933
[00:04:26.277] [SEVERE ] setting player 1 freeze to -10362
[00:04:26.277] [SEVERE ] setting player 2 freeze to -10362
[00:04:27.076] [SEVERE ] key 87 was pressed by player 1
[00:04:27.077] [SEVERE ] player 1 placing token on slot 1
[00:04:27.286] [SEVERE ] updating countdown to 49924
[00:04:27.286] [SEVERE ] setting player 1 freeze to -11371
[00:04:27.286] [SEVERE ] setting player 2 freeze to -11371
[00:04:27.998] [SEVERE ] key 69 was pressed by player 1
[00:04:27.998] [SEVERE ] player 1 placing token on slot 2
[00:04:28.297] [SEVERE ] updating countdown to 48913
[00:04:28.297] [SEVERE ] setting player 1 freeze to -12382
[00:04:28.297] [SEVERE ] setting player 2 freeze to -12382
[00:04:29.318] [SEVERE ] updating countdown to 47892
[00:04:29.319] [SEVERE ] setting player 1 freeze to -13404
[00:04:29.319] [SEVERE ] setting player 2 freeze to -13404
[00:04:30.327] [SEVERE ] updating countdown to 46883
[00:04:30.327] [SEVERE ] setting player 1 freeze to -14412
[00:04:30.327] [SEVERE ] setting player 2 freeze to -14412
[00:04:31.334] [SEVERE ] updating countdown to 45876
[00:04:31.334] [SEVERE ] setting player 1 freeze to -15419
[00:04:31.334] [SEVERE ] setting player 2 freeze to -15419
[00:04:32.349] [SEVERE ] updating countdown to 44861
[00:04:32.349] [SEVERE ] setting player 1 freeze to -16434
[00:04:32.349] [SEVERE ] setting player 2 freeze to -16434
[00:04:33.363] [SEVERE ] updating countdown to 43847
[00:04:33.363] [SEVERE ] setting player 1 freeze to -17448
[00:04:33.363] [SEVERE ] setting player 2 freeze to -17448
[00:04:34.365] [SEVERE ] updating countdown to 42845
[00:04:34.365] [SEVERE ] setting player 1 freeze to -18450
[00:04:34.365] [SEVERE ] setting player 2 freeze to -18450
[00:04:35.372] [SEVERE ] updating countdown to 41838
[00:04:35.372] [SEVERE ] setting player 1 freeze to -19457
[00:04:35.372] [SEVERE ] setting player 2 freeze to -19457
