[01:29:29.486] [INFO   ] thread main starting.
[01:29:29.495] [SEVERE ] cannot read configuration file config.properties trying from resources.
[01:29:29.495] [SEVERE ] configuration file was loaded from resources directory.
[01:29:29.987] [INFO   ] thread dealer starting.
[01:29:29.987] [INFO   ] thread dealer starting.
[01:29:29.989] [INFO   ] thread Player #0 starting.
[01:29:29.989] [INFO   ] thread Player #1 starting.
[01:29:29.989] [INFO   ] thread Player #3 starting.
[01:29:29.991] [INFO   ] thread Player #4 starting.
[01:29:29.991] [INFO   ] thread computer-3 starting.
[01:29:29.991] [INFO   ] thread Player #2 starting.
[01:29:29.993] [INFO   ] thread computer-4 starting.
[01:29:29.996] [INFO   ] thread computer-2 starting.
[01:29:29.997] [SEVERE ] player 4 placing token on slot 11
[01:29:29.998] [SEVERE ] player 5 placing token on slot 5
[01:29:30.000] [SEVERE ] player 3 placing token on slot 2
[01:29:30.103] [SEVERE ] placing card 68 in slot 0
[01:29:30.103] [SEVERE ] updating countdown to 60000
[01:29:30.103] [SEVERE ] setting player 1 freeze to -116
[01:29:30.103] [SEVERE ] setting player 2 freeze to -116
[01:29:30.103] [SEVERE ] setting player 3 freeze to -116
[01:29:30.103] [SEVERE ] setting player 4 freeze to -116
[01:29:30.103] [SEVERE ] setting player 5 freeze to -116
[01:29:30.206] [SEVERE ] placing card 6 in slot 1
[01:29:30.206] [SEVERE ] updating countdown to 60000
[01:29:30.206] [SEVERE ] setting player 1 freeze to -219
[01:29:30.208] [SEVERE ] setting player 2 freeze to -221
[01:29:30.208] [SEVERE ] setting player 3 freeze to -221
[01:29:30.209] [SEVERE ] setting player 4 freeze to -222
[01:29:30.209] [SEVERE ] setting player 5 freeze to -222
[01:29:30.261] [SEVERE ] player 4 placing token on slot 7
[01:29:30.261] [SEVERE ] player 5 placing token on slot 6
[01:29:30.262] [SEVERE ] player 3 placing token on slot 5
[01:29:30.321] [SEVERE ] placing card 31 in slot 2
[01:29:30.321] [SEVERE ] updating countdown to 60000
[01:29:30.321] [SEVERE ] setting player 1 freeze to -334
[01:29:30.321] [SEVERE ] setting player 2 freeze to -334
[01:29:30.321] [SEVERE ] setting player 3 freeze to -334
[01:29:30.321] [SEVERE ] setting player 4 freeze to -334
[01:29:30.321] [SEVERE ] setting player 5 freeze to -334
[01:29:30.424] [SEVERE ] placing card 73 in slot 3
[01:29:30.424] [SEVERE ] updating countdown to 60000
[01:29:30.424] [SEVERE ] setting player 1 freeze to -437
[01:29:30.424] [SEVERE ] setting player 2 freeze to -437
[01:29:30.424] [SEVERE ] setting player 3 freeze to -437
[01:29:30.424] [SEVERE ] setting player 4 freeze to -437
[01:29:30.424] [SEVERE ] setting player 5 freeze to -437
[01:29:30.524] [SEVERE ] player 5 placing token on slot 7
[01:29:30.527] [SEVERE ] player 3 placing token on slot 1
[01:29:30.527] [SEVERE ] player 4 placing token on slot 3
[01:29:30.529] [SEVERE ] placing card 23 in slot 4
[01:29:30.532] [SEVERE ] updating countdown to 60000
[01:29:30.532] [SEVERE ] setting player 1 freeze to -545
[01:29:30.532] [SEVERE ] setting player 2 freeze to -545
[01:29:30.532] [SEVERE ] setting player 3 freeze to -545
[01:29:30.532] [SEVERE ] setting player 4 freeze to -545
[01:29:30.532] [SEVERE ] setting player 5 freeze to -545
[01:29:30.638] [SEVERE ] placing card 16 in slot 5
[01:29:30.638] [SEVERE ] updating countdown to 60000
[01:29:30.638] [SEVERE ] setting player 1 freeze to -651
[01:29:30.638] [SEVERE ] setting player 2 freeze to -651
[01:29:30.638] [SEVERE ] setting player 3 freeze to -651
[01:29:30.638] [SEVERE ] setting player 4 freeze to -651
[01:29:30.638] [SEVERE ] setting player 5 freeze to -651
[01:29:30.749] [SEVERE ] placing card 70 in slot 6
[01:29:30.749] [SEVERE ] updating countdown to 60000
[01:29:30.749] [SEVERE ] setting player 1 freeze to -762
[01:29:30.749] [SEVERE ] setting player 2 freeze to -762
[01:29:30.749] [SEVERE ] setting player 3 freeze to -762
[01:29:30.749] [SEVERE ] setting player 4 freeze to -762
[01:29:30.749] [SEVERE ] setting player 5 freeze to -762
[01:29:30.854] [SEVERE ] placing card 51 in slot 7
[01:29:30.854] [SEVERE ] updating countdown to 60000
[01:29:30.854] [SEVERE ] setting player 1 freeze to -867
[01:29:30.854] [SEVERE ] setting player 2 freeze to -867
[01:29:30.854] [SEVERE ] setting player 3 freeze to -867
[01:29:30.854] [SEVERE ] setting player 4 freeze to -867
[01:29:30.854] [SEVERE ] setting player 5 freeze to -867
[01:29:30.967] [SEVERE ] placing card 27 in slot 8
[01:29:30.967] [SEVERE ] updating countdown to 60000
[01:29:30.967] [SEVERE ] setting player 1 freeze to -980
[01:29:30.967] [SEVERE ] setting player 2 freeze to -980
[01:29:30.967] [SEVERE ] setting player 3 freeze to -980
[01:29:30.967] [SEVERE ] setting player 4 freeze to -980
[01:29:30.967] [SEVERE ] setting player 5 freeze to -980
[01:29:31.079] [SEVERE ] placing card 17 in slot 9
[01:29:31.079] [SEVERE ] updating countdown to 60000
[01:29:31.079] [SEVERE ] setting player 1 freeze to -1092
[01:29:31.079] [SEVERE ] setting player 2 freeze to -1092
[01:29:31.079] [SEVERE ] setting player 3 freeze to -1092
[01:29:31.079] [SEVERE ] setting player 4 freeze to -1092
[01:29:31.079] [SEVERE ] setting player 5 freeze to -1092
[01:29:31.180] [SEVERE ] placing card 59 in slot 10
[01:29:31.180] [SEVERE ] updating countdown to 60000
[01:29:31.180] [SEVERE ] setting player 1 freeze to -1193
[01:29:31.180] [SEVERE ] setting player 2 freeze to -1193
[01:29:31.180] [SEVERE ] setting player 3 freeze to -1193
[01:29:31.180] [SEVERE ] setting player 4 freeze to -1193
[01:29:31.180] [SEVERE ] setting player 5 freeze to -1193
[01:29:31.283] [SEVERE ] placing card 60 in slot 11
[01:29:31.283] [SEVERE ] updating countdown to 60000
[01:29:31.283] [SEVERE ] setting player 1 freeze to -1296
[01:29:31.283] [SEVERE ] setting player 2 freeze to -1296
[01:29:31.283] [SEVERE ] setting player 3 freeze to -1296
[01:29:31.283] [SEVERE ] setting player 4 freeze to -1296
[01:29:31.283] [SEVERE ] setting player 5 freeze to -1296
[01:29:31.396] [SEVERE ] updating countdown to 59887
[01:29:31.396] [SEVERE ] setting player 1 freeze to -1409
[01:29:31.396] [SEVERE ] setting player 2 freeze to -1409
[01:29:31.396] [SEVERE ] setting player 3 freeze to -1409
[01:29:31.396] [SEVERE ] setting player 4 freeze to -1409
[01:29:31.396] [SEVERE ] setting player 5 freeze to -1409
[01:29:31.504] [SEVERE ] updating countdown to 59779
[01:29:31.504] [SEVERE ] setting player 1 freeze to -1517
[01:29:31.504] [SEVERE ] setting player 2 freeze to -1517
[01:29:31.504] [SEVERE ] setting player 3 freeze to -1517
[01:29:31.504] [SEVERE ] setting player 4 freeze to -1517
[01:29:31.504] [SEVERE ] setting player 5 freeze to -1517
[01:29:31.616] [SEVERE ] updating countdown to 59667
[01:29:31.616] [SEVERE ] setting player 1 freeze to -1629
[01:29:31.616] [SEVERE ] setting player 2 freeze to -1629
[01:29:31.616] [SEVERE ] setting player 3 freeze to -1629
[01:29:31.616] [SEVERE ] setting player 4 freeze to -1629
[01:29:31.616] [SEVERE ] setting player 5 freeze to -1629
[01:29:31.730] [SEVERE ] updating countdown to 59553
[01:29:31.730] [SEVERE ] setting player 1 freeze to -1743
[01:29:31.730] [SEVERE ] setting player 2 freeze to -1743
[01:29:31.730] [SEVERE ] setting player 3 freeze to -1743
[01:29:31.730] [SEVERE ] setting player 4 freeze to -1743
[01:29:31.730] [SEVERE ] setting player 5 freeze to -1743
[01:29:31.841] [SEVERE ] updating countdown to 59442
[01:29:31.841] [SEVERE ] setting player 1 freeze to -1854
[01:29:31.841] [SEVERE ] setting player 2 freeze to -1854
[01:29:31.841] [SEVERE ] setting player 3 freeze to -1854
[01:29:31.841] [SEVERE ] setting player 4 freeze to -1854
[01:29:31.841] [SEVERE ] setting player 5 freeze to -1854
[01:29:31.951] [SEVERE ] updating countdown to 59332
[01:29:31.951] [SEVERE ] setting player 1 freeze to -1964
[01:29:31.951] [SEVERE ] setting player 2 freeze to -1964
[01:29:31.951] [SEVERE ] setting player 3 freeze to -1964
[01:29:31.951] [SEVERE ] setting player 4 freeze to -1964
[01:29:31.953] [SEVERE ] setting player 5 freeze to -1966
[01:29:32.065] [SEVERE ] updating countdown to 59218
[01:29:32.065] [SEVERE ] setting player 1 freeze to -2078
[01:29:32.065] [SEVERE ] setting player 2 freeze to -2078
[01:29:32.065] [SEVERE ] setting player 3 freeze to -2078
[01:29:32.065] [SEVERE ] setting player 4 freeze to -2078
[01:29:32.065] [SEVERE ] setting player 5 freeze to -2078
[01:29:32.177] [SEVERE ] updating countdown to 59106
[01:29:32.177] [SEVERE ] setting player 1 freeze to -2190
[01:29:32.177] [SEVERE ] setting player 2 freeze to -2190
[01:29:32.177] [SEVERE ] setting player 3 freeze to -2190
[01:29:32.177] [SEVERE ] setting player 4 freeze to -2190
[01:29:32.177] [SEVERE ] setting player 5 freeze to -2190
[01:29:32.289] [SEVERE ] updating countdown to 58994
[01:29:32.289] [SEVERE ] setting player 1 freeze to -2302
[01:29:32.290] [SEVERE ] setting player 2 freeze to -2303
[01:29:32.290] [SEVERE ] setting player 3 freeze to -2303
[01:29:32.290] [SEVERE ] setting player 4 freeze to -2303
[01:29:32.290] [SEVERE ] setting player 5 freeze to -2303
[01:29:32.401] [SEVERE ] updating countdown to 58882
[01:29:32.401] [SEVERE ] setting player 1 freeze to -2414
[01:29:32.401] [SEVERE ] setting player 2 freeze to -2414
[01:29:32.401] [SEVERE ] setting player 3 freeze to -2414
[01:29:32.401] [SEVERE ] setting player 4 freeze to -2414
[01:29:32.401] [SEVERE ] setting player 5 freeze to -2414
[01:29:32.511] [SEVERE ] updating countdown to 58772
[01:29:32.511] [SEVERE ] setting player 1 freeze to -2524
[01:29:32.511] [SEVERE ] setting player 2 freeze to -2524
[01:29:32.511] [SEVERE ] setting player 3 freeze to -2524
[01:29:32.511] [SEVERE ] setting player 4 freeze to -2524
[01:29:32.511] [SEVERE ] setting player 5 freeze to -2524
[01:29:32.618] [SEVERE ] updating countdown to 58665
[01:29:32.618] [SEVERE ] setting player 1 freeze to -2631
[01:29:32.618] [SEVERE ] setting player 2 freeze to -2631
[01:29:32.618] [SEVERE ] setting player 3 freeze to -2631
[01:29:32.618] [SEVERE ] setting player 4 freeze to -2631
[01:29:32.618] [SEVERE ] setting player 5 freeze to -2631
[01:29:32.730] [SEVERE ] updating countdown to 58553
[01:29:32.730] [SEVERE ] setting player 1 freeze to -2743
[01:29:32.730] [SEVERE ] setting player 2 freeze to -2743
[01:29:32.730] [SEVERE ] setting player 3 freeze to -2743
[01:29:32.730] [SEVERE ] setting player 4 freeze to -2743
[01:29:32.730] [SEVERE ] setting player 5 freeze to -2743
[01:29:32.837] [SEVERE ] updating countdown to 58446
[01:29:32.837] [SEVERE ] setting player 1 freeze to -2850
[01:29:32.837] [SEVERE ] setting player 2 freeze to -2850
[01:29:32.838] [SEVERE ] setting player 3 freeze to -2851
[01:29:32.838] [SEVERE ] setting player 4 freeze to -2851
[01:29:32.838] [SEVERE ] setting player 5 freeze to -2851
[01:29:32.946] [SEVERE ] updating countdown to 58337
[01:29:32.946] [SEVERE ] setting player 1 freeze to -2959
[01:29:32.946] [SEVERE ] setting player 2 freeze to -2959
[01:29:32.946] [SEVERE ] setting player 3 freeze to -2959
[01:29:32.946] [SEVERE ] setting player 4 freeze to -2959
[01:29:32.946] [SEVERE ] setting player 5 freeze to -2959
[01:29:33.052] [SEVERE ] updating countdown to 58231
[01:29:33.053] [SEVERE ] setting player 1 freeze to -3066
[01:29:33.053] [SEVERE ] setting player 2 freeze to -3066
[01:29:33.053] [SEVERE ] setting player 3 freeze to -3066
[01:29:33.053] [SEVERE ] setting player 4 freeze to -3066
[01:29:33.053] [SEVERE ] setting player 5 freeze to -3066
[01:29:33.158] [SEVERE ] updating countdown to 58125
[01:29:33.158] [SEVERE ] setting player 1 freeze to -3171
[01:29:33.158] [SEVERE ] setting player 2 freeze to -3171
[01:29:33.159] [SEVERE ] setting player 3 freeze to -3172
[01:29:33.159] [SEVERE ] setting player 4 freeze to -3172
[01:29:33.159] [SEVERE ] setting player 5 freeze to -3172
[01:29:33.272] [SEVERE ] updating countdown to 58011
[01:29:33.272] [SEVERE ] setting player 1 freeze to -3285
[01:29:33.272] [SEVERE ] setting player 2 freeze to -3285
[01:29:33.272] [SEVERE ] setting player 3 freeze to -3285
[01:29:33.272] [SEVERE ] setting player 4 freeze to -3285
[01:29:33.272] [SEVERE ] setting player 5 freeze to -3285
[01:29:33.384] [SEVERE ] updating countdown to 57899
[01:29:33.384] [SEVERE ] setting player 1 freeze to -3397
[01:29:33.384] [SEVERE ] setting player 2 freeze to -3397
[01:29:33.384] [SEVERE ] setting player 3 freeze to -3397
[01:29:33.384] [SEVERE ] setting player 4 freeze to -3397
[01:29:33.384] [SEVERE ] setting player 5 freeze to -3397
[01:29:33.499] [SEVERE ] updating countdown to 57784
[01:29:33.499] [SEVERE ] setting player 1 freeze to -3512
[01:29:33.499] [SEVERE ] setting player 2 freeze to -3512
[01:29:33.499] [SEVERE ] setting player 3 freeze to -3512
[01:29:33.499] [SEVERE ] setting player 4 freeze to -3512
[01:29:33.499] [SEVERE ] setting player 5 freeze to -3512
[01:29:33.601] [SEVERE ] updating countdown to 57682
[01:29:33.601] [SEVERE ] setting player 1 freeze to -3614
[01:29:33.601] [SEVERE ] setting player 2 freeze to -3614
[01:29:33.601] [SEVERE ] setting player 3 freeze to -3614
[01:29:33.601] [SEVERE ] setting player 4 freeze to -3614
[01:29:33.601] [SEVERE ] setting player 5 freeze to -3614
[01:29:33.714] [SEVERE ] updating countdown to 57569
[01:29:33.714] [SEVERE ] setting player 1 freeze to -3727
[01:29:33.714] [SEVERE ] setting player 2 freeze to -3727
[01:29:33.714] [SEVERE ] setting player 3 freeze to -3727
[01:29:33.714] [SEVERE ] setting player 4 freeze to -3727
[01:29:33.714] [SEVERE ] setting player 5 freeze to -3727
[01:29:33.828] [SEVERE ] updating countdown to 57455
[01:29:33.828] [SEVERE ] setting player 1 freeze to -3841
[01:29:33.828] [SEVERE ] setting player 2 freeze to -3841
[01:29:33.828] [SEVERE ] setting player 3 freeze to -3841
[01:29:33.828] [SEVERE ] setting player 4 freeze to -3841
[01:29:33.828] [SEVERE ] setting player 5 freeze to -3841
[01:29:33.932] [SEVERE ] updating countdown to 57351
[01:29:33.932] [SEVERE ] setting player 1 freeze to -3945
[01:29:33.932] [SEVERE ] setting player 2 freeze to -3945
[01:29:33.932] [SEVERE ] setting player 3 freeze to -3945
[01:29:33.932] [SEVERE ] setting player 4 freeze to -3945
[01:29:33.932] [SEVERE ] setting player 5 freeze to -3945
[01:29:34.045] [SEVERE ] updating countdown to 57238
[01:29:34.045] [SEVERE ] setting player 1 freeze to -4058
[01:29:34.045] [SEVERE ] setting player 2 freeze to -4058
[01:29:34.045] [SEVERE ] setting player 3 freeze to -4058
[01:29:34.045] [SEVERE ] setting player 4 freeze to -4058
[01:29:34.045] [SEVERE ] setting player 5 freeze to -4058
[01:29:34.157] [SEVERE ] updating countdown to 57126
[01:29:34.157] [SEVERE ] setting player 1 freeze to -4170
[01:29:34.158] [SEVERE ] setting player 2 freeze to -4171
[01:29:34.158] [SEVERE ] setting player 3 freeze to -4171
[01:29:34.158] [SEVERE ] setting player 4 freeze to -4171
[01:29:34.158] [SEVERE ] setting player 5 freeze to -4171
[01:29:34.260] [SEVERE ] updating countdown to 57023
[01:29:34.260] [SEVERE ] setting player 1 freeze to -4273
[01:29:34.260] [SEVERE ] setting player 2 freeze to -4273
[01:29:34.260] [SEVERE ] setting player 3 freeze to -4273
[01:29:34.260] [SEVERE ] setting player 4 freeze to -4273
[01:29:34.260] [SEVERE ] setting player 5 freeze to -4273
[01:29:34.372] [SEVERE ] updating countdown to 56911
[01:29:34.372] [SEVERE ] setting player 1 freeze to -4385
[01:29:34.372] [SEVERE ] setting player 2 freeze to -4385
[01:29:34.372] [SEVERE ] setting player 3 freeze to -4385
[01:29:34.372] [SEVERE ] setting player 4 freeze to -4385
[01:29:34.372] [SEVERE ] setting player 5 freeze to -4385
[01:29:34.486] [SEVERE ] updating countdown to 56797
[01:29:34.486] [SEVERE ] setting player 1 freeze to -4499
[01:29:34.486] [SEVERE ] setting player 2 freeze to -4499
[01:29:34.486] [SEVERE ] setting player 3 freeze to -4499
[01:29:34.486] [SEVERE ] setting player 4 freeze to -4499
[01:29:34.486] [SEVERE ] setting player 5 freeze to -4499
[01:29:34.590] [SEVERE ] updating countdown to 56693
[01:29:34.590] [SEVERE ] setting player 1 freeze to -4603
[01:29:34.590] [SEVERE ] setting player 2 freeze to -4603
[01:29:34.590] [SEVERE ] setting player 3 freeze to -4603
[01:29:34.590] [SEVERE ] setting player 4 freeze to -4603
[01:29:34.590] [SEVERE ] setting player 5 freeze to -4603
[01:29:34.694] [SEVERE ] updating countdown to 56589
[01:29:34.694] [SEVERE ] setting player 1 freeze to -4707
[01:29:34.694] [SEVERE ] setting player 2 freeze to -4707
[01:29:34.694] [SEVERE ] setting player 3 freeze to -4707
[01:29:34.694] [SEVERE ] setting player 4 freeze to -4707
[01:29:34.694] [SEVERE ] setting player 5 freeze to -4707
[01:29:34.806] [SEVERE ] updating countdown to 56477
[01:29:34.806] [SEVERE ] setting player 1 freeze to -4819
[01:29:34.806] [SEVERE ] setting player 2 freeze to -4819
[01:29:34.806] [SEVERE ] setting player 3 freeze to -4819
[01:29:34.806] [SEVERE ] setting player 4 freeze to -4819
[01:29:34.806] [SEVERE ] setting player 5 freeze to -4819
[01:29:34.915] [SEVERE ] updating countdown to 56368
[01:29:34.915] [SEVERE ] setting player 1 freeze to -4928
[01:29:34.915] [SEVERE ] setting player 2 freeze to -4928
[01:29:34.915] [SEVERE ] setting player 3 freeze to -4928
[01:29:34.915] [SEVERE ] setting player 4 freeze to -4928
[01:29:34.915] [SEVERE ] setting player 5 freeze to -4928
[01:29:35.028] [SEVERE ] updating countdown to 56255
[01:29:35.028] [SEVERE ] setting player 1 freeze to -5041
[01:29:35.028] [SEVERE ] setting player 2 freeze to -5041
[01:29:35.028] [SEVERE ] setting player 3 freeze to -5041
[01:29:35.028] [SEVERE ] setting player 4 freeze to -5041
[01:29:35.028] [SEVERE ] setting player 5 freeze to -5041
[01:29:35.132] [SEVERE ] updating countdown to 56151
[01:29:35.132] [SEVERE ] setting player 1 freeze to -5145
[01:29:35.132] [SEVERE ] setting player 2 freeze to -5145
[01:29:35.132] [SEVERE ] setting player 3 freeze to -5145
[01:29:35.132] [SEVERE ] setting player 4 freeze to -5145
[01:29:35.132] [SEVERE ] setting player 5 freeze to -5145
[01:29:35.236] [SEVERE ] updating countdown to 56047
[01:29:35.236] [SEVERE ] setting player 1 freeze to -5249
[01:29:35.237] [SEVERE ] setting player 2 freeze to -5250
[01:29:35.237] [SEVERE ] setting player 3 freeze to -5250
[01:29:35.237] [SEVERE ] setting player 4 freeze to -5250
[01:29:35.237] [SEVERE ] setting player 5 freeze to -5250
[01:29:35.337] [SEVERE ] updating countdown to 55946
[01:29:35.337] [SEVERE ] setting player 1 freeze to -5350
[01:29:35.337] [SEVERE ] setting player 2 freeze to -5350
[01:29:35.337] [SEVERE ] setting player 3 freeze to -5350
[01:29:35.337] [SEVERE ] setting player 4 freeze to -5350
[01:29:35.337] [SEVERE ] setting player 5 freeze to -5350
[01:29:35.450] [SEVERE ] updating countdown to 55833
[01:29:35.450] [SEVERE ] setting player 1 freeze to -5463
[01:29:35.450] [SEVERE ] setting player 2 freeze to -5463
[01:29:35.450] [SEVERE ] setting player 3 freeze to -5463
[01:29:35.450] [SEVERE ] setting player 4 freeze to -5463
[01:29:35.450] [SEVERE ] setting player 5 freeze to -5463
[01:29:35.555] [SEVERE ] updating countdown to 55728
[01:29:35.555] [SEVERE ] setting player 1 freeze to -5568
[01:29:35.555] [SEVERE ] setting player 2 freeze to -5568
[01:29:35.555] [SEVERE ] setting player 3 freeze to -5568
[01:29:35.555] [SEVERE ] setting player 4 freeze to -5568
[01:29:35.555] [SEVERE ] setting player 5 freeze to -5568
[01:29:35.660] [SEVERE ] updating countdown to 55623
[01:29:35.660] [SEVERE ] setting player 1 freeze to -5673
[01:29:35.660] [SEVERE ] setting player 2 freeze to -5673
[01:29:35.660] [SEVERE ] setting player 3 freeze to -5673
[01:29:35.660] [SEVERE ] setting player 4 freeze to -5673
[01:29:35.660] [SEVERE ] setting player 5 freeze to -5673
[01:29:35.772] [SEVERE ] updating countdown to 55511
[01:29:35.772] [SEVERE ] setting player 1 freeze to -5785
[01:29:35.772] [SEVERE ] setting player 2 freeze to -5785
[01:29:35.772] [SEVERE ] setting player 3 freeze to -5785
[01:29:35.772] [SEVERE ] setting player 4 freeze to -5785
[01:29:35.772] [SEVERE ] setting player 5 freeze to -5785
[01:29:35.886] [SEVERE ] updating countdown to 55397
[01:29:35.886] [SEVERE ] setting player 1 freeze to -5899
[01:29:35.886] [SEVERE ] setting player 2 freeze to -5899
[01:29:35.886] [SEVERE ] setting player 3 freeze to -5899
[01:29:35.886] [SEVERE ] setting player 4 freeze to -5899
[01:29:35.886] [SEVERE ] setting player 5 freeze to -5899
[01:29:35.998] [SEVERE ] updating countdown to 55285
[01:29:35.998] [SEVERE ] setting player 1 freeze to -6011
[01:29:35.998] [SEVERE ] setting player 2 freeze to -6011
[01:29:35.998] [SEVERE ] setting player 3 freeze to -6011
[01:29:35.998] [SEVERE ] setting player 4 freeze to -6011
[01:29:35.998] [SEVERE ] setting player 5 freeze to -6011
[01:29:36.102] [SEVERE ] updating countdown to 55181
[01:29:36.102] [SEVERE ] setting player 1 freeze to -6115
[01:29:36.102] [SEVERE ] setting player 2 freeze to -6115
[01:29:36.102] [SEVERE ] setting player 3 freeze to -6115
[01:29:36.102] [SEVERE ] setting player 4 freeze to -6115
[01:29:36.102] [SEVERE ] setting player 5 freeze to -6115
[01:29:36.211] [SEVERE ] updating countdown to 55072
[01:29:36.211] [SEVERE ] setting player 1 freeze to -6224
[01:29:36.211] [SEVERE ] setting player 2 freeze to -6224
[01:29:36.211] [SEVERE ] setting player 3 freeze to -6224
[01:29:36.211] [SEVERE ] setting player 4 freeze to -6224
[01:29:36.211] [SEVERE ] setting player 5 freeze to -6224
[01:29:36.318] [SEVERE ] updating countdown to 54965
[01:29:36.318] [SEVERE ] setting player 1 freeze to -6331
[01:29:36.318] [SEVERE ] setting player 2 freeze to -6331
[01:29:36.318] [SEVERE ] setting player 3 freeze to -6331
[01:29:36.318] [SEVERE ] setting player 4 freeze to -6331
[01:29:36.318] [SEVERE ] setting player 5 freeze to -6331
[01:29:36.425] [SEVERE ] updating countdown to 54858
[01:29:36.425] [SEVERE ] setting player 1 freeze to -6438
[01:29:36.425] [SEVERE ] setting player 2 freeze to -6438
[01:29:36.425] [SEVERE ] setting player 3 freeze to -6438
[01:29:36.425] [SEVERE ] setting player 4 freeze to -6438
[01:29:36.425] [SEVERE ] setting player 5 freeze to -6438
[01:29:36.537] [SEVERE ] updating countdown to 54746
[01:29:36.537] [SEVERE ] setting player 1 freeze to -6550
[01:29:36.537] [SEVERE ] setting player 2 freeze to -6550
[01:29:36.537] [SEVERE ] setting player 3 freeze to -6550
[01:29:36.537] [SEVERE ] setting player 4 freeze to -6550
[01:29:36.537] [SEVERE ] setting player 5 freeze to -6550
[01:29:36.641] [SEVERE ] updating countdown to 54642
[01:29:36.641] [SEVERE ] setting player 1 freeze to -6654
[01:29:36.641] [SEVERE ] setting player 2 freeze to -6654
[01:29:36.641] [SEVERE ] setting player 3 freeze to -6654
[01:29:36.641] [SEVERE ] setting player 4 freeze to -6654
[01:29:36.641] [SEVERE ] setting player 5 freeze to -6654
[01:29:36.746] [SEVERE ] updating countdown to 54537
[01:29:36.746] [SEVERE ] setting player 1 freeze to -6759
[01:29:36.746] [SEVERE ] setting player 2 freeze to -6759
[01:29:36.746] [SEVERE ] setting player 3 freeze to -6759
[01:29:36.746] [SEVERE ] setting player 4 freeze to -6759
[01:29:36.746] [SEVERE ] setting player 5 freeze to -6759
[01:29:36.859] [SEVERE ] updating countdown to 54424
[01:29:36.859] [SEVERE ] setting player 1 freeze to -6872
[01:29:36.859] [SEVERE ] setting player 2 freeze to -6872
[01:29:36.859] [SEVERE ] setting player 3 freeze to -6872
[01:29:36.859] [SEVERE ] setting player 4 freeze to -6872
[01:29:36.859] [SEVERE ] setting player 5 freeze to -6872
[01:29:36.971] [SEVERE ] updating countdown to 54312
[01:29:36.971] [SEVERE ] setting player 1 freeze to -6984
[01:29:36.971] [SEVERE ] setting player 2 freeze to -6984
[01:29:36.971] [SEVERE ] setting player 3 freeze to -6984
[01:29:36.971] [SEVERE ] setting player 4 freeze to -6984
[01:29:36.971] [SEVERE ] setting player 5 freeze to -6984
[01:29:37.075] [SEVERE ] updating countdown to 54208
[01:29:37.075] [SEVERE ] setting player 1 freeze to -7088
[01:29:37.075] [SEVERE ] setting player 2 freeze to -7088
[01:29:37.075] [SEVERE ] setting player 3 freeze to -7088
[01:29:37.075] [SEVERE ] setting player 4 freeze to -7088
[01:29:37.075] [SEVERE ] setting player 5 freeze to -7088
[01:29:37.183] [SEVERE ] updating countdown to 54100
[01:29:37.183] [SEVERE ] setting player 1 freeze to -7196
[01:29:37.183] [SEVERE ] setting player 2 freeze to -7196
[01:29:37.183] [SEVERE ] setting player 3 freeze to -7196
[01:29:37.183] [SEVERE ] setting player 4 freeze to -7196
[01:29:37.183] [SEVERE ] setting player 5 freeze to -7196
[01:29:37.295] [SEVERE ] updating countdown to 53988
[01:29:37.295] [SEVERE ] setting player 1 freeze to -7308
[01:29:37.295] [SEVERE ] setting player 2 freeze to -7308
[01:29:37.295] [SEVERE ] setting player 3 freeze to -7308
[01:29:37.295] [SEVERE ] setting player 4 freeze to -7308
[01:29:37.295] [SEVERE ] setting player 5 freeze to -7308
[01:29:37.397] [SEVERE ] updating countdown to 53886
[01:29:37.397] [SEVERE ] setting player 1 freeze to -7410
[01:29:37.397] [SEVERE ] setting player 2 freeze to -7410
[01:29:37.397] [SEVERE ] setting player 3 freeze to -7410
[01:29:37.397] [SEVERE ] setting player 4 freeze to -7410
[01:29:37.397] [SEVERE ] setting player 5 freeze to -7410
[01:29:37.509] [SEVERE ] updating countdown to 53774
[01:29:37.509] [SEVERE ] setting player 1 freeze to -7522
[01:29:37.509] [SEVERE ] setting player 2 freeze to -7522
[01:29:37.509] [SEVERE ] setting player 3 freeze to -7522
[01:29:37.509] [SEVERE ] setting player 4 freeze to -7522
[01:29:37.509] [SEVERE ] setting player 5 freeze to -7522
[01:29:37.614] [SEVERE ] updating countdown to 53669
[01:29:37.614] [SEVERE ] setting player 1 freeze to -7627
[01:29:37.614] [SEVERE ] setting player 2 freeze to -7627
[01:29:37.614] [SEVERE ] setting player 3 freeze to -7627
[01:29:37.614] [SEVERE ] setting player 4 freeze to -7627
[01:29:37.614] [SEVERE ] setting player 5 freeze to -7627
[01:29:37.716] [SEVERE ] updating countdown to 53567
[01:29:37.716] [SEVERE ] setting player 1 freeze to -7729
[01:29:37.716] [SEVERE ] setting player 2 freeze to -7729
[01:29:37.716] [SEVERE ] setting player 3 freeze to -7729
[01:29:37.716] [SEVERE ] setting player 4 freeze to -7729
[01:29:37.716] [SEVERE ] setting player 5 freeze to -7729
[01:29:37.820] [SEVERE ] updating countdown to 53463
[01:29:37.820] [SEVERE ] setting player 1 freeze to -7833
[01:29:37.820] [SEVERE ] setting player 2 freeze to -7833
[01:29:37.820] [SEVERE ] setting player 3 freeze to -7833
[01:29:37.820] [SEVERE ] setting player 4 freeze to -7833
[01:29:37.820] [SEVERE ] setting player 5 freeze to -7833
[01:29:37.926] [SEVERE ] updating countdown to 53357
[01:29:37.926] [SEVERE ] setting player 1 freeze to -7939
[01:29:37.926] [SEVERE ] setting player 2 freeze to -7939
[01:29:37.926] [SEVERE ] setting player 3 freeze to -7939
[01:29:37.926] [SEVERE ] setting player 4 freeze to -7939
[01:29:37.926] [SEVERE ] setting player 5 freeze to -7939
[01:29:38.036] [SEVERE ] updating countdown to 53247
[01:29:38.036] [SEVERE ] setting player 1 freeze to -8049
[01:29:38.036] [SEVERE ] setting player 2 freeze to -8049
[01:29:38.036] [SEVERE ] setting player 3 freeze to -8049
[01:29:38.036] [SEVERE ] setting player 4 freeze to -8049
[01:29:38.036] [SEVERE ] setting player 5 freeze to -8049
[01:29:38.148] [SEVERE ] updating countdown to 53135
[01:29:38.148] [SEVERE ] setting player 1 freeze to -8161
[01:29:38.148] [SEVERE ] setting player 2 freeze to -8161
[01:29:38.148] [SEVERE ] setting player 3 freeze to -8161
[01:29:38.148] [SEVERE ] setting player 4 freeze to -8161
[01:29:38.148] [SEVERE ] setting player 5 freeze to -8161
[01:29:38.252] [SEVERE ] updating countdown to 53031
[01:29:38.252] [SEVERE ] setting player 1 freeze to -8265
[01:29:38.252] [SEVERE ] setting player 2 freeze to -8265
[01:29:38.252] [SEVERE ] setting player 3 freeze to -8265
[01:29:38.252] [SEVERE ] setting player 4 freeze to -8265
[01:29:38.252] [SEVERE ] setting player 5 freeze to -8265
[01:29:38.364] [SEVERE ] updating countdown to 52919
[01:29:38.364] [SEVERE ] setting player 1 freeze to -8377
[01:29:38.364] [SEVERE ] setting player 2 freeze to -8377
[01:29:38.364] [SEVERE ] setting player 3 freeze to -8377
[01:29:38.364] [SEVERE ] setting player 4 freeze to -8377
[01:29:38.364] [SEVERE ] setting player 5 freeze to -8377
[01:29:38.468] [SEVERE ] updating countdown to 52815
[01:29:38.468] [SEVERE ] setting player 1 freeze to -8481
[01:29:38.468] [SEVERE ] setting player 2 freeze to -8481
[01:29:38.468] [SEVERE ] setting player 3 freeze to -8481
[01:29:38.468] [SEVERE ] setting player 4 freeze to -8481
[01:29:38.468] [SEVERE ] setting player 5 freeze to -8481
[01:29:38.580] [SEVERE ] updating countdown to 52703
[01:29:38.580] [SEVERE ] setting player 1 freeze to -8593
[01:29:38.580] [SEVERE ] setting player 2 freeze to -8593
[01:29:38.580] [SEVERE ] setting player 3 freeze to -8593
[01:29:38.580] [SEVERE ] setting player 4 freeze to -8593
[01:29:38.580] [SEVERE ] setting player 5 freeze to -8593
[01:29:38.694] [SEVERE ] updating countdown to 52589
[01:29:38.695] [SEVERE ] setting player 1 freeze to -8708
[01:29:38.695] [SEVERE ] setting player 2 freeze to -8708
[01:29:38.695] [SEVERE ] setting player 3 freeze to -8708
[01:29:38.703] [SEVERE ] setting player 4 freeze to -8716
[01:29:38.703] [SEVERE ] setting player 5 freeze to -8716
[01:29:38.808] [SEVERE ] updating countdown to 52475
[01:29:38.808] [SEVERE ] setting player 1 freeze to -8821
[01:29:38.808] [SEVERE ] setting player 2 freeze to -8821
[01:29:38.808] [SEVERE ] setting player 3 freeze to -8821
[01:29:38.808] [SEVERE ] setting player 4 freeze to -8821
[01:29:38.808] [SEVERE ] setting player 5 freeze to -8821
[01:29:38.915] [SEVERE ] updating countdown to 52368
[01:29:38.915] [SEVERE ] setting player 1 freeze to -8928
[01:29:38.915] [SEVERE ] setting player 2 freeze to -8928
[01:29:38.915] [SEVERE ] setting player 3 freeze to -8928
[01:29:38.915] [SEVERE ] setting player 4 freeze to -8928
[01:29:38.915] [SEVERE ] setting player 5 freeze to -8928
[01:29:39.027] [SEVERE ] updating countdown to 52256
[01:29:39.027] [SEVERE ] setting player 1 freeze to -9040
[01:29:39.027] [SEVERE ] setting player 2 freeze to -9040
[01:29:39.027] [SEVERE ] setting player 3 freeze to -9040
[01:29:39.027] [SEVERE ] setting player 4 freeze to -9040
[01:29:39.027] [SEVERE ] setting player 5 freeze to -9040
[01:29:39.131] [SEVERE ] updating countdown to 52152
[01:29:39.131] [SEVERE ] setting player 1 freeze to -9144
[01:29:39.131] [SEVERE ] setting player 2 freeze to -9144
[01:29:39.131] [SEVERE ] setting player 3 freeze to -9144
[01:29:39.131] [SEVERE ] setting player 4 freeze to -9144
[01:29:39.131] [SEVERE ] setting player 5 freeze to -9144
[01:29:39.236] [SEVERE ] updating countdown to 52047
[01:29:39.236] [SEVERE ] setting player 1 freeze to -9249
[01:29:39.236] [SEVERE ] setting player 2 freeze to -9249
[01:29:39.236] [SEVERE ] setting player 3 freeze to -9249
[01:29:39.236] [SEVERE ] setting player 4 freeze to -9249
[01:29:39.236] [SEVERE ] setting player 5 freeze to -9249
[01:29:39.348] [SEVERE ] updating countdown to 51935
[01:29:39.348] [SEVERE ] setting player 1 freeze to -9361
[01:29:39.348] [SEVERE ] setting player 2 freeze to -9361
[01:29:39.348] [SEVERE ] setting player 3 freeze to -9361
[01:29:39.348] [SEVERE ] setting player 4 freeze to -9361
[01:29:39.348] [SEVERE ] setting player 5 freeze to -9361
[01:29:39.456] [SEVERE ] updating countdown to 51827
[01:29:39.456] [SEVERE ] setting player 1 freeze to -9469
[01:29:39.456] [SEVERE ] setting player 2 freeze to -9469
[01:29:39.456] [SEVERE ] setting player 3 freeze to -9469
[01:29:39.456] [SEVERE ] setting player 4 freeze to -9469
[01:29:39.456] [SEVERE ] setting player 5 freeze to -9469
[01:29:39.570] [SEVERE ] updating countdown to 51713
[01:29:39.570] [SEVERE ] setting player 1 freeze to -9583
[01:29:39.570] [SEVERE ] setting player 2 freeze to -9583
[01:29:39.570] [SEVERE ] setting player 3 freeze to -9583
[01:29:39.570] [SEVERE ] setting player 4 freeze to -9583
[01:29:39.570] [SEVERE ] setting player 5 freeze to -9583
[01:29:39.682] [SEVERE ] updating countdown to 51601
[01:29:39.682] [SEVERE ] setting player 1 freeze to -9695
[01:29:39.682] [SEVERE ] setting player 2 freeze to -9695
[01:29:39.682] [SEVERE ] setting player 3 freeze to -9695
[01:29:39.682] [SEVERE ] setting player 4 freeze to -9695
[01:29:39.682] [SEVERE ] setting player 5 freeze to -9695
[01:29:39.794] [SEVERE ] updating countdown to 51489
[01:29:39.794] [SEVERE ] setting player 1 freeze to -9807
[01:29:39.794] [SEVERE ] setting player 2 freeze to -9807
[01:29:39.794] [SEVERE ] setting player 3 freeze to -9807
[01:29:39.794] [SEVERE ] setting player 4 freeze to -9807
[01:29:39.794] [SEVERE ] setting player 5 freeze to -9807
[01:29:39.901] [SEVERE ] updating countdown to 51382
[01:29:39.901] [SEVERE ] setting player 1 freeze to -9914
[01:29:39.901] [SEVERE ] setting player 2 freeze to -9914
[01:29:39.901] [SEVERE ] setting player 3 freeze to -9914
[01:29:39.901] [SEVERE ] setting player 4 freeze to -9914
[01:29:39.901] [SEVERE ] setting player 5 freeze to -9914
[01:29:40.015] [SEVERE ] updating countdown to 51268
[01:29:40.015] [SEVERE ] setting player 1 freeze to -10028
[01:29:40.015] [SEVERE ] setting player 2 freeze to -10028
[01:29:40.015] [SEVERE ] setting player 3 freeze to -10028
[01:29:40.015] [SEVERE ] setting player 4 freeze to -10028
[01:29:40.015] [SEVERE ] setting player 5 freeze to -10028
[01:29:40.127] [SEVERE ] updating countdown to 51156
[01:29:40.127] [SEVERE ] setting player 1 freeze to -10140
[01:29:40.127] [SEVERE ] setting player 2 freeze to -10140
[01:29:40.127] [SEVERE ] setting player 3 freeze to -10140
[01:29:40.127] [SEVERE ] setting player 4 freeze to -10140
[01:29:40.127] [SEVERE ] setting player 5 freeze to -10140
[01:29:40.240] [SEVERE ] updating countdown to 51043
[01:29:40.240] [SEVERE ] setting player 1 freeze to -10253
[01:29:40.240] [SEVERE ] setting player 2 freeze to -10253
[01:29:40.240] [SEVERE ] setting player 3 freeze to -10253
[01:29:40.240] [SEVERE ] setting player 4 freeze to -10253
[01:29:40.240] [SEVERE ] setting player 5 freeze to -10253
[01:29:40.352] [SEVERE ] updating countdown to 50931
[01:29:40.352] [SEVERE ] setting player 1 freeze to -10365
[01:29:40.352] [SEVERE ] setting player 2 freeze to -10365
[01:29:40.352] [SEVERE ] setting player 3 freeze to -10365
[01:29:40.352] [SEVERE ] setting player 4 freeze to -10365
[01:29:40.352] [SEVERE ] setting player 5 freeze to -10365
[01:29:40.454] [SEVERE ] updating countdown to 50829
[01:29:40.454] [SEVERE ] setting player 1 freeze to -10467
[01:29:40.454] [SEVERE ] setting player 2 freeze to -10467
[01:29:40.454] [SEVERE ] setting player 3 freeze to -10467
[01:29:40.454] [SEVERE ] setting player 4 freeze to -10467
[01:29:40.454] [SEVERE ] setting player 5 freeze to -10467
[01:29:40.566] [SEVERE ] updating countdown to 50717
[01:29:40.566] [SEVERE ] setting player 1 freeze to -10579
[01:29:40.566] [SEVERE ] setting player 2 freeze to -10579
[01:29:40.566] [SEVERE ] setting player 3 freeze to -10579
[01:29:40.566] [SEVERE ] setting player 4 freeze to -10579
[01:29:40.566] [SEVERE ] setting player 5 freeze to -10579
[01:29:40.674] [SEVERE ] updating countdown to 50609
[01:29:40.674] [SEVERE ] setting player 1 freeze to -10687
[01:29:40.674] [SEVERE ] setting player 2 freeze to -10687
[01:29:40.674] [SEVERE ] setting player 3 freeze to -10687
[01:29:40.674] [SEVERE ] setting player 4 freeze to -10687
[01:29:40.674] [SEVERE ] setting player 5 freeze to -10687
[01:29:40.788] [SEVERE ] updating countdown to 50495
[01:29:40.788] [SEVERE ] setting player 1 freeze to -10801
[01:29:40.788] [SEVERE ] setting player 2 freeze to -10801
[01:29:40.788] [SEVERE ] setting player 3 freeze to -10801
[01:29:40.788] [SEVERE ] setting player 4 freeze to -10801
[01:29:40.788] [SEVERE ] setting player 5 freeze to -10801
[01:29:40.897] [SEVERE ] updating countdown to 50386
[01:29:40.897] [SEVERE ] setting player 1 freeze to -10910
[01:29:40.897] [SEVERE ] setting player 2 freeze to -10910
[01:29:40.897] [SEVERE ] setting player 3 freeze to -10910
[01:29:40.897] [SEVERE ] setting player 4 freeze to -10910
[01:29:40.897] [SEVERE ] setting player 5 freeze to -10910
[01:29:41.006] [SEVERE ] updating countdown to 50277
[01:29:41.006] [SEVERE ] setting player 1 freeze to -11019
[01:29:41.006] [SEVERE ] setting player 2 freeze to -11019
[01:29:41.006] [SEVERE ] setting player 3 freeze to -11019
[01:29:41.006] [SEVERE ] setting player 4 freeze to -11019
[01:29:41.006] [SEVERE ] setting player 5 freeze to -11019
[01:29:41.110] [SEVERE ] updating countdown to 50173
[01:29:41.110] [SEVERE ] setting player 1 freeze to -11123
[01:29:41.110] [SEVERE ] setting player 2 freeze to -11123
[01:29:41.110] [SEVERE ] setting player 3 freeze to -11123
[01:29:41.110] [SEVERE ] setting player 4 freeze to -11123
[01:29:41.110] [SEVERE ] setting player 5 freeze to -11123
[01:29:41.212] [SEVERE ] updating countdown to 50071
[01:29:41.212] [SEVERE ] setting player 1 freeze to -11225
[01:29:41.212] [SEVERE ] setting player 2 freeze to -11225
[01:29:41.212] [SEVERE ] setting player 3 freeze to -11225
[01:29:41.212] [SEVERE ] setting player 4 freeze to -11225
[01:29:41.212] [SEVERE ] setting player 5 freeze to -11225
[01:29:41.319] [SEVERE ] updating countdown to 49964
[01:29:41.319] [SEVERE ] setting player 1 freeze to -11332
[01:29:41.319] [SEVERE ] setting player 2 freeze to -11332
[01:29:41.319] [SEVERE ] setting player 3 freeze to -11332
[01:29:41.319] [SEVERE ] setting player 4 freeze to -11332
[01:29:41.319] [SEVERE ] setting player 5 freeze to -11332
[01:29:41.422] [SEVERE ] updating countdown to 49861
[01:29:41.422] [SEVERE ] setting player 1 freeze to -11435
[01:29:41.422] [SEVERE ] setting player 2 freeze to -11435
[01:29:41.422] [SEVERE ] setting player 3 freeze to -11435
[01:29:41.422] [SEVERE ] setting player 4 freeze to -11435
[01:29:41.422] [SEVERE ] setting player 5 freeze to -11435
[01:29:41.538] [SEVERE ] updating countdown to 49745
[01:29:41.538] [SEVERE ] setting player 1 freeze to -11551
[01:29:41.538] [SEVERE ] setting player 2 freeze to -11551
[01:29:41.538] [SEVERE ] setting player 3 freeze to -11551
[01:29:41.538] [SEVERE ] setting player 4 freeze to -11551
[01:29:41.538] [SEVERE ] setting player 5 freeze to -11551
[01:29:41.645] [SEVERE ] updating countdown to 49638
[01:29:41.645] [SEVERE ] setting player 1 freeze to -11658
[01:29:41.645] [SEVERE ] setting player 2 freeze to -11658
[01:29:41.645] [SEVERE ] setting player 3 freeze to -11658
[01:29:41.645] [SEVERE ] setting player 4 freeze to -11658
[01:29:41.645] [SEVERE ] setting player 5 freeze to -11658
[01:29:41.755] [SEVERE ] updating countdown to 49528
[01:29:41.755] [SEVERE ] setting player 1 freeze to -11768
[01:29:41.755] [SEVERE ] setting player 2 freeze to -11768
[01:29:41.755] [SEVERE ] setting player 3 freeze to -11768
[01:29:41.755] [SEVERE ] setting player 4 freeze to -11768
[01:29:41.755] [SEVERE ] setting player 5 freeze to -11768
[01:29:41.867] [SEVERE ] updating countdown to 49416
[01:29:41.867] [SEVERE ] setting player 1 freeze to -11880
[01:29:41.867] [SEVERE ] setting player 2 freeze to -11880
[01:29:41.867] [SEVERE ] setting player 3 freeze to -11880
[01:29:41.867] [SEVERE ] setting player 4 freeze to -11880
[01:29:41.867] [SEVERE ] setting player 5 freeze to -11880
[01:29:41.980] [SEVERE ] updating countdown to 49303
[01:29:41.980] [SEVERE ] setting player 1 freeze to -11993
[01:29:41.980] [SEVERE ] setting player 2 freeze to -11993
[01:29:41.980] [SEVERE ] setting player 3 freeze to -11993
[01:29:41.980] [SEVERE ] setting player 4 freeze to -11993
[01:29:41.980] [SEVERE ] setting player 5 freeze to -11993
[01:29:42.085] [SEVERE ] updating countdown to 49198
[01:29:42.085] [SEVERE ] setting player 1 freeze to -12098
[01:29:42.085] [SEVERE ] setting player 2 freeze to -12098
[01:29:42.085] [SEVERE ] setting player 3 freeze to -12098
[01:29:42.085] [SEVERE ] setting player 4 freeze to -12098
[01:29:42.085] [SEVERE ] setting player 5 freeze to -12098
[01:29:42.189] [SEVERE ] updating countdown to 49094
[01:29:42.189] [SEVERE ] setting player 1 freeze to -12202
[01:29:42.189] [SEVERE ] setting player 2 freeze to -12202
[01:29:42.189] [SEVERE ] setting player 3 freeze to -12202
[01:29:42.189] [SEVERE ] setting player 4 freeze to -12202
[01:29:42.189] [SEVERE ] setting player 5 freeze to -12202
[01:29:42.301] [SEVERE ] updating countdown to 48982
[01:29:42.301] [SEVERE ] setting player 1 freeze to -12314
[01:29:42.301] [SEVERE ] setting player 2 freeze to -12314
[01:29:42.301] [SEVERE ] setting player 3 freeze to -12314
[01:29:42.301] [SEVERE ] setting player 4 freeze to -12314
[01:29:42.301] [SEVERE ] setting player 5 freeze to -12314
[01:29:42.409] [SEVERE ] updating countdown to 48874
[01:29:42.410] [SEVERE ] setting player 1 freeze to -12423
[01:29:42.410] [SEVERE ] setting player 2 freeze to -12423
[01:29:42.410] [SEVERE ] setting player 3 freeze to -12423
[01:29:42.410] [SEVERE ] setting player 4 freeze to -12423
[01:29:42.410] [SEVERE ] setting player 5 freeze to -12423
