[00:53:19.310] [INFO   ] thread main starting.
[00:53:19.319] [SEVERE ] cannot read configuration file config.properties trying from resources.
[00:53:19.321] [SEVERE ] configuration file was loaded from resources directory.
[00:53:19.810] [INFO   ] thread dealer starting.
[00:53:19.811] [INFO   ] thread dealer starting.
[00:53:19.813] [INFO   ] thread Player #0 starting.
[00:53:19.813] [INFO   ] thread Player #1 starting.
[00:53:19.928] [SEVERE ] placing card 6 in slot 0
[00:53:19.928] [SEVERE ] updating countdown to 60000
[00:53:19.930] [SEVERE ] setting player 1 freeze to -120
[00:53:19.933] [SEVERE ] setting player 2 freeze to -123
[00:53:20.035] [SEVERE ] placing card 17 in slot 1
[00:53:20.035] [SEVERE ] updating countdown to 60000
[00:53:20.036] [SEVERE ] setting player 1 freeze to -226
[00:53:20.036] [SEVERE ] setting player 2 freeze to -226
[00:53:20.144] [SEVERE ] placing card 9 in slot 2
[00:53:20.144] [SEVERE ] updating countdown to 60000
[00:53:20.145] [SEVERE ] setting player 1 freeze to -335
[00:53:20.145] [SEVERE ] setting player 2 freeze to -335
[00:53:20.254] [SEVERE ] placing card 29 in slot 3
[00:53:20.254] [SEVERE ] updating countdown to 60000
[00:53:20.255] [SEVERE ] setting player 1 freeze to -445
[00:53:20.255] [SEVERE ] setting player 2 freeze to -445
[00:53:20.363] [SEVERE ] placing card 75 in slot 4
[00:53:20.364] [SEVERE ] updating countdown to 60000
[00:53:20.364] [SEVERE ] setting player 1 freeze to -554
[00:53:20.364] [SEVERE ] setting player 2 freeze to -554
[00:53:20.474] [SEVERE ] placing card 28 in slot 5
[00:53:20.474] [SEVERE ] updating countdown to 60000
[00:53:20.475] [SEVERE ] setting player 1 freeze to -665
[00:53:20.475] [SEVERE ] setting player 2 freeze to -665
[00:53:20.583] [SEVERE ] placing card 15 in slot 6
[00:53:20.583] [SEVERE ] updating countdown to 60000
[00:53:20.584] [SEVERE ] setting player 1 freeze to -774
[00:53:20.584] [SEVERE ] setting player 2 freeze to -774
[00:53:20.692] [SEVERE ] placing card 48 in slot 7
[00:53:20.693] [SEVERE ] updating countdown to 60000
[00:53:20.693] [SEVERE ] setting player 1 freeze to -883
[00:53:20.694] [SEVERE ] setting player 2 freeze to -884
[00:53:20.801] [SEVERE ] placing card 61 in slot 8
[00:53:20.801] [SEVERE ] updating countdown to 60000
[00:53:20.802] [SEVERE ] setting player 1 freeze to -992
[00:53:20.802] [SEVERE ] setting player 2 freeze to -992
[00:53:20.909] [SEVERE ] placing card 73 in slot 9
[00:53:20.909] [SEVERE ] updating countdown to 60000
[00:53:20.910] [SEVERE ] setting player 1 freeze to -1100
[00:53:20.910] [SEVERE ] setting player 2 freeze to -1100
[00:53:21.018] [SEVERE ] placing card 44 in slot 10
[00:53:21.018] [SEVERE ] updating countdown to 60000
[00:53:21.018] [SEVERE ] setting player 1 freeze to -1208
[00:53:21.019] [SEVERE ] setting player 2 freeze to -1209
[00:53:21.128] [SEVERE ] placing card 1 in slot 11
[00:53:21.128] [SEVERE ] updating countdown to 60000
[00:53:21.128] [SEVERE ] setting player 1 freeze to -1318
[00:53:21.128] [SEVERE ] setting player 2 freeze to -1318
[00:53:21.236] [SEVERE ] updating countdown to 59892
[00:53:21.237] [SEVERE ] setting player 1 freeze to -1427
[00:53:21.237] [SEVERE ] setting player 2 freeze to -1427
[00:53:21.345] [SEVERE ] updating countdown to 59783
[00:53:21.345] [SEVERE ] setting player 1 freeze to -1535
[00:53:21.346] [SEVERE ] setting player 2 freeze to -1536
[00:53:21.455] [SEVERE ] updating countdown to 59673
[00:53:21.455] [SEVERE ] setting player 1 freeze to -1645
[00:53:21.455] [SEVERE ] setting player 2 freeze to -1645
[00:53:21.564] [SEVERE ] updating countdown to 59564
[00:53:21.564] [SEVERE ] setting player 1 freeze to -1754
[00:53:21.565] [SEVERE ] setting player 2 freeze to -1755
[00:53:21.676] [SEVERE ] updating countdown to 59452
[00:53:21.676] [SEVERE ] setting player 1 freeze to -1866
[00:53:21.676] [SEVERE ] setting player 2 freeze to -1866
[00:53:21.784] [SEVERE ] updating countdown to 59344
[00:53:21.784] [SEVERE ] setting player 1 freeze to -1974
[00:53:21.784] [SEVERE ] setting player 2 freeze to -1974
[00:53:21.892] [SEVERE ] updating countdown to 59236
[00:53:21.892] [SEVERE ] setting player 1 freeze to -2082
[00:53:21.892] [SEVERE ] setting player 2 freeze to -2082
[00:53:22.000] [SEVERE ] updating countdown to 59128
[00:53:22.000] [SEVERE ] setting player 1 freeze to -2190
[00:53:22.001] [SEVERE ] setting player 2 freeze to -2191
[00:53:22.108] [SEVERE ] updating countdown to 59020
[00:53:22.108] [SEVERE ] setting player 1 freeze to -2298
[00:53:22.109] [SEVERE ] setting player 2 freeze to -2299
[00:53:22.217] [SEVERE ] updating countdown to 58911
[00:53:22.218] [SEVERE ] setting player 1 freeze to -2408
[00:53:22.218] [SEVERE ] setting player 2 freeze to -2408
[00:53:22.319] [SEVERE ] key 81 was pressed by player 1
[00:53:22.320] [SEVERE ] player 1 placing token on slot 0
[00:53:22.324] [SEVERE ] updating countdown to 58804
[00:53:22.324] [SEVERE ] setting player 1 freeze to -2514
[00:53:22.324] [SEVERE ] setting player 2 freeze to -2514
[00:53:22.433] [SEVERE ] updating countdown to 58695
[00:53:22.433] [SEVERE ] setting player 1 freeze to -2623
[00:53:22.433] [SEVERE ] setting player 2 freeze to -2623
[00:53:22.542] [SEVERE ] updating countdown to 58586
[00:53:22.542] [SEVERE ] setting player 1 freeze to -2732
[00:53:22.542] [SEVERE ] setting player 2 freeze to -2732
[00:53:22.650] [SEVERE ] updating countdown to 58478
[00:53:22.650] [SEVERE ] setting player 1 freeze to -2840
[00:53:22.650] [SEVERE ] setting player 2 freeze to -2840
[00:53:22.760] [SEVERE ] updating countdown to 58368
[00:53:22.760] [SEVERE ] setting player 1 freeze to -2950
[00:53:22.760] [SEVERE ] setting player 2 freeze to -2950
[00:53:22.869] [SEVERE ] updating countdown to 58259
[00:53:22.869] [SEVERE ] setting player 1 freeze to -3059
[00:53:22.869] [SEVERE ] setting player 2 freeze to -3059
[00:53:22.895] [SEVERE ] key 81 was pressed by player 1
[00:53:22.896] [SEVERE ] removing player 1 token from slot 0
[00:53:22.979] [SEVERE ] updating countdown to 58149
[00:53:22.979] [SEVERE ] setting player 1 freeze to -3169
[00:53:22.979] [SEVERE ] setting player 2 freeze to -3169
[00:53:23.087] [SEVERE ] updating countdown to 58041
[00:53:23.087] [SEVERE ] setting player 1 freeze to -3277
[00:53:23.087] [SEVERE ] setting player 2 freeze to -3277
[00:53:23.196] [SEVERE ] updating countdown to 57932
[00:53:23.196] [SEVERE ] setting player 1 freeze to -3386
[00:53:23.197] [SEVERE ] setting player 2 freeze to -3387
[00:53:23.304] [SEVERE ] updating countdown to 57824
[00:53:23.304] [SEVERE ] setting player 1 freeze to -3494
[00:53:23.304] [SEVERE ] setting player 2 freeze to -3494
[00:53:23.412] [SEVERE ] updating countdown to 57716
[00:53:23.412] [SEVERE ] setting player 1 freeze to -3602
[00:53:23.412] [SEVERE ] setting player 2 freeze to -3602
[00:53:23.521] [SEVERE ] updating countdown to 57607
[00:53:23.521] [SEVERE ] setting player 1 freeze to -3711
[00:53:23.522] [SEVERE ] setting player 2 freeze to -3711
[00:53:23.632] [SEVERE ] updating countdown to 57496
[00:53:23.632] [SEVERE ] setting player 1 freeze to -3822
[00:53:23.632] [SEVERE ] setting player 2 freeze to -3822
[00:53:23.744] [SEVERE ] updating countdown to 57384
[00:53:23.744] [SEVERE ] setting player 1 freeze to -3934
[00:53:23.744] [SEVERE ] setting player 2 freeze to -3934
[00:53:23.854] [SEVERE ] updating countdown to 57274
[00:53:23.854] [SEVERE ] setting player 1 freeze to -4044
[00:53:23.854] [SEVERE ] setting player 2 freeze to -4044
[00:53:23.962] [SEVERE ] updating countdown to 57166
[00:53:23.963] [SEVERE ] setting player 1 freeze to -4153
[00:53:23.963] [SEVERE ] setting player 2 freeze to -4153
[00:53:24.071] [SEVERE ] updating countdown to 57057
[00:53:24.071] [SEVERE ] setting player 1 freeze to -4261
[00:53:24.071] [SEVERE ] setting player 2 freeze to -4261
[00:53:24.178] [SEVERE ] updating countdown to 56950
[00:53:24.178] [SEVERE ] setting player 1 freeze to -4368
[00:53:24.179] [SEVERE ] setting player 2 freeze to -4369
[00:53:24.287] [SEVERE ] updating countdown to 56841
[00:53:24.287] [SEVERE ] setting player 1 freeze to -4477
[00:53:24.287] [SEVERE ] setting player 2 freeze to -4477
[00:53:24.395] [SEVERE ] updating countdown to 56733
[00:53:24.395] [SEVERE ] setting player 1 freeze to -4585
[00:53:24.395] [SEVERE ] setting player 2 freeze to -4585
[00:53:24.502] [SEVERE ] updating countdown to 56626
[00:53:24.502] [SEVERE ] setting player 1 freeze to -4692
[00:53:24.502] [SEVERE ] setting player 2 freeze to -4692
[00:53:24.597] [SEVERE ] key 81 was pressed by player 1
[00:53:24.598] [SEVERE ] player 1 placing token on slot 0
[00:53:24.610] [SEVERE ] updating countdown to 56518
[00:53:24.610] [SEVERE ] setting player 1 freeze to -4800
[00:53:24.610] [SEVERE ] setting player 2 freeze to -4800
[00:53:24.718] [SEVERE ] updating countdown to 56410
[00:53:24.718] [SEVERE ] setting player 1 freeze to -4908
[00:53:24.718] [SEVERE ] setting player 2 freeze to -4908
[00:53:24.827] [SEVERE ] updating countdown to 56301
[00:53:24.827] [SEVERE ] setting player 1 freeze to -5017
[00:53:24.827] [SEVERE ] setting player 2 freeze to -5017
[00:53:24.939] [SEVERE ] updating countdown to 56189
[00:53:24.939] [SEVERE ] setting player 1 freeze to -5129
[00:53:24.939] [SEVERE ] setting player 2 freeze to -5129
[00:53:24.985] [SEVERE ] key 81 was pressed by player 1
[00:53:24.986] [SEVERE ] removing player 1 token from slot 0
[00:53:25.046] [SEVERE ] updating countdown to 56082
[00:53:25.046] [SEVERE ] setting player 1 freeze to -5236
[00:53:25.046] [SEVERE ] setting player 2 freeze to -5236
[00:53:25.155] [SEVERE ] updating countdown to 55973
[00:53:25.155] [SEVERE ] setting player 1 freeze to -5345
[00:53:25.156] [SEVERE ] setting player 2 freeze to -5346
[00:53:25.265] [SEVERE ] updating countdown to 55863
[00:53:25.265] [SEVERE ] setting player 1 freeze to -5455
[00:53:25.265] [SEVERE ] setting player 2 freeze to -5455
[00:53:25.372] [SEVERE ] updating countdown to 55756
[00:53:25.372] [SEVERE ] setting player 1 freeze to -5562
[00:53:25.372] [SEVERE ] setting player 2 freeze to -5562
[00:53:25.478] [SEVERE ] updating countdown to 55650
[00:53:25.478] [SEVERE ] setting player 1 freeze to -5668
[00:53:25.478] [SEVERE ] setting player 2 freeze to -5668
[00:53:25.588] [SEVERE ] updating countdown to 55540
[00:53:25.588] [SEVERE ] setting player 1 freeze to -5778
[00:53:25.588] [SEVERE ] setting player 2 freeze to -5778
[00:53:25.698] [SEVERE ] updating countdown to 55430
[00:53:25.698] [SEVERE ] setting player 1 freeze to -5888
[00:53:25.699] [SEVERE ] setting player 2 freeze to -5889
[00:53:25.809] [SEVERE ] updating countdown to 55319
[00:53:25.809] [SEVERE ] setting player 1 freeze to -5999
[00:53:25.809] [SEVERE ] setting player 2 freeze to -5999
[00:53:25.898] [SEVERE ] key 81 was pressed by player 1
[00:53:25.899] [SEVERE ] player 1 placing token on slot 0
[00:53:25.921] [SEVERE ] updating countdown to 55207
[00:53:25.921] [SEVERE ] setting player 1 freeze to -6111
[00:53:25.921] [SEVERE ] setting player 2 freeze to -6111
[00:53:26.031] [SEVERE ] updating countdown to 55097
[00:53:26.031] [SEVERE ] setting player 1 freeze to -6221
[00:53:26.031] [SEVERE ] setting player 2 freeze to -6221
[00:53:26.140] [SEVERE ] updating countdown to 54988
[00:53:26.140] [SEVERE ] setting player 1 freeze to -6330
[00:53:26.140] [SEVERE ] setting player 2 freeze to -6330
[00:53:26.248] [SEVERE ] updating countdown to 54880
[00:53:26.248] [SEVERE ] setting player 1 freeze to -6438
[00:53:26.248] [SEVERE ] setting player 2 freeze to -6438
[00:53:26.358] [SEVERE ] updating countdown to 54770
[00:53:26.358] [SEVERE ] setting player 1 freeze to -6548
[00:53:26.358] [SEVERE ] setting player 2 freeze to -6548
[00:53:26.469] [SEVERE ] updating countdown to 54659
[00:53:26.469] [SEVERE ] setting player 1 freeze to -6659
[00:53:26.469] [SEVERE ] setting player 2 freeze to -6659
[00:53:26.581] [SEVERE ] updating countdown to 54547
[00:53:26.581] [SEVERE ] setting player 1 freeze to -6771
[00:53:26.581] [SEVERE ] setting player 2 freeze to -6771
[00:53:26.689] [SEVERE ] updating countdown to 54439
[00:53:26.689] [SEVERE ] setting player 1 freeze to -6879
[00:53:26.689] [SEVERE ] setting player 2 freeze to -6879
[00:53:26.741] [SEVERE ] key 87 was pressed by player 1
[00:53:26.742] [SEVERE ] player 1 placing token on slot 1
[00:53:26.798] [SEVERE ] updating countdown to 54330
[00:53:26.798] [SEVERE ] setting player 1 freeze to -6988
[00:53:26.798] [SEVERE ] setting player 2 freeze to -6988
[00:53:26.905] [SEVERE ] updating countdown to 54223
[00:53:26.905] [SEVERE ] setting player 1 freeze to -7095
[00:53:26.905] [SEVERE ] setting player 2 freeze to -7095
[00:53:27.013] [SEVERE ] updating countdown to 54115
[00:53:27.013] [SEVERE ] setting player 1 freeze to -7203
[00:53:27.014] [SEVERE ] setting player 2 freeze to -7204
[00:53:27.122] [SEVERE ] updating countdown to 54006
[00:53:27.122] [SEVERE ] setting player 1 freeze to -7312
[00:53:27.122] [SEVERE ] setting player 2 freeze to -7312
[00:53:27.231] [SEVERE ] updating countdown to 53897
[00:53:27.231] [SEVERE ] setting player 1 freeze to -7421
[00:53:27.232] [SEVERE ] setting player 2 freeze to -7422
[00:53:27.339] [SEVERE ] updating countdown to 53789
[00:53:27.339] [SEVERE ] setting player 1 freeze to -7529
[00:53:27.339] [SEVERE ] setting player 2 freeze to -7529
[00:53:27.428] [SEVERE ] key 87 was pressed by player 1
[00:53:27.429] [SEVERE ] removing player 1 token from slot 1
[00:53:27.449] [SEVERE ] updating countdown to 53679
[00:53:27.450] [SEVERE ] setting player 1 freeze to -7640
[00:53:27.450] [SEVERE ] setting player 2 freeze to -7640
[00:53:27.558] [SEVERE ] updating countdown to 53570
[00:53:27.558] [SEVERE ] setting player 1 freeze to -7748
[00:53:27.558] [SEVERE ] setting player 2 freeze to -7748
[00:53:27.667] [SEVERE ] updating countdown to 53461
[00:53:27.667] [SEVERE ] setting player 1 freeze to -7857
[00:53:27.667] [SEVERE ] setting player 2 freeze to -7857
[00:53:27.776] [SEVERE ] updating countdown to 53352
[00:53:27.776] [SEVERE ] setting player 1 freeze to -7966
[00:53:27.776] [SEVERE ] setting player 2 freeze to -7966
[00:53:27.884] [SEVERE ] updating countdown to 53244
[00:53:27.884] [SEVERE ] setting player 1 freeze to -8074
[00:53:27.884] [SEVERE ] setting player 2 freeze to -8074
[00:53:27.993] [SEVERE ] updating countdown to 53135
[00:53:27.993] [SEVERE ] setting player 1 freeze to -8183
[00:53:27.993] [SEVERE ] setting player 2 freeze to -8183
[00:53:28.103] [SEVERE ] updating countdown to 53025
[00:53:28.103] [SEVERE ] setting player 1 freeze to -8293
[00:53:28.103] [SEVERE ] setting player 2 freeze to -8293
[00:53:28.211] [SEVERE ] updating countdown to 52917
[00:53:28.211] [SEVERE ] setting player 1 freeze to -8401
[00:53:28.211] [SEVERE ] setting player 2 freeze to -8401
[00:53:28.321] [SEVERE ] updating countdown to 52807
[00:53:28.321] [SEVERE ] setting player 1 freeze to -8511
[00:53:28.321] [SEVERE ] setting player 2 freeze to -8511
[00:53:28.383] [SEVERE ] key 87 was pressed by player 1
[00:53:28.384] [SEVERE ] player 1 placing token on slot 1
[00:53:28.430] [SEVERE ] updating countdown to 52698
[00:53:28.431] [SEVERE ] setting player 1 freeze to -8620
[00:53:28.431] [SEVERE ] setting player 2 freeze to -8621
[00:53:28.538] [SEVERE ] updating countdown to 52590
[00:53:28.538] [SEVERE ] setting player 1 freeze to -8728
[00:53:28.538] [SEVERE ] setting player 2 freeze to -8728
[00:53:28.645] [SEVERE ] updating countdown to 52483
[00:53:28.645] [SEVERE ] setting player 1 freeze to -8835
[00:53:28.645] [SEVERE ] setting player 2 freeze to -8835
[00:53:28.755] [SEVERE ] updating countdown to 52373
[00:53:28.755] [SEVERE ] setting player 1 freeze to -8945
[00:53:28.755] [SEVERE ] setting player 2 freeze to -8945
[00:53:28.863] [SEVERE ] updating countdown to 52265
[00:53:28.863] [SEVERE ] setting player 1 freeze to -9053
[00:53:28.863] [SEVERE ] setting player 2 freeze to -9053
[00:53:28.972] [SEVERE ] updating countdown to 52156
[00:53:28.972] [SEVERE ] setting player 1 freeze to -9162
[00:53:28.972] [SEVERE ] setting player 2 freeze to -9162
[00:53:29.081] [SEVERE ] updating countdown to 52047
[00:53:29.081] [SEVERE ] setting player 1 freeze to -9271
[00:53:29.081] [SEVERE ] setting player 2 freeze to -9271
[00:53:29.189] [SEVERE ] updating countdown to 51939
[00:53:29.189] [SEVERE ] setting player 1 freeze to -9379
[00:53:29.189] [SEVERE ] setting player 2 freeze to -9379
[00:53:29.299] [SEVERE ] updating countdown to 51829
[00:53:29.299] [SEVERE ] setting player 1 freeze to -9489
[00:53:29.299] [SEVERE ] setting player 2 freeze to -9489
[00:53:29.408] [SEVERE ] updating countdown to 51720
[00:53:29.408] [SEVERE ] setting player 1 freeze to -9598
[00:53:29.408] [SEVERE ] setting player 2 freeze to -9598
[00:53:29.516] [SEVERE ] key 68 was pressed by player 1
[00:53:29.517] [SEVERE ] updating countdown to 51611
[00:53:29.517] [SEVERE ] setting player 1 freeze to -9707
[00:53:29.517] [SEVERE ] setting player 2 freeze to -9707
[00:53:29.518] [SEVERE ] player 1 placing token on slot 6
[00:53:29.626] [SEVERE ] updating countdown to 51502
[00:53:29.626] [SEVERE ] setting player 1 freeze to -9816
[00:53:29.626] [SEVERE ] setting player 2 freeze to -9816
[00:53:29.626] [SEVERE ] updating countdown to 51502
[00:53:29.626] [SEVERE ] setting player 1 freeze to -9816
[00:53:29.626] [SEVERE ] setting player 2 freeze to -9816
[00:53:29.737] [SEVERE ] updating countdown to 51391
[00:53:29.737] [SEVERE ] setting player 1 freeze to 890
[00:53:29.737] [SEVERE ] setting player 2 freeze to -9927
[00:53:29.845] [SEVERE ] updating countdown to 51283
[00:53:29.845] [SEVERE ] setting player 1 freeze to 782
[00:53:29.845] [SEVERE ] setting player 2 freeze to -10035
[00:53:29.956] [SEVERE ] updating countdown to 51172
[00:53:29.956] [SEVERE ] setting player 1 freeze to 671
[00:53:29.956] [SEVERE ] setting player 2 freeze to -10146
[00:53:30.064] [SEVERE ] updating countdown to 51064
[00:53:30.064] [SEVERE ] setting player 1 freeze to 563
[00:53:30.065] [SEVERE ] setting player 2 freeze to -10255
[00:53:30.173] [SEVERE ] updating countdown to 50955
[00:53:30.173] [SEVERE ] setting player 1 freeze to 454
[00:53:30.173] [SEVERE ] setting player 2 freeze to -10363
[00:53:30.283] [SEVERE ] updating countdown to 50845
[00:53:30.283] [SEVERE ] setting player 1 freeze to 344
[00:53:30.283] [SEVERE ] setting player 2 freeze to -10473
[00:53:30.392] [SEVERE ] updating countdown to 50736
[00:53:30.392] [SEVERE ] setting player 1 freeze to 235
[00:53:30.392] [SEVERE ] setting player 2 freeze to -10582
[00:53:30.505] [SEVERE ] updating countdown to 50623
[00:53:30.505] [SEVERE ] setting player 1 freeze to 122
[00:53:30.505] [SEVERE ] setting player 2 freeze to -10695
[00:53:30.613] [SEVERE ] updating countdown to 50515
[00:53:30.613] [SEVERE ] setting player 1 freeze to 14
[00:53:30.613] [SEVERE ] setting player 2 freeze to -10803
[00:53:30.722] [SEVERE ] updating countdown to 50406
[00:53:30.722] [SEVERE ] setting player 1 freeze to -95
[00:53:30.722] [SEVERE ] setting player 2 freeze to -10912
[00:53:30.813] [SEVERE ] key 68 was pressed by player 1
[00:53:30.833] [SEVERE ] updating countdown to 50295
[00:53:30.833] [SEVERE ] setting player 1 freeze to -206
[00:53:30.833] [SEVERE ] setting player 2 freeze to -11023
[00:53:30.942] [SEVERE ] updating countdown to 50186
[00:53:30.942] [SEVERE ] setting player 1 freeze to -315
[00:53:30.942] [SEVERE ] setting player 2 freeze to -11132
[00:53:31.051] [SEVERE ] updating countdown to 50077
[00:53:31.051] [SEVERE ] setting player 1 freeze to -424
[00:53:31.051] [SEVERE ] setting player 2 freeze to -11241
[00:53:31.159] [SEVERE ] updating countdown to 49969
[00:53:31.159] [SEVERE ] setting player 1 freeze to -532
[00:53:31.159] [SEVERE ] setting player 2 freeze to -11349
[00:53:31.266] [SEVERE ] updating countdown to 49862
[00:53:31.266] [SEVERE ] setting player 1 freeze to -639
[00:53:31.266] [SEVERE ] setting player 2 freeze to -11456
[00:53:31.375] [SEVERE ] updating countdown to 49753
[00:53:31.375] [SEVERE ] setting player 1 freeze to -748
[00:53:31.375] [SEVERE ] setting player 2 freeze to -11565
[00:53:31.484] [SEVERE ] updating countdown to 49644
[00:53:31.484] [SEVERE ] setting player 1 freeze to -857
[00:53:31.484] [SEVERE ] setting player 2 freeze to -11674
[00:53:31.593] [SEVERE ] updating countdown to 49535
[00:53:31.593] [SEVERE ] setting player 1 freeze to -966
[00:53:31.593] [SEVERE ] setting player 2 freeze to -11783
[00:53:31.703] [SEVERE ] updating countdown to 49425
[00:53:31.703] [SEVERE ] setting player 1 freeze to -1076
[00:53:31.703] [SEVERE ] setting player 2 freeze to -11893
[00:53:31.812] [SEVERE ] updating countdown to 49316
[00:53:31.812] [SEVERE ] setting player 1 freeze to -1185
[00:53:31.812] [SEVERE ] setting player 2 freeze to -12002
[00:53:31.921] [SEVERE ] updating countdown to 49207
[00:53:31.921] [SEVERE ] setting player 1 freeze to -1294
[00:53:31.921] [SEVERE ] setting player 2 freeze to -12111
[00:53:32.030] [SEVERE ] updating countdown to 49098
[00:53:32.030] [SEVERE ] setting player 1 freeze to -1403
[00:53:32.030] [SEVERE ] setting player 2 freeze to -12220
[00:53:32.137] [SEVERE ] updating countdown to 48991
[00:53:32.137] [SEVERE ] setting player 1 freeze to -1510
[00:53:32.137] [SEVERE ] setting player 2 freeze to -12327
[00:53:32.246] [SEVERE ] updating countdown to 48882
[00:53:32.246] [SEVERE ] setting player 1 freeze to -1619
[00:53:32.246] [SEVERE ] setting player 2 freeze to -12436
[00:53:32.358] [SEVERE ] updating countdown to 48770
[00:53:32.358] [SEVERE ] setting player 1 freeze to -1731
[00:53:32.358] [SEVERE ] setting player 2 freeze to -12548
[00:53:32.466] [SEVERE ] updating countdown to 48662
[00:53:32.466] [SEVERE ] setting player 1 freeze to -1839
[00:53:32.466] [SEVERE ] setting player 2 freeze to -12656
[00:53:32.573] [SEVERE ] updating countdown to 48555
[00:53:32.573] [SEVERE ] setting player 1 freeze to -1946
[00:53:32.573] [SEVERE ] setting player 2 freeze to -12763
[00:53:32.682] [SEVERE ] updating countdown to 48446
[00:53:32.682] [SEVERE ] setting player 1 freeze to -2055
[00:53:32.682] [SEVERE ] setting player 2 freeze to -12872
[00:53:32.793] [SEVERE ] updating countdown to 48335
[00:53:32.793] [SEVERE ] setting player 1 freeze to -2166
[00:53:32.793] [SEVERE ] setting player 2 freeze to -12983
[00:53:32.904] [SEVERE ] updating countdown to 48224
[00:53:32.904] [SEVERE ] setting player 1 freeze to -2277
[00:53:32.904] [SEVERE ] setting player 2 freeze to -13094
[00:53:33.012] [SEVERE ] updating countdown to 48116
[00:53:33.012] [SEVERE ] setting player 1 freeze to -2385
[00:53:33.012] [SEVERE ] setting player 2 freeze to -13202
[00:53:33.121] [SEVERE ] updating countdown to 48007
[00:53:33.122] [SEVERE ] setting player 1 freeze to -2495
[00:53:33.122] [SEVERE ] setting player 2 freeze to -13312
[00:53:33.230] [SEVERE ] updating countdown to 47898
[00:53:33.230] [SEVERE ] setting player 1 freeze to -2603
[00:53:33.230] [SEVERE ] setting player 2 freeze to -13420
[00:53:33.338] [SEVERE ] updating countdown to 47790
[00:53:33.338] [SEVERE ] setting player 1 freeze to -2711
[00:53:33.338] [SEVERE ] setting player 2 freeze to -13528
[00:53:33.447] [SEVERE ] updating countdown to 47681
[00:53:33.447] [SEVERE ] setting player 1 freeze to -2820
[00:53:33.447] [SEVERE ] setting player 2 freeze to -13637
[00:53:33.559] [SEVERE ] updating countdown to 47569
[00:53:33.559] [SEVERE ] setting player 1 freeze to -2932
[00:53:33.559] [SEVERE ] setting player 2 freeze to -13749
[00:53:33.667] [SEVERE ] updating countdown to 47461
[00:53:33.667] [SEVERE ] setting player 1 freeze to -3040
[00:53:33.667] [SEVERE ] setting player 2 freeze to -13857
[00:53:33.775] [SEVERE ] updating countdown to 47353
[00:53:33.775] [SEVERE ] setting player 1 freeze to -3148
[00:53:33.775] [SEVERE ] setting player 2 freeze to -13965
[00:53:33.884] [SEVERE ] updating countdown to 47244
[00:53:33.884] [SEVERE ] setting player 1 freeze to -3257
[00:53:33.884] [SEVERE ] setting player 2 freeze to -14074
[00:53:33.993] [SEVERE ] updating countdown to 47135
[00:53:33.993] [SEVERE ] setting player 1 freeze to -3366
[00:53:33.993] [SEVERE ] setting player 2 freeze to -14183
[00:53:34.101] [SEVERE ] updating countdown to 47027
[00:53:34.101] [SEVERE ] setting player 1 freeze to -3474
[00:53:34.101] [SEVERE ] setting player 2 freeze to -14291
[00:53:34.213] [SEVERE ] updating countdown to 46915
[00:53:34.213] [SEVERE ] setting player 1 freeze to -3586
[00:53:34.213] [SEVERE ] setting player 2 freeze to -14403
[00:53:34.320] [SEVERE ] updating countdown to 46808
[00:53:34.321] [SEVERE ] setting player 1 freeze to -3694
[00:53:34.321] [SEVERE ] setting player 2 freeze to -14511
[00:53:34.429] [SEVERE ] updating countdown to 46699
[00:53:34.429] [SEVERE ] setting player 1 freeze to -3802
[00:53:34.429] [SEVERE ] setting player 2 freeze to -14619
