[14:03:25.777] [INFO   ] thread main starting.
[14:03:25.782] [SEVERE ] cannot read configuration file config.properties trying from resources.
[14:03:25.783] [SEVERE ] configuration file was loaded from resources directory.
[14:03:26.237] [INFO   ] thread dealer starting.
[14:03:26.238] [INFO   ] thread dealer starting.
[14:03:26.239] [INFO   ] thread Player #0 starting.
[14:03:26.240] [INFO   ] thread Player #1 starting.
[14:03:26.240] [INFO   ] thread Player #2 starting.
[14:03:26.243] [INFO   ] thread Player #3 starting.
[14:03:26.243] [INFO   ] thread Player #4 starting.
[14:03:26.244] [INFO   ] thread computer-2 starting.
[14:03:26.245] [INFO   ] thread computer-3 starting.
[14:03:26.245] [INFO   ] thread computer-4 starting.
[14:03:26.350] [SEVERE ] placing card 49 in slot 0
[14:03:26.351] [SEVERE ] updating countdown to 60000
[14:03:26.352] [SEVERE ] setting player 1 freeze to -115
[14:03:26.353] [SEVERE ] setting player 2 freeze to -116
[14:03:26.353] [SEVERE ] setting player 3 freeze to -116
[14:03:26.353] [SEVERE ] setting player 4 freeze to -116
[14:03:26.353] [SEVERE ] setting player 5 freeze to -116
[14:03:26.458] [SEVERE ] placing card 54 in slot 1
[14:03:26.459] [SEVERE ] updating countdown to 60000
[14:03:26.460] [SEVERE ] setting player 1 freeze to -223
[14:03:26.460] [SEVERE ] setting player 2 freeze to -223
[14:03:26.461] [SEVERE ] setting player 3 freeze to -224
[14:03:26.462] [SEVERE ] setting player 4 freeze to -225
[14:03:26.462] [SEVERE ] setting player 5 freeze to -225
[14:03:26.567] [SEVERE ] placing card 1 in slot 2
[14:03:26.567] [SEVERE ] updating countdown to 60000
[14:03:26.568] [SEVERE ] setting player 1 freeze to -331
[14:03:26.568] [SEVERE ] setting player 2 freeze to -331
[14:03:26.568] [SEVERE ] setting player 3 freeze to -331
[14:03:26.568] [SEVERE ] setting player 4 freeze to -331
[14:03:26.568] [SEVERE ] setting player 5 freeze to -331
[14:03:26.676] [SEVERE ] placing card 41 in slot 3
[14:03:26.676] [SEVERE ] updating countdown to 60000
[14:03:26.676] [SEVERE ] setting player 1 freeze to -439
[14:03:26.676] [SEVERE ] setting player 2 freeze to -439
[14:03:26.676] [SEVERE ] setting player 3 freeze to -439
[14:03:26.676] [SEVERE ] setting player 4 freeze to -439
[14:03:26.678] [SEVERE ] setting player 5 freeze to -441
[14:03:26.754] [SEVERE ] player 3 placing token on slot 0
[14:03:26.785] [SEVERE ] placing card 20 in slot 4
[14:03:26.785] [SEVERE ] updating countdown to 60000
[14:03:26.785] [SEVERE ] setting player 1 freeze to -548
[14:03:26.786] [SEVERE ] setting player 2 freeze to -549
[14:03:26.786] [SEVERE ] setting player 3 freeze to -549
[14:03:26.786] [SEVERE ] setting player 4 freeze to -549
[14:03:26.786] [SEVERE ] setting player 5 freeze to -549
[14:03:26.893] [SEVERE ] placing card 11 in slot 5
[14:03:26.894] [SEVERE ] updating countdown to 60000
[14:03:26.894] [SEVERE ] setting player 1 freeze to -657
[14:03:26.894] [SEVERE ] setting player 2 freeze to -657
[14:03:26.894] [SEVERE ] setting player 3 freeze to -657
[14:03:26.894] [SEVERE ] setting player 4 freeze to -657
[14:03:26.895] [SEVERE ] setting player 5 freeze to -658
[14:03:27.003] [SEVERE ] placing card 22 in slot 6
[14:03:27.003] [SEVERE ] updating countdown to 60000
[14:03:27.003] [SEVERE ] setting player 1 freeze to -766
[14:03:27.003] [SEVERE ] setting player 2 freeze to -766
[14:03:27.004] [SEVERE ] setting player 3 freeze to -767
[14:03:27.004] [SEVERE ] setting player 4 freeze to -767
[14:03:27.004] [SEVERE ] setting player 5 freeze to -767
[14:03:27.019] [SEVERE ] player 3 placing token on slot 6
[14:03:27.112] [SEVERE ] placing card 6 in slot 7
[14:03:27.112] [SEVERE ] updating countdown to 60000
[14:03:27.112] [SEVERE ] setting player 1 freeze to -875
[14:03:27.113] [SEVERE ] setting player 2 freeze to -876
[14:03:27.113] [SEVERE ] setting player 3 freeze to -876
[14:03:27.113] [SEVERE ] setting player 4 freeze to -876
[14:03:27.114] [SEVERE ] setting player 5 freeze to -877
[14:03:27.222] [SEVERE ] placing card 43 in slot 8
[14:03:27.222] [SEVERE ] updating countdown to 60000
[14:03:27.223] [SEVERE ] setting player 1 freeze to -986
[14:03:27.223] [SEVERE ] setting player 2 freeze to -986
[14:03:27.223] [SEVERE ] setting player 3 freeze to -986
[14:03:27.223] [SEVERE ] setting player 4 freeze to -986
[14:03:27.224] [SEVERE ] setting player 5 freeze to -987
[14:03:27.285] [SEVERE ] player 4 placing token on slot 3
[14:03:27.329] [SEVERE ] placing card 36 in slot 9
[14:03:27.329] [SEVERE ] updating countdown to 60000
[14:03:27.329] [SEVERE ] setting player 1 freeze to -1092
[14:03:27.329] [SEVERE ] setting player 2 freeze to -1092
[14:03:27.329] [SEVERE ] setting player 3 freeze to -1092
[14:03:27.329] [SEVERE ] setting player 4 freeze to -1092
[14:03:27.330] [SEVERE ] setting player 5 freeze to -1093
[14:03:27.437] [SEVERE ] placing card 79 in slot 10
[14:03:27.438] [SEVERE ] updating countdown to 60000
[14:03:27.438] [SEVERE ] setting player 1 freeze to -1201
[14:03:27.439] [SEVERE ] setting player 2 freeze to -1202
[14:03:27.439] [SEVERE ] setting player 3 freeze to -1202
[14:03:27.439] [SEVERE ] setting player 4 freeze to -1202
[14:03:27.439] [SEVERE ] setting player 5 freeze to -1202
[14:03:27.546] [SEVERE ] placing card 3 in slot 11
[14:03:27.547] [SEVERE ] player 3 placing token on slot 1
[14:03:27.547] [SEVERE ] updating countdown to 60000
[14:03:27.547] [SEVERE ] player 4 placing token on slot 7
[14:03:27.547] [SEVERE ] setting player 1 freeze to -1310
[14:03:27.547] [SEVERE ] setting player 2 freeze to -1310
[14:03:27.547] [SEVERE ] setting player 3 freeze to -1310
[14:03:27.548] [SEVERE ] setting player 4 freeze to -1311
[14:03:27.548] [SEVERE ] setting player 5 freeze to -1311
[14:03:27.562] [SEVERE ] player 5 placing token on slot 6
[14:03:27.655] [SEVERE ] updating countdown to 59892
[14:03:27.655] [SEVERE ] setting player 1 freeze to -1418
[14:03:27.656] [SEVERE ] setting player 2 freeze to -1419
[14:03:27.656] [SEVERE ] setting player 3 freeze to -1419
[14:03:27.656] [SEVERE ] setting player 4 freeze to -1419
[14:03:27.656] [SEVERE ] setting player 5 freeze to -1419
[14:03:27.764] [SEVERE ] updating countdown to 59783
[14:03:27.764] [SEVERE ] setting player 1 freeze to -1527
[14:03:27.764] [SEVERE ] setting player 2 freeze to -1527
[14:03:27.765] [SEVERE ] setting player 3 freeze to -1528
[14:03:27.765] [SEVERE ] setting player 4 freeze to -1528
[14:03:27.765] [SEVERE ] setting player 5 freeze to -1528
[14:03:27.811] [SEVERE ] player 4 placing token on slot 10
[14:03:27.826] [SEVERE ] player 5 placing token on slot 0
[14:03:27.874] [SEVERE ] updating countdown to 59673
[14:03:27.874] [SEVERE ] setting player 1 freeze to -1637
[14:03:27.874] [SEVERE ] setting player 2 freeze to -1637
[14:03:27.874] [SEVERE ] setting player 3 freeze to -1637
[14:03:27.875] [SEVERE ] setting player 4 freeze to -1638
[14:03:27.875] [SEVERE ] setting player 5 freeze to -1638
[14:03:27.875] [SEVERE ] updating countdown to 59672
[14:03:27.875] [SEVERE ] setting player 1 freeze to -1638
[14:03:27.875] [SEVERE ] setting player 2 freeze to -1638
[14:03:27.876] [SEVERE ] setting player 3 freeze to -1639
[14:03:27.876] [SEVERE ] setting player 4 freeze to -1639
[14:03:27.876] [SEVERE ] setting player 5 freeze to -1639
[14:03:27.982] [SEVERE ] updating countdown to 59565
[14:03:27.982] [SEVERE ] setting player 1 freeze to -1745
[14:03:27.982] [SEVERE ] setting player 2 freeze to -1745
[14:03:27.982] [SEVERE ] setting player 3 freeze to -105
[14:03:27.983] [SEVERE ] setting player 4 freeze to -1746
[14:03:27.983] [SEVERE ] setting player 5 freeze to -1746
[14:03:28.090] [SEVERE ] updating countdown to 59457
[14:03:28.090] [SEVERE ] setting player 1 freeze to -1853
[14:03:28.090] [SEVERE ] player 5 placing token on slot 1
[14:03:28.090] [SEVERE ] setting player 2 freeze to -1853
[14:03:28.091] [SEVERE ] setting player 3 freeze to -214
[14:03:28.092] [SEVERE ] setting player 4 freeze to -1855
[14:03:28.092] [SEVERE ] setting player 5 freeze to -1855
[14:03:28.092] [SEVERE ] updating countdown to 59455
[14:03:28.093] [SEVERE ] setting player 1 freeze to -1856
[14:03:28.093] [SEVERE ] setting player 2 freeze to -1856
[14:03:28.093] [SEVERE ] setting player 3 freeze to -216
[14:03:28.093] [SEVERE ] setting player 4 freeze to -1856
[14:03:28.093] [SEVERE ] setting player 5 freeze to -1856
[14:03:28.137] [SEVERE ] removing player 3 token from slot 6
[14:03:28.198] [SEVERE ] updating countdown to 59349
[14:03:28.198] [SEVERE ] setting player 1 freeze to -1961
[14:03:28.198] [SEVERE ] setting player 2 freeze to -1961
[14:03:28.198] [SEVERE ] setting player 3 freeze to -321
[14:03:28.199] [SEVERE ] setting player 4 freeze to -105
[14:03:28.199] [SEVERE ] setting player 5 freeze to -1962
[14:03:28.305] [SEVERE ] updating countdown to 59242
[14:03:28.305] [SEVERE ] setting player 1 freeze to -2068
[14:03:28.305] [SEVERE ] setting player 2 freeze to -2068
[14:03:28.305] [SEVERE ] setting player 3 freeze to -428
[14:03:28.305] [SEVERE ] setting player 4 freeze to -211
[14:03:28.306] [SEVERE ] setting player 5 freeze to -2069
[14:03:28.352] [SEVERE ] removing player 4 token from slot 10
[14:03:28.398] [SEVERE ] player 3 placing token on slot 10
[14:03:28.413] [SEVERE ] updating countdown to 59134
[14:03:28.413] [SEVERE ] setting player 1 freeze to -2176
[14:03:28.413] [SEVERE ] setting player 2 freeze to -2176
[14:03:28.413] [SEVERE ] setting player 3 freeze to -536
[14:03:28.414] [SEVERE ] setting player 4 freeze to -320
[14:03:28.414] [SEVERE ] setting player 5 freeze to -2177
[14:03:28.414] [SEVERE ] updating countdown to 59133
[14:03:28.414] [SEVERE ] setting player 1 freeze to -2177
[14:03:28.415] [SEVERE ] setting player 2 freeze to -2178
[14:03:28.415] [SEVERE ] setting player 3 freeze to -538
[14:03:28.415] [SEVERE ] setting player 4 freeze to -321
[14:03:28.415] [SEVERE ] setting player 5 freeze to -2178
[14:03:28.418] [INFO   ] thread dealer terminated.
[14:03:28.612] [SEVERE ] removing player 4 token from slot 3
[14:03:28.876] [SEVERE ] player 4 placing token on slot 5
[14:03:29.140] [SEVERE ] player 4 placing token on slot 1
