[00:46:15.310] [INFO   ] thread main starting.
[00:46:15.310] [SEVERE ] cannot read configuration file config.properties trying from resources.
[00:46:15.318] [SEVERE ] configuration file was loaded from resources directory.
[00:46:15.789] [INFO   ] thread dealer starting.
[00:46:15.789] [INFO   ] thread dealer starting.
[00:46:15.789] [INFO   ] thread Player #0 starting.
[00:46:15.789] [INFO   ] thread Player #1 starting.
[00:46:15.908] [SEVERE ] placing card 67 in slot 0
[00:46:15.909] [SEVERE ] updating countdown to 60000
[00:46:15.909] [SEVERE ] setting player 1 freeze to -120
[00:46:15.914] [SEVERE ] setting player 2 freeze to -120
[00:46:16.019] [SEVERE ] placing card 74 in slot 1
[00:46:16.019] [SEVERE ] updating countdown to 60000
[00:46:16.020] [SEVERE ] setting player 1 freeze to -231
[00:46:16.020] [SEVERE ] setting player 2 freeze to -231
[00:46:16.125] [SEVERE ] placing card 46 in slot 2
[00:46:16.125] [SEVERE ] updating countdown to 60000
[00:46:16.125] [SEVERE ] setting player 1 freeze to -336
[00:46:16.125] [SEVERE ] setting player 2 freeze to -336
[00:46:16.228] [SEVERE ] placing card 30 in slot 3
[00:46:16.228] [SEVERE ] updating countdown to 60000
[00:46:16.228] [SEVERE ] setting player 1 freeze to -439
[00:46:16.228] [SEVERE ] setting player 2 freeze to -439
[00:46:16.340] [SEVERE ] placing card 65 in slot 4
[00:46:16.340] [SEVERE ] updating countdown to 60000
[00:46:16.340] [SEVERE ] setting player 1 freeze to -551
[00:46:16.340] [SEVERE ] setting player 2 freeze to -551
[00:46:16.442] [SEVERE ] placing card 17 in slot 5
[00:46:16.442] [SEVERE ] updating countdown to 60000
[00:46:16.442] [SEVERE ] setting player 1 freeze to -653
[00:46:16.442] [SEVERE ] setting player 2 freeze to -653
[00:46:16.555] [SEVERE ] placing card 75 in slot 6
[00:46:16.555] [SEVERE ] updating countdown to 60000
[00:46:16.555] [SEVERE ] setting player 1 freeze to -766
[00:46:16.555] [SEVERE ] setting player 2 freeze to -766
[00:46:16.668] [SEVERE ] placing card 63 in slot 7
[00:46:16.669] [SEVERE ] updating countdown to 60000
[00:46:16.669] [SEVERE ] setting player 1 freeze to -880
[00:46:16.669] [SEVERE ] setting player 2 freeze to -880
[00:46:16.771] [SEVERE ] placing card 59 in slot 8
[00:46:16.771] [SEVERE ] updating countdown to 60000
[00:46:16.771] [SEVERE ] setting player 1 freeze to -982
[00:46:16.771] [SEVERE ] setting player 2 freeze to -982
[00:46:16.874] [SEVERE ] placing card 43 in slot 9
[00:46:16.874] [SEVERE ] updating countdown to 60000
[00:46:16.874] [SEVERE ] setting player 1 freeze to -1085
[00:46:16.874] [SEVERE ] setting player 2 freeze to -1085
[00:46:16.987] [SEVERE ] placing card 39 in slot 10
[00:46:16.987] [SEVERE ] updating countdown to 60000
[00:46:16.987] [SEVERE ] setting player 1 freeze to -1198
[00:46:16.987] [SEVERE ] setting player 2 freeze to -1198
[00:46:17.099] [SEVERE ] placing card 12 in slot 11
[00:46:17.099] [SEVERE ] updating countdown to 60000
[00:46:17.099] [SEVERE ] setting player 1 freeze to -1310
[00:46:17.099] [SEVERE ] setting player 2 freeze to -1310
[00:46:17.204] [SEVERE ] updating countdown to 59895
[00:46:17.204] [SEVERE ] setting player 1 freeze to -1415
[00:46:17.204] [SEVERE ] setting player 2 freeze to -1415
[00:46:17.318] [SEVERE ] updating countdown to 59781
[00:46:17.318] [SEVERE ] setting player 1 freeze to -1529
[00:46:17.318] [SEVERE ] setting player 2 freeze to -1529
[00:46:17.430] [SEVERE ] updating countdown to 59669
[00:46:17.430] [SEVERE ] setting player 1 freeze to -1641
[00:46:17.430] [SEVERE ] setting player 2 freeze to -1641
[00:46:17.538] [SEVERE ] updating countdown to 59561
[00:46:17.538] [SEVERE ] setting player 1 freeze to -1749
[00:46:17.538] [SEVERE ] setting player 2 freeze to -1749
[00:46:17.642] [SEVERE ] updating countdown to 59457
[00:46:17.642] [SEVERE ] setting player 1 freeze to -1853
[00:46:17.642] [SEVERE ] setting player 2 freeze to -1853
[00:46:17.754] [SEVERE ] updating countdown to 59345
[00:46:17.754] [SEVERE ] setting player 1 freeze to -1965
[00:46:17.754] [SEVERE ] setting player 2 freeze to -1965
[00:46:17.858] [SEVERE ] updating countdown to 59241
[00:46:17.858] [SEVERE ] setting player 1 freeze to -2069
[00:46:17.858] [SEVERE ] setting player 2 freeze to -2069
[00:46:17.962] [SEVERE ] updating countdown to 59137
[00:46:17.962] [SEVERE ] setting player 1 freeze to -2173
[00:46:17.962] [SEVERE ] setting player 2 freeze to -2173
[00:46:18.018] [SEVERE ] key 81 was pressed by player 1
[00:46:18.018] [SEVERE ] player 1 placing token on slot 0
[00:46:18.075] [SEVERE ] updating countdown to 59024
[00:46:18.075] [SEVERE ] setting player 1 freeze to -2286
[00:46:18.075] [SEVERE ] setting player 2 freeze to -2286
[00:46:18.187] [SEVERE ] updating countdown to 58912
[00:46:18.187] [SEVERE ] setting player 1 freeze to -2398
[00:46:18.187] [SEVERE ] setting player 2 freeze to -2398
[00:46:18.251] [SEVERE ] key 87 was pressed by player 1
[00:46:18.251] [SEVERE ] player 1 placing token on slot 1
[00:46:18.295] [SEVERE ] updating countdown to 58804
[00:46:18.296] [SEVERE ] setting player 1 freeze to -2507
[00:46:18.296] [SEVERE ] setting player 2 freeze to -2507
[00:46:18.400] [SEVERE ] updating countdown to 58699
[00:46:18.400] [SEVERE ] setting player 1 freeze to -2611
[00:46:18.400] [SEVERE ] setting player 2 freeze to -2611
[00:46:18.496] [SEVERE ] key 69 was pressed by player 1
[00:46:18.496] [SEVERE ] player 1 placing token on slot 2
[00:46:18.504] [SEVERE ] updating countdown to 58595
[00:46:18.505] [SEVERE ] setting player 1 freeze to -2716
[00:46:18.505] [SEVERE ] setting player 2 freeze to -2716
[00:46:18.618] [SEVERE ] updating countdown to 58481
[00:46:18.618] [SEVERE ] setting player 1 freeze to -2829
[00:46:18.618] [SEVERE ] setting player 2 freeze to -2829
[00:46:18.618] [SEVERE ] updating countdown to 58481
[00:46:18.618] [SEVERE ] setting player 1 freeze to -2829
[00:46:18.618] [SEVERE ] setting player 2 freeze to -2829
[00:46:18.724] [SEVERE ] updating countdown to 58375
[00:46:18.724] [SEVERE ] setting player 1 freeze to 894
[00:46:18.724] [SEVERE ] setting player 2 freeze to -2935
[00:46:18.835] [SEVERE ] updating countdown to 58264
[00:46:18.835] [SEVERE ] setting player 1 freeze to 783
[00:46:18.835] [SEVERE ] setting player 2 freeze to -3046
[00:46:18.939] [SEVERE ] updating countdown to 58160
[00:46:18.939] [SEVERE ] setting player 1 freeze to 679
[00:46:18.939] [SEVERE ] setting player 2 freeze to -3150
[00:46:19.044] [SEVERE ] updating countdown to 58055
[00:46:19.044] [SEVERE ] setting player 1 freeze to 574
[00:46:19.044] [SEVERE ] setting player 2 freeze to -3255
[00:46:19.154] [SEVERE ] updating countdown to 57945
[00:46:19.154] [SEVERE ] setting player 1 freeze to 464
[00:46:19.154] [SEVERE ] setting player 2 freeze to -3365
[00:46:19.266] [SEVERE ] updating countdown to 57833
[00:46:19.266] [SEVERE ] setting player 1 freeze to 352
[00:46:19.266] [SEVERE ] setting player 2 freeze to -3477
[00:46:19.381] [SEVERE ] updating countdown to 57718
[00:46:19.381] [SEVERE ] setting player 1 freeze to 237
[00:46:19.382] [SEVERE ] setting player 2 freeze to -3593
[00:46:19.489] [SEVERE ] updating countdown to 57610
[00:46:19.489] [SEVERE ] setting player 1 freeze to 129
[00:46:19.489] [SEVERE ] setting player 2 freeze to -3700
[00:46:19.601] [SEVERE ] updating countdown to 57498
[00:46:19.601] [SEVERE ] setting player 1 freeze to 17
[00:46:19.601] [SEVERE ] setting player 2 freeze to -3812
[00:46:19.706] [SEVERE ] updating countdown to 57393
[00:46:19.706] [SEVERE ] setting player 1 freeze to -88
[00:46:19.706] [SEVERE ] setting player 2 freeze to -3917
[00:46:19.807] [SEVERE ] updating countdown to 57292
[00:46:19.807] [SEVERE ] setting player 1 freeze to -189
[00:46:19.807] [SEVERE ] setting player 2 freeze to -4018
[00:46:19.919] [SEVERE ] updating countdown to 57180
[00:46:19.919] [SEVERE ] setting player 1 freeze to -301
[00:46:19.919] [SEVERE ] setting player 2 freeze to -4130
[00:46:20.032] [SEVERE ] updating countdown to 57067
[00:46:20.032] [SEVERE ] setting player 1 freeze to -414
[00:46:20.032] [SEVERE ] setting player 2 freeze to -4243
[00:46:20.146] [SEVERE ] updating countdown to 56953
[00:46:20.146] [SEVERE ] setting player 1 freeze to -528
[00:46:20.146] [SEVERE ] setting player 2 freeze to -4357
[00:46:20.250] [SEVERE ] updating countdown to 56849
[00:46:20.250] [SEVERE ] setting player 1 freeze to -632
[00:46:20.250] [SEVERE ] setting player 2 freeze to -4461
[00:46:20.354] [SEVERE ] updating countdown to 56745
[00:46:20.354] [SEVERE ] setting player 1 freeze to -736
[00:46:20.354] [SEVERE ] setting player 2 freeze to -4565
[00:46:20.457] [SEVERE ] updating countdown to 56642
[00:46:20.457] [SEVERE ] setting player 1 freeze to -839
[00:46:20.457] [SEVERE ] setting player 2 freeze to -4668
[00:46:20.562] [SEVERE ] updating countdown to 56537
[00:46:20.562] [SEVERE ] setting player 1 freeze to -944
[00:46:20.562] [SEVERE ] setting player 2 freeze to -4773
[00:46:20.674] [SEVERE ] updating countdown to 56425
[00:46:20.674] [SEVERE ] setting player 1 freeze to -1056
[00:46:20.674] [SEVERE ] setting player 2 freeze to -4885
[00:46:20.788] [SEVERE ] updating countdown to 56311
[00:46:20.788] [SEVERE ] setting player 1 freeze to -1170
[00:46:20.788] [SEVERE ] setting player 2 freeze to -4999
[00:46:20.900] [SEVERE ] updating countdown to 56199
[00:46:20.900] [SEVERE ] setting player 1 freeze to -1282
[00:46:20.900] [SEVERE ] setting player 2 freeze to -5111
[00:46:21.013] [SEVERE ] updating countdown to 56086
[00:46:21.013] [SEVERE ] setting player 1 freeze to -1395
[00:46:21.013] [SEVERE ] setting player 2 freeze to -5224
[00:46:21.115] [SEVERE ] updating countdown to 55984
[00:46:21.115] [SEVERE ] setting player 1 freeze to -1497
[00:46:21.115] [SEVERE ] setting player 2 freeze to -5326
[00:46:21.226] [SEVERE ] updating countdown to 55873
[00:46:21.226] [SEVERE ] setting player 1 freeze to -1608
[00:46:21.226] [SEVERE ] setting player 2 freeze to -5437
[00:46:21.330] [SEVERE ] updating countdown to 55769
[00:46:21.330] [SEVERE ] setting player 1 freeze to -1712
[00:46:21.330] [SEVERE ] setting player 2 freeze to -5541
[00:46:21.437] [SEVERE ] updating countdown to 55662
[00:46:21.437] [SEVERE ] setting player 1 freeze to -1819
[00:46:21.437] [SEVERE ] setting player 2 freeze to -5648
[00:46:21.545] [SEVERE ] updating countdown to 55554
[00:46:21.545] [SEVERE ] setting player 1 freeze to -1927
[00:46:21.545] [SEVERE ] setting player 2 freeze to -5756
[00:46:21.660] [SEVERE ] updating countdown to 55439
[00:46:21.660] [SEVERE ] setting player 1 freeze to -2042
[00:46:21.660] [SEVERE ] setting player 2 freeze to -5871
[00:46:21.772] [SEVERE ] updating countdown to 55327
[00:46:21.772] [SEVERE ] setting player 1 freeze to -2154
[00:46:21.772] [SEVERE ] setting player 2 freeze to -5983
[00:46:21.886] [SEVERE ] updating countdown to 55213
[00:46:21.886] [SEVERE ] setting player 1 freeze to -2268
[00:46:21.886] [SEVERE ] setting player 2 freeze to -6097
[00:46:21.998] [SEVERE ] updating countdown to 55101
[00:46:21.998] [SEVERE ] setting player 1 freeze to -2380
[00:46:21.998] [SEVERE ] setting player 2 freeze to -6209
[00:46:22.110] [SEVERE ] updating countdown to 54989
[00:46:22.110] [SEVERE ] setting player 1 freeze to -2492
[00:46:22.110] [SEVERE ] setting player 2 freeze to -6321
[00:46:22.211] [SEVERE ] updating countdown to 54888
[00:46:22.211] [SEVERE ] setting player 1 freeze to -2593
[00:46:22.211] [SEVERE ] setting player 2 freeze to -6422
[00:46:22.326] [SEVERE ] updating countdown to 54773
[00:46:22.326] [SEVERE ] setting player 1 freeze to -2708
[00:46:22.326] [SEVERE ] setting player 2 freeze to -6537
[00:46:22.439] [SEVERE ] updating countdown to 54660
[00:46:22.439] [SEVERE ] setting player 1 freeze to -2821
[00:46:22.439] [SEVERE ] setting player 2 freeze to -6650
[00:46:22.546] [SEVERE ] updating countdown to 54553
[00:46:22.546] [SEVERE ] setting player 1 freeze to -2928
[00:46:22.546] [SEVERE ] setting player 2 freeze to -6757
[00:46:22.651] [SEVERE ] updating countdown to 54448
[00:46:22.651] [SEVERE ] setting player 1 freeze to -3033
[00:46:22.651] [SEVERE ] setting player 2 freeze to -6862
[00:46:22.762] [SEVERE ] updating countdown to 54337
[00:46:22.762] [SEVERE ] setting player 1 freeze to -3144
[00:46:22.762] [SEVERE ] setting player 2 freeze to -6973
[00:46:22.875] [SEVERE ] updating countdown to 54224
[00:46:22.875] [SEVERE ] setting player 1 freeze to -3257
[00:46:22.875] [SEVERE ] setting player 2 freeze to -7086
[00:46:22.988] [SEVERE ] updating countdown to 54111
[00:46:22.988] [SEVERE ] setting player 1 freeze to -3370
[00:46:22.988] [SEVERE ] setting player 2 freeze to -7199
[00:46:23.093] [SEVERE ] updating countdown to 54006
[00:46:23.093] [SEVERE ] setting player 1 freeze to -3475
[00:46:23.093] [SEVERE ] setting player 2 freeze to -7304
[00:46:23.197] [SEVERE ] updating countdown to 53902
[00:46:23.197] [SEVERE ] setting player 1 freeze to -3579
[00:46:23.197] [SEVERE ] setting player 2 freeze to -7408
[00:46:23.312] [SEVERE ] updating countdown to 53787
[00:46:23.312] [SEVERE ] setting player 1 freeze to -3694
[00:46:23.312] [SEVERE ] setting player 2 freeze to -7523
[00:46:23.416] [SEVERE ] updating countdown to 53683
[00:46:23.416] [SEVERE ] setting player 1 freeze to -3798
[00:46:23.416] [SEVERE ] setting player 2 freeze to -7627
[00:46:23.521] [SEVERE ] updating countdown to 53578
[00:46:23.521] [SEVERE ] setting player 1 freeze to -3903
[00:46:23.521] [SEVERE ] setting player 2 freeze to -7732
[00:46:23.637] [SEVERE ] updating countdown to 53462
[00:46:23.637] [SEVERE ] setting player 1 freeze to -4019
[00:46:23.637] [SEVERE ] setting player 2 freeze to -7848
[00:46:23.750] [SEVERE ] updating countdown to 53349
[00:46:23.750] [SEVERE ] setting player 1 freeze to -4132
[00:46:23.750] [SEVERE ] setting player 2 freeze to -7961
[00:46:23.865] [SEVERE ] updating countdown to 53234
[00:46:23.865] [SEVERE ] setting player 1 freeze to -4247
[00:46:23.865] [SEVERE ] setting player 2 freeze to -8076
[00:46:23.929] [SEVERE ] key 69 was pressed by player 1
[00:46:23.977] [SEVERE ] updating countdown to 53122
[00:46:23.977] [SEVERE ] setting player 1 freeze to -4359
[00:46:23.977] [SEVERE ] setting player 2 freeze to -8188
[00:46:24.089] [SEVERE ] updating countdown to 53010
[00:46:24.089] [SEVERE ] setting player 1 freeze to -4471
[00:46:24.089] [SEVERE ] setting player 2 freeze to -8300
[00:46:24.203] [SEVERE ] updating countdown to 52896
[00:46:24.203] [SEVERE ] setting player 1 freeze to -4585
[00:46:24.203] [SEVERE ] setting player 2 freeze to -8414
[00:46:24.313] [SEVERE ] updating countdown to 52786
[00:46:24.313] [SEVERE ] setting player 1 freeze to -4695
[00:46:24.313] [SEVERE ] setting player 2 freeze to -8524
[00:46:24.421] [SEVERE ] updating countdown to 52678
[00:46:24.421] [SEVERE ] setting player 1 freeze to -4803
[00:46:24.421] [SEVERE ] setting player 2 freeze to -8632
[00:46:24.534] [SEVERE ] updating countdown to 52565
[00:46:24.534] [SEVERE ] setting player 1 freeze to -4916
[00:46:24.534] [SEVERE ] setting player 2 freeze to -8745
[00:46:24.638] [SEVERE ] updating countdown to 52461
[00:46:24.638] [SEVERE ] setting player 1 freeze to -5020
[00:46:24.638] [SEVERE ] setting player 2 freeze to -8849
[00:46:24.743] [SEVERE ] updating countdown to 52356
[00:46:24.743] [SEVERE ] setting player 1 freeze to -5125
[00:46:24.743] [SEVERE ] setting player 2 freeze to -8954
[00:46:24.855] [SEVERE ] updating countdown to 52244
[00:46:24.855] [SEVERE ] setting player 1 freeze to -5237
[00:46:24.855] [SEVERE ] setting player 2 freeze to -9066
[00:46:24.959] [SEVERE ] updating countdown to 52140
[00:46:24.959] [SEVERE ] setting player 1 freeze to -5341
[00:46:24.959] [SEVERE ] setting player 2 freeze to -9170
[00:46:25.063] [SEVERE ] updating countdown to 52036
[00:46:25.063] [SEVERE ] setting player 1 freeze to -5445
[00:46:25.063] [SEVERE ] setting player 2 freeze to -9274
[00:46:25.167] [SEVERE ] updating countdown to 51932
[00:46:25.167] [SEVERE ] setting player 1 freeze to -5549
[00:46:25.167] [SEVERE ] setting player 2 freeze to -9378
[00:46:25.280] [SEVERE ] updating countdown to 51819
[00:46:25.280] [SEVERE ] setting player 1 freeze to -5662
[00:46:25.280] [SEVERE ] setting player 2 freeze to -9491
[00:46:25.386] [SEVERE ] updating countdown to 51713
[00:46:25.386] [SEVERE ] setting player 1 freeze to -5768
[00:46:25.386] [SEVERE ] setting player 2 freeze to -9597
[00:46:25.488] [SEVERE ] updating countdown to 51611
[00:46:25.488] [SEVERE ] setting player 1 freeze to -5870
[00:46:25.488] [SEVERE ] setting player 2 freeze to -9699
[00:46:25.600] [SEVERE ] updating countdown to 51499
[00:46:25.600] [SEVERE ] setting player 1 freeze to -5982
[00:46:25.600] [SEVERE ] setting player 2 freeze to -9811
[00:46:25.705] [SEVERE ] updating countdown to 51394
[00:46:25.705] [SEVERE ] setting player 1 freeze to -6087
[00:46:25.705] [SEVERE ] setting player 2 freeze to -9916
[00:46:25.817] [SEVERE ] updating countdown to 51282
[00:46:25.817] [SEVERE ] setting player 1 freeze to -6199
[00:46:25.817] [SEVERE ] setting player 2 freeze to -10028
[00:46:25.921] [SEVERE ] updating countdown to 51178
[00:46:25.921] [SEVERE ] setting player 1 freeze to -6303
[00:46:25.921] [SEVERE ] setting player 2 freeze to -10132
[00:46:26.033] [SEVERE ] updating countdown to 51066
[00:46:26.033] [SEVERE ] setting player 1 freeze to -6415
[00:46:26.033] [SEVERE ] setting player 2 freeze to -10244
[00:46:26.141] [SEVERE ] updating countdown to 50958
[00:46:26.141] [SEVERE ] setting player 1 freeze to -6523
[00:46:26.141] [SEVERE ] setting player 2 freeze to -10352
[00:46:26.253] [SEVERE ] updating countdown to 50846
[00:46:26.253] [SEVERE ] setting player 1 freeze to -6635
[00:46:26.253] [SEVERE ] setting player 2 freeze to -10464
[00:46:26.357] [SEVERE ] updating countdown to 50742
[00:46:26.357] [SEVERE ] setting player 1 freeze to -6739
[00:46:26.357] [SEVERE ] setting player 2 freeze to -10568
[00:46:26.461] [SEVERE ] updating countdown to 50638
[00:46:26.461] [SEVERE ] setting player 1 freeze to -6843
[00:46:26.461] [SEVERE ] setting player 2 freeze to -10672
[00:46:26.565] [SEVERE ] updating countdown to 50534
[00:46:26.565] [SEVERE ] setting player 1 freeze to -6947
[00:46:26.565] [SEVERE ] setting player 2 freeze to -10776
[00:46:26.670] [SEVERE ] updating countdown to 50429
[00:46:26.670] [SEVERE ] setting player 1 freeze to -7052
[00:46:26.670] [SEVERE ] setting player 2 freeze to -10881
[00:46:26.774] [SEVERE ] updating countdown to 50325
[00:46:26.774] [SEVERE ] setting player 1 freeze to -7156
[00:46:26.774] [SEVERE ] setting player 2 freeze to -10985
[00:46:26.879] [SEVERE ] updating countdown to 50220
[00:46:26.879] [SEVERE ] setting player 1 freeze to -7261
[00:46:26.879] [SEVERE ] setting player 2 freeze to -11090
[00:46:26.985] [SEVERE ] updating countdown to 50114
[00:46:26.985] [SEVERE ] setting player 1 freeze to -7367
[00:46:26.985] [SEVERE ] setting player 2 freeze to -11196
[00:46:27.095] [SEVERE ] updating countdown to 50004
[00:46:27.095] [SEVERE ] setting player 1 freeze to -7477
[00:46:27.095] [SEVERE ] setting player 2 freeze to -11306
[00:46:27.198] [SEVERE ] updating countdown to 49901
[00:46:27.198] [SEVERE ] setting player 1 freeze to -7580
[00:46:27.198] [SEVERE ] setting player 2 freeze to -11409
[00:46:27.313] [SEVERE ] updating countdown to 49786
[00:46:27.313] [SEVERE ] setting player 1 freeze to -7695
[00:46:27.313] [SEVERE ] setting player 2 freeze to -11524
[00:46:27.419] [SEVERE ] updating countdown to 49680
[00:46:27.419] [SEVERE ] setting player 1 freeze to -7801
[00:46:27.419] [SEVERE ] setting player 2 freeze to -11630
[00:46:27.536] [SEVERE ] updating countdown to 49563
[00:46:27.536] [SEVERE ] setting player 1 freeze to -7918
[00:46:27.536] [SEVERE ] setting player 2 freeze to -11747
[00:46:27.645] [SEVERE ] updating countdown to 49454
[00:46:27.645] [SEVERE ] setting player 1 freeze to -8027
[00:46:27.645] [SEVERE ] setting player 2 freeze to -11856
[00:46:27.752] [SEVERE ] updating countdown to 49347
[00:46:27.752] [SEVERE ] setting player 1 freeze to -8134
[00:46:27.752] [SEVERE ] setting player 2 freeze to -11963
[00:46:27.860] [SEVERE ] updating countdown to 49239
[00:46:27.861] [SEVERE ] setting player 1 freeze to -8243
[00:46:27.861] [SEVERE ] setting player 2 freeze to -12072
[00:46:27.969] [SEVERE ] updating countdown to 49130
[00:46:27.969] [SEVERE ] setting player 1 freeze to -8351
[00:46:27.969] [SEVERE ] setting player 2 freeze to -12180
[00:46:28.078] [SEVERE ] updating countdown to 49021
[00:46:28.078] [SEVERE ] setting player 1 freeze to -8460
[00:46:28.078] [SEVERE ] setting player 2 freeze to -12289
[00:46:28.192] [SEVERE ] updating countdown to 48907
[00:46:28.192] [SEVERE ] setting player 1 freeze to -8574
[00:46:28.192] [SEVERE ] setting player 2 freeze to -12403
[00:46:28.300] [SEVERE ] updating countdown to 48799
[00:46:28.301] [SEVERE ] setting player 1 freeze to -8683
[00:46:28.301] [SEVERE ] setting player 2 freeze to -12512
[00:46:28.407] [SEVERE ] updating countdown to 48692
[00:46:28.407] [SEVERE ] setting player 1 freeze to -8789
[00:46:28.407] [SEVERE ] setting player 2 freeze to -12618
[00:46:28.517] [SEVERE ] updating countdown to 48582
[00:46:28.518] [SEVERE ] setting player 1 freeze to -8900
[00:46:28.518] [SEVERE ] setting player 2 freeze to -12729
[00:46:28.625] [SEVERE ] updating countdown to 48474
[00:46:28.625] [SEVERE ] setting player 1 freeze to -9007
[00:46:28.625] [SEVERE ] setting player 2 freeze to -12836
[00:46:28.729] [SEVERE ] updating countdown to 48370
[00:46:28.729] [SEVERE ] setting player 1 freeze to -9111
[00:46:28.729] [SEVERE ] setting player 2 freeze to -12940
[00:46:28.838] [SEVERE ] updating countdown to 48261
[00:46:28.838] [SEVERE ] setting player 1 freeze to -9220
[00:46:28.838] [SEVERE ] setting player 2 freeze to -13049
[00:46:28.945] [SEVERE ] updating countdown to 48154
[00:46:28.945] [SEVERE ] setting player 1 freeze to -9327
[00:46:28.945] [SEVERE ] setting player 2 freeze to -13156
[00:46:29.047] [SEVERE ] updating countdown to 48052
[00:46:29.047] [SEVERE ] setting player 1 freeze to -9429
[00:46:29.047] [SEVERE ] setting player 2 freeze to -13258
[00:46:29.155] [SEVERE ] updating countdown to 47944
[00:46:29.156] [SEVERE ] setting player 1 freeze to -9538
[00:46:29.156] [SEVERE ] setting player 2 freeze to -13367
[00:46:29.265] [SEVERE ] updating countdown to 47834
[00:46:29.265] [SEVERE ] setting player 1 freeze to -9647
[00:46:29.265] [SEVERE ] setting player 2 freeze to -13476
[00:46:29.373] [SEVERE ] updating countdown to 47726
[00:46:29.373] [SEVERE ] setting player 1 freeze to -9755
[00:46:29.373] [SEVERE ] setting player 2 freeze to -13584
[00:46:29.485] [SEVERE ] updating countdown to 47614
[00:46:29.485] [SEVERE ] setting player 1 freeze to -9867
[00:46:29.485] [SEVERE ] setting player 2 freeze to -13696
[00:46:29.598] [SEVERE ] updating countdown to 47501
[00:46:29.598] [SEVERE ] setting player 1 freeze to -9980
[00:46:29.598] [SEVERE ] setting player 2 freeze to -13809
[00:46:29.713] [SEVERE ] updating countdown to 47386
[00:46:29.713] [SEVERE ] setting player 1 freeze to -10095
[00:46:29.713] [SEVERE ] setting player 2 freeze to -13924
[00:46:29.821] [SEVERE ] updating countdown to 47278
[00:46:29.821] [SEVERE ] setting player 1 freeze to -10203
[00:46:29.821] [SEVERE ] setting player 2 freeze to -14032
[00:46:29.922] [SEVERE ] updating countdown to 47177
[00:46:29.922] [SEVERE ] setting player 1 freeze to -10304
[00:46:29.922] [SEVERE ] setting player 2 freeze to -14133
[00:46:30.034] [SEVERE ] updating countdown to 47065
[00:46:30.034] [SEVERE ] setting player 1 freeze to -10416
[00:46:30.034] [SEVERE ] setting player 2 freeze to -14245
[00:46:30.147] [SEVERE ] updating countdown to 46952
[00:46:30.147] [SEVERE ] setting player 1 freeze to -10529
[00:46:30.147] [SEVERE ] setting player 2 freeze to -14358
[00:46:30.254] [SEVERE ] updating countdown to 46845
[00:46:30.254] [SEVERE ] setting player 1 freeze to -10636
[00:46:30.254] [SEVERE ] setting player 2 freeze to -14465
[00:46:30.370] [SEVERE ] updating countdown to 46729
[00:46:30.370] [SEVERE ] setting player 1 freeze to -10752
[00:46:30.370] [SEVERE ] setting player 2 freeze to -14581
[00:46:30.477] [SEVERE ] updating countdown to 46622
[00:46:30.477] [SEVERE ] setting player 1 freeze to -10859
[00:46:30.477] [SEVERE ] setting player 2 freeze to -14688
[00:46:30.582] [SEVERE ] updating countdown to 46517
[00:46:30.582] [SEVERE ] setting player 1 freeze to -10964
[00:46:30.582] [SEVERE ] setting player 2 freeze to -14793
[00:46:30.685] [SEVERE ] updating countdown to 46414
[00:46:30.685] [SEVERE ] setting player 1 freeze to -11067
[00:46:30.685] [SEVERE ] setting player 2 freeze to -14896
[00:46:30.794] [SEVERE ] updating countdown to 46305
[00:46:30.794] [SEVERE ] setting player 1 freeze to -11176
[00:46:30.794] [SEVERE ] setting player 2 freeze to -15005
[00:46:30.898] [SEVERE ] updating countdown to 46201
[00:46:30.898] [SEVERE ] setting player 1 freeze to -11280
[00:46:30.898] [SEVERE ] setting player 2 freeze to -15109
[00:46:31.000] [SEVERE ] updating countdown to 46099
[00:46:31.000] [SEVERE ] setting player 1 freeze to -11382
[00:46:31.000] [SEVERE ] setting player 2 freeze to -15211
[00:46:31.105] [SEVERE ] updating countdown to 45994
[00:46:31.105] [SEVERE ] setting player 1 freeze to -11487
[00:46:31.105] [SEVERE ] setting player 2 freeze to -15316
[00:46:31.218] [SEVERE ] updating countdown to 45881
[00:46:31.218] [SEVERE ] setting player 1 freeze to -11600
[00:46:31.218] [SEVERE ] setting player 2 freeze to -15429
[00:46:31.326] [SEVERE ] updating countdown to 45773
[00:46:31.326] [SEVERE ] setting player 1 freeze to -11708
[00:46:31.326] [SEVERE ] setting player 2 freeze to -15537
[00:46:31.441] [SEVERE ] updating countdown to 45658
[00:46:31.441] [SEVERE ] setting player 1 freeze to -11823
[00:46:31.441] [SEVERE ] setting player 2 freeze to -15652
[00:46:31.554] [SEVERE ] updating countdown to 45545
[00:46:31.554] [SEVERE ] setting player 1 freeze to -11936
[00:46:31.554] [SEVERE ] setting player 2 freeze to -15765
[00:46:31.659] [SEVERE ] updating countdown to 45440
[00:46:31.659] [SEVERE ] setting player 1 freeze to -12041
[00:46:31.659] [SEVERE ] setting player 2 freeze to -15870
[00:46:31.766] [SEVERE ] updating countdown to 45333
[00:46:31.766] [SEVERE ] setting player 1 freeze to -12148
[00:46:31.766] [SEVERE ] setting player 2 freeze to -15977
[00:46:31.880] [SEVERE ] updating countdown to 45219
[00:46:31.880] [SEVERE ] setting player 1 freeze to -12262
[00:46:31.880] [SEVERE ] setting player 2 freeze to -16091
[00:46:31.988] [SEVERE ] updating countdown to 45111
[00:46:31.988] [SEVERE ] setting player 1 freeze to -12370
[00:46:31.988] [SEVERE ] setting player 2 freeze to -16199
[00:46:32.098] [SEVERE ] updating countdown to 45001
[00:46:32.098] [SEVERE ] setting player 1 freeze to -12480
[00:46:32.098] [SEVERE ] setting player 2 freeze to -16309
[00:46:32.199] [SEVERE ] updating countdown to 44900
[00:46:32.199] [SEVERE ] setting player 1 freeze to -12581
[00:46:32.199] [SEVERE ] setting player 2 freeze to -16410
[00:46:32.302] [SEVERE ] updating countdown to 44797
[00:46:32.302] [SEVERE ] setting player 1 freeze to -12684
[00:46:32.302] [SEVERE ] setting player 2 freeze to -16513
[00:46:32.403] [SEVERE ] updating countdown to 44696
[00:46:32.403] [SEVERE ] setting player 1 freeze to -12785
[00:46:32.403] [SEVERE ] setting player 2 freeze to -16614
[00:46:32.515] [SEVERE ] updating countdown to 44584
[00:46:32.515] [SEVERE ] setting player 1 freeze to -12897
[00:46:32.515] [SEVERE ] setting player 2 freeze to -16726
[00:46:32.621] [SEVERE ] updating countdown to 44478
[00:46:32.622] [SEVERE ] setting player 1 freeze to -13004
[00:46:32.622] [SEVERE ] setting player 2 freeze to -16833
[00:46:32.727] [SEVERE ] updating countdown to 44372
[00:46:32.727] [SEVERE ] setting player 1 freeze to -13109
[00:46:32.727] [SEVERE ] setting player 2 freeze to -16938
[00:46:32.829] [SEVERE ] updating countdown to 44270
[00:46:32.829] [SEVERE ] setting player 1 freeze to -13211
[00:46:32.829] [SEVERE ] setting player 2 freeze to -17040
[00:46:32.944] [SEVERE ] updating countdown to 44155
[00:46:32.944] [SEVERE ] setting player 1 freeze to -13326
[00:46:32.944] [SEVERE ] setting player 2 freeze to -17155
[00:46:33.049] [SEVERE ] updating countdown to 44050
[00:46:33.049] [SEVERE ] setting player 1 freeze to -13431
[00:46:33.049] [SEVERE ] setting player 2 freeze to -17260
[00:46:33.163] [SEVERE ] updating countdown to 43936
[00:46:33.164] [SEVERE ] setting player 1 freeze to -13546
[00:46:33.164] [SEVERE ] setting player 2 freeze to -17375
[00:46:33.279] [SEVERE ] updating countdown to 43820
[00:46:33.279] [SEVERE ] setting player 1 freeze to -13661
[00:46:33.279] [SEVERE ] setting player 2 freeze to -17490
[00:46:33.391] [SEVERE ] updating countdown to 43708
[00:46:33.391] [SEVERE ] setting player 1 freeze to -13773
[00:46:33.391] [SEVERE ] setting player 2 freeze to -17602
[00:46:33.494] [SEVERE ] updating countdown to 43605
[00:46:33.494] [SEVERE ] setting player 1 freeze to -13876
[00:46:33.494] [SEVERE ] setting player 2 freeze to -17705
[00:46:33.598] [SEVERE ] updating countdown to 43501
[00:46:33.599] [SEVERE ] setting player 1 freeze to -13981
[00:46:33.599] [SEVERE ] setting player 2 freeze to -17810
[00:46:33.713] [SEVERE ] updating countdown to 43386
[00:46:33.713] [SEVERE ] setting player 1 freeze to -14095
[00:46:33.713] [SEVERE ] setting player 2 freeze to -17924
[00:46:33.826] [SEVERE ] updating countdown to 43273
[00:46:33.826] [SEVERE ] setting player 1 freeze to -14208
[00:46:33.826] [SEVERE ] setting player 2 freeze to -18037
[00:46:33.935] [SEVERE ] updating countdown to 43164
[00:46:33.936] [SEVERE ] setting player 1 freeze to -14318
[00:46:33.936] [SEVERE ] setting player 2 freeze to -18147
[00:46:34.044] [SEVERE ] updating countdown to 43055
[00:46:34.044] [SEVERE ] setting player 1 freeze to -14426
[00:46:34.044] [SEVERE ] setting player 2 freeze to -18255
[00:46:34.151] [SEVERE ] updating countdown to 42948
[00:46:34.151] [SEVERE ] setting player 1 freeze to -14533
[00:46:34.151] [SEVERE ] setting player 2 freeze to -18362
[00:46:34.259] [SEVERE ] updating countdown to 42840
[00:46:34.259] [SEVERE ] setting player 1 freeze to -14641
[00:46:34.259] [SEVERE ] setting player 2 freeze to -18470
[00:46:34.366] [SEVERE ] updating countdown to 42733
[00:46:34.366] [SEVERE ] setting player 1 freeze to -14748
[00:46:34.366] [SEVERE ] setting player 2 freeze to -18577
[00:46:34.477] [SEVERE ] updating countdown to 42622
[00:46:34.477] [SEVERE ] setting player 1 freeze to -14859
[00:46:34.477] [SEVERE ] setting player 2 freeze to -18688
[00:46:34.584] [SEVERE ] updating countdown to 42515
[00:46:34.584] [SEVERE ] setting player 1 freeze to -14966
[00:46:34.584] [SEVERE ] setting player 2 freeze to -18795
[00:46:34.691] [SEVERE ] updating countdown to 42408
[00:46:34.691] [SEVERE ] setting player 1 freeze to -15073
[00:46:34.691] [SEVERE ] setting player 2 freeze to -18902
[00:46:34.800] [SEVERE ] updating countdown to 42299
[00:46:34.800] [SEVERE ] setting player 1 freeze to -15182
[00:46:34.800] [SEVERE ] setting player 2 freeze to -19011
[00:46:34.907] [SEVERE ] updating countdown to 42192
[00:46:34.907] [SEVERE ] setting player 1 freeze to -15289
[00:46:34.907] [SEVERE ] setting player 2 freeze to -19118
[00:46:35.015] [SEVERE ] updating countdown to 42084
[00:46:35.015] [SEVERE ] setting player 1 freeze to -15397
[00:46:35.015] [SEVERE ] setting player 2 freeze to -19226
[00:46:35.115] [SEVERE ] updating countdown to 41984
[00:46:35.115] [SEVERE ] setting player 1 freeze to -15497
[00:46:35.115] [SEVERE ] setting player 2 freeze to -19326
[00:46:35.223] [SEVERE ] updating countdown to 41876
[00:46:35.224] [SEVERE ] setting player 1 freeze to -15606
[00:46:35.224] [SEVERE ] setting player 2 freeze to -19435
[00:46:35.330] [SEVERE ] updating countdown to 41769
[00:46:35.330] [SEVERE ] setting player 1 freeze to -15712
[00:46:35.330] [SEVERE ] setting player 2 freeze to -19541
[00:46:35.442] [SEVERE ] updating countdown to 41657
[00:46:35.442] [SEVERE ] setting player 1 freeze to -15824
[00:46:35.442] [SEVERE ] setting player 2 freeze to -19653
[00:46:35.549] [SEVERE ] updating countdown to 41550
[00:46:35.549] [SEVERE ] setting player 1 freeze to -15931
[00:46:35.549] [SEVERE ] setting player 2 freeze to -19760
[00:46:35.654] [SEVERE ] updating countdown to 41445
[00:46:35.654] [SEVERE ] setting player 1 freeze to -16036
[00:46:35.654] [SEVERE ] setting player 2 freeze to -19865
[00:46:35.766] [SEVERE ] updating countdown to 41333
[00:46:35.766] [SEVERE ] setting player 1 freeze to -16148
[00:46:35.766] [SEVERE ] setting player 2 freeze to -19977
[00:46:35.878] [SEVERE ] updating countdown to 41221
[00:46:35.878] [SEVERE ] setting player 1 freeze to -16260
[00:46:35.878] [SEVERE ] setting player 2 freeze to -20089
[00:46:35.990] [SEVERE ] updating countdown to 41109
[00:46:35.990] [SEVERE ] setting player 1 freeze to -16372
[00:46:35.990] [SEVERE ] setting player 2 freeze to -20201
[00:46:36.094] [SEVERE ] updating countdown to 41005
[00:46:36.094] [SEVERE ] setting player 1 freeze to -16476
[00:46:36.094] [SEVERE ] setting player 2 freeze to -20305
[00:46:36.206] [SEVERE ] updating countdown to 40893
[00:46:36.206] [SEVERE ] setting player 1 freeze to -16588
[00:46:36.206] [SEVERE ] setting player 2 freeze to -20417
[00:46:36.311] [SEVERE ] updating countdown to 40788
[00:46:36.311] [SEVERE ] setting player 1 freeze to -16693
[00:46:36.311] [SEVERE ] setting player 2 freeze to -20522
[00:46:36.423] [SEVERE ] updating countdown to 40676
[00:46:36.423] [SEVERE ] setting player 1 freeze to -16805
[00:46:36.423] [SEVERE ] setting player 2 freeze to -20634
[00:46:36.527] [SEVERE ] updating countdown to 40572
[00:46:36.527] [SEVERE ] setting player 1 freeze to -16909
[00:46:36.527] [SEVERE ] setting player 2 freeze to -20738
[00:46:36.631] [SEVERE ] updating countdown to 40468
[00:46:36.631] [SEVERE ] setting player 1 freeze to -17013
[00:46:36.631] [SEVERE ] setting player 2 freeze to -20842
[00:46:36.737] [SEVERE ] updating countdown to 40362
[00:46:36.737] [SEVERE ] setting player 1 freeze to -17119
[00:46:36.737] [SEVERE ] setting player 2 freeze to -20948
[00:46:36.849] [SEVERE ] updating countdown to 40250
[00:46:36.849] [SEVERE ] setting player 1 freeze to -17231
[00:46:36.849] [SEVERE ] setting player 2 freeze to -21060
[00:46:36.962] [SEVERE ] updating countdown to 40137
[00:46:36.962] [SEVERE ] setting player 1 freeze to -17344
[00:46:36.962] [SEVERE ] setting player 2 freeze to -21173
[00:46:37.074] [SEVERE ] updating countdown to 40025
[00:46:37.074] [SEVERE ] setting player 1 freeze to -17456
[00:46:37.074] [SEVERE ] setting player 2 freeze to -21285
[00:46:37.188] [SEVERE ] updating countdown to 39911
[00:46:37.188] [SEVERE ] setting player 1 freeze to -17570
[00:46:37.188] [SEVERE ] setting player 2 freeze to -21399
[00:46:37.289] [SEVERE ] updating countdown to 39810
[00:46:37.289] [SEVERE ] setting player 1 freeze to -17671
[00:46:37.289] [SEVERE ] setting player 2 freeze to -21500
[00:46:37.389] [SEVERE ] updating countdown to 39710
[00:46:37.389] [SEVERE ] setting player 1 freeze to -17771
[00:46:37.389] [SEVERE ] setting player 2 freeze to -21600
[00:46:37.501] [SEVERE ] updating countdown to 39598
[00:46:37.501] [SEVERE ] setting player 1 freeze to -17883
[00:46:37.501] [SEVERE ] setting player 2 freeze to -21712
[00:46:37.608] [SEVERE ] updating countdown to 39491
[00:46:37.608] [SEVERE ] setting player 1 freeze to -17990
[00:46:37.608] [SEVERE ] setting player 2 freeze to -21819
[00:46:37.722] [SEVERE ] updating countdown to 39377
[00:46:37.722] [SEVERE ] setting player 1 freeze to -18104
[00:46:37.722] [SEVERE ] setting player 2 freeze to -21933
[00:46:37.827] [SEVERE ] updating countdown to 39272
[00:46:37.827] [SEVERE ] setting player 1 freeze to -18209
[00:46:37.827] [SEVERE ] setting player 2 freeze to -22038
[00:46:37.940] [SEVERE ] updating countdown to 39159
[00:46:37.940] [SEVERE ] setting player 1 freeze to -18322
[00:46:37.940] [SEVERE ] setting player 2 freeze to -22151
[00:46:38.053] [SEVERE ] updating countdown to 39046
[00:46:38.053] [SEVERE ] setting player 1 freeze to -18435
[00:46:38.053] [SEVERE ] setting player 2 freeze to -22264
[00:46:38.165] [SEVERE ] updating countdown to 38934
[00:46:38.165] [SEVERE ] setting player 1 freeze to -18547
[00:46:38.165] [SEVERE ] setting player 2 freeze to -22376
[00:46:38.279] [SEVERE ] updating countdown to 38820
[00:46:38.279] [SEVERE ] setting player 1 freeze to -18661
[00:46:38.279] [SEVERE ] setting player 2 freeze to -22490
[00:46:38.390] [SEVERE ] updating countdown to 38709
[00:46:38.390] [SEVERE ] setting player 1 freeze to -18772
[00:46:38.390] [SEVERE ] setting player 2 freeze to -22601
[00:46:38.504] [SEVERE ] updating countdown to 38595
[00:46:38.504] [SEVERE ] setting player 1 freeze to -18886
[00:46:38.504] [SEVERE ] setting player 2 freeze to -22715
[00:46:38.616] [SEVERE ] updating countdown to 38483
[00:46:38.616] [SEVERE ] setting player 1 freeze to -18998
[00:46:38.616] [SEVERE ] setting player 2 freeze to -22827
[00:46:38.720] [SEVERE ] updating countdown to 38379
[00:46:38.720] [SEVERE ] setting player 1 freeze to -19102
[00:46:38.720] [SEVERE ] setting player 2 freeze to -22931
[00:46:38.825] [SEVERE ] updating countdown to 38274
[00:46:38.825] [SEVERE ] setting player 1 freeze to -19207
[00:46:38.825] [SEVERE ] setting player 2 freeze to -23036
[00:46:38.938] [SEVERE ] updating countdown to 38161
[00:46:38.938] [SEVERE ] setting player 1 freeze to -19320
[00:46:38.938] [SEVERE ] setting player 2 freeze to -23149
[00:46:39.051] [SEVERE ] updating countdown to 38048
[00:46:39.051] [SEVERE ] setting player 1 freeze to -19433
[00:46:39.051] [SEVERE ] setting player 2 freeze to -23262
[00:46:39.163] [SEVERE ] updating countdown to 37936
[00:46:39.163] [SEVERE ] setting player 1 freeze to -19545
[00:46:39.163] [SEVERE ] setting player 2 freeze to -23374
[00:46:39.274] [SEVERE ] updating countdown to 37825
[00:46:39.274] [SEVERE ] setting player 1 freeze to -19656
[00:46:39.274] [SEVERE ] setting player 2 freeze to -23485
[00:46:39.385] [SEVERE ] updating countdown to 37714
[00:46:39.385] [SEVERE ] setting player 1 freeze to -19767
[00:46:39.385] [SEVERE ] setting player 2 freeze to -23596
[00:46:39.499] [SEVERE ] updating countdown to 37600
[00:46:39.499] [SEVERE ] setting player 1 freeze to -19881
[00:46:39.499] [SEVERE ] setting player 2 freeze to -23710
[00:46:39.611] [SEVERE ] updating countdown to 37488
[00:46:39.611] [SEVERE ] setting player 1 freeze to -19993
[00:46:39.611] [SEVERE ] setting player 2 freeze to -23822
[00:46:39.712] [SEVERE ] updating countdown to 37387
[00:46:39.712] [SEVERE ] setting player 1 freeze to -20094
[00:46:39.712] [SEVERE ] setting player 2 freeze to -23923
[00:46:39.818] [SEVERE ] updating countdown to 37281
[00:46:39.818] [SEVERE ] setting player 1 freeze to -20200
[00:46:39.819] [SEVERE ] setting player 2 freeze to -24030
[00:46:39.933] [SEVERE ] updating countdown to 37166
[00:46:39.933] [SEVERE ] setting player 1 freeze to -20315
[00:46:39.933] [SEVERE ] setting player 2 freeze to -24144
[00:46:40.045] [SEVERE ] updating countdown to 37054
[00:46:40.045] [SEVERE ] setting player 1 freeze to -20427
[00:46:40.045] [SEVERE ] setting player 2 freeze to -24256
[00:46:40.149] [SEVERE ] updating countdown to 36950
[00:46:40.149] [SEVERE ] setting player 1 freeze to -20531
[00:46:40.149] [SEVERE ] setting player 2 freeze to -24360
[00:46:40.258] [SEVERE ] updating countdown to 36841
[00:46:40.258] [SEVERE ] setting player 1 freeze to -20640
[00:46:40.258] [SEVERE ] setting player 2 freeze to -24469
[00:46:40.362] [SEVERE ] updating countdown to 36737
[00:46:40.362] [SEVERE ] setting player 1 freeze to -20744
[00:46:40.362] [SEVERE ] setting player 2 freeze to -24573
[00:46:40.465] [SEVERE ] updating countdown to 36634
[00:46:40.465] [SEVERE ] setting player 1 freeze to -20847
[00:46:40.465] [SEVERE ] setting player 2 freeze to -24676
[00:46:40.578] [SEVERE ] updating countdown to 36521
[00:46:40.578] [SEVERE ] setting player 1 freeze to -20960
[00:46:40.578] [SEVERE ] setting player 2 freeze to -24789
[00:46:40.690] [SEVERE ] updating countdown to 36409
[00:46:40.690] [SEVERE ] setting player 1 freeze to -21072
[00:46:40.690] [SEVERE ] setting player 2 freeze to -24901
[00:46:40.795] [SEVERE ] updating countdown to 36304
[00:46:40.795] [SEVERE ] setting player 1 freeze to -21177
[00:46:40.795] [SEVERE ] setting player 2 freeze to -25006
[00:46:40.907] [SEVERE ] updating countdown to 36192
[00:46:40.907] [SEVERE ] setting player 1 freeze to -21289
[00:46:40.907] [SEVERE ] setting player 2 freeze to -25118
[00:46:41.020] [SEVERE ] updating countdown to 36079
[00:46:41.020] [SEVERE ] setting player 1 freeze to -21402
[00:46:41.020] [SEVERE ] setting player 2 freeze to -25231
[00:46:41.132] [SEVERE ] updating countdown to 35967
[00:46:41.132] [SEVERE ] setting player 1 freeze to -21514
[00:46:41.132] [SEVERE ] setting player 2 freeze to -25343
[00:46:41.245] [SEVERE ] updating countdown to 35854
[00:46:41.245] [SEVERE ] setting player 1 freeze to -21627
[00:46:41.245] [SEVERE ] setting player 2 freeze to -25456
[00:46:41.357] [SEVERE ] updating countdown to 35742
[00:46:41.357] [SEVERE ] setting player 1 freeze to -21739
[00:46:41.357] [SEVERE ] setting player 2 freeze to -25568
[00:46:41.462] [SEVERE ] updating countdown to 35637
[00:46:41.462] [SEVERE ] setting player 1 freeze to -21844
[00:46:41.462] [SEVERE ] setting player 2 freeze to -25673
[00:46:41.574] [SEVERE ] updating countdown to 35525
[00:46:41.574] [SEVERE ] setting player 1 freeze to -21956
[00:46:41.574] [SEVERE ] setting player 2 freeze to -25785
[00:46:41.687] [SEVERE ] updating countdown to 35412
[00:46:41.687] [SEVERE ] setting player 1 freeze to -22069
[00:46:41.687] [SEVERE ] setting player 2 freeze to -25898
[00:46:41.800] [SEVERE ] updating countdown to 35299
[00:46:41.800] [SEVERE ] setting player 1 freeze to -22182
[00:46:41.800] [SEVERE ] setting player 2 freeze to -26011
[00:46:41.905] [SEVERE ] updating countdown to 35194
[00:46:41.905] [SEVERE ] setting player 1 freeze to -22287
[00:46:41.905] [SEVERE ] setting player 2 freeze to -26116
[00:46:42.010] [SEVERE ] updating countdown to 35089
[00:46:42.010] [SEVERE ] setting player 1 freeze to -22392
[00:46:42.010] [SEVERE ] setting player 2 freeze to -26221
[00:46:42.119] [SEVERE ] updating countdown to 34980
[00:46:42.119] [SEVERE ] setting player 1 freeze to -22501
[00:46:42.119] [SEVERE ] setting player 2 freeze to -26330
[00:46:42.228] [SEVERE ] updating countdown to 34871
[00:46:42.228] [SEVERE ] setting player 1 freeze to -22610
[00:46:42.228] [SEVERE ] setting player 2 freeze to -26439
[00:46:42.338] [SEVERE ] updating countdown to 34761
[00:46:42.338] [SEVERE ] setting player 1 freeze to -22720
[00:46:42.338] [SEVERE ] setting player 2 freeze to -26549
[00:46:42.446] [SEVERE ] updating countdown to 34653
[00:46:42.446] [SEVERE ] setting player 1 freeze to -22828
[00:46:42.446] [SEVERE ] setting player 2 freeze to -26657
[00:46:42.558] [SEVERE ] updating countdown to 34541
[00:46:42.558] [SEVERE ] setting player 1 freeze to -22940
[00:46:42.558] [SEVERE ] setting player 2 freeze to -26769
[00:46:42.662] [SEVERE ] updating countdown to 34437
[00:46:42.662] [SEVERE ] setting player 1 freeze to -23044
[00:46:42.662] [SEVERE ] setting player 2 freeze to -26873
[00:46:42.774] [SEVERE ] updating countdown to 34325
[00:46:42.774] [SEVERE ] setting player 1 freeze to -23156
[00:46:42.774] [SEVERE ] setting player 2 freeze to -26985
[00:46:42.879] [SEVERE ] updating countdown to 34220
[00:46:42.879] [SEVERE ] setting player 1 freeze to -23261
[00:46:42.879] [SEVERE ] setting player 2 freeze to -27090
[00:46:42.986] [SEVERE ] updating countdown to 34113
[00:46:42.986] [SEVERE ] setting player 1 freeze to -23368
[00:46:42.986] [SEVERE ] setting player 2 freeze to -27197
[00:46:43.092] [SEVERE ] updating countdown to 34007
[00:46:43.092] [SEVERE ] setting player 1 freeze to -23474
[00:46:43.092] [SEVERE ] setting player 2 freeze to -27303
[00:46:43.204] [SEVERE ] updating countdown to 33895
[00:46:43.204] [SEVERE ] setting player 1 freeze to -23586
[00:46:43.204] [SEVERE ] setting player 2 freeze to -27415
[00:46:43.308] [SEVERE ] updating countdown to 33791
[00:46:43.308] [SEVERE ] setting player 1 freeze to -23690
[00:46:43.308] [SEVERE ] setting player 2 freeze to -27519
[00:46:43.420] [SEVERE ] updating countdown to 33679
[00:46:43.420] [SEVERE ] setting player 1 freeze to -23802
[00:46:43.420] [SEVERE ] setting player 2 freeze to -27631
[00:46:43.524] [SEVERE ] updating countdown to 33575
[00:46:43.524] [SEVERE ] setting player 1 freeze to -23906
[00:46:43.524] [SEVERE ] setting player 2 freeze to -27735
[00:46:43.636] [SEVERE ] updating countdown to 33463
[00:46:43.636] [SEVERE ] setting player 1 freeze to -24018
[00:46:43.636] [SEVERE ] setting player 2 freeze to -27847
[00:46:43.742] [SEVERE ] updating countdown to 33357
[00:46:43.742] [SEVERE ] setting player 1 freeze to -24124
[00:46:43.742] [SEVERE ] setting player 2 freeze to -27953
[00:46:43.848] [SEVERE ] updating countdown to 33251
[00:46:43.848] [SEVERE ] setting player 1 freeze to -24230
[00:46:43.848] [SEVERE ] setting player 2 freeze to -28059
[00:46:43.960] [SEVERE ] updating countdown to 33139
[00:46:43.960] [SEVERE ] setting player 1 freeze to -24342
[00:46:43.960] [SEVERE ] setting player 2 freeze to -28171
[00:46:44.073] [SEVERE ] updating countdown to 33026
[00:46:44.073] [SEVERE ] setting player 1 freeze to -24455
[00:46:44.073] [SEVERE ] setting player 2 freeze to -28284
[00:46:44.177] [SEVERE ] updating countdown to 32922
[00:46:44.177] [SEVERE ] setting player 1 freeze to -24559
[00:46:44.177] [SEVERE ] setting player 2 freeze to -28388
[00:46:44.283] [SEVERE ] updating countdown to 32816
[00:46:44.283] [SEVERE ] setting player 1 freeze to -24665
[00:46:44.283] [SEVERE ] setting player 2 freeze to -28494
[00:46:44.395] [SEVERE ] updating countdown to 32704
[00:46:44.395] [SEVERE ] setting player 1 freeze to -24777
[00:46:44.395] [SEVERE ] setting player 2 freeze to -28606
[00:46:44.500] [SEVERE ] updating countdown to 32599
[00:46:44.500] [SEVERE ] setting player 1 freeze to -24882
[00:46:44.500] [SEVERE ] setting player 2 freeze to -28711
[00:46:44.604] [SEVERE ] updating countdown to 32495
[00:46:44.604] [SEVERE ] setting player 1 freeze to -24986
[00:46:44.604] [SEVERE ] setting player 2 freeze to -28815
[00:46:44.708] [SEVERE ] updating countdown to 32391
[00:46:44.708] [SEVERE ] setting player 1 freeze to -25090
[00:46:44.708] [SEVERE ] setting player 2 freeze to -28919
[00:46:44.816] [SEVERE ] updating countdown to 32283
[00:46:44.816] [SEVERE ] setting player 1 freeze to -25198
[00:46:44.816] [SEVERE ] setting player 2 freeze to -29027
[00:46:44.922] [SEVERE ] updating countdown to 32177
[00:46:44.922] [SEVERE ] setting player 1 freeze to -25304
[00:46:44.922] [SEVERE ] setting player 2 freeze to -29133
[00:46:45.032] [SEVERE ] updating countdown to 32067
[00:46:45.032] [SEVERE ] setting player 1 freeze to -25414
[00:46:45.032] [SEVERE ] setting player 2 freeze to -29243
[00:46:45.133] [SEVERE ] updating countdown to 31966
[00:46:45.134] [SEVERE ] setting player 1 freeze to -25516
[00:46:45.134] [SEVERE ] setting player 2 freeze to -29345
[00:46:45.247] [SEVERE ] updating countdown to 31852
[00:46:45.247] [SEVERE ] setting player 1 freeze to -25629
[00:46:45.247] [SEVERE ] setting player 2 freeze to -29458
[00:46:45.365] [SEVERE ] updating countdown to 31734
[00:46:45.365] [SEVERE ] setting player 1 freeze to -25747
[00:46:45.365] [SEVERE ] setting player 2 freeze to -29576
[00:46:45.469] [SEVERE ] updating countdown to 31630
[00:46:45.469] [SEVERE ] setting player 1 freeze to -25851
[00:46:45.469] [SEVERE ] setting player 2 freeze to -29680
[00:46:45.571] [SEVERE ] updating countdown to 31528
[00:46:45.571] [SEVERE ] setting player 1 freeze to -25953
[00:46:45.571] [SEVERE ] setting player 2 freeze to -29782
[00:46:45.681] [SEVERE ] updating countdown to 31418
[00:46:45.681] [SEVERE ] setting player 1 freeze to -26063
[00:46:45.681] [SEVERE ] setting player 2 freeze to -29892
[00:46:45.796] [SEVERE ] updating countdown to 31303
[00:46:45.796] [SEVERE ] setting player 1 freeze to -26178
[00:46:45.796] [SEVERE ] setting player 2 freeze to -30007
[00:46:45.904] [SEVERE ] updating countdown to 31195
[00:46:45.904] [SEVERE ] setting player 1 freeze to -26286
[00:46:45.904] [SEVERE ] setting player 2 freeze to -30115
[00:46:46.007] [SEVERE ] updating countdown to 31092
[00:46:46.007] [SEVERE ] setting player 1 freeze to -26389
[00:46:46.007] [SEVERE ] setting player 2 freeze to -30218
[00:46:46.111] [SEVERE ] updating countdown to 30988
[00:46:46.111] [SEVERE ] setting player 1 freeze to -26493
[00:46:46.111] [SEVERE ] setting player 2 freeze to -30322
[00:46:46.227] [SEVERE ] updating countdown to 30872
[00:46:46.227] [SEVERE ] setting player 1 freeze to -26609
[00:46:46.227] [SEVERE ] setting player 2 freeze to -30438
[00:46:46.329] [SEVERE ] updating countdown to 30770
[00:46:46.329] [SEVERE ] setting player 1 freeze to -26711
[00:46:46.329] [SEVERE ] setting player 2 freeze to -30540
[00:46:46.439] [SEVERE ] updating countdown to 30660
[00:46:46.439] [SEVERE ] setting player 1 freeze to -26821
[00:46:46.439] [SEVERE ] setting player 2 freeze to -30650
[00:46:46.561] [SEVERE ] updating countdown to 30538
[00:46:46.561] [SEVERE ] setting player 1 freeze to -26943
[00:46:46.561] [SEVERE ] setting player 2 freeze to -30772
[00:46:46.674] [SEVERE ] updating countdown to 30425
[00:46:46.674] [SEVERE ] setting player 1 freeze to -27056
[00:46:46.674] [SEVERE ] setting player 2 freeze to -30885
[00:46:46.786] [SEVERE ] updating countdown to 30313
[00:46:46.786] [SEVERE ] setting player 1 freeze to -27168
[00:46:46.786] [SEVERE ] setting player 2 freeze to -30997
[00:46:46.894] [SEVERE ] updating countdown to 30205
[00:46:46.894] [SEVERE ] setting player 1 freeze to -27276
[00:46:46.894] [SEVERE ] setting player 2 freeze to -31105
[00:46:47.008] [SEVERE ] updating countdown to 30091
[00:46:47.008] [SEVERE ] setting player 1 freeze to -27390
[00:46:47.008] [SEVERE ] setting player 2 freeze to -31219
