[12:30:29.112] [INFO   ] thread main starting.
[12:30:29.118] [SEVERE ] cannot read configuration file config.properties trying from resources.
[12:30:29.119] [SEVERE ] configuration file was loaded from resources directory.
[12:30:29.535] [INFO   ] thread dealer starting.
[12:30:29.536] [INFO   ] thread dealer starting.
[12:30:29.540] [INFO   ] thread Player #0 starting.
[12:30:29.540] [INFO   ] thread Player #1 starting.
[12:30:29.646] [SEVERE ] placing card 47 in slot 0
[12:30:29.648] [SEVERE ] updating countdown to 60000
[12:30:29.649] [SEVERE ] setting player 1 freeze to -114
[12:30:29.651] [SEVERE ] setting player 2 freeze to -116
[12:30:29.757] [SEVERE ] placing card 57 in slot 1
[12:30:29.758] [SEVERE ] updating countdown to 60000
[12:30:29.758] [SEVERE ] setting player 1 freeze to -223
[12:30:29.758] [SEVERE ] setting player 2 freeze to -223
[12:30:29.868] [SEVERE ] placing card 72 in slot 2
[12:30:29.868] [SEVERE ] updating countdown to 60000
[12:30:29.869] [SEVERE ] setting player 1 freeze to -334
[12:30:29.869] [SEVERE ] setting player 2 freeze to -334
[12:30:29.977] [SEVERE ] placing card 22 in slot 3
[12:30:29.978] [SEVERE ] updating countdown to 60000
[12:30:29.979] [SEVERE ] setting player 1 freeze to -444
[12:30:29.979] [SEVERE ] setting player 2 freeze to -444
[12:30:30.087] [SEVERE ] placing card 64 in slot 4
[12:30:30.087] [SEVERE ] updating countdown to 60000
[12:30:30.088] [SEVERE ] setting player 1 freeze to -553
[12:30:30.088] [SEVERE ] setting player 2 freeze to -553
[12:30:30.198] [SEVERE ] placing card 16 in slot 5
[12:30:30.198] [SEVERE ] updating countdown to 60000
[12:30:30.199] [SEVERE ] setting player 1 freeze to -664
[12:30:30.200] [SEVERE ] setting player 2 freeze to -665
[12:30:30.310] [SEVERE ] placing card 73 in slot 6
[12:30:30.310] [SEVERE ] updating countdown to 60000
[12:30:30.311] [SEVERE ] setting player 1 freeze to -776
[12:30:30.311] [SEVERE ] setting player 2 freeze to -776
[12:30:30.421] [SEVERE ] placing card 20 in slot 7
[12:30:30.421] [SEVERE ] updating countdown to 60000
[12:30:30.422] [SEVERE ] setting player 1 freeze to -887
[12:30:30.422] [SEVERE ] setting player 2 freeze to -887
[12:30:30.533] [SEVERE ] placing card 24 in slot 8
[12:30:30.533] [SEVERE ] updating countdown to 60000
[12:30:30.534] [SEVERE ] setting player 1 freeze to -999
[12:30:30.534] [SEVERE ] setting player 2 freeze to -999
[12:30:30.643] [SEVERE ] placing card 61 in slot 9
[12:30:30.644] [SEVERE ] updating countdown to 60000
[12:30:30.644] [SEVERE ] setting player 1 freeze to -1109
[12:30:30.644] [SEVERE ] setting player 2 freeze to -1109
[12:30:30.754] [SEVERE ] placing card 37 in slot 10
[12:30:30.754] [SEVERE ] updating countdown to 60000
[12:30:30.755] [SEVERE ] setting player 1 freeze to -1220
[12:30:30.755] [SEVERE ] setting player 2 freeze to -1220
[12:30:30.866] [SEVERE ] placing card 59 in slot 11
[12:30:30.866] [SEVERE ] updating countdown to 60000
[12:30:30.866] [SEVERE ] setting player 1 freeze to -1331
[12:30:30.867] [SEVERE ] setting player 2 freeze to -1332
[12:30:30.975] [SEVERE ] updating countdown to 59891
[12:30:30.975] [SEVERE ] setting player 1 freeze to -1440
[12:30:30.976] [SEVERE ] setting player 2 freeze to -1441
[12:30:31.086] [SEVERE ] updating countdown to 59780
[12:30:31.086] [SEVERE ] setting player 1 freeze to -1551
[12:30:31.086] [SEVERE ] setting player 2 freeze to -1551
[12:30:31.196] [SEVERE ] updating countdown to 59670
[12:30:31.196] [SEVERE ] setting player 1 freeze to -1661
[12:30:31.196] [SEVERE ] setting player 2 freeze to -1661
[12:30:31.308] [SEVERE ] updating countdown to 59558
[12:30:31.308] [SEVERE ] setting player 1 freeze to -1773
[12:30:31.308] [SEVERE ] setting player 2 freeze to -1773
[12:30:31.419] [SEVERE ] updating countdown to 59447
[12:30:31.419] [SEVERE ] setting player 1 freeze to -1884
[12:30:31.419] [SEVERE ] setting player 2 freeze to -1884
[12:30:31.531] [SEVERE ] updating countdown to 59335
[12:30:31.531] [SEVERE ] setting player 1 freeze to -1996
[12:30:31.531] [SEVERE ] setting player 2 freeze to -1996
[12:30:31.641] [SEVERE ] updating countdown to 59225
[12:30:31.641] [SEVERE ] setting player 1 freeze to -2106
[12:30:31.641] [SEVERE ] setting player 2 freeze to -2106
[12:30:31.753] [SEVERE ] updating countdown to 59113
[12:30:31.753] [SEVERE ] setting player 1 freeze to -2218
[12:30:31.754] [SEVERE ] setting player 2 freeze to -2219
[12:30:31.864] [SEVERE ] updating countdown to 59002
[12:30:31.864] [SEVERE ] setting player 1 freeze to -2329
[12:30:31.864] [SEVERE ] setting player 2 freeze to -2329
[12:30:31.975] [SEVERE ] updating countdown to 58891
[12:30:31.975] [SEVERE ] setting player 1 freeze to -2440
[12:30:31.976] [SEVERE ] setting player 2 freeze to -2441
[12:30:31.983] [SEVERE ] key 81 was pressed by player 1
[12:30:31.984] [SEVERE ] player 1 placing token on slot 0
[12:30:32.086] [SEVERE ] updating countdown to 58780
[12:30:32.086] [SEVERE ] setting player 1 freeze to -2551
[12:30:32.086] [SEVERE ] setting player 2 freeze to -2551
[12:30:32.197] [SEVERE ] updating countdown to 58669
[12:30:32.197] [SEVERE ] setting player 1 freeze to -2662
[12:30:32.197] [SEVERE ] setting player 2 freeze to -2662
[12:30:32.308] [SEVERE ] updating countdown to 58558
[12:30:32.308] [SEVERE ] setting player 1 freeze to -2773
[12:30:32.308] [SEVERE ] setting player 2 freeze to -2773
[12:30:32.418] [SEVERE ] updating countdown to 58448
[12:30:32.418] [SEVERE ] setting player 1 freeze to -2883
[12:30:32.418] [SEVERE ] setting player 2 freeze to -2883
[12:30:32.528] [SEVERE ] updating countdown to 58338
[12:30:32.528] [SEVERE ] setting player 1 freeze to -2993
[12:30:32.528] [SEVERE ] setting player 2 freeze to -2993
[12:30:32.637] [SEVERE ] updating countdown to 58229
[12:30:32.637] [SEVERE ] setting player 1 freeze to -3102
[12:30:32.637] [SEVERE ] setting player 2 freeze to -3102
[12:30:32.726] [SEVERE ] key 87 was pressed by player 1
[12:30:32.727] [SEVERE ] player 1 placing token on slot 1
[12:30:32.746] [SEVERE ] updating countdown to 58120
[12:30:32.746] [SEVERE ] setting player 1 freeze to -3211
[12:30:32.746] [SEVERE ] setting player 2 freeze to -3211
[12:30:32.857] [SEVERE ] updating countdown to 58009
[12:30:32.857] [SEVERE ] setting player 1 freeze to -3322
[12:30:32.857] [SEVERE ] setting player 2 freeze to -3322
[12:30:32.968] [SEVERE ] updating countdown to 57898
[12:30:32.968] [SEVERE ] setting player 1 freeze to -3433
[12:30:32.968] [SEVERE ] setting player 2 freeze to -3433
[12:30:33.079] [SEVERE ] updating countdown to 57787
[12:30:33.079] [SEVERE ] setting player 1 freeze to -3544
[12:30:33.079] [SEVERE ] setting player 2 freeze to -3544
[12:30:33.189] [SEVERE ] updating countdown to 57677
[12:30:33.189] [SEVERE ] setting player 1 freeze to -3654
[12:30:33.189] [SEVERE ] setting player 2 freeze to -3654
[12:30:33.301] [SEVERE ] updating countdown to 57565
[12:30:33.301] [SEVERE ] setting player 1 freeze to -3766
[12:30:33.301] [SEVERE ] setting player 2 freeze to -3766
[12:30:33.309] [SEVERE ] key 69 was pressed by player 1
[12:30:33.312] [SEVERE ] player 1 placing token on slot 2
[12:30:33.413] [SEVERE ] updating countdown to 57453
[12:30:33.414] [SEVERE ] setting player 1 freeze to -3879
[12:30:33.414] [SEVERE ] setting player 2 freeze to -3879
[12:30:33.414] [SEVERE ] updating countdown to 57452
[12:30:33.414] [SEVERE ] setting player 1 freeze to -3879
[12:30:33.414] [SEVERE ] setting player 2 freeze to -3879
[12:30:33.523] [SEVERE ] updating countdown to 57343
[12:30:33.523] [SEVERE ] setting player 1 freeze to 2891
[12:30:33.524] [SEVERE ] setting player 2 freeze to -3989
[12:30:33.634] [SEVERE ] updating countdown to 57232
[12:30:33.634] [SEVERE ] setting player 1 freeze to 2780
[12:30:33.634] [SEVERE ] setting player 2 freeze to -4099
[12:30:33.745] [SEVERE ] updating countdown to 57121
[12:30:33.746] [SEVERE ] setting player 1 freeze to 2668
[12:30:33.746] [SEVERE ] setting player 2 freeze to -4211
[12:30:33.856] [SEVERE ] updating countdown to 57010
[12:30:33.857] [SEVERE ] setting player 1 freeze to 2557
[12:30:33.857] [SEVERE ] setting player 2 freeze to -4322
[12:30:33.968] [SEVERE ] updating countdown to 56898
[12:30:33.968] [SEVERE ] setting player 1 freeze to 2446
[12:30:33.969] [SEVERE ] setting player 2 freeze to -4434
[12:30:34.077] [SEVERE ] updating countdown to 56789
[12:30:34.077] [SEVERE ] setting player 1 freeze to 2337
[12:30:34.077] [SEVERE ] setting player 2 freeze to -4542
[12:30:34.188] [SEVERE ] updating countdown to 56678
[12:30:34.188] [SEVERE ] setting player 1 freeze to 2226
[12:30:34.188] [SEVERE ] setting player 2 freeze to -4653
[12:30:34.299] [SEVERE ] updating countdown to 56567
[12:30:34.299] [SEVERE ] setting player 1 freeze to 2115
[12:30:34.299] [SEVERE ] setting player 2 freeze to -4764
[12:30:34.410] [SEVERE ] updating countdown to 56456
[12:30:34.410] [SEVERE ] setting player 1 freeze to 2004
[12:30:34.410] [SEVERE ] setting player 2 freeze to -4875
[12:30:34.520] [SEVERE ] updating countdown to 56346
[12:30:34.520] [SEVERE ] setting player 1 freeze to 1894
[12:30:34.520] [SEVERE ] setting player 2 freeze to -4985
[12:30:34.631] [SEVERE ] updating countdown to 56235
[12:30:34.631] [SEVERE ] setting player 1 freeze to 1783
[12:30:34.631] [SEVERE ] setting player 2 freeze to -5096
[12:30:34.740] [SEVERE ] updating countdown to 56126
[12:30:34.740] [SEVERE ] setting player 1 freeze to 1674
[12:30:34.740] [SEVERE ] setting player 2 freeze to -5205
[12:30:34.851] [SEVERE ] updating countdown to 56015
[12:30:34.851] [SEVERE ] setting player 1 freeze to 1563
[12:30:34.851] [SEVERE ] setting player 2 freeze to -5316
[12:30:34.961] [SEVERE ] updating countdown to 55905
[12:30:34.961] [SEVERE ] setting player 1 freeze to 1453
[12:30:34.961] [SEVERE ] setting player 2 freeze to -5426
[12:30:35.071] [SEVERE ] updating countdown to 55795
[12:30:35.071] [SEVERE ] setting player 1 freeze to 1343
[12:30:35.071] [SEVERE ] setting player 2 freeze to -5536
[12:30:35.182] [SEVERE ] updating countdown to 55684
[12:30:35.182] [SEVERE ] setting player 1 freeze to 1232
[12:30:35.182] [SEVERE ] setting player 2 freeze to -5647
[12:30:35.293] [SEVERE ] updating countdown to 55573
[12:30:35.293] [SEVERE ] setting player 1 freeze to 1121
[12:30:35.293] [SEVERE ] setting player 2 freeze to -5758
[12:30:35.405] [SEVERE ] updating countdown to 55461
[12:30:35.405] [SEVERE ] setting player 1 freeze to 1009
[12:30:35.405] [SEVERE ] setting player 2 freeze to -5870
[12:30:35.516] [SEVERE ] updating countdown to 55350
[12:30:35.517] [SEVERE ] setting player 1 freeze to 897
[12:30:35.517] [SEVERE ] setting player 2 freeze to -5982
[12:30:35.627] [SEVERE ] updating countdown to 55239
[12:30:35.628] [SEVERE ] setting player 1 freeze to 787
[12:30:35.629] [SEVERE ] setting player 2 freeze to -6094
[12:30:35.738] [SEVERE ] updating countdown to 55128
[12:30:35.738] [SEVERE ] setting player 1 freeze to 676
[12:30:35.738] [SEVERE ] setting player 2 freeze to -6203
[12:30:35.850] [SEVERE ] updating countdown to 55016
[12:30:35.851] [SEVERE ] setting player 1 freeze to 563
[12:30:35.851] [SEVERE ] setting player 2 freeze to -6316
[12:30:35.960] [SEVERE ] updating countdown to 54906
[12:30:35.960] [SEVERE ] setting player 1 freeze to 454
[12:30:35.960] [SEVERE ] setting player 2 freeze to -6425
[12:30:36.069] [SEVERE ] updating countdown to 54797
[12:30:36.069] [SEVERE ] setting player 1 freeze to 345
[12:30:36.069] [SEVERE ] setting player 2 freeze to -6534
[12:30:36.179] [SEVERE ] updating countdown to 54687
[12:30:36.179] [SEVERE ] setting player 1 freeze to 235
[12:30:36.179] [SEVERE ] setting player 2 freeze to -6644
[12:30:36.289] [SEVERE ] updating countdown to 54577
[12:30:36.289] [SEVERE ] setting player 1 freeze to 125
[12:30:36.289] [SEVERE ] setting player 2 freeze to -6754
[12:30:36.400] [SEVERE ] updating countdown to 54466
[12:30:36.400] [SEVERE ] setting player 1 freeze to 14
[12:30:36.400] [SEVERE ] setting player 2 freeze to -6865
[12:30:36.511] [SEVERE ] updating countdown to 54355
[12:30:36.511] [SEVERE ] setting player 1 freeze to -97
[12:30:36.512] [SEVERE ] setting player 2 freeze to -6977
[12:30:36.620] [SEVERE ] updating countdown to 54246
[12:30:36.620] [SEVERE ] setting player 1 freeze to -206
[12:30:36.620] [SEVERE ] setting player 2 freeze to -7085
[12:30:36.731] [SEVERE ] updating countdown to 54135
[12:30:36.731] [SEVERE ] setting player 1 freeze to -317
[12:30:36.732] [SEVERE ] setting player 2 freeze to -7196
[12:30:36.841] [SEVERE ] updating countdown to 54025
[12:30:36.841] [SEVERE ] setting player 1 freeze to -427
[12:30:36.841] [SEVERE ] setting player 2 freeze to -7306
[12:30:36.951] [SEVERE ] updating countdown to 53915
[12:30:36.951] [SEVERE ] setting player 1 freeze to -537
[12:30:36.951] [SEVERE ] setting player 2 freeze to -7416
[12:30:37.062] [SEVERE ] updating countdown to 53804
[12:30:37.062] [SEVERE ] setting player 1 freeze to -648
[12:30:37.063] [SEVERE ] setting player 2 freeze to -7528
[12:30:37.172] [SEVERE ] updating countdown to 53694
[12:30:37.172] [SEVERE ] setting player 1 freeze to -758
[12:30:37.172] [SEVERE ] setting player 2 freeze to -7637
[12:30:37.282] [SEVERE ] updating countdown to 53584
[12:30:37.282] [SEVERE ] setting player 1 freeze to -868
[12:30:37.282] [SEVERE ] setting player 2 freeze to -7747
[12:30:37.390] [SEVERE ] updating countdown to 53476
[12:30:37.390] [SEVERE ] setting player 1 freeze to -976
[12:30:37.390] [SEVERE ] setting player 2 freeze to -7855
