[00:06:27.873] [INFO   ] thread main starting.
[00:06:27.878] [SEVERE ] cannot read configuration file config.properties trying from resources.
[00:06:27.880] [SEVERE ] configuration file was loaded from resources directory.
[00:06:28.248] [INFO   ] thread dealer starting.
[00:06:28.250] [INFO   ] thread dealer starting.
[00:06:28.250] [INFO   ] thread Player #0 starting.
[00:06:28.250] [INFO   ] thread Player #1 starting.
[00:06:28.365] [SEVERE ] placing card 58 in slot 0
[00:06:28.367] [SEVERE ] updating countdown to 60000
[00:06:28.368] [SEVERE ] setting player 1 freeze to -120
[00:06:28.370] [SEVERE ] setting player 2 freeze to -122
[00:06:28.475] [SEVERE ] placing card 28 in slot 1
[00:06:28.476] [SEVERE ] updating countdown to 60000
[00:06:28.476] [SEVERE ] setting player 1 freeze to -228
[00:06:28.477] [SEVERE ] setting player 2 freeze to -229
[00:06:28.578] [SEVERE ] placing card 77 in slot 2
[00:06:28.578] [SEVERE ] updating countdown to 60000
[00:06:28.579] [SEVERE ] setting player 1 freeze to -331
[00:06:28.579] [SEVERE ] setting player 2 freeze to -331
[00:06:28.695] [SEVERE ] placing card 29 in slot 3
[00:06:28.695] [SEVERE ] updating countdown to 60000
[00:06:28.695] [SEVERE ] setting player 1 freeze to -447
[00:06:28.695] [SEVERE ] setting player 2 freeze to -447
[00:06:28.807] [SEVERE ] placing card 45 in slot 4
[00:06:28.807] [SEVERE ] updating countdown to 60000
[00:06:28.807] [SEVERE ] setting player 1 freeze to -559
[00:06:28.807] [SEVERE ] setting player 2 freeze to -559
[00:06:28.923] [SEVERE ] placing card 9 in slot 5
[00:06:28.923] [SEVERE ] updating countdown to 60000
[00:06:28.923] [SEVERE ] setting player 1 freeze to -675
[00:06:28.923] [SEVERE ] setting player 2 freeze to -675
[00:06:29.025] [SEVERE ] placing card 59 in slot 6
[00:06:29.025] [SEVERE ] updating countdown to 60000
[00:06:29.025] [SEVERE ] setting player 1 freeze to -777
[00:06:29.025] [SEVERE ] setting player 2 freeze to -777
[00:06:29.140] [SEVERE ] placing card 21 in slot 7
[00:06:29.140] [SEVERE ] updating countdown to 60000
[00:06:29.140] [SEVERE ] setting player 1 freeze to -892
[00:06:29.140] [SEVERE ] setting player 2 freeze to -892
[00:06:29.242] [SEVERE ] placing card 80 in slot 8
[00:06:29.242] [SEVERE ] updating countdown to 60000
[00:06:29.242] [SEVERE ] setting player 1 freeze to -994
[00:06:29.243] [SEVERE ] setting player 2 freeze to -995
[00:06:29.346] [SEVERE ] placing card 41 in slot 9
[00:06:29.346] [SEVERE ] updating countdown to 60000
[00:06:29.346] [SEVERE ] setting player 1 freeze to -1098
[00:06:29.346] [SEVERE ] setting player 2 freeze to -1098
[00:06:29.462] [SEVERE ] placing card 27 in slot 10
[00:06:29.462] [SEVERE ] updating countdown to 60000
[00:06:29.462] [SEVERE ] setting player 1 freeze to -1214
[00:06:29.462] [SEVERE ] setting player 2 freeze to -1214
[00:06:29.577] [SEVERE ] placing card 18 in slot 11
[00:06:29.577] [SEVERE ] updating countdown to 60000
[00:06:29.577] [SEVERE ] setting player 1 freeze to -1329
[00:06:29.577] [SEVERE ] setting player 2 freeze to -1329
[00:06:30.581] [SEVERE ] updating countdown to 58996
[00:06:30.581] [SEVERE ] setting player 1 freeze to -2333
[00:06:30.581] [SEVERE ] setting player 2 freeze to -2333
[00:06:30.996] [SEVERE ] key 81 was pressed by player 1
[00:06:30.996] [SEVERE ] player 1 placing token on slot 0
[00:06:31.450] [SEVERE ] key 87 was pressed by player 1
[00:06:31.450] [SEVERE ] player 1 placing token on slot 1
[00:06:31.590] [SEVERE ] updating countdown to 57987
[00:06:31.591] [SEVERE ] setting player 1 freeze to -3343
[00:06:31.591] [SEVERE ] setting player 2 freeze to -3343
[00:06:31.983] [SEVERE ] key 69 was pressed by player 1
[00:06:31.983] [SEVERE ] player 1 placing token on slot 2
[00:06:32.600] [SEVERE ] updating countdown to 56977
[00:06:32.600] [SEVERE ] setting player 1 freeze to -4352
[00:06:32.600] [SEVERE ] setting player 2 freeze to -4352
[00:06:33.601] [SEVERE ] updating countdown to 55976
[00:06:33.601] [SEVERE ] setting player 1 freeze to -5353
[00:06:33.601] [SEVERE ] setting player 2 freeze to -5353
[00:06:34.604] [SEVERE ] updating countdown to 54973
[00:06:34.604] [SEVERE ] setting player 1 freeze to -6356
[00:06:34.604] [SEVERE ] setting player 2 freeze to -6356
[00:06:35.605] [SEVERE ] updating countdown to 53972
[00:06:35.605] [SEVERE ] setting player 1 freeze to -7357
[00:06:35.605] [SEVERE ] setting player 2 freeze to -7357
[00:06:36.618] [SEVERE ] updating countdown to 52959
[00:06:36.618] [SEVERE ] setting player 1 freeze to -8370
[00:06:36.618] [SEVERE ] setting player 2 freeze to -8370
