[00:42:20.183] [INFO   ] thread main starting.
[00:42:20.190] [SEVERE ] cannot read configuration file config.properties trying from resources.
[00:42:20.192] [SEVERE ] configuration file was loaded from resources directory.
[00:42:20.586] [INFO   ] thread dealer starting.
[00:42:20.587] [INFO   ] thread dealer starting.
[00:42:20.587] [INFO   ] thread Player #0 starting.
[00:42:20.587] [INFO   ] thread Player #1 starting.
[00:42:20.698] [SEVERE ] placing card 30 in slot 0
[00:42:20.700] [SEVERE ] updating countdown to 60000
[00:42:20.701] [SEVERE ] setting player 1 freeze to -115
[00:42:20.703] [SEVERE ] setting player 2 freeze to -117
[00:42:20.807] [SEVERE ] placing card 16 in slot 1
[00:42:20.807] [SEVERE ] updating countdown to 60000
[00:42:20.808] [SEVERE ] setting player 1 freeze to -222
[00:42:20.808] [SEVERE ] setting player 2 freeze to -222
[00:42:20.916] [SEVERE ] placing card 0 in slot 2
[00:42:20.916] [SEVERE ] updating countdown to 60000
[00:42:20.916] [SEVERE ] setting player 1 freeze to -330
[00:42:20.916] [SEVERE ] setting player 2 freeze to -330
[00:42:21.024] [SEVERE ] placing card 4 in slot 3
[00:42:21.024] [SEVERE ] updating countdown to 60000
[00:42:21.025] [SEVERE ] setting player 1 freeze to -439
[00:42:21.025] [SEVERE ] setting player 2 freeze to -439
[00:42:21.132] [SEVERE ] placing card 10 in slot 4
[00:42:21.133] [SEVERE ] updating countdown to 60000
[00:42:21.133] [SEVERE ] setting player 1 freeze to -547
[00:42:21.133] [SEVERE ] setting player 2 freeze to -547
[00:42:21.240] [SEVERE ] placing card 20 in slot 5
[00:42:21.240] [SEVERE ] updating countdown to 60000
[00:42:21.241] [SEVERE ] setting player 1 freeze to -655
[00:42:21.242] [SEVERE ] setting player 2 freeze to -656
[00:42:21.349] [SEVERE ] placing card 77 in slot 6
[00:42:21.349] [SEVERE ] updating countdown to 60000
[00:42:21.349] [SEVERE ] setting player 1 freeze to -763
[00:42:21.350] [SEVERE ] setting player 2 freeze to -764
[00:42:21.459] [SEVERE ] placing card 79 in slot 7
[00:42:21.459] [SEVERE ] updating countdown to 60000
[00:42:21.459] [SEVERE ] setting player 1 freeze to -873
[00:42:21.460] [SEVERE ] setting player 2 freeze to -874
[00:42:21.569] [SEVERE ] placing card 67 in slot 8
[00:42:21.569] [SEVERE ] updating countdown to 60000
[00:42:21.569] [SEVERE ] setting player 1 freeze to -983
[00:42:21.570] [SEVERE ] setting player 2 freeze to -984
[00:42:21.676] [SEVERE ] placing card 57 in slot 9
[00:42:21.676] [SEVERE ] updating countdown to 60000
[00:42:21.677] [SEVERE ] setting player 1 freeze to -1091
[00:42:21.677] [SEVERE ] setting player 2 freeze to -1091
[00:42:21.786] [SEVERE ] placing card 22 in slot 10
[00:42:21.786] [SEVERE ] updating countdown to 60000
[00:42:21.786] [SEVERE ] setting player 1 freeze to -1200
[00:42:21.786] [SEVERE ] setting player 2 freeze to -1200
[00:42:21.895] [SEVERE ] placing card 40 in slot 11
[00:42:21.895] [SEVERE ] updating countdown to 60000
[00:42:21.895] [SEVERE ] setting player 1 freeze to -1309
[00:42:21.895] [SEVERE ] setting player 2 freeze to -1309
[00:42:22.002] [SEVERE ] updating countdown to 59893
[00:42:22.003] [SEVERE ] setting player 1 freeze to -1417
[00:42:22.003] [SEVERE ] setting player 2 freeze to -1417
[00:42:22.110] [SEVERE ] updating countdown to 59785
[00:42:22.110] [SEVERE ] setting player 1 freeze to -1524
[00:42:22.110] [SEVERE ] setting player 2 freeze to -1524
[00:42:22.218] [SEVERE ] updating countdown to 59677
[00:42:22.218] [SEVERE ] setting player 1 freeze to -1632
[00:42:22.218] [SEVERE ] setting player 2 freeze to -1632
[00:42:22.326] [SEVERE ] updating countdown to 59569
[00:42:22.326] [SEVERE ] setting player 1 freeze to -1740
[00:42:22.326] [SEVERE ] setting player 2 freeze to -1740
[00:42:22.434] [SEVERE ] updating countdown to 59461
[00:42:22.434] [SEVERE ] setting player 1 freeze to -1848
[00:42:22.434] [SEVERE ] setting player 2 freeze to -1848
[00:42:22.542] [SEVERE ] updating countdown to 59353
[00:42:22.542] [SEVERE ] setting player 1 freeze to -1956
[00:42:22.542] [SEVERE ] setting player 2 freeze to -1956
[00:42:22.650] [SEVERE ] updating countdown to 59245
[00:42:22.650] [SEVERE ] setting player 1 freeze to -2064
[00:42:22.651] [SEVERE ] setting player 2 freeze to -2065
[00:42:22.759] [SEVERE ] updating countdown to 59136
[00:42:22.759] [SEVERE ] setting player 1 freeze to -2173
[00:42:22.759] [SEVERE ] setting player 2 freeze to -2173
[00:42:22.868] [SEVERE ] updating countdown to 59027
[00:42:22.868] [SEVERE ] setting player 1 freeze to -2282
[00:42:22.868] [SEVERE ] setting player 2 freeze to -2282
[00:42:22.976] [SEVERE ] updating countdown to 58919
[00:42:22.976] [SEVERE ] setting player 1 freeze to -2390
[00:42:22.976] [SEVERE ] setting player 2 freeze to -2390
[00:42:23.020] [SEVERE ] key 81 was pressed by player 1
[00:42:23.021] [SEVERE ] player 1 placing token on slot 0
[00:42:23.084] [SEVERE ] updating countdown to 58811
[00:42:23.084] [SEVERE ] setting player 1 freeze to -2498
[00:42:23.084] [SEVERE ] setting player 2 freeze to -2498
[00:42:23.193] [SEVERE ] updating countdown to 58702
[00:42:23.193] [SEVERE ] setting player 1 freeze to -2607
[00:42:23.193] [SEVERE ] setting player 2 freeze to -2607
[00:42:23.300] [SEVERE ] updating countdown to 58595
[00:42:23.300] [SEVERE ] setting player 1 freeze to -2714
[00:42:23.300] [SEVERE ] setting player 2 freeze to -2714
[00:42:23.309] [SEVERE ] key 87 was pressed by player 1
[00:42:23.309] [SEVERE ] player 1 placing token on slot 1
[00:42:23.409] [SEVERE ] updating countdown to 58486
[00:42:23.409] [SEVERE ] setting player 1 freeze to -2823
[00:42:23.409] [SEVERE ] setting player 2 freeze to -2823
[00:42:23.519] [SEVERE ] updating countdown to 58376
[00:42:23.519] [SEVERE ] setting player 1 freeze to -2933
[00:42:23.519] [SEVERE ] setting player 2 freeze to -2933
[00:42:23.627] [SEVERE ] updating countdown to 58268
[00:42:23.628] [SEVERE ] setting player 1 freeze to -3042
[00:42:23.628] [SEVERE ] setting player 2 freeze to -3042
[00:42:23.641] [SEVERE ] key 69 was pressed by player 1
[00:42:23.641] [SEVERE ] player 1 placing token on slot 2
[00:42:23.736] [SEVERE ] updating countdown to 58159
[00:42:23.736] [SEVERE ] setting player 1 freeze to -3150
[00:42:23.736] [SEVERE ] setting player 2 freeze to -3150
[00:42:23.736] [SEVERE ] updating countdown to 58159
[00:42:23.737] [SEVERE ] setting player 1 freeze to -3151
[00:42:23.737] [SEVERE ] setting player 2 freeze to -3151
[00:42:23.844] [SEVERE ] updating countdown to 58051
[00:42:23.844] [SEVERE ] setting player 1 freeze to 893
[00:42:23.844] [SEVERE ] setting player 2 freeze to -3258
[00:42:23.954] [SEVERE ] updating countdown to 57941
[00:42:23.954] [SEVERE ] setting player 1 freeze to 783
[00:42:23.954] [SEVERE ] setting player 2 freeze to -3368
[00:42:24.062] [SEVERE ] updating countdown to 57833
[00:42:24.062] [SEVERE ] setting player 1 freeze to 675
[00:42:24.062] [SEVERE ] setting player 2 freeze to -3476
[00:42:24.170] [SEVERE ] updating countdown to 57725
[00:42:24.170] [SEVERE ] setting player 1 freeze to 567
[00:42:24.170] [SEVERE ] setting player 2 freeze to -3584
[00:42:24.279] [SEVERE ] updating countdown to 57616
[00:42:24.279] [SEVERE ] setting player 1 freeze to 458
[00:42:24.279] [SEVERE ] setting player 2 freeze to -3693
[00:42:24.386] [SEVERE ] updating countdown to 57509
[00:42:24.386] [SEVERE ] setting player 1 freeze to 351
[00:42:24.386] [SEVERE ] setting player 2 freeze to -3800
[00:42:24.495] [SEVERE ] updating countdown to 57400
[00:42:24.495] [SEVERE ] setting player 1 freeze to 242
[00:42:24.495] [SEVERE ] setting player 2 freeze to -3909
[00:42:24.604] [SEVERE ] updating countdown to 57291
[00:42:24.604] [SEVERE ] setting player 1 freeze to 133
[00:42:24.604] [SEVERE ] setting player 2 freeze to -4018
[00:42:24.712] [SEVERE ] updating countdown to 57183
[00:42:24.712] [SEVERE ] setting player 1 freeze to 25
[00:42:24.712] [SEVERE ] setting player 2 freeze to -4126
[00:42:24.820] [SEVERE ] updating countdown to 57075
[00:42:24.820] [SEVERE ] setting player 1 freeze to -83
[00:42:24.820] [SEVERE ] setting player 2 freeze to -4234
[00:42:24.928] [SEVERE ] updating countdown to 56967
[00:42:24.928] [SEVERE ] setting player 1 freeze to -191
[00:42:24.928] [SEVERE ] setting player 2 freeze to -4342
[00:42:25.035] [SEVERE ] updating countdown to 56860
[00:42:25.035] [SEVERE ] setting player 1 freeze to -298
[00:42:25.035] [SEVERE ] setting player 2 freeze to -4449
[00:42:25.144] [SEVERE ] updating countdown to 56751
[00:42:25.144] [SEVERE ] setting player 1 freeze to -407
[00:42:25.144] [SEVERE ] setting player 2 freeze to -4558
[00:42:25.252] [SEVERE ] updating countdown to 56643
[00:42:25.252] [SEVERE ] setting player 1 freeze to -515
[00:42:25.252] [SEVERE ] setting player 2 freeze to -4666
[00:42:25.361] [SEVERE ] updating countdown to 56534
[00:42:25.361] [SEVERE ] setting player 1 freeze to -624
[00:42:25.361] [SEVERE ] setting player 2 freeze to -4775
[00:42:25.471] [SEVERE ] updating countdown to 56424
[00:42:25.471] [SEVERE ] setting player 1 freeze to -734
[00:42:25.471] [SEVERE ] setting player 2 freeze to -4885
[00:42:25.582] [SEVERE ] updating countdown to 56313
[00:42:25.582] [SEVERE ] setting player 1 freeze to -845
[00:42:25.582] [SEVERE ] setting player 2 freeze to -4996
[00:42:25.692] [SEVERE ] updating countdown to 56203
[00:42:25.692] [SEVERE ] setting player 1 freeze to -955
[00:42:25.692] [SEVERE ] setting player 2 freeze to -5106
[00:42:25.801] [SEVERE ] updating countdown to 56094
[00:42:25.801] [SEVERE ] setting player 1 freeze to -1064
[00:42:25.801] [SEVERE ] setting player 2 freeze to -5215
[00:42:25.909] [SEVERE ] updating countdown to 55986
[00:42:25.909] [SEVERE ] setting player 1 freeze to -1172
[00:42:25.909] [SEVERE ] setting player 2 freeze to -5323
[00:42:26.018] [SEVERE ] updating countdown to 55877
[00:42:26.018] [SEVERE ] setting player 1 freeze to -1281
[00:42:26.018] [SEVERE ] setting player 2 freeze to -5432
[00:42:26.127] [SEVERE ] updating countdown to 55768
[00:42:26.127] [SEVERE ] setting player 1 freeze to -1390
[00:42:26.127] [SEVERE ] setting player 2 freeze to -5541
[00:42:26.236] [SEVERE ] updating countdown to 55659
[00:42:26.236] [SEVERE ] setting player 1 freeze to -1499
[00:42:26.236] [SEVERE ] setting player 2 freeze to -5650
[00:42:26.343] [SEVERE ] updating countdown to 55552
[00:42:26.343] [SEVERE ] setting player 1 freeze to -1606
[00:42:26.343] [SEVERE ] setting player 2 freeze to -5757
[00:42:26.452] [SEVERE ] updating countdown to 55443
[00:42:26.452] [SEVERE ] setting player 1 freeze to -1715
[00:42:26.452] [SEVERE ] setting player 2 freeze to -5866
[00:42:26.560] [SEVERE ] updating countdown to 55335
[00:42:26.560] [SEVERE ] setting player 1 freeze to -1823
[00:42:26.560] [SEVERE ] setting player 2 freeze to -5974
[00:42:26.669] [SEVERE ] updating countdown to 55226
[00:42:26.669] [SEVERE ] setting player 1 freeze to -1932
[00:42:26.669] [SEVERE ] setting player 2 freeze to -6083
[00:42:26.778] [SEVERE ] updating countdown to 55117
[00:42:26.778] [SEVERE ] setting player 1 freeze to -2041
[00:42:26.778] [SEVERE ] setting player 2 freeze to -6192
[00:42:26.887] [SEVERE ] updating countdown to 55008
[00:42:26.887] [SEVERE ] setting player 1 freeze to -2150
[00:42:26.887] [SEVERE ] setting player 2 freeze to -6301
[00:42:26.995] [SEVERE ] updating countdown to 54900
[00:42:26.995] [SEVERE ] setting player 1 freeze to -2258
[00:42:26.995] [SEVERE ] setting player 2 freeze to -6409
[00:42:27.104] [SEVERE ] updating countdown to 54791
[00:42:27.104] [SEVERE ] setting player 1 freeze to -2367
[00:42:27.104] [SEVERE ] setting player 2 freeze to -6518
[00:42:27.213] [SEVERE ] updating countdown to 54682
[00:42:27.213] [SEVERE ] setting player 1 freeze to -2476
[00:42:27.213] [SEVERE ] setting player 2 freeze to -6627
[00:42:27.321] [SEVERE ] updating countdown to 54574
[00:42:27.321] [SEVERE ] setting player 1 freeze to -2584
[00:42:27.321] [SEVERE ] setting player 2 freeze to -6735
[00:42:27.430] [SEVERE ] updating countdown to 54465
[00:42:27.430] [SEVERE ] setting player 1 freeze to -2693
[00:42:27.430] [SEVERE ] setting player 2 freeze to -6844
[00:42:27.538] [SEVERE ] updating countdown to 54357
[00:42:27.538] [SEVERE ] setting player 1 freeze to -2801
[00:42:27.538] [SEVERE ] setting player 2 freeze to -6952
[00:42:27.647] [SEVERE ] updating countdown to 54248
[00:42:27.647] [SEVERE ] setting player 1 freeze to -2910
[00:42:27.647] [SEVERE ] setting player 2 freeze to -7061
[00:42:27.755] [SEVERE ] updating countdown to 54140
[00:42:27.755] [SEVERE ] setting player 1 freeze to -3018
[00:42:27.755] [SEVERE ] setting player 2 freeze to -7169
[00:42:27.862] [SEVERE ] updating countdown to 54033
[00:42:27.862] [SEVERE ] setting player 1 freeze to -3125
[00:42:27.862] [SEVERE ] setting player 2 freeze to -7276
[00:42:27.969] [SEVERE ] updating countdown to 53926
[00:42:27.969] [SEVERE ] setting player 1 freeze to -3232
[00:42:27.969] [SEVERE ] setting player 2 freeze to -7383
[00:42:28.078] [SEVERE ] updating countdown to 53817
[00:42:28.078] [SEVERE ] setting player 1 freeze to -3341
[00:42:28.078] [SEVERE ] setting player 2 freeze to -7492
[00:42:28.186] [SEVERE ] updating countdown to 53709
[00:42:28.186] [SEVERE ] setting player 1 freeze to -3449
[00:42:28.186] [SEVERE ] setting player 2 freeze to -7600
[00:42:28.294] [SEVERE ] updating countdown to 53601
[00:42:28.296] [SEVERE ] setting player 1 freeze to -3559
[00:42:28.296] [SEVERE ] setting player 2 freeze to -7710
[00:42:28.403] [SEVERE ] updating countdown to 53492
[00:42:28.403] [SEVERE ] setting player 1 freeze to -3666
[00:42:28.403] [SEVERE ] setting player 2 freeze to -7817
[00:42:28.510] [SEVERE ] updating countdown to 53385
[00:42:28.510] [SEVERE ] setting player 1 freeze to -3773
[00:42:28.510] [SEVERE ] setting player 2 freeze to -7924
[00:42:28.619] [SEVERE ] updating countdown to 53276
[00:42:28.619] [SEVERE ] setting player 1 freeze to -3882
[00:42:28.619] [SEVERE ] setting player 2 freeze to -8033
[00:42:28.727] [SEVERE ] updating countdown to 53168
[00:42:28.727] [SEVERE ] setting player 1 freeze to -3990
[00:42:28.727] [SEVERE ] setting player 2 freeze to -8141
[00:42:28.836] [SEVERE ] updating countdown to 53059
[00:42:28.836] [SEVERE ] setting player 1 freeze to -4099
[00:42:28.836] [SEVERE ] setting player 2 freeze to -8250
[00:42:28.945] [SEVERE ] updating countdown to 52950
[00:42:28.945] [SEVERE ] setting player 1 freeze to -4208
[00:42:28.945] [SEVERE ] setting player 2 freeze to -8359
[00:42:29.053] [SEVERE ] updating countdown to 52842
[00:42:29.053] [SEVERE ] setting player 1 freeze to -4316
[00:42:29.053] [SEVERE ] setting player 2 freeze to -8467
[00:42:29.161] [SEVERE ] updating countdown to 52734
[00:42:29.161] [SEVERE ] setting player 1 freeze to -4424
[00:42:29.161] [SEVERE ] setting player 2 freeze to -8575
[00:42:29.269] [SEVERE ] updating countdown to 52626
[00:42:29.269] [SEVERE ] setting player 1 freeze to -4532
[00:42:29.269] [SEVERE ] setting player 2 freeze to -8683
[00:42:29.377] [SEVERE ] updating countdown to 52518
[00:42:29.377] [SEVERE ] setting player 1 freeze to -4640
[00:42:29.377] [SEVERE ] setting player 2 freeze to -8791
[00:42:29.484] [SEVERE ] updating countdown to 52411
[00:42:29.484] [SEVERE ] setting player 1 freeze to -4747
[00:42:29.484] [SEVERE ] setting player 2 freeze to -8898
[00:42:29.593] [SEVERE ] updating countdown to 52302
[00:42:29.593] [SEVERE ] setting player 1 freeze to -4856
[00:42:29.593] [SEVERE ] setting player 2 freeze to -9007
[00:42:29.701] [SEVERE ] updating countdown to 52194
[00:42:29.702] [SEVERE ] setting player 1 freeze to -4965
[00:42:29.702] [SEVERE ] setting player 2 freeze to -9116
[00:42:29.812] [SEVERE ] updating countdown to 52083
[00:42:29.812] [SEVERE ] setting player 1 freeze to -5075
[00:42:29.812] [SEVERE ] setting player 2 freeze to -9226
[00:42:29.920] [SEVERE ] updating countdown to 51975
[00:42:29.920] [SEVERE ] setting player 1 freeze to -5183
[00:42:29.920] [SEVERE ] setting player 2 freeze to -9334
[00:42:30.028] [SEVERE ] updating countdown to 51867
[00:42:30.028] [SEVERE ] setting player 1 freeze to -5291
[00:42:30.028] [SEVERE ] setting player 2 freeze to -9442
[00:42:30.135] [SEVERE ] updating countdown to 51760
[00:42:30.136] [SEVERE ] setting player 1 freeze to -5399
[00:42:30.136] [SEVERE ] setting player 2 freeze to -9550
[00:42:30.244] [SEVERE ] updating countdown to 51651
[00:42:30.244] [SEVERE ] setting player 1 freeze to -5507
[00:42:30.244] [SEVERE ] setting player 2 freeze to -9658
[00:42:30.353] [SEVERE ] updating countdown to 51542
[00:42:30.353] [SEVERE ] setting player 1 freeze to -5616
[00:42:30.353] [SEVERE ] setting player 2 freeze to -9767
[00:42:30.461] [SEVERE ] updating countdown to 51434
[00:42:30.461] [SEVERE ] setting player 1 freeze to -5724
[00:42:30.461] [SEVERE ] setting player 2 freeze to -9875
[00:42:30.569] [SEVERE ] updating countdown to 51326
[00:42:30.570] [SEVERE ] setting player 1 freeze to -5833
[00:42:30.570] [SEVERE ] setting player 2 freeze to -9984
[00:42:30.679] [SEVERE ] updating countdown to 51216
[00:42:30.679] [SEVERE ] setting player 1 freeze to -5942
[00:42:30.679] [SEVERE ] setting player 2 freeze to -10093
[00:42:30.786] [SEVERE ] updating countdown to 51109
[00:42:30.786] [SEVERE ] setting player 1 freeze to -6049
[00:42:30.786] [SEVERE ] setting player 2 freeze to -10200
[00:42:30.894] [SEVERE ] updating countdown to 51001
[00:42:30.894] [SEVERE ] setting player 1 freeze to -6157
[00:42:30.894] [SEVERE ] setting player 2 freeze to -10308
[00:42:31.002] [SEVERE ] updating countdown to 50893
[00:42:31.002] [SEVERE ] setting player 1 freeze to -6265
[00:42:31.002] [SEVERE ] setting player 2 freeze to -10416
[00:42:31.109] [SEVERE ] updating countdown to 50786
[00:42:31.109] [SEVERE ] setting player 1 freeze to -6372
[00:42:31.109] [SEVERE ] setting player 2 freeze to -10523
[00:42:31.216] [SEVERE ] updating countdown to 50679
[00:42:31.216] [SEVERE ] setting player 1 freeze to -6479
[00:42:31.216] [SEVERE ] setting player 2 freeze to -10630
[00:42:31.324] [SEVERE ] updating countdown to 50571
[00:42:31.324] [SEVERE ] setting player 1 freeze to -6587
[00:42:31.324] [SEVERE ] setting player 2 freeze to -10738
