[13:05:29.179] [INFO   ] thread main starting.
[13:05:29.193] [SEVERE ] cannot read configuration file config.properties trying from resources.
[13:05:29.193] [SEVERE ] configuration file was loaded from resources directory.
[13:05:29.739] [INFO   ] thread dealer starting.
[13:05:29.743] [INFO   ] thread dealer starting.
[13:05:29.743] [INFO   ] thread Player #0 starting.
[13:05:29.743] [INFO   ] thread Player #1 starting.
[13:05:29.867] [SEVERE ] placing card 6 in slot 0
[13:05:29.868] [SEVERE ] updating countdown to 60000
[13:05:29.869] [SEVERE ] setting player 1 freeze to -130
[13:05:29.869] [SEVERE ] setting player 2 freeze to -130
[13:05:29.983] [SEVERE ] placing card 61 in slot 1
[13:05:29.983] [SEVERE ] updating countdown to 60000
[13:05:29.983] [SEVERE ] setting player 1 freeze to -244
[13:05:29.983] [SEVERE ] setting player 2 freeze to -244
[13:05:30.093] [SEVERE ] placing card 77 in slot 2
[13:05:30.093] [SEVERE ] updating countdown to 60000
[13:05:30.093] [SEVERE ] setting player 1 freeze to -354
[13:05:30.093] [SEVERE ] setting player 2 freeze to -354
[13:05:30.200] [SEVERE ] placing card 26 in slot 3
[13:05:30.201] [SEVERE ] updating countdown to 60000
[13:05:30.201] [SEVERE ] setting player 1 freeze to -462
[13:05:30.202] [SEVERE ] setting player 2 freeze to -462
[13:05:30.308] [SEVERE ] placing card 71 in slot 4
[13:05:30.309] [SEVERE ] updating countdown to 60000
[13:05:30.309] [SEVERE ] setting player 1 freeze to -570
[13:05:30.309] [SEVERE ] setting player 2 freeze to -570
[13:05:30.416] [SEVERE ] placing card 52 in slot 5
[13:05:30.416] [SEVERE ] updating countdown to 60000
[13:05:30.416] [SEVERE ] setting player 1 freeze to -677
[13:05:30.416] [SEVERE ] setting player 2 freeze to -677
[13:05:30.519] [SEVERE ] placing card 0 in slot 6
[13:05:30.519] [SEVERE ] updating countdown to 60000
[13:05:30.519] [SEVERE ] setting player 1 freeze to -780
[13:05:30.519] [SEVERE ] setting player 2 freeze to -780
[13:05:30.634] [SEVERE ] placing card 14 in slot 7
[13:05:30.634] [SEVERE ] updating countdown to 60000
[13:05:30.634] [SEVERE ] setting player 1 freeze to -895
[13:05:30.634] [SEVERE ] setting player 2 freeze to -895
[13:05:30.737] [SEVERE ] placing card 17 in slot 8
[13:05:30.737] [SEVERE ] updating countdown to 60000
[13:05:30.737] [SEVERE ] setting player 1 freeze to -998
[13:05:30.737] [SEVERE ] setting player 2 freeze to -998
[13:05:30.843] [SEVERE ] placing card 3 in slot 9
[13:05:30.843] [SEVERE ] updating countdown to 60000
[13:05:30.843] [SEVERE ] setting player 1 freeze to -1104
[13:05:30.843] [SEVERE ] setting player 2 freeze to -1104
[13:05:30.954] [SEVERE ] placing card 38 in slot 10
[13:05:30.954] [SEVERE ] updating countdown to 60000
[13:05:30.954] [SEVERE ] setting player 1 freeze to -1215
[13:05:30.954] [SEVERE ] setting player 2 freeze to -1215
[13:05:31.068] [SEVERE ] placing card 76 in slot 11
[13:05:31.068] [SEVERE ] updating countdown to 60000
[13:05:31.068] [SEVERE ] setting player 1 freeze to -1329
[13:05:31.068] [SEVERE ] setting player 2 freeze to -1329
[13:05:31.183] [SEVERE ] updating countdown to 59885
[13:05:31.183] [SEVERE ] setting player 1 freeze to -1444
[13:05:31.183] [SEVERE ] setting player 2 freeze to -1444
[13:05:31.292] [SEVERE ] updating countdown to 59776
[13:05:31.292] [SEVERE ] setting player 1 freeze to -1553
[13:05:31.292] [SEVERE ] setting player 2 freeze to -1553
[13:05:31.394] [SEVERE ] updating countdown to 59674
[13:05:31.394] [SEVERE ] setting player 1 freeze to -1655
[13:05:31.394] [SEVERE ] setting player 2 freeze to -1655
[13:05:31.501] [SEVERE ] updating countdown to 59567
[13:05:31.501] [SEVERE ] setting player 1 freeze to -1762
[13:05:31.501] [SEVERE ] setting player 2 freeze to -1762
[13:05:31.600] [SEVERE ] key 81 was pressed by player 1
[13:05:31.600] [SEVERE ] player 1 placing token on slot 0
[13:05:31.616] [SEVERE ] updating countdown to 59453
[13:05:31.616] [SEVERE ] setting player 1 freeze to -1877
[13:05:31.616] [SEVERE ] setting player 2 freeze to -1877
[13:05:31.720] [SEVERE ] updating countdown to 59348
[13:05:31.721] [SEVERE ] setting player 1 freeze to -1982
[13:05:31.721] [SEVERE ] setting player 2 freeze to -1982
[13:05:31.810] [SEVERE ] key 87 was pressed by player 1
[13:05:31.810] [SEVERE ] player 1 placing token on slot 1
[13:05:31.834] [SEVERE ] updating countdown to 59234
[13:05:31.834] [SEVERE ] setting player 1 freeze to -2095
[13:05:31.834] [SEVERE ] setting player 2 freeze to -2095
[13:05:31.942] [SEVERE ] updating countdown to 59127
[13:05:31.942] [SEVERE ] setting player 1 freeze to -2203
[13:05:31.942] [SEVERE ] setting player 2 freeze to -2203
[13:05:32.055] [SEVERE ] updating countdown to 59013
[13:05:32.055] [SEVERE ] setting player 1 freeze to -2316
[13:05:32.055] [SEVERE ] setting player 2 freeze to -2316
[13:05:32.060] [SEVERE ] key 69 was pressed by player 1
[13:05:32.060] [SEVERE ] player 1 placing token on slot 2
[13:05:32.156] [SEVERE ] updating countdown to 58912
[13:05:32.156] [SEVERE ] setting player 1 freeze to -2417
[13:05:32.156] [SEVERE ] setting player 2 freeze to -2417
[13:05:32.156] [SEVERE ] updating countdown to 58912
[13:05:32.156] [SEVERE ] setting player 1 freeze to -2417
[13:05:32.156] [SEVERE ] setting player 2 freeze to -2417
[13:05:32.267] [SEVERE ] updating countdown to 58801
[13:05:32.267] [SEVERE ] setting player 1 freeze to 2889
[13:05:32.267] [SEVERE ] setting player 2 freeze to -2528
[13:05:32.372] [SEVERE ] updating countdown to 58696
[13:05:32.373] [SEVERE ] setting player 1 freeze to 2783
[13:05:32.373] [SEVERE ] setting player 2 freeze to -2634
[13:05:32.481] [SEVERE ] updating countdown to 58587
[13:05:32.481] [SEVERE ] setting player 1 freeze to 2675
[13:05:32.481] [SEVERE ] setting player 2 freeze to -2742
[13:05:32.508] [SEVERE ] key 69 was pressed by player 1
[13:05:32.593] [SEVERE ] updating countdown to 58475
[13:05:32.593] [SEVERE ] setting player 1 freeze to 2563
[13:05:32.593] [SEVERE ] setting player 2 freeze to -2854
[13:05:32.704] [SEVERE ] updating countdown to 58364
[13:05:32.704] [SEVERE ] setting player 1 freeze to 2452
[13:05:32.704] [SEVERE ] setting player 2 freeze to -2965
[13:05:32.807] [SEVERE ] updating countdown to 58261
[13:05:32.807] [SEVERE ] setting player 1 freeze to 2349
[13:05:32.807] [SEVERE ] setting player 2 freeze to -3068
[13:05:32.922] [SEVERE ] updating countdown to 58146
[13:05:32.922] [SEVERE ] setting player 1 freeze to 2234
[13:05:32.922] [SEVERE ] setting player 2 freeze to -3183
[13:05:32.973] [SEVERE ] key 69 was pressed by player 1
[13:05:33.032] [SEVERE ] updating countdown to 58036
[13:05:33.032] [SEVERE ] setting player 1 freeze to 2124
[13:05:33.032] [SEVERE ] setting player 2 freeze to -3293
[13:05:33.129] [SEVERE ] key 69 was pressed by player 1
[13:05:33.137] [SEVERE ] updating countdown to 57931
[13:05:33.138] [SEVERE ] setting player 1 freeze to 2018
[13:05:33.138] [SEVERE ] setting player 2 freeze to -3399
[13:05:33.247] [SEVERE ] updating countdown to 57821
[13:05:33.247] [SEVERE ] setting player 1 freeze to 1909
[13:05:33.247] [SEVERE ] setting player 2 freeze to -3508
[13:05:33.285] [SEVERE ] key 69 was pressed by player 1
[13:05:33.351] [SEVERE ] updating countdown to 57717
[13:05:33.351] [SEVERE ] setting player 1 freeze to 1805
[13:05:33.351] [SEVERE ] setting player 2 freeze to -3612
[13:05:33.436] [SEVERE ] key 69 was pressed by player 1
[13:05:33.453] [SEVERE ] updating countdown to 57615
[13:05:33.453] [SEVERE ] setting player 1 freeze to 1703
[13:05:33.453] [SEVERE ] setting player 2 freeze to -3714
[13:05:33.560] [SEVERE ] updating countdown to 57508
[13:05:33.560] [SEVERE ] setting player 1 freeze to 1596
[13:05:33.560] [SEVERE ] setting player 2 freeze to -3821
[13:05:33.580] [SEVERE ] key 69 was pressed by player 1
[13:05:33.663] [SEVERE ] updating countdown to 57405
[13:05:33.663] [SEVERE ] setting player 1 freeze to 1493
[13:05:33.663] [SEVERE ] setting player 2 freeze to -3924
[13:05:33.717] [SEVERE ] key 69 was pressed by player 1
[13:05:33.766] [SEVERE ] updating countdown to 57302
[13:05:33.767] [SEVERE ] setting player 1 freeze to 1389
[13:05:33.767] [SEVERE ] setting player 2 freeze to -4028
[13:05:33.875] [SEVERE ] updating countdown to 57193
[13:05:33.875] [SEVERE ] setting player 1 freeze to 1281
[13:05:33.875] [SEVERE ] setting player 2 freeze to -4136
[13:05:33.984] [SEVERE ] updating countdown to 57084
[13:05:33.984] [SEVERE ] setting player 1 freeze to 1172
[13:05:33.984] [SEVERE ] setting player 2 freeze to -4245
[13:05:34.091] [SEVERE ] updating countdown to 56977
[13:05:34.092] [SEVERE ] setting player 1 freeze to 1064
[13:05:34.092] [SEVERE ] setting player 2 freeze to -4353
[13:05:34.193] [SEVERE ] updating countdown to 56875
[13:05:34.193] [SEVERE ] setting player 1 freeze to 963
[13:05:34.193] [SEVERE ] setting player 2 freeze to -4454
[13:05:34.298] [SEVERE ] updating countdown to 56770
[13:05:34.298] [SEVERE ] setting player 1 freeze to 858
[13:05:34.298] [SEVERE ] setting player 2 freeze to -4559
[13:05:34.402] [SEVERE ] updating countdown to 56666
[13:05:34.402] [SEVERE ] setting player 1 freeze to 754
[13:05:34.403] [SEVERE ] setting player 2 freeze to -4664
[13:05:34.472] [SEVERE ] key 69 was pressed by player 1
[13:05:34.505] [SEVERE ] updating countdown to 56563
[13:05:34.505] [SEVERE ] setting player 1 freeze to 651
[13:05:34.505] [SEVERE ] setting player 2 freeze to -4766
[13:05:34.606] [SEVERE ] updating countdown to 56462
[13:05:34.606] [SEVERE ] setting player 1 freeze to 550
[13:05:34.606] [SEVERE ] setting player 2 freeze to -4867
[13:05:34.712] [SEVERE ] updating countdown to 56356
[13:05:34.712] [SEVERE ] setting player 1 freeze to 444
[13:05:34.712] [SEVERE ] setting player 2 freeze to -4973
[13:05:34.817] [SEVERE ] updating countdown to 56251
[13:05:34.817] [SEVERE ] setting player 1 freeze to 339
[13:05:34.817] [SEVERE ] setting player 2 freeze to -5078
[13:05:34.850] [SEVERE ] key 69 was pressed by player 1
[13:05:34.925] [SEVERE ] updating countdown to 56143
[13:05:34.925] [SEVERE ] setting player 1 freeze to 231
[13:05:34.925] [SEVERE ] setting player 2 freeze to -5186
[13:05:35.027] [SEVERE ] updating countdown to 56041
[13:05:35.027] [SEVERE ] setting player 1 freeze to 129
[13:05:35.027] [SEVERE ] setting player 2 freeze to -5288
[13:05:35.128] [SEVERE ] updating countdown to 55940
[13:05:35.128] [SEVERE ] setting player 1 freeze to 28
[13:05:35.128] [SEVERE ] setting player 2 freeze to -5389
[13:05:35.244] [SEVERE ] updating countdown to 55824
[13:05:35.244] [SEVERE ] setting player 1 freeze to -88
[13:05:35.244] [SEVERE ] setting player 2 freeze to -5505
[13:05:35.246] [SEVERE ] key 69 was pressed by player 1
[13:05:35.246] [SEVERE ] removing player 1 token from slot 2
[13:05:35.346] [SEVERE ] updating countdown to 55722
[13:05:35.346] [SEVERE ] setting player 1 freeze to -190
[13:05:35.346] [SEVERE ] setting player 2 freeze to -5607
[13:05:35.449] [SEVERE ] updating countdown to 55619
[13:05:35.449] [SEVERE ] setting player 1 freeze to -293
[13:05:35.449] [SEVERE ] setting player 2 freeze to -5710
[13:05:35.551] [SEVERE ] updating countdown to 55517
[13:05:35.551] [SEVERE ] setting player 1 freeze to -395
[13:05:35.551] [SEVERE ] setting player 2 freeze to -5812
[13:05:35.664] [SEVERE ] updating countdown to 55404
[13:05:35.664] [SEVERE ] setting player 1 freeze to -508
[13:05:35.664] [SEVERE ] setting player 2 freeze to -5925
[13:05:35.772] [SEVERE ] updating countdown to 55296
[13:05:35.773] [SEVERE ] setting player 1 freeze to -617
[13:05:35.773] [SEVERE ] setting player 2 freeze to -6034
[13:05:35.883] [SEVERE ] updating countdown to 55185
[13:05:35.883] [SEVERE ] setting player 1 freeze to -727
[13:05:35.883] [SEVERE ] setting player 2 freeze to -6144
[13:05:35.998] [SEVERE ] updating countdown to 55070
[13:05:35.999] [SEVERE ] setting player 1 freeze to -843
[13:05:35.999] [SEVERE ] setting player 2 freeze to -6260
[13:05:36.090] [SEVERE ] key 83 was pressed by player 1
[13:05:36.090] [SEVERE ] player 1 placing token on slot 5
[13:05:36.106] [SEVERE ] updating countdown to 54962
[13:05:36.107] [SEVERE ] setting player 1 freeze to -951
[13:05:36.107] [SEVERE ] setting player 2 freeze to -6368
[13:05:36.107] [SEVERE ] updating countdown to 54961
[13:05:36.107] [SEVERE ] setting player 1 freeze to -951
[13:05:36.107] [SEVERE ] setting player 2 freeze to -6368
[13:05:36.216] [SEVERE ] updating countdown to 54852
[13:05:36.216] [SEVERE ] setting player 1 freeze to 2891
[13:05:36.216] [SEVERE ] setting player 2 freeze to -6477
[13:05:36.328] [SEVERE ] updating countdown to 54740
[13:05:36.329] [SEVERE ] setting player 1 freeze to 2778
[13:05:36.329] [SEVERE ] setting player 2 freeze to -6590
[13:05:36.439] [SEVERE ] updating countdown to 54630
[13:05:36.439] [SEVERE ] setting player 1 freeze to 2668
[13:05:36.439] [SEVERE ] setting player 2 freeze to -6700
[13:05:36.541] [SEVERE ] updating countdown to 54527
[13:05:36.541] [SEVERE ] setting player 1 freeze to 2566
[13:05:36.541] [SEVERE ] setting player 2 freeze to -6802
[13:05:36.649] [SEVERE ] updating countdown to 54419
[13:05:36.649] [SEVERE ] setting player 1 freeze to 2458
[13:05:36.649] [SEVERE ] setting player 2 freeze to -6910
[13:05:36.757] [SEVERE ] updating countdown to 54311
[13:05:36.758] [SEVERE ] setting player 1 freeze to 2349
[13:05:36.758] [SEVERE ] setting player 2 freeze to -7019
[13:05:36.868] [SEVERE ] updating countdown to 54200
[13:05:36.868] [SEVERE ] setting player 1 freeze to 2239
[13:05:36.868] [SEVERE ] setting player 2 freeze to -7129
[13:05:36.970] [SEVERE ] updating countdown to 54098
[13:05:36.970] [SEVERE ] setting player 1 freeze to 2137
[13:05:36.970] [SEVERE ] setting player 2 freeze to -7231
[13:05:37.080] [SEVERE ] updating countdown to 53988
[13:05:37.080] [SEVERE ] setting player 1 freeze to 2027
[13:05:37.080] [SEVERE ] setting player 2 freeze to -7341
[13:05:37.188] [SEVERE ] updating countdown to 53880
[13:05:37.188] [SEVERE ] setting player 1 freeze to 1919
[13:05:37.188] [SEVERE ] setting player 2 freeze to -7449
[13:05:37.303] [SEVERE ] updating countdown to 53765
[13:05:37.303] [SEVERE ] setting player 1 freeze to 1804
[13:05:37.303] [SEVERE ] setting player 2 freeze to -7564
[13:05:37.415] [SEVERE ] updating countdown to 53653
[13:05:37.415] [SEVERE ] setting player 1 freeze to 1692
[13:05:37.415] [SEVERE ] setting player 2 freeze to -7676
[13:05:37.528] [SEVERE ] updating countdown to 53540
[13:05:37.528] [SEVERE ] setting player 1 freeze to 1579
[13:05:37.528] [SEVERE ] setting player 2 freeze to -7789
[13:05:37.636] [SEVERE ] updating countdown to 53432
[13:05:37.636] [SEVERE ] setting player 1 freeze to 1471
[13:05:37.636] [SEVERE ] setting player 2 freeze to -7897
[13:05:37.737] [SEVERE ] updating countdown to 53331
[13:05:37.738] [SEVERE ] setting player 1 freeze to 1369
[13:05:37.738] [SEVERE ] setting player 2 freeze to -7999
[13:05:37.845] [SEVERE ] updating countdown to 53223
[13:05:37.845] [SEVERE ] setting player 1 freeze to 1262
[13:05:37.845] [SEVERE ] setting player 2 freeze to -8106
[13:05:37.961] [SEVERE ] updating countdown to 53108
[13:05:37.961] [SEVERE ] setting player 1 freeze to 1146
[13:05:37.961] [SEVERE ] setting player 2 freeze to -8222
[13:05:38.070] [SEVERE ] updating countdown to 52998
[13:05:38.071] [SEVERE ] setting player 1 freeze to 1036
[13:05:38.071] [SEVERE ] setting player 2 freeze to -8332
[13:05:38.180] [SEVERE ] updating countdown to 52888
[13:05:38.180] [SEVERE ] setting player 1 freeze to 927
[13:05:38.180] [SEVERE ] setting player 2 freeze to -8441
[13:05:38.286] [SEVERE ] updating countdown to 52782
[13:05:38.286] [SEVERE ] setting player 1 freeze to 821
[13:05:38.286] [SEVERE ] setting player 2 freeze to -8547
[13:05:38.388] [SEVERE ] updating countdown to 52680
[13:05:38.388] [SEVERE ] setting player 1 freeze to 719
[13:05:38.388] [SEVERE ] setting player 2 freeze to -8649
[13:05:38.460] [SEVERE ] key 83 was pressed by player 1
[13:05:38.493] [SEVERE ] updating countdown to 52575
[13:05:38.493] [SEVERE ] setting player 1 freeze to 614
[13:05:38.493] [SEVERE ] setting player 2 freeze to -8754
[13:05:38.595] [SEVERE ] updating countdown to 52473
[13:05:38.595] [SEVERE ] setting player 1 freeze to 512
[13:05:38.595] [SEVERE ] setting player 2 freeze to -8856
[13:05:38.700] [SEVERE ] updating countdown to 52368
[13:05:38.700] [SEVERE ] setting player 1 freeze to 407
[13:05:38.700] [SEVERE ] setting player 2 freeze to -8961
[13:05:38.816] [SEVERE ] updating countdown to 52252
[13:05:38.816] [SEVERE ] setting player 1 freeze to 291
[13:05:38.816] [SEVERE ] setting player 2 freeze to -9077
[13:05:38.918] [SEVERE ] updating countdown to 52150
[13:05:38.919] [SEVERE ] setting player 1 freeze to 188
[13:05:38.919] [SEVERE ] setting player 2 freeze to -9180
[13:05:39.029] [SEVERE ] updating countdown to 52039
[13:05:39.029] [SEVERE ] setting player 1 freeze to 78
[13:05:39.029] [SEVERE ] setting player 2 freeze to -9290
[13:05:39.132] [SEVERE ] updating countdown to 51936
[13:05:39.133] [SEVERE ] setting player 1 freeze to -26
[13:05:39.133] [SEVERE ] setting player 2 freeze to -9394
[13:05:39.235] [SEVERE ] updating countdown to 51833
[13:05:39.235] [SEVERE ] setting player 1 freeze to -128
[13:05:39.235] [SEVERE ] setting player 2 freeze to -9496
[13:05:39.337] [SEVERE ] updating countdown to 51731
[13:05:39.338] [SEVERE ] setting player 1 freeze to -231
[13:05:39.338] [SEVERE ] setting player 2 freeze to -9599
[13:05:39.447] [SEVERE ] updating countdown to 51621
[13:05:39.447] [SEVERE ] setting player 1 freeze to -340
[13:05:39.447] [SEVERE ] setting player 2 freeze to -9708
[13:05:39.560] [SEVERE ] updating countdown to 51508
[13:05:39.561] [SEVERE ] setting player 1 freeze to -454
[13:05:39.561] [SEVERE ] setting player 2 freeze to -9822
[13:05:39.662] [SEVERE ] updating countdown to 51406
[13:05:39.662] [SEVERE ] setting player 1 freeze to -555
[13:05:39.662] [SEVERE ] setting player 2 freeze to -9923
[13:05:39.776] [SEVERE ] updating countdown to 51292
[13:05:39.776] [SEVERE ] setting player 1 freeze to -669
[13:05:39.776] [SEVERE ] setting player 2 freeze to -10037
[13:05:39.878] [SEVERE ] updating countdown to 51190
[13:05:39.878] [SEVERE ] setting player 1 freeze to -771
[13:05:39.878] [SEVERE ] setting player 2 freeze to -10139
[13:05:39.982] [SEVERE ] updating countdown to 51086
[13:05:39.982] [SEVERE ] setting player 1 freeze to -875
[13:05:39.982] [SEVERE ] setting player 2 freeze to -10243
[13:05:40.084] [SEVERE ] updating countdown to 50984
[13:05:40.085] [SEVERE ] setting player 1 freeze to -978
[13:05:40.085] [SEVERE ] setting player 2 freeze to -10346
[13:05:40.186] [SEVERE ] updating countdown to 50882
[13:05:40.186] [SEVERE ] setting player 1 freeze to -1079
[13:05:40.186] [SEVERE ] setting player 2 freeze to -10447
[13:05:40.293] [SEVERE ] updating countdown to 50775
[13:05:40.293] [SEVERE ] setting player 1 freeze to -1186
[13:05:40.293] [SEVERE ] setting player 2 freeze to -10554
[13:05:40.400] [SEVERE ] updating countdown to 50668
[13:05:40.401] [SEVERE ] setting player 1 freeze to -1294
[13:05:40.401] [SEVERE ] setting player 2 freeze to -10662
[13:05:40.502] [SEVERE ] updating countdown to 50566
[13:05:40.502] [SEVERE ] setting player 1 freeze to -1395
[13:05:40.502] [SEVERE ] setting player 2 freeze to -10763
[13:05:40.606] [SEVERE ] updating countdown to 50462
[13:05:40.607] [SEVERE ] setting player 1 freeze to -1500
[13:05:40.607] [SEVERE ] setting player 2 freeze to -10868
[13:05:40.715] [SEVERE ] updating countdown to 50353
[13:05:40.715] [SEVERE ] setting player 1 freeze to -1608
[13:05:40.715] [SEVERE ] setting player 2 freeze to -10976
[13:05:40.827] [SEVERE ] updating countdown to 50241
[13:05:40.827] [SEVERE ] setting player 1 freeze to -1720
[13:05:40.827] [SEVERE ] setting player 2 freeze to -11088
[13:05:40.928] [SEVERE ] updating countdown to 50140
[13:05:40.928] [SEVERE ] setting player 1 freeze to -1821
[13:05:40.928] [SEVERE ] setting player 2 freeze to -11189
[13:05:41.037] [SEVERE ] updating countdown to 50031
[13:05:41.037] [SEVERE ] setting player 1 freeze to -1930
[13:05:41.037] [SEVERE ] setting player 2 freeze to -11298
[13:05:41.130] [SEVERE ] key 83 was pressed by player 1
[13:05:41.130] [SEVERE ] removing player 1 token from slot 5
[13:05:41.147] [SEVERE ] updating countdown to 49921
[13:05:41.147] [SEVERE ] setting player 1 freeze to -2040
[13:05:41.147] [SEVERE ] setting player 2 freeze to -11408
[13:05:41.256] [SEVERE ] updating countdown to 49812
[13:05:41.256] [SEVERE ] setting player 1 freeze to -2149
[13:05:41.256] [SEVERE ] setting player 2 freeze to -11517
[13:05:41.359] [SEVERE ] updating countdown to 49709
[13:05:41.359] [SEVERE ] setting player 1 freeze to -2252
[13:05:41.359] [SEVERE ] setting player 2 freeze to -11620
[13:05:41.468] [SEVERE ] updating countdown to 49600
[13:05:41.469] [SEVERE ] setting player 1 freeze to -2362
[13:05:41.469] [SEVERE ] setting player 2 freeze to -11730
[13:05:41.485] [SEVERE ] key 87 was pressed by player 1
[13:05:41.485] [SEVERE ] removing player 1 token from slot 1
[13:05:41.578] [SEVERE ] updating countdown to 49490
[13:05:41.578] [SEVERE ] setting player 1 freeze to -2471
[13:05:41.578] [SEVERE ] setting player 2 freeze to -11839
[13:05:41.645] [SEVERE ] key 81 was pressed by player 1
[13:05:41.645] [SEVERE ] removing player 1 token from slot 0
[13:05:41.679] [SEVERE ] updating countdown to 49389
[13:05:41.679] [SEVERE ] setting player 1 freeze to -2572
[13:05:41.679] [SEVERE ] setting player 2 freeze to -11940
[13:05:41.791] [SEVERE ] updating countdown to 49277
[13:05:41.791] [SEVERE ] setting player 1 freeze to -2684
[13:05:41.791] [SEVERE ] setting player 2 freeze to -12052
[13:05:41.900] [SEVERE ] updating countdown to 49168
[13:05:41.900] [SEVERE ] setting player 1 freeze to -2793
[13:05:41.900] [SEVERE ] setting player 2 freeze to -12161
[13:05:42.003] [SEVERE ] updating countdown to 49065
[13:05:42.003] [SEVERE ] setting player 1 freeze to -2896
[13:05:42.003] [SEVERE ] setting player 2 freeze to -12264
[13:05:42.106] [SEVERE ] updating countdown to 48962
[13:05:42.106] [SEVERE ] setting player 1 freeze to -2999
[13:05:42.106] [SEVERE ] setting player 2 freeze to -12367
[13:05:42.215] [SEVERE ] updating countdown to 48853
[13:05:42.216] [SEVERE ] setting player 1 freeze to -3109
[13:05:42.216] [SEVERE ] setting player 2 freeze to -12477
[13:05:42.324] [SEVERE ] updating countdown to 48744
[13:05:42.324] [SEVERE ] setting player 1 freeze to -3217
[13:05:42.324] [SEVERE ] setting player 2 freeze to -12585
[13:05:42.430] [SEVERE ] updating countdown to 48638
[13:05:42.431] [SEVERE ] setting player 1 freeze to -3324
[13:05:42.431] [SEVERE ] setting player 2 freeze to -12692
[13:05:42.531] [SEVERE ] updating countdown to 48537
[13:05:42.532] [SEVERE ] setting player 1 freeze to -3425
[13:05:42.532] [SEVERE ] setting player 2 freeze to -12793
[13:05:42.641] [SEVERE ] updating countdown to 48427
[13:05:42.641] [SEVERE ] setting player 1 freeze to -3534
[13:05:42.641] [SEVERE ] setting player 2 freeze to -12902
[13:05:42.756] [SEVERE ] updating countdown to 48312
[13:05:42.756] [SEVERE ] setting player 1 freeze to -3649
[13:05:42.756] [SEVERE ] setting player 2 freeze to -13017
[13:05:42.870] [SEVERE ] updating countdown to 48198
[13:05:42.870] [SEVERE ] setting player 1 freeze to -3763
[13:05:42.870] [SEVERE ] setting player 2 freeze to -13131
[13:05:42.986] [SEVERE ] updating countdown to 48082
[13:05:42.986] [SEVERE ] setting player 1 freeze to -3879
[13:05:42.986] [SEVERE ] setting player 2 freeze to -13247
[13:05:43.094] [SEVERE ] updating countdown to 47974
[13:05:43.094] [SEVERE ] setting player 1 freeze to -3987
[13:05:43.094] [SEVERE ] setting player 2 freeze to -13355
[13:05:43.197] [SEVERE ] updating countdown to 47871
[13:05:43.197] [SEVERE ] setting player 1 freeze to -4090
[13:05:43.197] [SEVERE ] setting player 2 freeze to -13458
[13:05:43.310] [SEVERE ] updating countdown to 47758
[13:05:43.311] [SEVERE ] setting player 1 freeze to -4204
[13:05:43.311] [SEVERE ] setting player 2 freeze to -13572
[13:05:43.425] [SEVERE ] updating countdown to 47643
[13:05:43.425] [SEVERE ] setting player 1 freeze to -4318
[13:05:43.425] [SEVERE ] setting player 2 freeze to -13686
[13:05:43.529] [SEVERE ] updating countdown to 47539
[13:05:43.529] [SEVERE ] setting player 1 freeze to -4422
[13:05:43.529] [SEVERE ] setting player 2 freeze to -13790
[13:05:43.631] [SEVERE ] updating countdown to 47437
[13:05:43.631] [SEVERE ] setting player 1 freeze to -4524
[13:05:43.632] [SEVERE ] setting player 2 freeze to -13893
[13:05:43.745] [SEVERE ] updating countdown to 47323
[13:05:43.745] [SEVERE ] setting player 1 freeze to -4638
[13:05:43.745] [SEVERE ] setting player 2 freeze to -14006
[13:05:43.849] [SEVERE ] updating countdown to 47219
[13:05:43.849] [SEVERE ] setting player 1 freeze to -4742
[13:05:43.849] [SEVERE ] setting player 2 freeze to -14110
[13:05:43.953] [SEVERE ] updating countdown to 47115
[13:05:43.953] [SEVERE ] setting player 1 freeze to -4846
[13:05:43.953] [SEVERE ] setting player 2 freeze to -14214
[13:05:44.066] [SEVERE ] updating countdown to 47002
[13:05:44.066] [SEVERE ] setting player 1 freeze to -4959
[13:05:44.066] [SEVERE ] setting player 2 freeze to -14327
[13:05:44.173] [SEVERE ] updating countdown to 46895
[13:05:44.173] [SEVERE ] setting player 1 freeze to -5066
[13:05:44.173] [SEVERE ] setting player 2 freeze to -14434
[13:05:44.276] [SEVERE ] updating countdown to 46792
[13:05:44.276] [SEVERE ] setting player 1 freeze to -5169
[13:05:44.276] [SEVERE ] setting player 2 freeze to -14537
[13:05:44.383] [SEVERE ] updating countdown to 46685
[13:05:44.384] [SEVERE ] setting player 1 freeze to -5277
[13:05:44.384] [SEVERE ] setting player 2 freeze to -14645
[13:05:44.485] [SEVERE ] updating countdown to 46583
[13:05:44.485] [SEVERE ] setting player 1 freeze to -5378
[13:05:44.485] [SEVERE ] setting player 2 freeze to -14746
[13:05:44.598] [SEVERE ] updating countdown to 46470
[13:05:44.598] [SEVERE ] setting player 1 freeze to -5491
[13:05:44.599] [SEVERE ] setting player 2 freeze to -14860
[13:05:44.706] [SEVERE ] updating countdown to 46362
[13:05:44.707] [SEVERE ] setting player 1 freeze to -5600
[13:05:44.707] [SEVERE ] setting player 2 freeze to -14968
[13:05:44.808] [SEVERE ] updating countdown to 46260
[13:05:44.808] [SEVERE ] setting player 1 freeze to -5701
[13:05:44.808] [SEVERE ] setting player 2 freeze to -15069
[13:05:44.917] [SEVERE ] updating countdown to 46151
[13:05:44.917] [SEVERE ] setting player 1 freeze to -5810
[13:05:44.917] [SEVERE ] setting player 2 freeze to -15178
[13:05:45.026] [SEVERE ] updating countdown to 46042
[13:05:45.026] [SEVERE ] setting player 1 freeze to -5919
[13:05:45.026] [SEVERE ] setting player 2 freeze to -15287
[13:05:45.128] [SEVERE ] updating countdown to 45940
[13:05:45.128] [SEVERE ] setting player 1 freeze to -6021
[13:05:45.128] [SEVERE ] setting player 2 freeze to -15389
[13:05:45.231] [SEVERE ] updating countdown to 45837
[13:05:45.231] [SEVERE ] setting player 1 freeze to -6124
[13:05:45.231] [SEVERE ] setting player 2 freeze to -15492
[13:05:45.339] [SEVERE ] updating countdown to 45729
[13:05:45.339] [SEVERE ] setting player 1 freeze to -6232
[13:05:45.339] [SEVERE ] setting player 2 freeze to -15600
[13:05:45.441] [SEVERE ] updating countdown to 45627
[13:05:45.441] [SEVERE ] setting player 1 freeze to -6334
[13:05:45.441] [SEVERE ] setting player 2 freeze to -15702
[13:05:45.544] [SEVERE ] updating countdown to 45524
[13:05:45.544] [SEVERE ] setting player 1 freeze to -6437
[13:05:45.544] [SEVERE ] setting player 2 freeze to -15805
[13:05:45.651] [SEVERE ] updating countdown to 45417
[13:05:45.651] [SEVERE ] setting player 1 freeze to -6544
[13:05:45.651] [SEVERE ] setting player 2 freeze to -15912
[13:05:45.758] [SEVERE ] updating countdown to 45310
[13:05:45.758] [SEVERE ] setting player 1 freeze to -6651
[13:05:45.758] [SEVERE ] setting player 2 freeze to -16019
[13:05:45.874] [SEVERE ] updating countdown to 45194
[13:05:45.875] [SEVERE ] setting player 1 freeze to -6768
[13:05:45.875] [SEVERE ] setting player 2 freeze to -16136
[13:05:45.988] [SEVERE ] updating countdown to 45080
[13:05:45.989] [SEVERE ] setting player 1 freeze to -6882
[13:05:45.989] [SEVERE ] setting player 2 freeze to -16250
[13:05:46.096] [SEVERE ] updating countdown to 44972
[13:05:46.097] [SEVERE ] setting player 1 freeze to -6990
[13:05:46.097] [SEVERE ] setting player 2 freeze to -16358
[13:05:46.198] [SEVERE ] updating countdown to 44870
[13:05:46.198] [SEVERE ] setting player 1 freeze to -7091
[13:05:46.198] [SEVERE ] setting player 2 freeze to -16459
[13:05:46.306] [SEVERE ] updating countdown to 44762
[13:05:46.306] [SEVERE ] setting player 1 freeze to -7199
[13:05:46.306] [SEVERE ] setting player 2 freeze to -16567
[13:05:46.416] [SEVERE ] updating countdown to 44652
[13:05:46.417] [SEVERE ] setting player 1 freeze to -7310
[13:05:46.417] [SEVERE ] setting player 2 freeze to -16678
[13:05:46.518] [SEVERE ] updating countdown to 44550
[13:05:46.518] [SEVERE ] setting player 1 freeze to -7411
[13:05:46.518] [SEVERE ] setting player 2 freeze to -16779
[13:05:46.625] [SEVERE ] updating countdown to 44443
[13:05:46.625] [SEVERE ] setting player 1 freeze to -7518
[13:05:46.625] [SEVERE ] setting player 2 freeze to -16886
[13:05:46.738] [SEVERE ] updating countdown to 44330
[13:05:46.739] [SEVERE ] setting player 1 freeze to -7632
[13:05:46.739] [SEVERE ] setting player 2 freeze to -17000
[13:05:46.848] [SEVERE ] updating countdown to 44220
[13:05:46.848] [SEVERE ] setting player 1 freeze to -7741
[13:05:46.848] [SEVERE ] setting player 2 freeze to -17109
[13:05:46.949] [SEVERE ] updating countdown to 44119
[13:05:46.950] [SEVERE ] setting player 1 freeze to -7843
[13:05:46.950] [SEVERE ] setting player 2 freeze to -17211
[13:05:47.057] [SEVERE ] updating countdown to 44011
[13:05:47.058] [SEVERE ] setting player 1 freeze to -7951
[13:05:47.058] [SEVERE ] setting player 2 freeze to -17319
[13:05:47.160] [SEVERE ] updating countdown to 43908
[13:05:47.161] [SEVERE ] setting player 1 freeze to -8054
[13:05:47.161] [SEVERE ] setting player 2 freeze to -17422
[13:05:47.273] [SEVERE ] updating countdown to 43795
[13:05:47.273] [SEVERE ] setting player 1 freeze to -8166
[13:05:47.273] [SEVERE ] setting player 2 freeze to -17534
[13:05:47.377] [SEVERE ] updating countdown to 43692
[13:05:47.377] [SEVERE ] setting player 1 freeze to -8270
[13:05:47.377] [SEVERE ] setting player 2 freeze to -17638
[13:05:47.481] [SEVERE ] updating countdown to 43587
[13:05:47.481] [SEVERE ] setting player 1 freeze to -8374
[13:05:47.481] [SEVERE ] setting player 2 freeze to -17742
[13:05:47.597] [SEVERE ] updating countdown to 43471
[13:05:47.598] [SEVERE ] setting player 1 freeze to -8491
[13:05:47.598] [SEVERE ] setting player 2 freeze to -17859
[13:05:47.702] [SEVERE ] updating countdown to 43366
[13:05:47.703] [SEVERE ] setting player 1 freeze to -8596
[13:05:47.703] [SEVERE ] setting player 2 freeze to -17964
[13:05:47.813] [SEVERE ] updating countdown to 43255
[13:05:47.813] [SEVERE ] setting player 1 freeze to -8706
[13:05:47.813] [SEVERE ] setting player 2 freeze to -18074
[13:05:47.925] [SEVERE ] updating countdown to 43143
[13:05:47.925] [SEVERE ] setting player 1 freeze to -8818
[13:05:47.925] [SEVERE ] setting player 2 freeze to -18186
[13:05:48.036] [SEVERE ] updating countdown to 43032
[13:05:48.036] [SEVERE ] setting player 1 freeze to -8929
[13:05:48.036] [SEVERE ] setting player 2 freeze to -18297
[13:05:48.137] [SEVERE ] updating countdown to 42931
[13:05:48.137] [SEVERE ] setting player 1 freeze to -9030
[13:05:48.137] [SEVERE ] setting player 2 freeze to -18398
[13:05:48.246] [SEVERE ] updating countdown to 42822
[13:05:48.246] [SEVERE ] setting player 1 freeze to -9139
[13:05:48.246] [SEVERE ] setting player 2 freeze to -18507
[13:05:48.347] [SEVERE ] updating countdown to 42721
[13:05:48.348] [SEVERE ] setting player 1 freeze to -9241
[13:05:48.348] [SEVERE ] setting player 2 freeze to -18609
[13:05:48.456] [SEVERE ] updating countdown to 42612
[13:05:48.456] [SEVERE ] setting player 1 freeze to -9349
[13:05:48.456] [SEVERE ] setting player 2 freeze to -18717
[13:05:48.560] [SEVERE ] updating countdown to 42508
[13:05:48.560] [SEVERE ] setting player 1 freeze to -9453
[13:05:48.560] [SEVERE ] setting player 2 freeze to -18821
[13:05:48.676] [SEVERE ] updating countdown to 42392
[13:05:48.676] [SEVERE ] setting player 1 freeze to -9569
[13:05:48.676] [SEVERE ] setting player 2 freeze to -18937
[13:05:48.787] [SEVERE ] updating countdown to 42281
[13:05:48.787] [SEVERE ] setting player 1 freeze to -9680
[13:05:48.787] [SEVERE ] setting player 2 freeze to -19048
[13:05:48.893] [SEVERE ] updating countdown to 42175
[13:05:48.893] [SEVERE ] setting player 1 freeze to -9786
[13:05:48.893] [SEVERE ] setting player 2 freeze to -19154
[13:05:49.001] [SEVERE ] updating countdown to 42067
[13:05:49.002] [SEVERE ] setting player 1 freeze to -9895
[13:05:49.002] [SEVERE ] setting player 2 freeze to -19263
[13:05:49.110] [SEVERE ] updating countdown to 41958
[13:05:49.111] [SEVERE ] setting player 1 freeze to -10004
[13:05:49.111] [SEVERE ] setting player 2 freeze to -19372
[13:05:49.214] [SEVERE ] updating countdown to 41854
[13:05:49.214] [SEVERE ] setting player 1 freeze to -10107
[13:05:49.214] [SEVERE ] setting player 2 freeze to -19475
[13:05:49.321] [SEVERE ] updating countdown to 41747
[13:05:49.321] [SEVERE ] setting player 1 freeze to -10214
[13:05:49.321] [SEVERE ] setting player 2 freeze to -19582
[13:05:49.436] [SEVERE ] updating countdown to 41632
[13:05:49.436] [SEVERE ] setting player 1 freeze to -10329
[13:05:49.436] [SEVERE ] setting player 2 freeze to -19697
[13:05:49.544] [SEVERE ] updating countdown to 41524
[13:05:49.544] [SEVERE ] setting player 1 freeze to -10437
[13:05:49.544] [SEVERE ] setting player 2 freeze to -19805
[13:05:49.653] [SEVERE ] updating countdown to 41415
[13:05:49.653] [SEVERE ] setting player 1 freeze to -10546
[13:05:49.653] [SEVERE ] setting player 2 freeze to -19914
[13:05:49.763] [SEVERE ] updating countdown to 41305
[13:05:49.763] [SEVERE ] setting player 1 freeze to -10656
[13:05:49.763] [SEVERE ] setting player 2 freeze to -20024
[13:05:49.877] [SEVERE ] updating countdown to 41192
[13:05:49.877] [SEVERE ] setting player 1 freeze to -10770
[13:05:49.877] [SEVERE ] setting player 2 freeze to -20138
[13:05:49.979] [SEVERE ] updating countdown to 41089
[13:05:49.979] [SEVERE ] setting player 1 freeze to -10872
[13:05:49.979] [SEVERE ] setting player 2 freeze to -20240
[13:05:50.081] [SEVERE ] updating countdown to 40987
[13:05:50.081] [SEVERE ] setting player 1 freeze to -10974
[13:05:50.081] [SEVERE ] setting player 2 freeze to -20342
[13:05:50.192] [SEVERE ] updating countdown to 40876
[13:05:50.192] [SEVERE ] setting player 1 freeze to -11085
[13:05:50.192] [SEVERE ] setting player 2 freeze to -20453
[13:05:50.296] [SEVERE ] updating countdown to 40772
[13:05:50.297] [SEVERE ] setting player 1 freeze to -11190
[13:05:50.297] [SEVERE ] setting player 2 freeze to -20558
[13:05:50.405] [SEVERE ] updating countdown to 40663
[13:05:50.405] [SEVERE ] setting player 1 freeze to -11298
[13:05:50.406] [SEVERE ] setting player 2 freeze to -20667
[13:05:50.507] [SEVERE ] updating countdown to 40561
[13:05:50.507] [SEVERE ] setting player 1 freeze to -11400
[13:05:50.507] [SEVERE ] setting player 2 freeze to -20768
[13:05:50.609] [SEVERE ] updating countdown to 40459
[13:05:50.609] [SEVERE ] setting player 1 freeze to -11502
[13:05:50.609] [SEVERE ] setting player 2 freeze to -20870
[13:05:50.711] [SEVERE ] updating countdown to 40357
[13:05:50.711] [SEVERE ] setting player 1 freeze to -11604
[13:05:50.711] [SEVERE ] setting player 2 freeze to -20972
[13:05:50.824] [SEVERE ] updating countdown to 40244
[13:05:50.824] [SEVERE ] setting player 1 freeze to -11717
[13:05:50.824] [SEVERE ] setting player 2 freeze to -21085
[13:05:50.932] [SEVERE ] updating countdown to 40136
[13:05:50.932] [SEVERE ] setting player 1 freeze to -11825
[13:05:50.932] [SEVERE ] setting player 2 freeze to -21193
[13:05:51.041] [SEVERE ] updating countdown to 40027
[13:05:51.042] [SEVERE ] setting player 1 freeze to -11935
[13:05:51.042] [SEVERE ] setting player 2 freeze to -21303
[13:05:51.150] [SEVERE ] updating countdown to 39918
[13:05:51.150] [SEVERE ] setting player 1 freeze to -12043
[13:05:51.150] [SEVERE ] setting player 2 freeze to -21411
[13:05:51.258] [SEVERE ] updating countdown to 39810
[13:05:51.259] [SEVERE ] setting player 1 freeze to -12152
[13:05:51.259] [SEVERE ] setting player 2 freeze to -21520
[13:05:51.367] [SEVERE ] updating countdown to 39701
[13:05:51.367] [SEVERE ] setting player 1 freeze to -12260
[13:05:51.367] [SEVERE ] setting player 2 freeze to -21628
[13:05:51.481] [SEVERE ] updating countdown to 39587
[13:05:51.481] [SEVERE ] setting player 1 freeze to -12374
[13:05:51.481] [SEVERE ] setting player 2 freeze to -21742
[13:05:51.594] [SEVERE ] updating countdown to 39474
[13:05:51.594] [SEVERE ] setting player 1 freeze to -12487
[13:05:51.594] [SEVERE ] setting player 2 freeze to -21855
[13:05:51.695] [SEVERE ] updating countdown to 39373
[13:05:51.695] [SEVERE ] setting player 1 freeze to -12588
[13:05:51.695] [SEVERE ] setting player 2 freeze to -21956
[13:05:51.805] [SEVERE ] updating countdown to 39263
[13:05:51.805] [SEVERE ] setting player 1 freeze to -12698
[13:05:51.805] [SEVERE ] setting player 2 freeze to -22066
[13:05:51.916] [SEVERE ] updating countdown to 39152
[13:05:51.917] [SEVERE ] setting player 1 freeze to -12810
[13:05:51.917] [SEVERE ] setting player 2 freeze to -22178
[13:05:52.020] [SEVERE ] updating countdown to 39048
[13:05:52.020] [SEVERE ] setting player 1 freeze to -12913
[13:05:52.020] [SEVERE ] setting player 2 freeze to -22281
[13:05:52.128] [SEVERE ] updating countdown to 38940
[13:05:52.128] [SEVERE ] setting player 1 freeze to -13021
[13:05:52.128] [SEVERE ] setting player 2 freeze to -22389
[13:05:52.230] [SEVERE ] updating countdown to 38838
[13:05:52.230] [SEVERE ] setting player 1 freeze to -13123
[13:05:52.230] [SEVERE ] setting player 2 freeze to -22491
[13:05:52.342] [SEVERE ] updating countdown to 38726
[13:05:52.342] [SEVERE ] setting player 1 freeze to -13235
[13:05:52.342] [SEVERE ] setting player 2 freeze to -22603
[13:05:52.448] [SEVERE ] updating countdown to 38620
[13:05:52.448] [SEVERE ] setting player 1 freeze to -13341
[13:05:52.448] [SEVERE ] setting player 2 freeze to -22709
[13:05:52.550] [SEVERE ] updating countdown to 38518
[13:05:52.550] [SEVERE ] setting player 1 freeze to -13443
[13:05:52.550] [SEVERE ] setting player 2 freeze to -22811
[13:05:52.653] [SEVERE ] updating countdown to 38415
[13:05:52.653] [SEVERE ] setting player 1 freeze to -13546
[13:05:52.653] [SEVERE ] setting player 2 freeze to -22914
[13:05:52.762] [SEVERE ] updating countdown to 38306
[13:05:52.763] [SEVERE ] setting player 1 freeze to -13656
[13:05:52.763] [SEVERE ] setting player 2 freeze to -23024
[13:05:52.873] [SEVERE ] updating countdown to 38195
[13:05:52.873] [SEVERE ] setting player 1 freeze to -13766
[13:05:52.873] [SEVERE ] setting player 2 freeze to -23134
[13:05:52.980] [SEVERE ] updating countdown to 38088
[13:05:52.980] [SEVERE ] setting player 1 freeze to -13873
[13:05:52.980] [SEVERE ] setting player 2 freeze to -23241
[13:05:53.086] [SEVERE ] updating countdown to 37982
[13:05:53.086] [SEVERE ] setting player 1 freeze to -13979
[13:05:53.086] [SEVERE ] setting player 2 freeze to -23347
[13:05:53.188] [SEVERE ] updating countdown to 37880
[13:05:53.188] [SEVERE ] setting player 1 freeze to -14081
[13:05:53.188] [SEVERE ] setting player 2 freeze to -23449
[13:05:53.303] [SEVERE ] updating countdown to 37765
[13:05:53.303] [SEVERE ] setting player 1 freeze to -14196
[13:05:53.303] [SEVERE ] setting player 2 freeze to -23564
[13:05:53.404] [SEVERE ] updating countdown to 37664
[13:05:53.404] [SEVERE ] setting player 1 freeze to -14297
[13:05:53.404] [SEVERE ] setting player 2 freeze to -23665
[13:05:53.506] [SEVERE ] updating countdown to 37562
[13:05:53.506] [SEVERE ] setting player 1 freeze to -14399
[13:05:53.506] [SEVERE ] setting player 2 freeze to -23767
[13:05:53.611] [SEVERE ] updating countdown to 37457
[13:05:53.611] [SEVERE ] setting player 1 freeze to -14504
[13:05:53.611] [SEVERE ] setting player 2 freeze to -23872
[13:05:53.716] [SEVERE ] updating countdown to 37352
[13:05:53.716] [SEVERE ] setting player 1 freeze to -14609
[13:05:53.716] [SEVERE ] setting player 2 freeze to -23977
[13:05:53.827] [SEVERE ] updating countdown to 37241
[13:05:53.828] [SEVERE ] setting player 1 freeze to -14721
[13:05:53.828] [SEVERE ] setting player 2 freeze to -24089
[13:05:53.933] [SEVERE ] updating countdown to 37135
[13:05:53.933] [SEVERE ] setting player 1 freeze to -14826
[13:05:53.933] [SEVERE ] setting player 2 freeze to -24194
[13:05:54.040] [SEVERE ] updating countdown to 37028
[13:05:54.040] [SEVERE ] setting player 1 freeze to -14933
[13:05:54.040] [SEVERE ] setting player 2 freeze to -24301
[13:05:54.147] [SEVERE ] updating countdown to 36921
[13:05:54.147] [SEVERE ] setting player 1 freeze to -15040
[13:05:54.147] [SEVERE ] setting player 2 freeze to -24408
[13:05:54.254] [SEVERE ] updating countdown to 36814
[13:05:54.254] [SEVERE ] setting player 1 freeze to -15147
[13:05:54.254] [SEVERE ] setting player 2 freeze to -24515
[13:05:54.357] [SEVERE ] updating countdown to 36711
[13:05:54.357] [SEVERE ] setting player 1 freeze to -15250
[13:05:54.357] [SEVERE ] setting player 2 freeze to -24618
[13:05:54.468] [SEVERE ] updating countdown to 36600
[13:05:54.468] [SEVERE ] setting player 1 freeze to -15361
[13:05:54.468] [SEVERE ] setting player 2 freeze to -24729
[13:05:54.574] [SEVERE ] updating countdown to 36494
[13:05:54.574] [SEVERE ] setting player 1 freeze to -15467
[13:05:54.574] [SEVERE ] setting player 2 freeze to -24835
[13:05:54.684] [SEVERE ] updating countdown to 36384
[13:05:54.684] [SEVERE ] setting player 1 freeze to -15577
[13:05:54.685] [SEVERE ] setting player 2 freeze to -24946
[13:05:54.788] [SEVERE ] updating countdown to 36280
[13:05:54.788] [SEVERE ] setting player 1 freeze to -15681
[13:05:54.788] [SEVERE ] setting player 2 freeze to -25049
[13:05:54.891] [SEVERE ] updating countdown to 36177
[13:05:54.891] [SEVERE ] setting player 1 freeze to -15784
[13:05:54.891] [SEVERE ] setting player 2 freeze to -25152
[13:05:54.995] [SEVERE ] updating countdown to 36073
[13:05:54.995] [SEVERE ] setting player 1 freeze to -15888
[13:05:54.995] [SEVERE ] setting player 2 freeze to -25256
[13:05:55.046] [SEVERE ] key 81 was pressed by player 1
[13:05:55.046] [SEVERE ] player 1 placing token on slot 0
[13:05:55.096] [SEVERE ] updating countdown to 35972
[13:05:55.096] [SEVERE ] setting player 1 freeze to -15989
[13:05:55.096] [SEVERE ] setting player 2 freeze to -25357
[13:05:55.197] [SEVERE ] updating countdown to 35871
[13:05:55.197] [SEVERE ] setting player 1 freeze to -16090
[13:05:55.197] [SEVERE ] setting player 2 freeze to -25458
[13:05:55.313] [SEVERE ] updating countdown to 35755
[13:05:55.313] [SEVERE ] setting player 1 freeze to -16206
[13:05:55.313] [SEVERE ] setting player 2 freeze to -25574
[13:05:55.420] [SEVERE ] updating countdown to 35648
[13:05:55.420] [SEVERE ] setting player 1 freeze to -16313
[13:05:55.420] [SEVERE ] setting player 2 freeze to -25681
[13:05:55.523] [SEVERE ] updating countdown to 35545
[13:05:55.523] [SEVERE ] setting player 1 freeze to -16416
[13:05:55.523] [SEVERE ] setting player 2 freeze to -25784
[13:05:55.628] [SEVERE ] updating countdown to 35440
[13:05:55.628] [SEVERE ] setting player 1 freeze to -16521
[13:05:55.628] [SEVERE ] setting player 2 freeze to -25889
[13:05:55.737] [SEVERE ] updating countdown to 35331
[13:05:55.737] [SEVERE ] setting player 1 freeze to -16630
[13:05:55.737] [SEVERE ] setting player 2 freeze to -25998
[13:05:55.845] [SEVERE ] updating countdown to 35223
[13:05:55.845] [SEVERE ] setting player 1 freeze to -16738
[13:05:55.845] [SEVERE ] setting player 2 freeze to -26106
[13:05:55.946] [SEVERE ] updating countdown to 35122
[13:05:55.946] [SEVERE ] setting player 1 freeze to -16839
[13:05:55.946] [SEVERE ] setting player 2 freeze to -26207
[13:05:56.050] [SEVERE ] updating countdown to 35018
[13:05:56.050] [SEVERE ] setting player 1 freeze to -16943
[13:05:56.050] [SEVERE ] setting player 2 freeze to -26311
[13:05:56.161] [SEVERE ] updating countdown to 34907
[13:05:56.162] [SEVERE ] setting player 1 freeze to -17055
[13:05:56.162] [SEVERE ] setting player 2 freeze to -26423
[13:05:56.172] [SEVERE ] key 68 was pressed by player 1
[13:05:56.172] [SEVERE ] player 1 placing token on slot 6
[13:05:56.267] [SEVERE ] updating countdown to 34801
[13:05:56.267] [SEVERE ] setting player 1 freeze to -17160
[13:05:56.267] [SEVERE ] setting player 2 freeze to -26528
[13:05:56.376] [SEVERE ] updating countdown to 34692
[13:05:56.376] [SEVERE ] setting player 1 freeze to -17269
[13:05:56.376] [SEVERE ] setting player 2 freeze to -26637
[13:05:56.485] [SEVERE ] updating countdown to 34583
[13:05:56.485] [SEVERE ] setting player 1 freeze to -17378
[13:05:56.485] [SEVERE ] setting player 2 freeze to -26746
[13:05:56.594] [SEVERE ] updating countdown to 34474
[13:05:56.594] [SEVERE ] setting player 1 freeze to -17487
[13:05:56.594] [SEVERE ] setting player 2 freeze to -26855
[13:05:56.701] [SEVERE ] updating countdown to 34367
[13:05:56.701] [SEVERE ] setting player 1 freeze to -17594
[13:05:56.701] [SEVERE ] setting player 2 freeze to -26962
[13:05:56.809] [SEVERE ] updating countdown to 34259
[13:05:56.809] [SEVERE ] setting player 1 freeze to -17702
[13:05:56.809] [SEVERE ] setting player 2 freeze to -27070
[13:05:56.918] [SEVERE ] updating countdown to 34150
[13:05:56.918] [SEVERE ] setting player 1 freeze to -17811
[13:05:56.918] [SEVERE ] setting player 2 freeze to -27179
[13:05:57.026] [SEVERE ] updating countdown to 34042
[13:05:57.026] [SEVERE ] setting player 1 freeze to -17919
[13:05:57.026] [SEVERE ] setting player 2 freeze to -27287
[13:05:57.133] [SEVERE ] updating countdown to 33935
[13:05:57.133] [SEVERE ] setting player 1 freeze to -18026
[13:05:57.133] [SEVERE ] setting player 2 freeze to -27394
[13:05:57.201] [SEVERE ] key 88 was pressed by player 1
[13:05:57.201] [SEVERE ] player 1 placing token on slot 9
[13:05:57.241] [SEVERE ] updating countdown to 33827
[13:05:57.241] [SEVERE ] setting player 1 freeze to -18134
[13:05:57.241] [SEVERE ] setting player 2 freeze to -27502
[13:05:57.241] [SEVERE ] updating countdown to 33827
[13:05:57.241] [SEVERE ] setting player 1 freeze to -18134
[13:05:57.241] [SEVERE ] setting player 2 freeze to -27502
[13:05:57.343] [SEVERE ] removing card from slot 0
[13:05:57.343] [SEVERE ] removing player 1 token from slot 0
[13:05:57.445] [SEVERE ] removing card from slot 6
[13:05:57.445] [SEVERE ] removing player 1 token from slot 6
[13:05:57.554] [SEVERE ] removing card from slot 9
[13:05:57.554] [SEVERE ] removing player 1 token from slot 9
[13:05:57.554] [SEVERE ] setting player 1 score to 1
[13:05:57.656] [SEVERE ] placing card 68 in slot 0
[13:05:57.656] [SEVERE ] updating countdown to 60000
[13:05:57.656] [SEVERE ] setting player 1 freeze to 898
[13:05:57.656] [SEVERE ] setting player 2 freeze to -27917
[13:05:57.765] [SEVERE ] placing card 5 in slot 6
[13:05:57.765] [SEVERE ] updating countdown to 60000
[13:05:57.765] [SEVERE ] setting player 1 freeze to 789
[13:05:57.765] [SEVERE ] setting player 2 freeze to -28026
[13:05:57.868] [SEVERE ] placing card 54 in slot 9
[13:05:57.868] [SEVERE ] updating countdown to 60000
[13:05:57.868] [SEVERE ] setting player 1 freeze to 686
[13:05:57.868] [SEVERE ] setting player 2 freeze to -28129
[13:05:57.984] [SEVERE ] updating countdown to 59884
[13:05:57.984] [SEVERE ] setting player 1 freeze to 570
[13:05:57.985] [SEVERE ] setting player 2 freeze to -28246
[13:05:58.085] [SEVERE ] updating countdown to 59783
[13:05:58.085] [SEVERE ] setting player 1 freeze to 469
[13:05:58.085] [SEVERE ] setting player 2 freeze to -28346
[13:05:58.193] [SEVERE ] updating countdown to 59675
[13:05:58.193] [SEVERE ] setting player 1 freeze to 361
[13:05:58.193] [SEVERE ] setting player 2 freeze to -28454
[13:05:58.295] [SEVERE ] updating countdown to 59573
[13:05:58.295] [SEVERE ] setting player 1 freeze to 259
[13:05:58.295] [SEVERE ] setting player 2 freeze to -28556
[13:05:58.408] [SEVERE ] updating countdown to 59460
[13:05:58.408] [SEVERE ] setting player 1 freeze to 146
[13:05:58.408] [SEVERE ] setting player 2 freeze to -28669
[13:05:58.517] [SEVERE ] updating countdown to 59351
[13:05:58.518] [SEVERE ] setting player 1 freeze to 36
[13:05:58.518] [SEVERE ] setting player 2 freeze to -28779
[13:05:58.629] [SEVERE ] updating countdown to 59239
[13:05:58.629] [SEVERE ] setting player 1 freeze to -75
[13:05:58.629] [SEVERE ] setting player 2 freeze to -28890
[13:05:58.734] [SEVERE ] updating countdown to 59134
[13:05:58.734] [SEVERE ] setting player 1 freeze to -180
[13:05:58.734] [SEVERE ] setting player 2 freeze to -28995
[13:05:58.848] [SEVERE ] updating countdown to 59020
[13:05:58.848] [SEVERE ] setting player 1 freeze to -294
[13:05:58.848] [SEVERE ] setting player 2 freeze to -29109
[13:05:58.948] [SEVERE ] updating countdown to 58920
[13:05:58.949] [SEVERE ] setting player 1 freeze to -395
[13:05:58.949] [SEVERE ] setting player 2 freeze to -29210
[13:05:59.058] [SEVERE ] updating countdown to 58810
[13:05:59.058] [SEVERE ] setting player 1 freeze to -504
[13:05:59.058] [SEVERE ] setting player 2 freeze to -29319
[13:05:59.168] [SEVERE ] updating countdown to 58700
[13:05:59.168] [SEVERE ] setting player 1 freeze to -614
[13:05:59.168] [SEVERE ] setting player 2 freeze to -29429
[13:05:59.278] [SEVERE ] updating countdown to 58590
[13:05:59.278] [SEVERE ] setting player 1 freeze to -724
[13:05:59.278] [SEVERE ] setting player 2 freeze to -29539
[13:05:59.379] [SEVERE ] updating countdown to 58489
[13:05:59.379] [SEVERE ] setting player 1 freeze to -825
[13:05:59.379] [SEVERE ] setting player 2 freeze to -29640
[13:05:59.483] [SEVERE ] updating countdown to 58385
[13:05:59.483] [SEVERE ] setting player 1 freeze to -929
[13:05:59.483] [SEVERE ] setting player 2 freeze to -29744
[13:05:59.591] [SEVERE ] updating countdown to 58277
[13:05:59.591] [SEVERE ] setting player 1 freeze to -1037
[13:05:59.591] [SEVERE ] setting player 2 freeze to -29852
[13:05:59.699] [SEVERE ] updating countdown to 58169
[13:05:59.699] [SEVERE ] setting player 1 freeze to -1145
[13:05:59.699] [SEVERE ] setting player 2 freeze to -29960
[13:05:59.799] [SEVERE ] updating countdown to 58069
[13:05:59.800] [SEVERE ] setting player 1 freeze to -1246
[13:05:59.800] [SEVERE ] setting player 2 freeze to -30061
[13:05:59.910] [SEVERE ] updating countdown to 57958
[13:05:59.910] [SEVERE ] setting player 1 freeze to -1356
[13:05:59.910] [SEVERE ] setting player 2 freeze to -30171
[13:06:00.025] [SEVERE ] updating countdown to 57843
[13:06:00.025] [SEVERE ] setting player 1 freeze to -1471
[13:06:00.025] [SEVERE ] setting player 2 freeze to -30286
[13:06:00.130] [SEVERE ] updating countdown to 57738
[13:06:00.130] [SEVERE ] setting player 1 freeze to -1576
[13:06:00.130] [SEVERE ] setting player 2 freeze to -30391
[13:06:00.239] [SEVERE ] updating countdown to 57629
[13:06:00.239] [SEVERE ] setting player 1 freeze to -1685
[13:06:00.239] [SEVERE ] setting player 2 freeze to -30500
[13:06:00.340] [SEVERE ] updating countdown to 57528
[13:06:00.340] [SEVERE ] setting player 1 freeze to -1786
[13:06:00.340] [SEVERE ] setting player 2 freeze to -30601
[13:06:00.445] [SEVERE ] updating countdown to 57423
[13:06:00.445] [SEVERE ] setting player 1 freeze to -1891
[13:06:00.445] [SEVERE ] setting player 2 freeze to -30706
[13:06:00.552] [SEVERE ] updating countdown to 57316
[13:06:00.552] [SEVERE ] setting player 1 freeze to -1998
[13:06:00.552] [SEVERE ] setting player 2 freeze to -30813
[13:06:00.654] [SEVERE ] updating countdown to 57214
[13:06:00.654] [SEVERE ] setting player 1 freeze to -2100
[13:06:00.654] [SEVERE ] setting player 2 freeze to -30915
[13:06:00.757] [SEVERE ] updating countdown to 57111
[13:06:00.757] [SEVERE ] setting player 1 freeze to -2203
[13:06:00.757] [SEVERE ] setting player 2 freeze to -31018
[13:06:00.867] [SEVERE ] updating countdown to 57001
[13:06:00.867] [SEVERE ] setting player 1 freeze to -2313
[13:06:00.867] [SEVERE ] setting player 2 freeze to -31128
[13:06:00.970] [SEVERE ] updating countdown to 56898
[13:06:00.970] [SEVERE ] setting player 1 freeze to -2416
[13:06:00.970] [SEVERE ] setting player 2 freeze to -31231
[13:06:01.071] [SEVERE ] updating countdown to 56797
[13:06:01.072] [SEVERE ] setting player 1 freeze to -2518
[13:06:01.072] [SEVERE ] setting player 2 freeze to -31333
[13:06:01.180] [SEVERE ] updating countdown to 56688
[13:06:01.180] [SEVERE ] setting player 1 freeze to -2626
[13:06:01.180] [SEVERE ] setting player 2 freeze to -31441
[13:06:01.285] [SEVERE ] updating countdown to 56583
[13:06:01.285] [SEVERE ] setting player 1 freeze to -2731
[13:06:01.285] [SEVERE ] setting player 2 freeze to -31546
[13:06:01.394] [SEVERE ] updating countdown to 56474
[13:06:01.394] [SEVERE ] setting player 1 freeze to -2840
[13:06:01.394] [SEVERE ] setting player 2 freeze to -31655
[13:06:01.498] [SEVERE ] updating countdown to 56370
[13:06:01.498] [SEVERE ] setting player 1 freeze to -2944
[13:06:01.498] [SEVERE ] setting player 2 freeze to -31759
[13:06:01.606] [SEVERE ] updating countdown to 56262
[13:06:01.606] [SEVERE ] setting player 1 freeze to -3052
[13:06:01.606] [SEVERE ] setting player 2 freeze to -31867
[13:06:01.707] [SEVERE ] updating countdown to 56161
[13:06:01.707] [SEVERE ] setting player 1 freeze to -3153
[13:06:01.707] [SEVERE ] setting player 2 freeze to -31968
[13:06:01.816] [SEVERE ] updating countdown to 56052
[13:06:01.817] [SEVERE ] setting player 1 freeze to -3263
[13:06:01.817] [SEVERE ] setting player 2 freeze to -32078
[13:06:01.924] [SEVERE ] updating countdown to 55944
[13:06:01.924] [SEVERE ] setting player 1 freeze to -3370
[13:06:01.924] [SEVERE ] setting player 2 freeze to -32185
[13:06:02.026] [SEVERE ] updating countdown to 55842
[13:06:02.026] [SEVERE ] setting player 1 freeze to -3472
[13:06:02.026] [SEVERE ] setting player 2 freeze to -32287
[13:06:02.134] [SEVERE ] updating countdown to 55734
[13:06:02.134] [SEVERE ] setting player 1 freeze to -3580
[13:06:02.134] [SEVERE ] setting player 2 freeze to -32395
[13:06:02.235] [SEVERE ] updating countdown to 55633
[13:06:02.235] [SEVERE ] setting player 1 freeze to -3681
[13:06:02.235] [SEVERE ] setting player 2 freeze to -32496
[13:06:02.346] [SEVERE ] updating countdown to 55522
[13:06:02.346] [SEVERE ] setting player 1 freeze to -3792
[13:06:02.346] [SEVERE ] setting player 2 freeze to -32607
[13:06:02.455] [SEVERE ] updating countdown to 55413
[13:06:02.455] [SEVERE ] setting player 1 freeze to -3901
[13:06:02.455] [SEVERE ] setting player 2 freeze to -32716
[13:06:02.559] [SEVERE ] updating countdown to 55309
[13:06:02.559] [SEVERE ] setting player 1 freeze to -4005
[13:06:02.559] [SEVERE ] setting player 2 freeze to -32820
[13:06:02.665] [SEVERE ] updating countdown to 55203
[13:06:02.665] [SEVERE ] setting player 1 freeze to -4111
[13:06:02.665] [SEVERE ] setting player 2 freeze to -32926
[13:06:02.776] [SEVERE ] updating countdown to 55092
[13:06:02.776] [SEVERE ] setting player 1 freeze to -4222
[13:06:02.776] [SEVERE ] setting player 2 freeze to -33037
[13:06:02.876] [SEVERE ] updating countdown to 54992
[13:06:02.877] [SEVERE ] setting player 1 freeze to -4323
[13:06:02.877] [SEVERE ] setting player 2 freeze to -33138
[13:06:02.985] [SEVERE ] updating countdown to 54883
[13:06:02.985] [SEVERE ] setting player 1 freeze to -4431
[13:06:02.985] [SEVERE ] setting player 2 freeze to -33246
[13:06:03.089] [SEVERE ] updating countdown to 54779
[13:06:03.089] [SEVERE ] setting player 1 freeze to -4535
[13:06:03.089] [SEVERE ] setting player 2 freeze to -33350
[13:06:03.197] [SEVERE ] updating countdown to 54671
[13:06:03.197] [SEVERE ] setting player 1 freeze to -4643
[13:06:03.197] [SEVERE ] setting player 2 freeze to -33458
[13:06:03.305] [SEVERE ] updating countdown to 54563
[13:06:03.305] [SEVERE ] setting player 1 freeze to -4751
[13:06:03.305] [SEVERE ] setting player 2 freeze to -33566
[13:06:03.406] [SEVERE ] updating countdown to 54462
[13:06:03.406] [SEVERE ] setting player 1 freeze to -4852
[13:06:03.406] [SEVERE ] setting player 2 freeze to -33667
[13:06:03.514] [SEVERE ] updating countdown to 54354
[13:06:03.514] [SEVERE ] setting player 1 freeze to -4960
[13:06:03.514] [SEVERE ] setting player 2 freeze to -33775
[13:06:03.629] [SEVERE ] updating countdown to 54239
[13:06:03.629] [SEVERE ] setting player 1 freeze to -5075
[13:06:03.629] [SEVERE ] setting player 2 freeze to -33890
[13:06:03.733] [SEVERE ] updating countdown to 54135
[13:06:03.734] [SEVERE ] setting player 1 freeze to -5180
[13:06:03.734] [SEVERE ] setting player 2 freeze to -33995
[13:06:03.842] [SEVERE ] updating countdown to 54026
[13:06:03.842] [SEVERE ] setting player 1 freeze to -5288
[13:06:03.842] [SEVERE ] setting player 2 freeze to -34103
[13:06:03.952] [SEVERE ] updating countdown to 53916
[13:06:03.953] [SEVERE ] setting player 1 freeze to -5399
[13:06:03.953] [SEVERE ] setting player 2 freeze to -34214
[13:06:04.054] [SEVERE ] updating countdown to 53814
[13:06:04.054] [SEVERE ] setting player 1 freeze to -5500
[13:06:04.054] [SEVERE ] setting player 2 freeze to -34315
[13:06:04.158] [SEVERE ] updating countdown to 53710
[13:06:04.158] [SEVERE ] setting player 1 freeze to -5604
[13:06:04.158] [SEVERE ] setting player 2 freeze to -34419
[13:06:04.258] [SEVERE ] updating countdown to 53610
[13:06:04.258] [SEVERE ] setting player 1 freeze to -5704
[13:06:04.258] [SEVERE ] setting player 2 freeze to -34519
[13:06:04.366] [SEVERE ] updating countdown to 53502
[13:06:04.366] [SEVERE ] setting player 1 freeze to -5812
[13:06:04.366] [SEVERE ] setting player 2 freeze to -34627
[13:06:04.470] [SEVERE ] updating countdown to 53398
[13:06:04.470] [SEVERE ] setting player 1 freeze to -5916
[13:06:04.470] [SEVERE ] setting player 2 freeze to -34731
[13:06:04.577] [SEVERE ] updating countdown to 53291
[13:06:04.577] [SEVERE ] setting player 1 freeze to -6023
[13:06:04.577] [SEVERE ] setting player 2 freeze to -34838
[13:06:04.688] [SEVERE ] updating countdown to 53180
[13:06:04.688] [SEVERE ] setting player 1 freeze to -6134
[13:06:04.688] [SEVERE ] setting player 2 freeze to -34949
[13:06:04.793] [SEVERE ] updating countdown to 53075
[13:06:04.793] [SEVERE ] setting player 1 freeze to -6239
[13:06:04.793] [SEVERE ] setting player 2 freeze to -35054
[13:06:04.896] [SEVERE ] updating countdown to 52972
[13:06:04.896] [SEVERE ] setting player 1 freeze to -6342
[13:06:04.896] [SEVERE ] setting player 2 freeze to -35157
[13:06:05.003] [SEVERE ] updating countdown to 52865
[13:06:05.003] [SEVERE ] setting player 1 freeze to -6449
[13:06:05.003] [SEVERE ] setting player 2 freeze to -35264
[13:06:05.110] [SEVERE ] updating countdown to 52758
[13:06:05.110] [SEVERE ] setting player 1 freeze to -6556
[13:06:05.110] [SEVERE ] setting player 2 freeze to -35371
[13:06:05.213] [SEVERE ] updating countdown to 52655
[13:06:05.213] [SEVERE ] setting player 1 freeze to -6659
[13:06:05.213] [SEVERE ] setting player 2 freeze to -35474
[13:06:05.323] [SEVERE ] updating countdown to 52545
[13:06:05.323] [SEVERE ] setting player 1 freeze to -6769
[13:06:05.323] [SEVERE ] setting player 2 freeze to -35584
[13:06:05.425] [SEVERE ] updating countdown to 52443
[13:06:05.425] [SEVERE ] setting player 1 freeze to -6871
[13:06:05.425] [SEVERE ] setting player 2 freeze to -35686
[13:06:05.540] [SEVERE ] updating countdown to 52328
[13:06:05.540] [SEVERE ] setting player 1 freeze to -6986
[13:06:05.540] [SEVERE ] setting player 2 freeze to -35801
[13:06:05.642] [SEVERE ] updating countdown to 52226
[13:06:05.642] [SEVERE ] setting player 1 freeze to -7088
[13:06:05.642] [SEVERE ] setting player 2 freeze to -35903
[13:06:05.744] [SEVERE ] updating countdown to 52124
[13:06:05.744] [SEVERE ] setting player 1 freeze to -7190
[13:06:05.744] [SEVERE ] setting player 2 freeze to -36005
[13:06:05.845] [SEVERE ] updating countdown to 52023
[13:06:05.845] [SEVERE ] setting player 1 freeze to -7291
[13:06:05.845] [SEVERE ] setting player 2 freeze to -36106
[13:06:05.947] [SEVERE ] updating countdown to 51921
[13:06:05.947] [SEVERE ] setting player 1 freeze to -7393
[13:06:05.947] [SEVERE ] setting player 2 freeze to -36208
[13:06:06.057] [SEVERE ] updating countdown to 51811
[13:06:06.057] [SEVERE ] setting player 1 freeze to -7503
[13:06:06.057] [SEVERE ] setting player 2 freeze to -36318
[13:06:06.173] [SEVERE ] updating countdown to 51695
[13:06:06.173] [SEVERE ] setting player 1 freeze to -7619
[13:06:06.174] [SEVERE ] setting player 2 freeze to -36435
[13:06:06.277] [SEVERE ] updating countdown to 51591
[13:06:06.277] [SEVERE ] setting player 1 freeze to -7723
[13:06:06.277] [SEVERE ] setting player 2 freeze to -36538
[13:06:06.391] [SEVERE ] updating countdown to 51477
[13:06:06.391] [SEVERE ] setting player 1 freeze to -7837
[13:06:06.391] [SEVERE ] setting player 2 freeze to -36652
[13:06:06.499] [SEVERE ] updating countdown to 51369
[13:06:06.499] [SEVERE ] setting player 1 freeze to -7945
[13:06:06.499] [SEVERE ] setting player 2 freeze to -36760
[13:06:06.609] [SEVERE ] updating countdown to 51259
[13:06:06.609] [SEVERE ] setting player 1 freeze to -8055
[13:06:06.609] [SEVERE ] setting player 2 freeze to -36870
[13:06:06.720] [SEVERE ] updating countdown to 51148
[13:06:06.720] [SEVERE ] setting player 1 freeze to -8166
[13:06:06.720] [SEVERE ] setting player 2 freeze to -36981
[13:06:06.827] [SEVERE ] updating countdown to 51041
[13:06:06.827] [SEVERE ] setting player 1 freeze to -8273
[13:06:06.827] [SEVERE ] setting player 2 freeze to -37088
[13:06:06.934] [SEVERE ] updating countdown to 50934
[13:06:06.934] [SEVERE ] setting player 1 freeze to -8380
[13:06:06.934] [SEVERE ] setting player 2 freeze to -37195
[13:06:07.036] [SEVERE ] updating countdown to 50832
[13:06:07.036] [SEVERE ] setting player 1 freeze to -8482
[13:06:07.036] [SEVERE ] setting player 2 freeze to -37297
[13:06:07.137] [SEVERE ] updating countdown to 50731
[13:06:07.137] [SEVERE ] setting player 1 freeze to -8583
[13:06:07.137] [SEVERE ] setting player 2 freeze to -37398
[13:06:07.241] [SEVERE ] updating countdown to 50627
[13:06:07.241] [SEVERE ] setting player 1 freeze to -8687
[13:06:07.241] [SEVERE ] setting player 2 freeze to -37502
[13:06:07.343] [SEVERE ] updating countdown to 50525
[13:06:07.343] [SEVERE ] setting player 1 freeze to -8789
[13:06:07.343] [SEVERE ] setting player 2 freeze to -37604
[13:06:07.447] [SEVERE ] updating countdown to 50421
[13:06:07.447] [SEVERE ] setting player 1 freeze to -8893
[13:06:07.447] [SEVERE ] setting player 2 freeze to -37708
[13:06:07.557] [SEVERE ] updating countdown to 50311
[13:06:07.557] [SEVERE ] setting player 1 freeze to -9003
[13:06:07.557] [SEVERE ] setting player 2 freeze to -37818
[13:06:07.666] [SEVERE ] updating countdown to 50202
[13:06:07.666] [SEVERE ] setting player 1 freeze to -9112
[13:06:07.666] [SEVERE ] setting player 2 freeze to -37927
[13:06:07.774] [SEVERE ] updating countdown to 50094
[13:06:07.774] [SEVERE ] setting player 1 freeze to -9220
[13:06:07.774] [SEVERE ] setting player 2 freeze to -38035
[13:06:07.885] [SEVERE ] updating countdown to 49983
[13:06:07.885] [SEVERE ] setting player 1 freeze to -9331
[13:06:07.885] [SEVERE ] setting player 2 freeze to -38146
[13:06:07.998] [SEVERE ] updating countdown to 49870
[13:06:07.998] [SEVERE ] setting player 1 freeze to -9444
[13:06:07.998] [SEVERE ] setting player 2 freeze to -38259
[13:06:08.099] [SEVERE ] updating countdown to 49769
[13:06:08.099] [SEVERE ] setting player 1 freeze to -9545
[13:06:08.099] [SEVERE ] setting player 2 freeze to -38360
[13:06:08.204] [SEVERE ] updating countdown to 49664
[13:06:08.204] [SEVERE ] setting player 1 freeze to -9650
[13:06:08.204] [SEVERE ] setting player 2 freeze to -38465
[13:06:08.313] [SEVERE ] updating countdown to 49555
[13:06:08.313] [SEVERE ] setting player 1 freeze to -9759
[13:06:08.313] [SEVERE ] setting player 2 freeze to -38574
[13:06:08.423] [SEVERE ] updating countdown to 49445
[13:06:08.423] [SEVERE ] setting player 1 freeze to -9869
[13:06:08.423] [SEVERE ] setting player 2 freeze to -38684
[13:06:08.468] [SEVERE ] key 87 was pressed by player 1
[13:06:08.468] [SEVERE ] player 1 placing token on slot 1
[13:06:08.526] [SEVERE ] updating countdown to 49342
[13:06:08.526] [SEVERE ] setting player 1 freeze to -9972
[13:06:08.526] [SEVERE ] setting player 2 freeze to -38787
[13:06:08.631] [SEVERE ] updating countdown to 49237
[13:06:08.631] [SEVERE ] setting player 1 freeze to -10077
[13:06:08.631] [SEVERE ] setting player 2 freeze to -38892
[13:06:08.735] [SEVERE ] updating countdown to 49133
[13:06:08.735] [SEVERE ] setting player 1 freeze to -10181
[13:06:08.735] [SEVERE ] setting player 2 freeze to -38996
[13:06:08.764] [SEVERE ] key 83 was pressed by player 1
[13:06:08.764] [SEVERE ] player 1 placing token on slot 5
[13:06:08.842] [SEVERE ] updating countdown to 49026
[13:06:08.842] [SEVERE ] setting player 1 freeze to -10288
[13:06:08.842] [SEVERE ] setting player 2 freeze to -39103
[13:06:08.951] [SEVERE ] updating countdown to 48917
[13:06:08.952] [SEVERE ] setting player 1 freeze to -10398
[13:06:08.952] [SEVERE ] setting player 2 freeze to -39213
[13:06:09.053] [SEVERE ] updating countdown to 48815
[13:06:09.053] [SEVERE ] setting player 1 freeze to -10499
[13:06:09.053] [SEVERE ] setting player 2 freeze to -39314
[13:06:09.159] [SEVERE ] updating countdown to 48709
[13:06:09.159] [SEVERE ] setting player 1 freeze to -10605
[13:06:09.159] [SEVERE ] setting player 2 freeze to -39420
[13:06:09.188] [SEVERE ] key 88 was pressed by player 1
[13:06:09.188] [SEVERE ] player 1 placing token on slot 9
[13:06:09.268] [SEVERE ] updating countdown to 48600
[13:06:09.268] [SEVERE ] setting player 1 freeze to -10714
[13:06:09.268] [SEVERE ] setting player 2 freeze to -39529
[13:06:09.268] [SEVERE ] updating countdown to 48600
[13:06:09.268] [SEVERE ] setting player 1 freeze to -10714
[13:06:09.268] [SEVERE ] setting player 2 freeze to -39529
[13:06:09.378] [SEVERE ] updating countdown to 48490
[13:06:09.378] [SEVERE ] setting player 1 freeze to 2890
[13:06:09.378] [SEVERE ] setting player 2 freeze to -39639
[13:06:09.493] [SEVERE ] updating countdown to 48375
[13:06:09.493] [SEVERE ] setting player 1 freeze to 2775
[13:06:09.493] [SEVERE ] setting player 2 freeze to -39754
[13:06:09.601] [SEVERE ] updating countdown to 48267
[13:06:09.601] [SEVERE ] setting player 1 freeze to 2667
[13:06:09.601] [SEVERE ] setting player 2 freeze to -39862
[13:06:09.702] [SEVERE ] updating countdown to 48166
[13:06:09.702] [SEVERE ] setting player 1 freeze to 2566
[13:06:09.702] [SEVERE ] setting player 2 freeze to -39963
[13:06:09.812] [SEVERE ] updating countdown to 48056
[13:06:09.812] [SEVERE ] setting player 1 freeze to 2456
[13:06:09.812] [SEVERE ] setting player 2 freeze to -40073
[13:06:09.925] [SEVERE ] updating countdown to 47943
[13:06:09.925] [SEVERE ] setting player 1 freeze to 2343
[13:06:09.925] [SEVERE ] setting player 2 freeze to -40186
[13:06:10.027] [SEVERE ] updating countdown to 47841
[13:06:10.027] [SEVERE ] setting player 1 freeze to 2241
[13:06:10.027] [SEVERE ] setting player 2 freeze to -40288
[13:06:10.128] [SEVERE ] updating countdown to 47740
[13:06:10.129] [SEVERE ] setting player 1 freeze to 2139
[13:06:10.129] [SEVERE ] setting player 2 freeze to -40390
[13:06:10.230] [SEVERE ] updating countdown to 47638
[13:06:10.230] [SEVERE ] setting player 1 freeze to 2038
[13:06:10.230] [SEVERE ] setting player 2 freeze to -40491
[13:06:10.341] [SEVERE ] updating countdown to 47527
[13:06:10.341] [SEVERE ] setting player 1 freeze to 1927
[13:06:10.341] [SEVERE ] setting player 2 freeze to -40602
[13:06:10.449] [SEVERE ] updating countdown to 47419
[13:06:10.450] [SEVERE ] setting player 1 freeze to 1818
[13:06:10.450] [SEVERE ] setting player 2 freeze to -40711
[13:06:10.552] [SEVERE ] updating countdown to 47316
[13:06:10.552] [SEVERE ] setting player 1 freeze to 1716
[13:06:10.552] [SEVERE ] setting player 2 freeze to -40813
[13:06:10.658] [SEVERE ] updating countdown to 47210
[13:06:10.658] [SEVERE ] setting player 1 freeze to 1610
[13:06:10.658] [SEVERE ] setting player 2 freeze to -40919
[13:06:10.764] [SEVERE ] updating countdown to 47104
[13:06:10.764] [SEVERE ] setting player 1 freeze to 1504
[13:06:10.764] [SEVERE ] setting player 2 freeze to -41025
[13:06:10.879] [SEVERE ] updating countdown to 46989
[13:06:10.879] [SEVERE ] setting player 1 freeze to 1389
[13:06:10.879] [SEVERE ] setting player 2 freeze to -41140
[13:06:10.982] [SEVERE ] updating countdown to 46886
[13:06:10.982] [SEVERE ] setting player 1 freeze to 1286
[13:06:10.982] [SEVERE ] setting player 2 freeze to -41243
[13:06:11.085] [SEVERE ] updating countdown to 46783
[13:06:11.085] [SEVERE ] setting player 1 freeze to 1183
[13:06:11.085] [SEVERE ] setting player 2 freeze to -41346
[13:06:11.192] [SEVERE ] updating countdown to 46676
[13:06:11.192] [SEVERE ] setting player 1 freeze to 1076
[13:06:11.192] [SEVERE ] setting player 2 freeze to -41453
[13:06:11.301] [SEVERE ] updating countdown to 46567
[13:06:11.301] [SEVERE ] setting player 1 freeze to 967
[13:06:11.301] [SEVERE ] setting player 2 freeze to -41562
[13:06:11.415] [SEVERE ] updating countdown to 46453
[13:06:11.415] [SEVERE ] setting player 1 freeze to 853
[13:06:11.415] [SEVERE ] setting player 2 freeze to -41676
[13:06:11.517] [SEVERE ] updating countdown to 46351
[13:06:11.518] [SEVERE ] setting player 1 freeze to 750
[13:06:11.518] [SEVERE ] setting player 2 freeze to -41779
