[00:08:17.173] [INFO   ] thread main starting.
[00:08:17.179] [SEVERE ] cannot read configuration file config.properties trying from resources.
[00:08:17.180] [SEVERE ] configuration file was loaded from resources directory.
[00:08:17.567] [INFO   ] thread dealer starting.
[00:08:17.567] [INFO   ] thread dealer starting.
[00:08:17.568] [INFO   ] thread Player #0 starting.
[00:08:17.569] [INFO   ] thread Player #1 starting.
[00:08:17.684] [SEVERE ] placing card 38 in slot 0
[00:08:17.684] [SEVERE ] updating countdown to 60000
[00:08:17.686] [SEVERE ] setting player 1 freeze to -119
[00:08:17.688] [SEVERE ] setting player 2 freeze to -121
[00:08:17.792] [SEVERE ] placing card 55 in slot 1
[00:08:17.792] [SEVERE ] updating countdown to 60000
[00:08:17.792] [SEVERE ] setting player 1 freeze to -225
[00:08:17.792] [SEVERE ] setting player 2 freeze to -225
[00:08:17.900] [SEVERE ] placing card 45 in slot 2
[00:08:17.900] [SEVERE ] updating countdown to 60000
[00:08:17.901] [SEVERE ] setting player 1 freeze to -334
[00:08:17.901] [SEVERE ] setting player 2 freeze to -334
[00:08:18.013] [SEVERE ] placing card 53 in slot 3
[00:08:18.013] [SEVERE ] updating countdown to 60000
[00:08:18.013] [SEVERE ] setting player 1 freeze to -446
[00:08:18.013] [SEVERE ] setting player 2 freeze to -446
[00:08:18.122] [SEVERE ] placing card 21 in slot 4
[00:08:18.122] [SEVERE ] updating countdown to 60000
[00:08:18.122] [SEVERE ] setting player 1 freeze to -555
[00:08:18.122] [SEVERE ] setting player 2 freeze to -555
[00:08:18.232] [SEVERE ] placing card 70 in slot 5
[00:08:18.233] [SEVERE ] updating countdown to 60000
[00:08:18.233] [SEVERE ] setting player 1 freeze to -666
[00:08:18.233] [SEVERE ] setting player 2 freeze to -666
[00:08:18.347] [SEVERE ] placing card 22 in slot 6
[00:08:18.347] [SEVERE ] updating countdown to 60000
[00:08:18.347] [SEVERE ] setting player 1 freeze to -780
[00:08:18.347] [SEVERE ] setting player 2 freeze to -780
[00:08:18.454] [SEVERE ] placing card 77 in slot 7
[00:08:18.454] [SEVERE ] updating countdown to 60000
[00:08:18.454] [SEVERE ] setting player 1 freeze to -887
[00:08:18.454] [SEVERE ] setting player 2 freeze to -887
[00:08:18.563] [SEVERE ] placing card 15 in slot 8
[00:08:18.563] [SEVERE ] updating countdown to 60000
[00:08:18.563] [SEVERE ] setting player 1 freeze to -996
[00:08:18.563] [SEVERE ] setting player 2 freeze to -996
[00:08:18.685] [SEVERE ] placing card 58 in slot 9
[00:08:18.685] [SEVERE ] updating countdown to 60000
[00:08:18.685] [SEVERE ] setting player 1 freeze to -1118
[00:08:18.685] [SEVERE ] setting player 2 freeze to -1118
[00:08:18.787] [SEVERE ] placing card 8 in slot 10
[00:08:18.787] [SEVERE ] updating countdown to 60000
[00:08:18.787] [SEVERE ] setting player 1 freeze to -1220
[00:08:18.787] [SEVERE ] setting player 2 freeze to -1220
[00:08:18.901] [SEVERE ] placing card 39 in slot 11
[00:08:18.901] [SEVERE ] updating countdown to 60000
[00:08:18.901] [SEVERE ] setting player 1 freeze to -1334
[00:08:18.901] [SEVERE ] setting player 2 freeze to -1334
[00:08:19.905] [SEVERE ] updating countdown to 58996
[00:08:19.905] [SEVERE ] setting player 1 freeze to -2338
[00:08:19.905] [SEVERE ] setting player 2 freeze to -2338
[00:08:20.907] [SEVERE ] updating countdown to 57994
[00:08:20.907] [SEVERE ] setting player 1 freeze to -3340
[00:08:20.907] [SEVERE ] setting player 2 freeze to -3340
[00:08:21.438] [SEVERE ] key 81 was pressed by player 1
[00:08:21.438] [SEVERE ] player 1 placing token on slot 0
[00:08:21.692] [SEVERE ] key 87 was pressed by player 1
[00:08:21.692] [SEVERE ] player 1 placing token on slot 1
[00:08:21.910] [SEVERE ] updating countdown to 56991
[00:08:21.910] [SEVERE ] setting player 1 freeze to -4343
[00:08:21.910] [SEVERE ] setting player 2 freeze to -4343
[00:08:21.941] [SEVERE ] key 69 was pressed by player 1
[00:08:21.941] [SEVERE ] player 1 placing token on slot 2
[00:08:22.912] [SEVERE ] updating countdown to 55989
[00:08:22.912] [SEVERE ] setting player 1 freeze to -5345
[00:08:22.912] [SEVERE ] setting player 2 freeze to -5345
[00:08:23.919] [SEVERE ] updating countdown to 54982
[00:08:23.919] [SEVERE ] setting player 1 freeze to -6352
[00:08:23.920] [SEVERE ] setting player 2 freeze to -6353
[00:08:24.930] [SEVERE ] updating countdown to 53971
[00:08:24.930] [SEVERE ] setting player 1 freeze to -7363
[00:08:24.930] [SEVERE ] setting player 2 freeze to -7363
[00:08:25.933] [SEVERE ] updating countdown to 52968
[00:08:25.933] [SEVERE ] setting player 1 freeze to -8366
[00:08:25.933] [SEVERE ] setting player 2 freeze to -8366
[00:08:26.935] [SEVERE ] updating countdown to 51966
[00:08:26.935] [SEVERE ] setting player 1 freeze to -9368
[00:08:26.935] [SEVERE ] setting player 2 freeze to -9368
[00:08:27.937] [SEVERE ] updating countdown to 50964
[00:08:27.937] [SEVERE ] setting player 1 freeze to -10370
[00:08:27.937] [SEVERE ] setting player 2 freeze to -10370
[00:08:28.939] [SEVERE ] updating countdown to 49962
[00:08:28.939] [SEVERE ] setting player 1 freeze to -11372
[00:08:28.939] [SEVERE ] setting player 2 freeze to -11372
[00:08:29.943] [SEVERE ] updating countdown to 48958
[00:08:29.943] [SEVERE ] setting player 1 freeze to -12376
[00:08:29.943] [SEVERE ] setting player 2 freeze to -12376
[00:08:30.949] [SEVERE ] updating countdown to 47952
[00:08:30.949] [SEVERE ] setting player 1 freeze to -13382
[00:08:30.950] [SEVERE ] setting player 2 freeze to -13383
