[00:33:40.575] [INFO   ] thread main starting.
[00:33:40.582] [SEVERE ] cannot read configuration file config.properties trying from resources.
[00:33:40.583] [SEVERE ] configuration file was loaded from resources directory.
[00:33:41.022] [INFO   ] thread dealer starting.
[00:33:41.022] [INFO   ] thread dealer starting.
[00:33:41.022] [INFO   ] thread Player #0 starting.
[00:33:41.022] [INFO   ] thread Player #1 starting.
[00:33:41.138] [SEVERE ] placing card 60 in slot 0
[00:33:41.140] [SEVERE ] updating countdown to 60000
[00:33:41.140] [SEVERE ] setting player 1 freeze to -118
[00:33:41.142] [SEVERE ] setting player 2 freeze to -120
[00:33:41.248] [SEVERE ] placing card 5 in slot 1
[00:33:41.248] [SEVERE ] updating countdown to 60000
[00:33:41.249] [SEVERE ] setting player 1 freeze to -227
[00:33:41.249] [SEVERE ] setting player 2 freeze to -227
[00:33:41.357] [SEVERE ] placing card 35 in slot 2
[00:33:41.358] [SEVERE ] updating countdown to 60000
[00:33:41.358] [SEVERE ] setting player 1 freeze to -336
[00:33:41.359] [SEVERE ] setting player 2 freeze to -337
[00:33:41.470] [SEVERE ] placing card 23 in slot 3
[00:33:41.470] [SEVERE ] updating countdown to 60000
[00:33:41.470] [SEVERE ] setting player 1 freeze to -448
[00:33:41.470] [SEVERE ] setting player 2 freeze to -448
[00:33:41.575] [SEVERE ] placing card 72 in slot 4
[00:33:41.575] [SEVERE ] updating countdown to 60000
[00:33:41.575] [SEVERE ] setting player 1 freeze to -553
[00:33:41.575] [SEVERE ] setting player 2 freeze to -553
[00:33:41.686] [SEVERE ] placing card 59 in slot 5
[00:33:41.687] [SEVERE ] updating countdown to 60000
[00:33:41.687] [SEVERE ] setting player 1 freeze to -665
[00:33:41.687] [SEVERE ] setting player 2 freeze to -665
[00:33:41.791] [SEVERE ] placing card 18 in slot 6
[00:33:41.791] [SEVERE ] updating countdown to 60000
[00:33:41.792] [SEVERE ] setting player 1 freeze to -770
[00:33:41.792] [SEVERE ] setting player 2 freeze to -770
[00:33:41.901] [SEVERE ] placing card 9 in slot 7
[00:33:41.901] [SEVERE ] updating countdown to 60000
[00:33:41.901] [SEVERE ] setting player 1 freeze to -879
[00:33:41.901] [SEVERE ] setting player 2 freeze to -879
[00:33:42.004] [SEVERE ] placing card 63 in slot 8
[00:33:42.004] [SEVERE ] updating countdown to 60000
[00:33:42.004] [SEVERE ] setting player 1 freeze to -982
[00:33:42.004] [SEVERE ] setting player 2 freeze to -982
[00:33:42.108] [SEVERE ] placing card 44 in slot 9
[00:33:42.108] [SEVERE ] updating countdown to 60000
[00:33:42.108] [SEVERE ] setting player 1 freeze to -1086
[00:33:42.108] [SEVERE ] setting player 2 freeze to -1086
[00:33:42.224] [SEVERE ] placing card 27 in slot 10
[00:33:42.224] [SEVERE ] updating countdown to 60000
[00:33:42.224] [SEVERE ] setting player 1 freeze to -1202
[00:33:42.224] [SEVERE ] setting player 2 freeze to -1202
[00:33:42.326] [SEVERE ] placing card 51 in slot 11
[00:33:42.326] [SEVERE ] updating countdown to 60000
[00:33:42.326] [SEVERE ] setting player 1 freeze to -1304
[00:33:42.327] [SEVERE ] setting player 2 freeze to -1305
[00:33:42.440] [SEVERE ] updating countdown to 59886
[00:33:42.440] [SEVERE ] setting player 1 freeze to -1418
[00:33:42.440] [SEVERE ] setting player 2 freeze to -1418
[00:33:42.542] [SEVERE ] updating countdown to 59784
[00:33:42.542] [SEVERE ] setting player 1 freeze to -1520
[00:33:42.542] [SEVERE ] setting player 2 freeze to -1520
[00:33:42.656] [SEVERE ] updating countdown to 59670
[00:33:42.656] [SEVERE ] setting player 1 freeze to -1634
[00:33:42.656] [SEVERE ] setting player 2 freeze to -1634
[00:33:42.758] [SEVERE ] updating countdown to 59568
[00:33:42.758] [SEVERE ] setting player 1 freeze to -1736
[00:33:42.758] [SEVERE ] setting player 2 freeze to -1736
[00:33:42.873] [SEVERE ] updating countdown to 59453
[00:33:42.873] [SEVERE ] setting player 1 freeze to -1851
[00:33:42.873] [SEVERE ] setting player 2 freeze to -1851
[00:33:42.992] [SEVERE ] updating countdown to 59334
[00:33:42.992] [SEVERE ] setting player 1 freeze to -1970
[00:33:42.992] [SEVERE ] setting player 2 freeze to -1970
[00:33:43.111] [SEVERE ] updating countdown to 59215
[00:33:43.111] [SEVERE ] setting player 1 freeze to -2089
[00:33:43.111] [SEVERE ] setting player 2 freeze to -2089
[00:33:43.227] [SEVERE ] updating countdown to 59099
[00:33:43.227] [SEVERE ] setting player 1 freeze to -2205
[00:33:43.227] [SEVERE ] setting player 2 freeze to -2205
[00:33:43.329] [SEVERE ] updating countdown to 58997
[00:33:43.329] [SEVERE ] setting player 1 freeze to -2307
[00:33:43.329] [SEVERE ] setting player 2 freeze to -2307
[00:33:43.444] [SEVERE ] updating countdown to 58882
[00:33:43.444] [SEVERE ] setting player 1 freeze to -2422
[00:33:43.444] [SEVERE ] setting player 2 freeze to -2422
[00:33:43.545] [SEVERE ] updating countdown to 58781
[00:33:43.545] [SEVERE ] setting player 1 freeze to -2523
[00:33:43.545] [SEVERE ] setting player 2 freeze to -2523
[00:33:43.648] [SEVERE ] updating countdown to 58678
[00:33:43.648] [SEVERE ] setting player 1 freeze to -2626
[00:33:43.648] [SEVERE ] setting player 2 freeze to -2626
[00:33:43.760] [SEVERE ] updating countdown to 58566
[00:33:43.760] [SEVERE ] setting player 1 freeze to -2738
[00:33:43.760] [SEVERE ] setting player 2 freeze to -2738
[00:33:43.861] [SEVERE ] updating countdown to 58465
[00:33:43.861] [SEVERE ] setting player 1 freeze to -2839
[00:33:43.861] [SEVERE ] setting player 2 freeze to -2839
[00:33:43.977] [SEVERE ] updating countdown to 58349
[00:33:43.977] [SEVERE ] setting player 1 freeze to -2955
[00:33:43.977] [SEVERE ] setting player 2 freeze to -2955
[00:33:44.078] [SEVERE ] updating countdown to 58248
[00:33:44.078] [SEVERE ] setting player 1 freeze to -3056
[00:33:44.078] [SEVERE ] setting player 2 freeze to -3056
[00:33:44.192] [SEVERE ] updating countdown to 58134
[00:33:44.192] [SEVERE ] setting player 1 freeze to -3170
[00:33:44.192] [SEVERE ] setting player 2 freeze to -3170
[00:33:44.294] [SEVERE ] updating countdown to 58032
[00:33:44.294] [SEVERE ] setting player 1 freeze to -3272
[00:33:44.294] [SEVERE ] setting player 2 freeze to -3272
[00:33:44.330] [SEVERE ] key 81 was pressed by player 1
[00:33:44.330] [SEVERE ] player 1 placing token on slot 0
[00:33:44.407] [SEVERE ] updating countdown to 57919
[00:33:44.407] [SEVERE ] setting player 1 freeze to -3385
[00:33:44.407] [SEVERE ] setting player 2 freeze to -3385
[00:33:44.513] [SEVERE ] updating countdown to 57813
[00:33:44.513] [SEVERE ] setting player 1 freeze to -3491
[00:33:44.513] [SEVERE ] setting player 2 freeze to -3491
[00:33:44.631] [SEVERE ] updating countdown to 57695
[00:33:44.631] [SEVERE ] setting player 1 freeze to -3609
[00:33:44.631] [SEVERE ] setting player 2 freeze to -3609
[00:33:44.732] [SEVERE ] updating countdown to 57594
[00:33:44.732] [SEVERE ] setting player 1 freeze to -3710
[00:33:44.732] [SEVERE ] setting player 2 freeze to -3710
[00:33:44.847] [SEVERE ] updating countdown to 57479
[00:33:44.847] [SEVERE ] setting player 1 freeze to -3825
[00:33:44.847] [SEVERE ] setting player 2 freeze to -3825
[00:33:44.915] [SEVERE ] key 87 was pressed by player 1
[00:33:44.915] [SEVERE ] player 1 placing token on slot 1
[00:33:44.956] [SEVERE ] updating countdown to 57370
[00:33:44.956] [SEVERE ] setting player 1 freeze to -3934
[00:33:44.956] [SEVERE ] setting player 2 freeze to -3934
[00:33:45.063] [SEVERE ] updating countdown to 57263
[00:33:45.063] [SEVERE ] setting player 1 freeze to -4041
[00:33:45.063] [SEVERE ] setting player 2 freeze to -4041
[00:33:45.178] [SEVERE ] updating countdown to 57148
[00:33:45.178] [SEVERE ] setting player 1 freeze to -4156
[00:33:45.178] [SEVERE ] setting player 2 freeze to -4156
[00:33:45.280] [SEVERE ] updating countdown to 57046
[00:33:45.280] [SEVERE ] setting player 1 freeze to -4258
[00:33:45.280] [SEVERE ] setting player 2 freeze to -4258
[00:33:45.312] [SEVERE ] key 69 was pressed by player 1
[00:33:45.312] [SEVERE ] player 1 placing token on slot 2
[00:33:45.312] [SEVERE ] updating countdown to 57014
[00:33:45.312] [SEVERE ] setting player 1 freeze to -4290
[00:33:45.316] [SEVERE ] setting player 2 freeze to -4294
[00:33:45.431] [SEVERE ] updating countdown to 56895
[00:33:45.431] [SEVERE ] setting player 1 freeze to 885
[00:33:45.431] [SEVERE ] setting player 2 freeze to -4409
[00:33:45.533] [SEVERE ] updating countdown to 56793
[00:33:45.533] [SEVERE ] setting player 1 freeze to 783
[00:33:45.533] [SEVERE ] setting player 2 freeze to -4511
[00:33:45.649] [SEVERE ] updating countdown to 56677
[00:33:45.649] [SEVERE ] setting player 1 freeze to 667
[00:33:45.649] [SEVERE ] setting player 2 freeze to -4627
[00:33:45.764] [SEVERE ] updating countdown to 56562
[00:33:45.764] [SEVERE ] setting player 1 freeze to 552
[00:33:45.764] [SEVERE ] setting player 2 freeze to -4742
[00:33:45.876] [SEVERE ] updating countdown to 56450
[00:33:45.876] [SEVERE ] setting player 1 freeze to 440
[00:33:45.876] [SEVERE ] setting player 2 freeze to -4854
[00:33:45.980] [SEVERE ] updating countdown to 56346
[00:33:45.980] [SEVERE ] setting player 1 freeze to 336
[00:33:45.980] [SEVERE ] setting player 2 freeze to -4958
[00:33:46.084] [SEVERE ] updating countdown to 56242
[00:33:46.084] [SEVERE ] setting player 1 freeze to 232
[00:33:46.084] [SEVERE ] setting player 2 freeze to -5062
[00:33:46.196] [SEVERE ] updating countdown to 56130
[00:33:46.196] [SEVERE ] setting player 1 freeze to 120
[00:33:46.196] [SEVERE ] setting player 2 freeze to -5174
[00:33:46.298] [SEVERE ] updating countdown to 56028
[00:33:46.298] [SEVERE ] setting player 1 freeze to 18
[00:33:46.298] [SEVERE ] setting player 2 freeze to -5276
[00:33:46.419] [SEVERE ] updating countdown to 55907
[00:33:46.419] [SEVERE ] setting player 1 freeze to -103
[00:33:46.419] [SEVERE ] setting player 2 freeze to -5397
[00:33:46.528] [SEVERE ] updating countdown to 55798
[00:33:46.528] [SEVERE ] setting player 1 freeze to -212
[00:33:46.528] [SEVERE ] setting player 2 freeze to -5506
[00:33:46.635] [SEVERE ] updating countdown to 55691
[00:33:46.635] [SEVERE ] setting player 1 freeze to -319
[00:33:46.635] [SEVERE ] setting player 2 freeze to -5613
[00:33:46.756] [SEVERE ] updating countdown to 55570
[00:33:46.756] [SEVERE ] setting player 1 freeze to -440
[00:33:46.756] [SEVERE ] setting player 2 freeze to -5734
[00:33:46.869] [SEVERE ] updating countdown to 55457
[00:33:46.869] [SEVERE ] setting player 1 freeze to -553
[00:33:46.869] [SEVERE ] setting player 2 freeze to -5847
[00:33:46.982] [SEVERE ] updating countdown to 55344
[00:33:46.982] [SEVERE ] setting player 1 freeze to -666
[00:33:46.982] [SEVERE ] setting player 2 freeze to -5960
[00:33:47.089] [SEVERE ] updating countdown to 55237
[00:33:47.089] [SEVERE ] setting player 1 freeze to -773
[00:33:47.089] [SEVERE ] setting player 2 freeze to -6067
[00:33:47.199] [SEVERE ] updating countdown to 55127
[00:33:47.199] [SEVERE ] setting player 1 freeze to -883
[00:33:47.199] [SEVERE ] setting player 2 freeze to -6177
[00:33:47.306] [SEVERE ] updating countdown to 55020
[00:33:47.306] [SEVERE ] setting player 1 freeze to -990
[00:33:47.306] [SEVERE ] setting player 2 freeze to -6284
[00:33:47.415] [SEVERE ] updating countdown to 54911
[00:33:47.415] [SEVERE ] setting player 1 freeze to -1099
[00:33:47.415] [SEVERE ] setting player 2 freeze to -6393
[00:33:47.537] [SEVERE ] updating countdown to 54789
[00:33:47.537] [SEVERE ] setting player 1 freeze to -1221
[00:33:47.537] [SEVERE ] setting player 2 freeze to -6515
[00:33:47.653] [SEVERE ] updating countdown to 54673
[00:33:47.653] [SEVERE ] setting player 1 freeze to -1337
[00:33:47.653] [SEVERE ] setting player 2 freeze to -6631
[00:33:47.754] [SEVERE ] updating countdown to 54572
[00:33:47.754] [SEVERE ] setting player 1 freeze to -1438
[00:33:47.754] [SEVERE ] setting player 2 freeze to -6732
[00:33:47.858] [SEVERE ] updating countdown to 54468
[00:33:47.858] [SEVERE ] setting player 1 freeze to -1542
[00:33:47.858] [SEVERE ] setting player 2 freeze to -6836
[00:33:47.975] [SEVERE ] updating countdown to 54351
[00:33:47.975] [SEVERE ] setting player 1 freeze to -1659
[00:33:47.975] [SEVERE ] setting player 2 freeze to -6953
[00:33:48.085] [SEVERE ] updating countdown to 54241
[00:33:48.085] [SEVERE ] setting player 1 freeze to -1769
[00:33:48.085] [SEVERE ] setting player 2 freeze to -7063
[00:33:48.189] [SEVERE ] updating countdown to 54137
[00:33:48.189] [SEVERE ] setting player 1 freeze to -1873
[00:33:48.189] [SEVERE ] setting player 2 freeze to -7167
[00:33:48.301] [SEVERE ] updating countdown to 54025
[00:33:48.301] [SEVERE ] setting player 1 freeze to -1985
[00:33:48.301] [SEVERE ] setting player 2 freeze to -7279
[00:33:48.402] [SEVERE ] updating countdown to 53924
[00:33:48.402] [SEVERE ] setting player 1 freeze to -2086
[00:33:48.402] [SEVERE ] setting player 2 freeze to -7380
[00:33:48.503] [SEVERE ] updating countdown to 53823
[00:33:48.503] [SEVERE ] setting player 1 freeze to -2187
[00:33:48.503] [SEVERE ] setting player 2 freeze to -7481
[00:33:48.623] [SEVERE ] updating countdown to 53703
[00:33:48.623] [SEVERE ] setting player 1 freeze to -2307
[00:33:48.623] [SEVERE ] setting player 2 freeze to -7601
[00:33:48.739] [SEVERE ] updating countdown to 53587
[00:33:48.739] [SEVERE ] setting player 1 freeze to -2423
[00:33:48.739] [SEVERE ] setting player 2 freeze to -7717
[00:33:48.854] [SEVERE ] updating countdown to 53472
[00:33:48.854] [SEVERE ] setting player 1 freeze to -2538
[00:33:48.855] [SEVERE ] setting player 2 freeze to -7833
[00:33:48.970] [SEVERE ] updating countdown to 53356
[00:33:48.970] [SEVERE ] setting player 1 freeze to -2654
[00:33:48.970] [SEVERE ] setting player 2 freeze to -7948
[00:33:49.071] [SEVERE ] updating countdown to 53255
[00:33:49.071] [SEVERE ] setting player 1 freeze to -2755
[00:33:49.071] [SEVERE ] setting player 2 freeze to -8049
[00:33:49.172] [SEVERE ] updating countdown to 53154
[00:33:49.172] [SEVERE ] setting player 1 freeze to -2856
[00:33:49.172] [SEVERE ] setting player 2 freeze to -8150
[00:33:49.288] [SEVERE ] updating countdown to 53038
[00:33:49.288] [SEVERE ] setting player 1 freeze to -2972
[00:33:49.288] [SEVERE ] setting player 2 freeze to -8266
[00:33:49.402] [SEVERE ] updating countdown to 52924
[00:33:49.402] [SEVERE ] setting player 1 freeze to -3086
[00:33:49.402] [SEVERE ] setting player 2 freeze to -8380
[00:33:49.518] [SEVERE ] updating countdown to 52808
[00:33:49.518] [SEVERE ] setting player 1 freeze to -3202
[00:33:49.518] [SEVERE ] setting player 2 freeze to -8496
[00:33:49.620] [SEVERE ] updating countdown to 52706
[00:33:49.620] [SEVERE ] setting player 1 freeze to -3304
[00:33:49.620] [SEVERE ] setting player 2 freeze to -8598
[00:33:49.725] [SEVERE ] updating countdown to 52601
[00:33:49.726] [SEVERE ] setting player 1 freeze to -3410
[00:33:49.726] [SEVERE ] setting player 2 freeze to -8704
[00:33:49.826] [SEVERE ] updating countdown to 52500
[00:33:49.826] [SEVERE ] setting player 1 freeze to -3510
[00:33:49.826] [SEVERE ] setting player 2 freeze to -8804
[00:33:49.942] [SEVERE ] updating countdown to 52384
[00:33:49.942] [SEVERE ] setting player 1 freeze to -3626
[00:33:49.942] [SEVERE ] setting player 2 freeze to -8920
[00:33:50.069] [SEVERE ] updating countdown to 52257
[00:33:50.069] [SEVERE ] setting player 1 freeze to -3753
[00:33:50.069] [SEVERE ] setting player 2 freeze to -9047
[00:33:50.174] [SEVERE ] updating countdown to 52152
[00:33:50.174] [SEVERE ] setting player 1 freeze to -3858
[00:33:50.174] [SEVERE ] setting player 2 freeze to -9152
[00:33:50.278] [SEVERE ] updating countdown to 52048
[00:33:50.278] [SEVERE ] setting player 1 freeze to -3962
[00:33:50.278] [SEVERE ] setting player 2 freeze to -9256
[00:33:50.386] [SEVERE ] updating countdown to 51940
[00:33:50.386] [SEVERE ] setting player 1 freeze to -4070
[00:33:50.386] [SEVERE ] setting player 2 freeze to -9364
[00:33:50.501] [SEVERE ] updating countdown to 51825
[00:33:50.501] [SEVERE ] setting player 1 freeze to -4185
[00:33:50.501] [SEVERE ] setting player 2 freeze to -9479
[00:33:50.617] [SEVERE ] updating countdown to 51709
[00:33:50.617] [SEVERE ] setting player 1 freeze to -4301
[00:33:50.617] [SEVERE ] setting player 2 freeze to -9595
[00:33:50.743] [SEVERE ] updating countdown to 51583
[00:33:50.743] [SEVERE ] setting player 1 freeze to -4427
[00:33:50.744] [SEVERE ] setting player 2 freeze to -9722
[00:33:50.850] [SEVERE ] updating countdown to 51476
[00:33:50.851] [SEVERE ] setting player 1 freeze to -4535
[00:33:50.851] [SEVERE ] setting player 2 freeze to -9829
[00:33:50.953] [SEVERE ] updating countdown to 51373
[00:33:50.953] [SEVERE ] setting player 1 freeze to -4637
[00:33:50.953] [SEVERE ] setting player 2 freeze to -9931
[00:33:51.060] [SEVERE ] updating countdown to 51266
[00:33:51.060] [SEVERE ] setting player 1 freeze to -4744
[00:33:51.060] [SEVERE ] setting player 2 freeze to -10038
[00:33:51.165] [SEVERE ] updating countdown to 51161
[00:33:51.165] [SEVERE ] setting player 1 freeze to -4849
[00:33:51.165] [SEVERE ] setting player 2 freeze to -10143
[00:33:51.275] [SEVERE ] updating countdown to 51051
[00:33:51.275] [SEVERE ] setting player 1 freeze to -4959
[00:33:51.276] [SEVERE ] setting player 2 freeze to -10254
[00:33:51.381] [SEVERE ] updating countdown to 50945
[00:33:51.381] [SEVERE ] setting player 1 freeze to -5065
[00:33:51.381] [SEVERE ] setting player 2 freeze to -10359
[00:33:51.501] [SEVERE ] updating countdown to 50825
[00:33:51.501] [SEVERE ] setting player 1 freeze to -5185
[00:33:51.501] [SEVERE ] setting player 2 freeze to -10479
[00:33:51.614] [SEVERE ] updating countdown to 50712
[00:33:51.614] [SEVERE ] setting player 1 freeze to -5298
[00:33:51.614] [SEVERE ] setting player 2 freeze to -10592
[00:33:51.729] [SEVERE ] updating countdown to 50597
[00:33:51.729] [SEVERE ] setting player 1 freeze to -5413
[00:33:51.729] [SEVERE ] setting player 2 freeze to -10707
[00:33:51.845] [SEVERE ] updating countdown to 50481
[00:33:51.845] [SEVERE ] setting player 1 freeze to -5529
[00:33:51.845] [SEVERE ] setting player 2 freeze to -10823
[00:33:51.947] [SEVERE ] updating countdown to 50379
[00:33:51.947] [SEVERE ] setting player 1 freeze to -5631
[00:33:51.947] [SEVERE ] setting player 2 freeze to -10925
[00:33:52.061] [SEVERE ] updating countdown to 50265
[00:33:52.061] [SEVERE ] setting player 1 freeze to -5745
[00:33:52.061] [SEVERE ] setting player 2 freeze to -11039
[00:33:52.162] [SEVERE ] updating countdown to 50164
[00:33:52.162] [SEVERE ] setting player 1 freeze to -5846
[00:33:52.162] [SEVERE ] setting player 2 freeze to -11140
[00:33:52.264] [SEVERE ] updating countdown to 50062
[00:33:52.264] [SEVERE ] setting player 1 freeze to -5948
[00:33:52.264] [SEVERE ] setting player 2 freeze to -11242
[00:33:52.377] [SEVERE ] updating countdown to 49949
[00:33:52.377] [SEVERE ] setting player 1 freeze to -6061
[00:33:52.377] [SEVERE ] setting player 2 freeze to -11355
[00:33:52.493] [SEVERE ] updating countdown to 49833
[00:33:52.493] [SEVERE ] setting player 1 freeze to -6177
[00:33:52.493] [SEVERE ] setting player 2 freeze to -11471
[00:33:52.593] [SEVERE ] updating countdown to 49733
[00:33:52.594] [SEVERE ] setting player 1 freeze to -6278
[00:33:52.594] [SEVERE ] setting player 2 freeze to -11572
[00:33:52.697] [SEVERE ] updating countdown to 49629
[00:33:52.697] [SEVERE ] setting player 1 freeze to -6381
[00:33:52.697] [SEVERE ] setting player 2 freeze to -11675
[00:33:52.811] [SEVERE ] updating countdown to 49515
[00:33:52.811] [SEVERE ] setting player 1 freeze to -6495
[00:33:52.811] [SEVERE ] setting player 2 freeze to -11789
[00:33:52.927] [SEVERE ] updating countdown to 49399
[00:33:52.927] [SEVERE ] setting player 1 freeze to -6611
[00:33:52.927] [SEVERE ] setting player 2 freeze to -11905
[00:33:53.030] [SEVERE ] updating countdown to 49296
[00:33:53.030] [SEVERE ] setting player 1 freeze to -6714
[00:33:53.030] [SEVERE ] setting player 2 freeze to -12008
[00:33:53.145] [SEVERE ] updating countdown to 49181
[00:33:53.145] [SEVERE ] setting player 1 freeze to -6829
[00:33:53.145] [SEVERE ] setting player 2 freeze to -12123
[00:33:53.246] [SEVERE ] updating countdown to 49080
[00:33:53.246] [SEVERE ] setting player 1 freeze to -6930
[00:33:53.246] [SEVERE ] setting player 2 freeze to -12224
[00:33:53.347] [SEVERE ] updating countdown to 48979
[00:33:53.347] [SEVERE ] setting player 1 freeze to -7031
[00:33:53.347] [SEVERE ] setting player 2 freeze to -12325
[00:33:53.456] [SEVERE ] updating countdown to 48870
[00:33:53.456] [SEVERE ] setting player 1 freeze to -7140
[00:33:53.456] [SEVERE ] setting player 2 freeze to -12434
[00:33:53.560] [SEVERE ] updating countdown to 48766
[00:33:53.560] [SEVERE ] setting player 1 freeze to -7244
[00:33:53.560] [SEVERE ] setting player 2 freeze to -12538
[00:33:53.669] [SEVERE ] updating countdown to 48657
[00:33:53.669] [SEVERE ] setting player 1 freeze to -7353
[00:33:53.669] [SEVERE ] setting player 2 freeze to -12647
[00:33:53.778] [SEVERE ] updating countdown to 48548
[00:33:53.778] [SEVERE ] setting player 1 freeze to -7462
[00:33:53.778] [SEVERE ] setting player 2 freeze to -12756
[00:33:53.886] [SEVERE ] updating countdown to 48440
[00:33:53.886] [SEVERE ] setting player 1 freeze to -7570
[00:33:53.886] [SEVERE ] setting player 2 freeze to -12864
[00:33:53.994] [SEVERE ] updating countdown to 48332
[00:33:53.994] [SEVERE ] setting player 1 freeze to -7678
[00:33:53.994] [SEVERE ] setting player 2 freeze to -12972
[00:33:54.103] [SEVERE ] updating countdown to 48223
[00:33:54.103] [SEVERE ] setting player 1 freeze to -7787
[00:33:54.103] [SEVERE ] setting player 2 freeze to -13081
[00:33:54.211] [SEVERE ] updating countdown to 48115
[00:33:54.212] [SEVERE ] setting player 1 freeze to -7896
[00:33:54.212] [SEVERE ] setting player 2 freeze to -13190
[00:33:54.320] [SEVERE ] updating countdown to 48006
[00:33:54.320] [SEVERE ] setting player 1 freeze to -8004
[00:33:54.320] [SEVERE ] setting player 2 freeze to -13298
[00:33:54.423] [SEVERE ] updating countdown to 47903
[00:33:54.423] [SEVERE ] setting player 1 freeze to -8107
[00:33:54.423] [SEVERE ] setting player 2 freeze to -13401
[00:33:54.524] [SEVERE ] updating countdown to 47802
[00:33:54.524] [SEVERE ] setting player 1 freeze to -8208
[00:33:54.524] [SEVERE ] setting player 2 freeze to -13502
[00:33:54.626] [SEVERE ] updating countdown to 47700
[00:33:54.626] [SEVERE ] setting player 1 freeze to -8310
[00:33:54.626] [SEVERE ] setting player 2 freeze to -13604
[00:33:54.737] [SEVERE ] updating countdown to 47589
[00:33:54.737] [SEVERE ] setting player 1 freeze to -8421
[00:33:54.737] [SEVERE ] setting player 2 freeze to -13715
