[00:28:30.703] [INFO   ] thread main starting.
[00:28:30.710] [SEVERE ] cannot read configuration file config.properties trying from resources.
[00:28:30.711] [SEVERE ] configuration file was loaded from resources directory.
[00:28:31.063] [INFO   ] thread dealer starting.
[00:28:31.063] [INFO   ] thread dealer starting.
[00:28:31.064] [INFO   ] thread Player #0 starting.
[00:28:31.064] [INFO   ] thread Player #1 starting.
[00:28:31.178] [SEVERE ] placing card 65 in slot 0
[00:28:31.179] [SEVERE ] updating countdown to 60000
[00:28:31.180] [SEVERE ] setting player 1 freeze to -117
[00:28:31.182] [SEVERE ] setting player 2 freeze to -119
[00:28:31.289] [SEVERE ] placing card 36 in slot 1
[00:28:31.290] [SEVERE ] updating countdown to 60000
[00:28:31.290] [SEVERE ] setting player 1 freeze to -227
[00:28:31.290] [SEVERE ] setting player 2 freeze to -227
[00:28:31.398] [SEVERE ] placing card 20 in slot 2
[00:28:31.398] [SEVERE ] updating countdown to 60000
[00:28:31.398] [SEVERE ] setting player 1 freeze to -335
[00:28:31.399] [SEVERE ] setting player 2 freeze to -336
[00:28:31.504] [SEVERE ] placing card 55 in slot 3
[00:28:31.504] [SEVERE ] updating countdown to 60000
[00:28:31.504] [SEVERE ] setting player 1 freeze to -441
[00:28:31.504] [SEVERE ] setting player 2 freeze to -441
[00:28:31.611] [SEVERE ] placing card 6 in slot 4
[00:28:31.611] [SEVERE ] updating countdown to 60000
[00:28:31.611] [SEVERE ] setting player 1 freeze to -548
[00:28:31.611] [SEVERE ] setting player 2 freeze to -548
[00:28:31.712] [SEVERE ] placing card 53 in slot 5
[00:28:31.712] [SEVERE ] updating countdown to 60000
[00:28:31.712] [SEVERE ] setting player 1 freeze to -649
[00:28:31.712] [SEVERE ] setting player 2 freeze to -649
[00:28:31.828] [SEVERE ] placing card 22 in slot 6
[00:28:31.828] [SEVERE ] updating countdown to 60000
[00:28:31.828] [SEVERE ] setting player 1 freeze to -765
[00:28:31.828] [SEVERE ] setting player 2 freeze to -765
[00:28:31.931] [SEVERE ] placing card 41 in slot 7
[00:28:31.931] [SEVERE ] updating countdown to 60000
[00:28:31.931] [SEVERE ] setting player 1 freeze to -868
[00:28:31.931] [SEVERE ] setting player 2 freeze to -868
[00:28:32.044] [SEVERE ] placing card 17 in slot 8
[00:28:32.044] [SEVERE ] updating countdown to 60000
[00:28:32.044] [SEVERE ] setting player 1 freeze to -981
[00:28:32.044] [SEVERE ] setting player 2 freeze to -981
[00:28:32.154] [SEVERE ] placing card 38 in slot 9
[00:28:32.154] [SEVERE ] updating countdown to 60000
[00:28:32.154] [SEVERE ] setting player 1 freeze to -1091
[00:28:32.154] [SEVERE ] setting player 2 freeze to -1091
[00:28:32.259] [SEVERE ] placing card 42 in slot 10
[00:28:32.259] [SEVERE ] updating countdown to 60000
[00:28:32.259] [SEVERE ] setting player 1 freeze to -1196
[00:28:32.259] [SEVERE ] setting player 2 freeze to -1196
[00:28:32.362] [SEVERE ] placing card 69 in slot 11
[00:28:32.362] [SEVERE ] updating countdown to 60000
[00:28:32.362] [SEVERE ] setting player 1 freeze to -1299
[00:28:32.362] [SEVERE ] setting player 2 freeze to -1299
[00:28:32.482] [SEVERE ] updating countdown to 59880
[00:28:32.482] [SEVERE ] setting player 1 freeze to -1419
[00:28:32.482] [SEVERE ] setting player 2 freeze to -1419
[00:28:32.599] [SEVERE ] updating countdown to 59763
[00:28:32.599] [SEVERE ] setting player 1 freeze to -1536
[00:28:32.599] [SEVERE ] setting player 2 freeze to -1536
[00:28:32.714] [SEVERE ] updating countdown to 59648
[00:28:32.714] [SEVERE ] setting player 1 freeze to -1651
[00:28:32.714] [SEVERE ] setting player 2 freeze to -1651
[00:28:32.829] [SEVERE ] updating countdown to 59533
[00:28:32.830] [SEVERE ] setting player 1 freeze to -1767
[00:28:32.830] [SEVERE ] setting player 2 freeze to -1767
[00:28:32.846] [SEVERE ] key 81 was pressed by player 1
[00:28:32.846] [SEVERE ] player 1 placing token on slot 0
[00:28:32.938] [SEVERE ] updating countdown to 59424
[00:28:32.939] [SEVERE ] setting player 1 freeze to -1876
[00:28:32.939] [SEVERE ] setting player 2 freeze to -1876
[00:28:33.054] [SEVERE ] updating countdown to 59308
[00:28:33.054] [SEVERE ] setting player 1 freeze to -1991
[00:28:33.054] [SEVERE ] setting player 2 freeze to -1991
[00:28:33.067] [SEVERE ] key 87 was pressed by player 1
[00:28:33.067] [SEVERE ] player 1 placing token on slot 1
[00:28:33.157] [SEVERE ] updating countdown to 59205
[00:28:33.157] [SEVERE ] setting player 1 freeze to -2094
[00:28:33.157] [SEVERE ] setting player 2 freeze to -2094
[00:28:33.263] [SEVERE ] updating countdown to 59099
[00:28:33.263] [SEVERE ] setting player 1 freeze to -2200
[00:28:33.263] [SEVERE ] setting player 2 freeze to -2200
[00:28:33.282] [SEVERE ] key 69 was pressed by player 1
[00:28:33.282] [SEVERE ] player 1 placing token on slot 2
[00:28:33.282] [SEVERE ] updating countdown to 59080
[00:28:33.282] [SEVERE ] setting player 1 freeze to -2219
[00:28:33.295] [SEVERE ] setting player 2 freeze to -2219
[00:28:33.405] [SEVERE ] updating countdown to 58957
[00:28:33.405] [SEVERE ] setting player 1 freeze to 890
[00:28:33.406] [SEVERE ] setting player 2 freeze to -2343
[00:28:33.515] [SEVERE ] updating countdown to 58847
[00:28:33.515] [SEVERE ] setting player 1 freeze to 780
[00:28:33.516] [SEVERE ] setting player 2 freeze to -2453
[00:28:33.630] [SEVERE ] updating countdown to 58732
[00:28:33.630] [SEVERE ] setting player 1 freeze to 665
[00:28:33.630] [SEVERE ] setting player 2 freeze to -2567
[00:28:33.746] [SEVERE ] updating countdown to 58616
[00:28:33.746] [SEVERE ] setting player 1 freeze to 549
[00:28:33.746] [SEVERE ] setting player 2 freeze to -2683
[00:28:33.847] [SEVERE ] updating countdown to 58515
[00:28:33.847] [SEVERE ] setting player 1 freeze to 448
[00:28:33.847] [SEVERE ] setting player 2 freeze to -2784
[00:28:33.949] [SEVERE ] updating countdown to 58413
[00:28:33.949] [SEVERE ] setting player 1 freeze to 346
[00:28:33.949] [SEVERE ] setting player 2 freeze to -2886
[00:28:34.064] [SEVERE ] updating countdown to 58298
[00:28:34.064] [SEVERE ] setting player 1 freeze to 231
[00:28:34.064] [SEVERE ] setting player 2 freeze to -3001
[00:28:34.180] [SEVERE ] updating countdown to 58182
[00:28:34.181] [SEVERE ] setting player 1 freeze to 114
[00:28:34.181] [SEVERE ] setting player 2 freeze to -3118
[00:28:34.285] [SEVERE ] updating countdown to 58077
[00:28:34.285] [SEVERE ] setting player 1 freeze to 10
[00:28:34.285] [SEVERE ] setting player 2 freeze to -3222
[00:28:34.386] [SEVERE ] updating countdown to 57976
[00:28:34.386] [SEVERE ] setting player 1 freeze to -91
[00:28:34.386] [SEVERE ] setting player 2 freeze to -3323
[00:28:34.501] [SEVERE ] updating countdown to 57861
[00:28:34.501] [SEVERE ] setting player 1 freeze to -206
[00:28:34.501] [SEVERE ] setting player 2 freeze to -3438
[00:28:34.602] [SEVERE ] updating countdown to 57760
[00:28:34.602] [SEVERE ] setting player 1 freeze to -307
[00:28:34.602] [SEVERE ] setting player 2 freeze to -3539
[00:28:34.714] [SEVERE ] updating countdown to 57648
[00:28:34.714] [SEVERE ] setting player 1 freeze to -419
[00:28:34.714] [SEVERE ] setting player 2 freeze to -3651
[00:28:34.825] [SEVERE ] updating countdown to 57537
[00:28:34.825] [SEVERE ] setting player 1 freeze to -530
[00:28:34.825] [SEVERE ] setting player 2 freeze to -3762
[00:28:34.928] [SEVERE ] updating countdown to 57434
[00:28:34.928] [SEVERE ] setting player 1 freeze to -633
[00:28:34.928] [SEVERE ] setting player 2 freeze to -3865
[00:28:35.043] [SEVERE ] updating countdown to 57319
[00:28:35.043] [SEVERE ] setting player 1 freeze to -748
[00:28:35.043] [SEVERE ] setting player 2 freeze to -3980
[00:28:35.149] [SEVERE ] updating countdown to 57213
[00:28:35.149] [SEVERE ] setting player 1 freeze to -854
[00:28:35.149] [SEVERE ] setting player 2 freeze to -4086
[00:28:35.252] [SEVERE ] updating countdown to 57110
[00:28:35.252] [SEVERE ] setting player 1 freeze to -957
[00:28:35.252] [SEVERE ] setting player 2 freeze to -4189
[00:28:35.364] [SEVERE ] updating countdown to 56998
[00:28:35.364] [SEVERE ] setting player 1 freeze to -1069
[00:28:35.365] [SEVERE ] setting player 2 freeze to -4302
[00:28:35.486] [SEVERE ] updating countdown to 56876
[00:28:35.486] [SEVERE ] setting player 1 freeze to -1191
[00:28:35.486] [SEVERE ] setting player 2 freeze to -4423
[00:28:35.586] [SEVERE ] updating countdown to 56776
[00:28:35.586] [SEVERE ] setting player 1 freeze to -1291
[00:28:35.586] [SEVERE ] setting player 2 freeze to -4523
[00:28:35.702] [SEVERE ] updating countdown to 56660
[00:28:35.702] [SEVERE ] setting player 1 freeze to -1407
[00:28:35.702] [SEVERE ] setting player 2 freeze to -4639
[00:28:35.826] [SEVERE ] updating countdown to 56536
[00:28:35.826] [SEVERE ] setting player 1 freeze to -1531
[00:28:35.826] [SEVERE ] setting player 2 freeze to -4763
[00:28:35.934] [SEVERE ] updating countdown to 56428
[00:28:35.934] [SEVERE ] setting player 1 freeze to -1639
[00:28:35.934] [SEVERE ] setting player 2 freeze to -4871
[00:28:36.036] [SEVERE ] updating countdown to 56326
[00:28:36.036] [SEVERE ] setting player 1 freeze to -1741
[00:28:36.036] [SEVERE ] setting player 2 freeze to -4973
[00:28:36.151] [SEVERE ] updating countdown to 56211
[00:28:36.151] [SEVERE ] setting player 1 freeze to -1856
[00:28:36.151] [SEVERE ] setting player 2 freeze to -5088
[00:28:36.266] [SEVERE ] updating countdown to 56096
[00:28:36.266] [SEVERE ] setting player 1 freeze to -1971
[00:28:36.266] [SEVERE ] setting player 2 freeze to -5203
[00:28:36.388] [SEVERE ] updating countdown to 55974
[00:28:36.388] [SEVERE ] setting player 1 freeze to -2093
[00:28:36.388] [SEVERE ] setting player 2 freeze to -5325
[00:28:36.489] [SEVERE ] updating countdown to 55873
[00:28:36.489] [SEVERE ] setting player 1 freeze to -2194
[00:28:36.489] [SEVERE ] setting player 2 freeze to -5426
[00:28:36.605] [SEVERE ] updating countdown to 55757
[00:28:36.605] [SEVERE ] setting player 1 freeze to -2310
[00:28:36.605] [SEVERE ] setting player 2 freeze to -5542
[00:28:36.706] [SEVERE ] updating countdown to 55656
[00:28:36.706] [SEVERE ] setting player 1 freeze to -2411
[00:28:36.706] [SEVERE ] setting player 2 freeze to -5643
[00:28:36.820] [SEVERE ] updating countdown to 55542
[00:28:36.820] [SEVERE ] setting player 1 freeze to -2525
[00:28:36.820] [SEVERE ] setting player 2 freeze to -5757
[00:28:36.922] [SEVERE ] updating countdown to 55440
[00:28:36.922] [SEVERE ] setting player 1 freeze to -2627
[00:28:36.922] [SEVERE ] setting player 2 freeze to -5859
[00:28:37.037] [SEVERE ] updating countdown to 55325
[00:28:37.037] [SEVERE ] setting player 1 freeze to -2742
[00:28:37.037] [SEVERE ] setting player 2 freeze to -5974
[00:28:37.151] [SEVERE ] updating countdown to 55211
[00:28:37.152] [SEVERE ] setting player 1 freeze to -2857
[00:28:37.152] [SEVERE ] setting player 2 freeze to -6089
[00:28:37.259] [SEVERE ] updating countdown to 55103
[00:28:37.259] [SEVERE ] setting player 1 freeze to -2964
[00:28:37.259] [SEVERE ] setting player 2 freeze to -6196
[00:28:37.369] [SEVERE ] updating countdown to 54993
[00:28:37.369] [SEVERE ] setting player 1 freeze to -3074
[00:28:37.369] [SEVERE ] setting player 2 freeze to -6306
[00:28:37.475] [SEVERE ] updating countdown to 54887
[00:28:37.475] [SEVERE ] setting player 1 freeze to -3180
[00:28:37.476] [SEVERE ] setting player 2 freeze to -6413
[00:28:37.583] [SEVERE ] updating countdown to 54779
[00:28:37.583] [SEVERE ] setting player 1 freeze to -3288
[00:28:37.583] [SEVERE ] setting player 2 freeze to -6520
[00:28:37.691] [SEVERE ] updating countdown to 54671
[00:28:37.691] [SEVERE ] setting player 1 freeze to -3396
[00:28:37.691] [SEVERE ] setting player 2 freeze to -6628
[00:28:37.803] [SEVERE ] updating countdown to 54559
[00:28:37.804] [SEVERE ] setting player 1 freeze to -3509
[00:28:37.804] [SEVERE ] setting player 2 freeze to -6741
[00:28:37.918] [SEVERE ] updating countdown to 54444
[00:28:37.918] [SEVERE ] setting player 1 freeze to -3623
[00:28:37.918] [SEVERE ] setting player 2 freeze to -6855
[00:28:38.036] [SEVERE ] updating countdown to 54326
[00:28:38.036] [SEVERE ] setting player 1 freeze to -3741
[00:28:38.036] [SEVERE ] setting player 2 freeze to -6973
[00:28:38.140] [SEVERE ] updating countdown to 54222
[00:28:38.140] [SEVERE ] setting player 1 freeze to -3845
[00:28:38.140] [SEVERE ] setting player 2 freeze to -7077
[00:28:38.262] [SEVERE ] updating countdown to 54100
[00:28:38.262] [SEVERE ] setting player 1 freeze to -3967
[00:28:38.262] [SEVERE ] setting player 2 freeze to -7199
[00:28:38.364] [SEVERE ] updating countdown to 53998
[00:28:38.364] [SEVERE ] setting player 1 freeze to -4069
[00:28:38.364] [SEVERE ] setting player 2 freeze to -7301
[00:28:38.476] [SEVERE ] updating countdown to 53886
[00:28:38.476] [SEVERE ] setting player 1 freeze to -4181
[00:28:38.476] [SEVERE ] setting player 2 freeze to -7413
