[00:02:37.655] [INFO   ] thread main starting.
[00:02:37.664] [SEVERE ] cannot read configuration file config.properties trying from resources.
[00:02:37.666] [SEVERE ] configuration file was loaded from resources directory.
[00:02:38.056] [INFO   ] thread dealer starting.
[00:02:38.058] [INFO   ] thread dealer starting.
[00:02:38.059] [INFO   ] thread Player #0 starting.
[00:02:38.059] [INFO   ] thread Player #1 starting.
[00:02:38.176] [SEVERE ] placing card 78 in slot 0
[00:02:38.178] [SEVERE ] updating countdown to 60000
[00:02:38.179] [SEVERE ] setting player 1 freeze to -123
[00:02:38.180] [SEVERE ] setting player 2 freeze to -124
[00:02:38.285] [SEVERE ] placing card 24 in slot 1
[00:02:38.285] [SEVERE ] updating countdown to 60000
[00:02:38.285] [SEVERE ] setting player 1 freeze to -229
[00:02:38.285] [SEVERE ] setting player 2 freeze to -229
[00:02:38.392] [SEVERE ] placing card 62 in slot 2
[00:02:38.394] [SEVERE ] updating countdown to 60000
[00:02:38.394] [SEVERE ] setting player 1 freeze to -338
[00:02:38.394] [SEVERE ] setting player 2 freeze to -338
[00:02:38.501] [SEVERE ] placing card 47 in slot 3
[00:02:38.501] [SEVERE ] updating countdown to 60000
[00:02:38.502] [SEVERE ] setting player 1 freeze to -446
[00:02:38.502] [SEVERE ] setting player 2 freeze to -446
[00:02:38.609] [SEVERE ] placing card 20 in slot 4
[00:02:38.609] [SEVERE ] updating countdown to 60000
[00:02:38.610] [SEVERE ] setting player 1 freeze to -554
[00:02:38.610] [SEVERE ] setting player 2 freeze to -554
[00:02:38.717] [SEVERE ] placing card 0 in slot 5
[00:02:38.718] [SEVERE ] updating countdown to 60000
[00:02:38.718] [SEVERE ] setting player 1 freeze to -662
[00:02:38.719] [SEVERE ] setting player 2 freeze to -663
[00:02:38.825] [SEVERE ] placing card 31 in slot 6
[00:02:38.825] [SEVERE ] updating countdown to 60000
[00:02:38.826] [SEVERE ] setting player 1 freeze to -770
[00:02:38.826] [SEVERE ] setting player 2 freeze to -770
[00:02:38.934] [SEVERE ] placing card 73 in slot 7
[00:02:38.934] [SEVERE ] updating countdown to 60000
[00:02:38.935] [SEVERE ] setting player 1 freeze to -879
[00:02:38.935] [SEVERE ] setting player 2 freeze to -879
[00:02:39.042] [SEVERE ] placing card 10 in slot 8
[00:02:39.042] [SEVERE ] updating countdown to 60000
[00:02:39.043] [SEVERE ] setting player 1 freeze to -987
[00:02:39.043] [SEVERE ] setting player 2 freeze to -987
[00:02:39.151] [SEVERE ] placing card 25 in slot 9
[00:02:39.151] [SEVERE ] updating countdown to 60000
[00:02:39.152] [SEVERE ] setting player 1 freeze to -1096
[00:02:39.152] [SEVERE ] setting player 2 freeze to -1096
[00:02:39.260] [SEVERE ] placing card 56 in slot 10
[00:02:39.260] [SEVERE ] updating countdown to 60000
[00:02:39.260] [SEVERE ] setting player 1 freeze to -1204
[00:02:39.262] [SEVERE ] setting player 2 freeze to -1206
[00:02:39.368] [SEVERE ] placing card 41 in slot 11
[00:02:39.368] [SEVERE ] updating countdown to 60000
[00:02:39.368] [SEVERE ] setting player 1 freeze to -1312
[00:02:39.369] [SEVERE ] setting player 2 freeze to -1313
[00:02:40.374] [SEVERE ] updating countdown to 58994
[00:02:40.375] [SEVERE ] setting player 1 freeze to -2319
[00:02:40.375] [SEVERE ] setting player 2 freeze to -2319
[00:02:41.378] [SEVERE ] updating countdown to 57990
[00:02:41.378] [SEVERE ] setting player 1 freeze to -3322
[00:02:41.379] [SEVERE ] setting player 2 freeze to -3323
[00:02:42.387] [SEVERE ] updating countdown to 56981
[00:02:42.388] [SEVERE ] setting player 1 freeze to -4331
[00:02:42.388] [SEVERE ] setting player 2 freeze to -4332
[00:02:43.393] [SEVERE ] updating countdown to 55975
[00:02:43.394] [SEVERE ] setting player 1 freeze to -5337
[00:02:43.394] [SEVERE ] setting player 2 freeze to -5338
[00:02:44.409] [SEVERE ] updating countdown to 54959
[00:02:44.409] [SEVERE ] setting player 1 freeze to -6353
[00:02:44.409] [SEVERE ] setting player 2 freeze to -6353
[00:02:45.413] [SEVERE ] updating countdown to 53955
[00:02:45.413] [SEVERE ] setting player 1 freeze to -7357
[00:02:45.413] [SEVERE ] setting player 2 freeze to -7357
[00:02:46.428] [SEVERE ] updating countdown to 52940
[00:02:46.428] [SEVERE ] setting player 1 freeze to -8372
[00:02:46.429] [SEVERE ] setting player 2 freeze to -8373
[00:02:47.437] [SEVERE ] updating countdown to 51931
[00:02:47.437] [SEVERE ] setting player 1 freeze to -9381
[00:02:47.438] [SEVERE ] setting player 2 freeze to -9382
[00:02:48.444] [SEVERE ] updating countdown to 50924
[00:02:48.444] [SEVERE ] setting player 1 freeze to -10388
[00:02:48.444] [SEVERE ] setting player 2 freeze to -10388
[00:02:49.449] [SEVERE ] updating countdown to 49919
[00:02:49.449] [SEVERE ] setting player 1 freeze to -11393
[00:02:49.450] [SEVERE ] setting player 2 freeze to -11394
[00:02:50.462] [SEVERE ] updating countdown to 48906
[00:02:50.462] [SEVERE ] setting player 1 freeze to -12406
[00:02:50.462] [SEVERE ] setting player 2 freeze to -12406
[00:02:51.465] [SEVERE ] updating countdown to 47903
[00:02:51.465] [SEVERE ] setting player 1 freeze to -13409
[00:02:51.465] [SEVERE ] setting player 2 freeze to -13409
[00:02:51.897] [SEVERE ] key 87 was pressed by player 1
[00:02:51.897] [SEVERE ] player 1 placing token on slot 1
[00:02:52.468] [SEVERE ] updating countdown to 46900
[00:02:52.469] [SEVERE ] setting player 1 freeze to -14413
[00:02:52.469] [SEVERE ] setting player 2 freeze to -14413
[00:02:53.470] [SEVERE ] updating countdown to 45898
[00:02:53.470] [SEVERE ] setting player 1 freeze to -15414
[00:02:53.470] [SEVERE ] setting player 2 freeze to -15414
[00:02:54.473] [SEVERE ] updating countdown to 44895
[00:02:54.473] [SEVERE ] setting player 1 freeze to -16417
[00:02:54.473] [SEVERE ] setting player 2 freeze to -16417
[00:02:54.736] [SEVERE ] key 83 was pressed by player 1
[00:02:54.736] [SEVERE ] player 1 placing token on slot 5
[00:02:55.476] [SEVERE ] updating countdown to 43892
[00:02:55.476] [SEVERE ] setting player 1 freeze to -17420
[00:02:55.476] [SEVERE ] setting player 2 freeze to -17420
[00:02:55.910] [SEVERE ] key 88 was pressed by player 1
[00:02:55.910] [SEVERE ] player 1 placing token on slot 9
[00:02:56.479] [SEVERE ] updating countdown to 42889
[00:02:56.480] [SEVERE ] setting player 1 freeze to -18424
[00:02:56.480] [SEVERE ] setting player 2 freeze to -18424
[00:02:57.482] [SEVERE ] updating countdown to 41886
[00:02:57.482] [SEVERE ] setting player 1 freeze to -19426
[00:02:57.482] [SEVERE ] setting player 2 freeze to -19426
[00:02:58.486] [SEVERE ] updating countdown to 40882
[00:02:58.486] [SEVERE ] setting player 1 freeze to -20430
[00:02:58.486] [SEVERE ] setting player 2 freeze to -20430
[00:02:59.489] [SEVERE ] updating countdown to 39879
[00:02:59.489] [SEVERE ] setting player 1 freeze to -21433
[00:02:59.489] [SEVERE ] setting player 2 freeze to -21433
[00:03:00.492] [SEVERE ] updating countdown to 38876
[00:03:00.492] [SEVERE ] setting player 1 freeze to -22436
[00:03:00.492] [SEVERE ] setting player 2 freeze to -22436
[00:03:01.494] [SEVERE ] updating countdown to 37874
[00:03:01.494] [SEVERE ] setting player 1 freeze to -23438
[00:03:01.494] [SEVERE ] setting player 2 freeze to -23438
[00:03:02.498] [SEVERE ] updating countdown to 36870
[00:03:02.498] [SEVERE ] setting player 1 freeze to -24442
[00:03:02.498] [SEVERE ] setting player 2 freeze to -24442
[00:03:03.500] [SEVERE ] updating countdown to 35868
[00:03:03.500] [SEVERE ] setting player 1 freeze to -25444
[00:03:03.500] [SEVERE ] setting player 2 freeze to -25444
[00:03:04.503] [SEVERE ] updating countdown to 34865
[00:03:04.503] [SEVERE ] setting player 1 freeze to -26447
[00:03:04.503] [SEVERE ] setting player 2 freeze to -26447
[00:03:05.508] [SEVERE ] updating countdown to 33860
[00:03:05.508] [SEVERE ] setting player 1 freeze to -27452
[00:03:05.508] [SEVERE ] setting player 2 freeze to -27452
