[00:16:13.162] [INFO   ] thread main starting.
[00:16:13.168] [SEVERE ] cannot read configuration file config.properties trying from resources.
[00:16:13.170] [SEVERE ] configuration file was loaded from resources directory.
[00:16:13.571] [INFO   ] thread dealer starting.
[00:16:13.572] [INFO   ] thread dealer starting.
[00:16:13.572] [INFO   ] thread Player #0 starting.
[00:16:13.572] [INFO   ] thread Player #1 starting.
[00:16:13.687] [SEVERE ] placing card 51 in slot 0
[00:16:13.688] [SEVERE ] updating countdown to 60000
[00:16:13.690] [SEVERE ] setting player 1 freeze to -119
[00:16:13.692] [SEVERE ] setting player 2 freeze to -121
[00:16:13.794] [SEVERE ] placing card 68 in slot 1
[00:16:13.794] [SEVERE ] updating countdown to 60000
[00:16:13.794] [SEVERE ] setting player 1 freeze to -223
[00:16:13.794] [SEVERE ] setting player 2 freeze to -223
[00:16:13.903] [SEVERE ] placing card 13 in slot 2
[00:16:13.903] [SEVERE ] updating countdown to 60000
[00:16:13.903] [SEVERE ] setting player 1 freeze to -332
[00:16:13.903] [SEVERE ] setting player 2 freeze to -332
[00:16:14.017] [SEVERE ] placing card 6 in slot 3
[00:16:14.017] [SEVERE ] updating countdown to 60000
[00:16:14.017] [SEVERE ] setting player 1 freeze to -446
[00:16:14.018] [SEVERE ] setting player 2 freeze to -447
[00:16:14.129] [SEVERE ] placing card 54 in slot 4
[00:16:14.129] [SEVERE ] updating countdown to 60000
[00:16:14.129] [SEVERE ] setting player 1 freeze to -558
[00:16:14.129] [SEVERE ] setting player 2 freeze to -558
[00:16:14.232] [SEVERE ] placing card 34 in slot 5
[00:16:14.232] [SEVERE ] updating countdown to 60000
[00:16:14.232] [SEVERE ] setting player 1 freeze to -661
[00:16:14.232] [SEVERE ] setting player 2 freeze to -661
[00:16:14.346] [SEVERE ] placing card 80 in slot 6
[00:16:14.346] [SEVERE ] updating countdown to 60000
[00:16:14.346] [SEVERE ] setting player 1 freeze to -775
[00:16:14.346] [SEVERE ] setting player 2 freeze to -775
[00:16:14.450] [SEVERE ] placing card 47 in slot 7
[00:16:14.450] [SEVERE ] updating countdown to 60000
[00:16:14.450] [SEVERE ] setting player 1 freeze to -879
[00:16:14.450] [SEVERE ] setting player 2 freeze to -879
[00:16:14.561] [SEVERE ] placing card 28 in slot 8
[00:16:14.561] [SEVERE ] updating countdown to 60000
[00:16:14.561] [SEVERE ] setting player 1 freeze to -990
[00:16:14.561] [SEVERE ] setting player 2 freeze to -990
[00:16:14.663] [SEVERE ] placing card 69 in slot 9
[00:16:14.663] [SEVERE ] updating countdown to 60000
[00:16:14.663] [SEVERE ] setting player 1 freeze to -1092
[00:16:14.663] [SEVERE ] setting player 2 freeze to -1092
[00:16:14.784] [SEVERE ] placing card 62 in slot 10
[00:16:14.784] [SEVERE ] updating countdown to 60000
[00:16:14.784] [SEVERE ] setting player 1 freeze to -1213
[00:16:14.784] [SEVERE ] setting player 2 freeze to -1213
[00:16:14.886] [SEVERE ] placing card 35 in slot 11
[00:16:14.886] [SEVERE ] updating countdown to 60000
[00:16:14.886] [SEVERE ] setting player 1 freeze to -1315
[00:16:14.886] [SEVERE ] setting player 2 freeze to -1315
[00:16:14.999] [SEVERE ] updating countdown to 59887
[00:16:14.999] [SEVERE ] setting player 1 freeze to -1428
[00:16:14.999] [SEVERE ] setting player 2 freeze to -1428
[00:16:15.101] [SEVERE ] updating countdown to 59785
[00:16:15.101] [SEVERE ] setting player 1 freeze to -1530
[00:16:15.101] [SEVERE ] setting player 2 freeze to -1530
[00:16:15.216] [SEVERE ] updating countdown to 59670
[00:16:15.216] [SEVERE ] setting player 1 freeze to -1645
[00:16:15.216] [SEVERE ] setting player 2 freeze to -1645
[00:16:15.317] [SEVERE ] updating countdown to 59569
[00:16:15.317] [SEVERE ] setting player 1 freeze to -1746
[00:16:15.317] [SEVERE ] setting player 2 freeze to -1746
[00:16:15.433] [SEVERE ] updating countdown to 59453
[00:16:15.433] [SEVERE ] setting player 1 freeze to -1862
[00:16:15.433] [SEVERE ] setting player 2 freeze to -1862
[00:16:15.548] [SEVERE ] updating countdown to 59338
[00:16:15.548] [SEVERE ] setting player 1 freeze to -1977
[00:16:15.548] [SEVERE ] setting player 2 freeze to -1977
[00:16:15.651] [SEVERE ] updating countdown to 59235
[00:16:15.651] [SEVERE ] setting player 1 freeze to -2080
[00:16:15.651] [SEVERE ] setting player 2 freeze to -2080
[00:16:15.764] [SEVERE ] updating countdown to 59122
[00:16:15.764] [SEVERE ] setting player 1 freeze to -2193
[00:16:15.764] [SEVERE ] setting player 2 freeze to -2193
[00:16:15.866] [SEVERE ] updating countdown to 59020
[00:16:15.866] [SEVERE ] setting player 1 freeze to -2295
[00:16:15.866] [SEVERE ] setting player 2 freeze to -2295
[00:16:15.967] [SEVERE ] updating countdown to 58919
[00:16:15.967] [SEVERE ] setting player 1 freeze to -2396
[00:16:15.967] [SEVERE ] setting player 2 freeze to -2396
[00:16:16.088] [SEVERE ] updating countdown to 58798
[00:16:16.088] [SEVERE ] setting player 1 freeze to -2517
[00:16:16.088] [SEVERE ] setting player 2 freeze to -2517
[00:16:16.189] [SEVERE ] updating countdown to 58697
[00:16:16.189] [SEVERE ] setting player 1 freeze to -2618
[00:16:16.189] [SEVERE ] setting player 2 freeze to -2618
[00:16:16.308] [SEVERE ] updating countdown to 58578
[00:16:16.308] [SEVERE ] setting player 1 freeze to -2737
[00:16:16.308] [SEVERE ] setting player 2 freeze to -2737
[00:16:16.422] [SEVERE ] updating countdown to 58464
[00:16:16.422] [SEVERE ] setting player 1 freeze to -2851
[00:16:16.422] [SEVERE ] setting player 2 freeze to -2851
[00:16:16.536] [SEVERE ] updating countdown to 58350
[00:16:16.536] [SEVERE ] setting player 1 freeze to -2965
[00:16:16.536] [SEVERE ] setting player 2 freeze to -2965
[00:16:16.638] [SEVERE ] updating countdown to 58248
[00:16:16.638] [SEVERE ] setting player 1 freeze to -3067
[00:16:16.638] [SEVERE ] setting player 2 freeze to -3067
[00:16:16.745] [SEVERE ] updating countdown to 58141
[00:16:16.745] [SEVERE ] setting player 1 freeze to -3174
[00:16:16.745] [SEVERE ] setting player 2 freeze to -3174
[00:16:16.849] [SEVERE ] updating countdown to 58037
[00:16:16.849] [SEVERE ] setting player 1 freeze to -3278
[00:16:16.849] [SEVERE ] setting player 2 freeze to -3278
[00:16:16.952] [SEVERE ] updating countdown to 57934
[00:16:16.952] [SEVERE ] setting player 1 freeze to -3381
[00:16:16.952] [SEVERE ] setting player 2 freeze to -3381
[00:16:17.054] [SEVERE ] updating countdown to 57832
[00:16:17.054] [SEVERE ] setting player 1 freeze to -3483
[00:16:17.054] [SEVERE ] setting player 2 freeze to -3483
[00:16:17.170] [SEVERE ] updating countdown to 57716
[00:16:17.170] [SEVERE ] setting player 1 freeze to -3599
[00:16:17.170] [SEVERE ] setting player 2 freeze to -3599
[00:16:17.291] [SEVERE ] updating countdown to 57595
[00:16:17.292] [SEVERE ] setting player 1 freeze to -3721
[00:16:17.292] [SEVERE ] setting player 2 freeze to -3721
[00:16:17.407] [SEVERE ] updating countdown to 57479
[00:16:17.407] [SEVERE ] setting player 1 freeze to -3836
[00:16:17.407] [SEVERE ] setting player 2 freeze to -3836
[00:16:17.508] [SEVERE ] updating countdown to 57378
[00:16:17.508] [SEVERE ] setting player 1 freeze to -3937
[00:16:17.508] [SEVERE ] setting player 2 freeze to -3937
[00:16:17.610] [SEVERE ] updating countdown to 57276
[00:16:17.610] [SEVERE ] setting player 1 freeze to -4039
[00:16:17.610] [SEVERE ] setting player 2 freeze to -4039
[00:16:17.724] [SEVERE ] updating countdown to 57162
[00:16:17.724] [SEVERE ] setting player 1 freeze to -4153
[00:16:17.724] [SEVERE ] setting player 2 freeze to -4153
[00:16:17.825] [SEVERE ] updating countdown to 57061
[00:16:17.825] [SEVERE ] setting player 1 freeze to -4254
[00:16:17.825] [SEVERE ] setting player 2 freeze to -4254
[00:16:17.940] [SEVERE ] updating countdown to 56946
[00:16:17.940] [SEVERE ] setting player 1 freeze to -4369
[00:16:17.940] [SEVERE ] setting player 2 freeze to -4369
[00:16:17.956] [SEVERE ] key 81 was pressed by player 1
[00:16:17.956] [SEVERE ] player 1 placing token on slot 0
[00:16:18.048] [SEVERE ] updating countdown to 56838
[00:16:18.048] [SEVERE ] setting player 1 freeze to -4477
[00:16:18.048] [SEVERE ] setting player 2 freeze to -4477
[00:16:18.156] [SEVERE ] updating countdown to 56730
[00:16:18.156] [SEVERE ] setting player 1 freeze to -4585
[00:16:18.156] [SEVERE ] setting player 2 freeze to -4585
[00:16:18.257] [SEVERE ] updating countdown to 56629
[00:16:18.257] [SEVERE ] setting player 1 freeze to -4686
[00:16:18.257] [SEVERE ] setting player 2 freeze to -4686
[00:16:18.372] [SEVERE ] updating countdown to 56514
[00:16:18.372] [SEVERE ] setting player 1 freeze to -4801
[00:16:18.372] [SEVERE ] setting player 2 freeze to -4801
[00:16:18.474] [SEVERE ] updating countdown to 56412
[00:16:18.474] [SEVERE ] setting player 1 freeze to -4903
[00:16:18.474] [SEVERE ] setting player 2 freeze to -4903
[00:16:18.520] [SEVERE ] key 87 was pressed by player 1
[00:16:18.520] [SEVERE ] player 1 placing token on slot 1
[00:16:18.586] [SEVERE ] updating countdown to 56300
[00:16:18.586] [SEVERE ] setting player 1 freeze to -5015
[00:16:18.587] [SEVERE ] setting player 2 freeze to -5016
[00:16:18.694] [SEVERE ] updating countdown to 56192
[00:16:18.694] [SEVERE ] setting player 1 freeze to -5123
[00:16:18.694] [SEVERE ] setting player 2 freeze to -5123
[00:16:18.796] [SEVERE ] updating countdown to 56090
[00:16:18.796] [SEVERE ] setting player 1 freeze to -5225
[00:16:18.796] [SEVERE ] setting player 2 freeze to -5225
[00:16:18.911] [SEVERE ] updating countdown to 55975
[00:16:18.911] [SEVERE ] setting player 1 freeze to -5340
[00:16:18.911] [SEVERE ] setting player 2 freeze to -5340
[00:16:19.020] [SEVERE ] updating countdown to 55866
[00:16:19.020] [SEVERE ] setting player 1 freeze to -5449
[00:16:19.020] [SEVERE ] setting player 2 freeze to -5449
[00:16:19.111] [SEVERE ] key 69 was pressed by player 1
[00:16:19.111] [SEVERE ] player 1 placing token on slot 2
[00:16:19.111] [SEVERE ] updating countdown to 55775
[00:16:19.118] [SEVERE ] setting player 1 freeze to -5547
[00:16:19.118] [SEVERE ] setting player 2 freeze to -5547
[00:16:19.235] [SEVERE ] updating countdown to 55651
[00:16:19.235] [SEVERE ] setting player 1 freeze to 883
[00:16:19.236] [SEVERE ] setting player 2 freeze to -5665
[00:16:19.343] [SEVERE ] updating countdown to 55543
[00:16:19.343] [SEVERE ] setting player 1 freeze to 775
[00:16:19.343] [SEVERE ] setting player 2 freeze to -5772
[00:16:19.445] [SEVERE ] updating countdown to 55441
[00:16:19.445] [SEVERE ] setting player 1 freeze to 673
[00:16:19.445] [SEVERE ] setting player 2 freeze to -5874
[00:16:19.560] [SEVERE ] updating countdown to 55326
[00:16:19.560] [SEVERE ] setting player 1 freeze to 558
[00:16:19.560] [SEVERE ] setting player 2 freeze to -5989
[00:16:19.662] [SEVERE ] updating countdown to 55224
[00:16:19.662] [SEVERE ] setting player 1 freeze to 456
[00:16:19.662] [SEVERE ] setting player 2 freeze to -6091
[00:16:19.776] [SEVERE ] updating countdown to 55110
[00:16:19.776] [SEVERE ] setting player 1 freeze to 342
[00:16:19.776] [SEVERE ] setting player 2 freeze to -6205
[00:16:19.878] [SEVERE ] updating countdown to 55008
[00:16:19.878] [SEVERE ] setting player 1 freeze to 240
[00:16:19.878] [SEVERE ] setting player 2 freeze to -6307
[00:16:19.998] [SEVERE ] updating countdown to 54888
[00:16:19.998] [SEVERE ] setting player 1 freeze to 120
[00:16:19.998] [SEVERE ] setting player 2 freeze to -6427
[00:16:20.100] [SEVERE ] updating countdown to 54786
[00:16:20.100] [SEVERE ] setting player 1 freeze to 18
[00:16:20.100] [SEVERE ] setting player 2 freeze to -6529
[00:16:20.214] [SEVERE ] updating countdown to 54672
[00:16:20.214] [SEVERE ] setting player 1 freeze to -96
[00:16:20.214] [SEVERE ] setting player 2 freeze to -6643
[00:16:20.316] [SEVERE ] updating countdown to 54570
[00:16:20.316] [SEVERE ] setting player 1 freeze to -198
[00:16:20.316] [SEVERE ] setting player 2 freeze to -6745
[00:16:20.430] [SEVERE ] updating countdown to 54456
[00:16:20.430] [SEVERE ] setting player 1 freeze to -312
[00:16:20.430] [SEVERE ] setting player 2 freeze to -6859
[00:16:20.532] [SEVERE ] updating countdown to 54354
[00:16:20.532] [SEVERE ] setting player 1 freeze to -414
[00:16:20.532] [SEVERE ] setting player 2 freeze to -6961
[00:16:20.647] [SEVERE ] updating countdown to 54239
[00:16:20.647] [SEVERE ] setting player 1 freeze to -529
[00:16:20.647] [SEVERE ] setting player 2 freeze to -7076
[00:16:20.763] [SEVERE ] updating countdown to 54123
[00:16:20.763] [SEVERE ] setting player 1 freeze to -645
[00:16:20.763] [SEVERE ] setting player 2 freeze to -7192
[00:16:20.864] [SEVERE ] updating countdown to 54022
[00:16:20.864] [SEVERE ] setting player 1 freeze to -746
[00:16:20.864] [SEVERE ] setting player 2 freeze to -7293
[00:16:20.978] [SEVERE ] updating countdown to 53908
[00:16:20.979] [SEVERE ] setting player 1 freeze to -861
[00:16:20.979] [SEVERE ] setting player 2 freeze to -7408
[00:16:21.101] [SEVERE ] updating countdown to 53785
[00:16:21.101] [SEVERE ] setting player 1 freeze to -983
[00:16:21.101] [SEVERE ] setting player 2 freeze to -7530
[00:16:21.203] [SEVERE ] updating countdown to 53683
[00:16:21.203] [SEVERE ] setting player 1 freeze to -1085
[00:16:21.203] [SEVERE ] setting player 2 freeze to -7632
[00:16:21.304] [SEVERE ] updating countdown to 53582
[00:16:21.305] [SEVERE ] setting player 1 freeze to -1187
[00:16:21.305] [SEVERE ] setting player 2 freeze to -7734
[00:16:21.411] [SEVERE ] updating countdown to 53475
[00:16:21.411] [SEVERE ] setting player 1 freeze to -1293
[00:16:21.411] [SEVERE ] setting player 2 freeze to -7840
[00:16:21.517] [SEVERE ] updating countdown to 53369
[00:16:21.517] [SEVERE ] setting player 1 freeze to -1399
[00:16:21.517] [SEVERE ] setting player 2 freeze to -7946
[00:16:21.620] [SEVERE ] updating countdown to 53266
[00:16:21.620] [SEVERE ] setting player 1 freeze to -1502
[00:16:21.620] [SEVERE ] setting player 2 freeze to -8049
[00:16:21.733] [SEVERE ] updating countdown to 53153
[00:16:21.734] [SEVERE ] setting player 1 freeze to -1616
[00:16:21.734] [SEVERE ] setting player 2 freeze to -8163
[00:16:21.849] [SEVERE ] updating countdown to 53037
[00:16:21.849] [SEVERE ] setting player 1 freeze to -1731
[00:16:21.849] [SEVERE ] setting player 2 freeze to -8278
[00:16:21.965] [SEVERE ] updating countdown to 52921
[00:16:21.965] [SEVERE ] setting player 1 freeze to -1847
[00:16:21.965] [SEVERE ] setting player 2 freeze to -8394
[00:16:22.076] [SEVERE ] updating countdown to 52810
[00:16:22.076] [SEVERE ] setting player 1 freeze to -1958
[00:16:22.076] [SEVERE ] setting player 2 freeze to -8505
[00:16:22.181] [SEVERE ] updating countdown to 52705
[00:16:22.181] [SEVERE ] setting player 1 freeze to -2063
[00:16:22.181] [SEVERE ] setting player 2 freeze to -8610
[00:16:22.296] [SEVERE ] updating countdown to 52590
[00:16:22.296] [SEVERE ] setting player 1 freeze to -2178
[00:16:22.296] [SEVERE ] setting player 2 freeze to -8725
[00:16:22.404] [SEVERE ] updating countdown to 52482
[00:16:22.404] [SEVERE ] setting player 1 freeze to -2286
[00:16:22.404] [SEVERE ] setting player 2 freeze to -8833
[00:16:22.519] [SEVERE ] updating countdown to 52367
[00:16:22.519] [SEVERE ] setting player 1 freeze to -2401
[00:16:22.519] [SEVERE ] setting player 2 freeze to -8948
[00:16:22.621] [SEVERE ] updating countdown to 52265
[00:16:22.621] [SEVERE ] setting player 1 freeze to -2503
[00:16:22.621] [SEVERE ] setting player 2 freeze to -9050
[00:16:22.729] [SEVERE ] updating countdown to 52157
[00:16:22.729] [SEVERE ] setting player 1 freeze to -2611
[00:16:22.729] [SEVERE ] setting player 2 freeze to -9158
[00:16:22.837] [SEVERE ] updating countdown to 52049
[00:16:22.837] [SEVERE ] setting player 1 freeze to -2719
[00:16:22.837] [SEVERE ] setting player 2 freeze to -9266
[00:16:22.940] [SEVERE ] updating countdown to 51946
[00:16:22.940] [SEVERE ] setting player 1 freeze to -2822
[00:16:22.940] [SEVERE ] setting player 2 freeze to -9369
[00:16:23.040] [SEVERE ] updating countdown to 51846
[00:16:23.041] [SEVERE ] setting player 1 freeze to -2923
[00:16:23.042] [SEVERE ] setting player 2 freeze to -9471
[00:16:23.157] [SEVERE ] updating countdown to 51729
[00:16:23.157] [SEVERE ] setting player 1 freeze to -3039
[00:16:23.157] [SEVERE ] setting player 2 freeze to -9586
[00:16:23.269] [SEVERE ] updating countdown to 51617
[00:16:23.269] [SEVERE ] setting player 1 freeze to -3151
[00:16:23.269] [SEVERE ] setting player 2 freeze to -9698
[00:16:23.381] [SEVERE ] updating countdown to 51505
[00:16:23.381] [SEVERE ] setting player 1 freeze to -3263
[00:16:23.381] [SEVERE ] setting player 2 freeze to -9810
[00:16:23.485] [SEVERE ] updating countdown to 51401
[00:16:23.485] [SEVERE ] setting player 1 freeze to -3367
[00:16:23.485] [SEVERE ] setting player 2 freeze to -9914
[00:16:23.592] [SEVERE ] updating countdown to 51294
[00:16:23.592] [SEVERE ] setting player 1 freeze to -3474
[00:16:23.592] [SEVERE ] setting player 2 freeze to -10021
[00:16:23.704] [SEVERE ] updating countdown to 51182
[00:16:23.704] [SEVERE ] setting player 1 freeze to -3586
[00:16:23.704] [SEVERE ] setting player 2 freeze to -10133
[00:16:23.818] [SEVERE ] updating countdown to 51068
[00:16:23.818] [SEVERE ] setting player 1 freeze to -3700
[00:16:23.818] [SEVERE ] setting player 2 freeze to -10247
[00:16:23.931] [SEVERE ] updating countdown to 50955
[00:16:23.931] [SEVERE ] setting player 1 freeze to -3813
[00:16:23.931] [SEVERE ] setting player 2 freeze to -10360
[00:16:24.032] [SEVERE ] updating countdown to 50854
[00:16:24.032] [SEVERE ] setting player 1 freeze to -3914
[00:16:24.032] [SEVERE ] setting player 2 freeze to -10461
[00:16:24.137] [SEVERE ] updating countdown to 50749
[00:16:24.137] [SEVERE ] setting player 1 freeze to -4019
[00:16:24.137] [SEVERE ] setting player 2 freeze to -10566
[00:16:24.253] [SEVERE ] updating countdown to 50633
[00:16:24.253] [SEVERE ] setting player 1 freeze to -4135
[00:16:24.253] [SEVERE ] setting player 2 freeze to -10682
[00:16:24.362] [SEVERE ] updating countdown to 50524
[00:16:24.362] [SEVERE ] setting player 1 freeze to -4244
[00:16:24.362] [SEVERE ] setting player 2 freeze to -10791
[00:16:24.463] [SEVERE ] updating countdown to 50423
[00:16:24.463] [SEVERE ] setting player 1 freeze to -4345
[00:16:24.463] [SEVERE ] setting player 2 freeze to -10892
[00:16:24.571] [SEVERE ] updating countdown to 50315
[00:16:24.571] [SEVERE ] setting player 1 freeze to -4453
[00:16:24.571] [SEVERE ] setting player 2 freeze to -11000
[00:16:24.672] [SEVERE ] updating countdown to 50214
[00:16:24.672] [SEVERE ] setting player 1 freeze to -4554
[00:16:24.672] [SEVERE ] setting player 2 freeze to -11101
[00:16:24.774] [SEVERE ] updating countdown to 50112
[00:16:24.774] [SEVERE ] setting player 1 freeze to -4656
[00:16:24.774] [SEVERE ] setting player 2 freeze to -11203
[00:16:24.884] [SEVERE ] updating countdown to 50002
[00:16:24.884] [SEVERE ] setting player 1 freeze to -4766
[00:16:24.884] [SEVERE ] setting player 2 freeze to -11313
[00:16:24.991] [SEVERE ] updating countdown to 49895
[00:16:24.991] [SEVERE ] setting player 1 freeze to -4873
[00:16:24.991] [SEVERE ] setting player 2 freeze to -11420
[00:16:25.099] [SEVERE ] updating countdown to 49787
[00:16:25.099] [SEVERE ] setting player 1 freeze to -4981
[00:16:25.099] [SEVERE ] setting player 2 freeze to -11528
[00:16:25.207] [SEVERE ] updating countdown to 49679
[00:16:25.207] [SEVERE ] setting player 1 freeze to -5089
[00:16:25.207] [SEVERE ] setting player 2 freeze to -11636
[00:16:25.315] [SEVERE ] updating countdown to 49571
[00:16:25.315] [SEVERE ] setting player 1 freeze to -5197
[00:16:25.315] [SEVERE ] setting player 2 freeze to -11744
[00:16:25.423] [SEVERE ] updating countdown to 49463
[00:16:25.424] [SEVERE ] setting player 1 freeze to -5306
[00:16:25.424] [SEVERE ] setting player 2 freeze to -11853
[00:16:25.533] [SEVERE ] updating countdown to 49353
[00:16:25.533] [SEVERE ] setting player 1 freeze to -5415
[00:16:25.533] [SEVERE ] setting player 2 freeze to -11962
[00:16:25.641] [SEVERE ] updating countdown to 49245
[00:16:25.641] [SEVERE ] setting player 1 freeze to -5523
[00:16:25.641] [SEVERE ] setting player 2 freeze to -12070
[00:16:25.742] [SEVERE ] updating countdown to 49144
[00:16:25.742] [SEVERE ] setting player 1 freeze to -5624
[00:16:25.742] [SEVERE ] setting player 2 freeze to -12171
[00:16:25.849] [SEVERE ] updating countdown to 49037
[00:16:25.850] [SEVERE ] setting player 1 freeze to -5732
[00:16:25.850] [SEVERE ] setting player 2 freeze to -12279
[00:16:25.958] [SEVERE ] updating countdown to 48928
[00:16:25.958] [SEVERE ] setting player 1 freeze to -5840
[00:16:25.958] [SEVERE ] setting player 2 freeze to -12387
