[23:57:21.698] [INFO   ] thread main starting.
[23:57:21.703] [SEVERE ] cannot read configuration file config.properties trying from resources.
[23:57:21.705] [SEVERE ] configuration file was loaded from resources directory.
[23:57:22.127] [INFO   ] thread dealer starting.
[23:57:22.127] [INFO   ] thread dealer starting.
[23:57:22.240] [SEVERE ] placing card 0 in slot 0
[23:57:22.241] [SEVERE ] updating countdown to 60000
[23:57:22.241] [SEVERE ] setting player 1 freeze to 1671573442127
[23:57:22.242] [SEVERE ] setting player 2 freeze to 1671573442127
[23:57:22.348] [SEVERE ] placing card 1 in slot 1
[23:57:22.350] [SEVERE ] updating countdown to 60000
[23:57:22.350] [SEVERE ] setting player 1 freeze to 1671573442127
[23:57:22.350] [SEVERE ] setting player 2 freeze to 1671573442127
[23:57:22.458] [SEVERE ] placing card 2 in slot 2
[23:57:22.458] [SEVERE ] updating countdown to 60000
[23:57:22.458] [SEVERE ] setting player 1 freeze to 1671573442127
[23:57:22.458] [SEVERE ] setting player 2 freeze to 1671573442127
[23:57:22.566] [SEVERE ] placing card 3 in slot 3
[23:57:22.566] [SEVERE ] updating countdown to 60000
[23:57:22.567] [SEVERE ] setting player 1 freeze to 1671573442127
[23:57:22.567] [SEVERE ] setting player 2 freeze to 1671573442127
[23:57:22.674] [SEVERE ] placing card 4 in slot 4
[23:57:22.674] [SEVERE ] updating countdown to 60000
[23:57:22.675] [SEVERE ] setting player 1 freeze to 1671573442127
[23:57:22.675] [SEVERE ] setting player 2 freeze to 1671573442127
[23:57:22.783] [SEVERE ] placing card 5 in slot 5
[23:57:22.783] [SEVERE ] updating countdown to 60000
[23:57:22.784] [SEVERE ] setting player 1 freeze to 1671573442127
[23:57:22.784] [SEVERE ] setting player 2 freeze to 1671573442127
[23:57:22.891] [SEVERE ] placing card 6 in slot 6
[23:57:22.891] [SEVERE ] updating countdown to 60000
[23:57:22.892] [SEVERE ] setting player 1 freeze to 1671573442127
[23:57:22.892] [SEVERE ] setting player 2 freeze to 1671573442127
[23:57:22.999] [SEVERE ] placing card 7 in slot 7
[23:57:22.999] [SEVERE ] updating countdown to 60000
[23:57:23.000] [SEVERE ] setting player 1 freeze to 1671573442127
[23:57:23.000] [SEVERE ] setting player 2 freeze to 1671573442127
[23:57:23.106] [SEVERE ] placing card 8 in slot 8
[23:57:23.106] [SEVERE ] updating countdown to 60000
[23:57:23.107] [SEVERE ] setting player 1 freeze to 1671573442127
[23:57:23.107] [SEVERE ] setting player 2 freeze to 1671573442127
[23:57:23.214] [SEVERE ] placing card 9 in slot 9
[23:57:23.214] [SEVERE ] updating countdown to 60000
[23:57:23.214] [SEVERE ] setting player 1 freeze to 1671573442127
[23:57:23.215] [SEVERE ] setting player 2 freeze to 1671573442127
[23:57:23.321] [SEVERE ] placing card 10 in slot 10
[23:57:23.321] [SEVERE ] updating countdown to 60000
[23:57:23.321] [SEVERE ] setting player 1 freeze to 1671573442127
[23:57:23.322] [SEVERE ] setting player 2 freeze to 1671573442127
[23:57:23.429] [SEVERE ] placing card 11 in slot 11
[23:57:23.429] [SEVERE ] updating countdown to 60000
[23:57:23.429] [SEVERE ] setting player 1 freeze to 1671573442127
[23:57:23.430] [SEVERE ] setting player 2 freeze to 1671573442127
[23:57:24.434] [SEVERE ] updating countdown to 58995
[23:57:24.435] [SEVERE ] setting player 1 freeze to 1671573442127
[23:57:24.435] [SEVERE ] setting player 2 freeze to 1671573442127
[23:57:25.439] [SEVERE ] updating countdown to 57990
[23:57:25.439] [SEVERE ] setting player 1 freeze to 1671573442127
[23:57:25.440] [SEVERE ] setting player 2 freeze to 1671573442127
[23:57:26.443] [SEVERE ] updating countdown to 56986
[23:57:26.443] [SEVERE ] setting player 1 freeze to 1671573442127
[23:57:26.444] [SEVERE ] setting player 2 freeze to 1671573442127
[23:57:27.451] [SEVERE ] updating countdown to 55978
[23:57:27.451] [SEVERE ] setting player 1 freeze to 1671573442127
[23:57:27.452] [SEVERE ] setting player 2 freeze to 1671573442127
[23:57:28.459] [SEVERE ] updating countdown to 54970
[23:57:28.459] [SEVERE ] setting player 1 freeze to 1671573442127
[23:57:28.461] [SEVERE ] setting player 2 freeze to 1671573442127
[23:57:29.464] [SEVERE ] updating countdown to 53965
[23:57:29.464] [SEVERE ] setting player 1 freeze to 1671573442127
[23:57:29.464] [SEVERE ] setting player 2 freeze to 1671573442127
[23:57:30.116] [SEVERE ] exit button pressed
[23:57:30.469] [SEVERE ] updating countdown to 52960
[23:57:30.469] [SEVERE ] setting player 1 freeze to 1671573442127
[23:57:30.469] [SEVERE ] setting player 2 freeze to 1671573442127
