[00:50:57.093] [INFO   ] thread main starting.
[00:50:57.102] [SEVERE ] cannot read configuration file config.properties trying from resources.
[00:50:57.102] [SEVERE ] configuration file was loaded from resources directory.
[00:50:57.591] [INFO   ] thread dealer starting.
[00:50:57.591] [INFO   ] thread dealer starting.
[00:50:57.595] [INFO   ] thread Player #1 starting.
[00:50:57.595] [INFO   ] thread Player #0 starting.
[00:50:57.708] [SEVERE ] placing card 29 in slot 0
[00:50:57.709] [SEVERE ] updating countdown to 60000
[00:50:57.710] [SEVERE ] setting player 1 freeze to -119
[00:50:57.711] [SEVERE ] setting player 2 freeze to -120
[00:50:57.816] [SEVERE ] placing card 68 in slot 1
[00:50:57.817] [SEVERE ] updating countdown to 60000
[00:50:57.817] [SEVERE ] setting player 1 freeze to -226
[00:50:57.817] [SEVERE ] setting player 2 freeze to -226
[00:50:57.923] [SEVERE ] placing card 80 in slot 2
[00:50:57.923] [SEVERE ] updating countdown to 60000
[00:50:57.923] [SEVERE ] setting player 1 freeze to -332
[00:50:57.923] [SEVERE ] setting player 2 freeze to -332
[00:50:58.041] [SEVERE ] placing card 7 in slot 3
[00:50:58.042] [SEVERE ] updating countdown to 60000
[00:50:58.042] [SEVERE ] setting player 1 freeze to -451
[00:50:58.042] [SEVERE ] setting player 2 freeze to -451
[00:50:58.158] [SEVERE ] placing card 14 in slot 4
[00:50:58.158] [SEVERE ] updating countdown to 60000
[00:50:58.158] [SEVERE ] setting player 1 freeze to -567
[00:50:58.158] [SEVERE ] setting player 2 freeze to -567
[00:50:58.272] [SEVERE ] placing card 2 in slot 5
[00:50:58.272] [SEVERE ] updating countdown to 60000
[00:50:58.272] [SEVERE ] setting player 1 freeze to -681
[00:50:58.272] [SEVERE ] setting player 2 freeze to -681
[00:50:58.379] [SEVERE ] placing card 59 in slot 6
[00:50:58.379] [SEVERE ] updating countdown to 60000
[00:50:58.379] [SEVERE ] setting player 1 freeze to -788
[00:50:58.379] [SEVERE ] setting player 2 freeze to -788
[00:50:58.481] [SEVERE ] placing card 55 in slot 7
[00:50:58.481] [SEVERE ] updating countdown to 60000
[00:50:58.481] [SEVERE ] setting player 1 freeze to -890
[00:50:58.481] [SEVERE ] setting player 2 freeze to -890
[00:50:58.586] [SEVERE ] placing card 34 in slot 8
[00:50:58.586] [SEVERE ] updating countdown to 60000
[00:50:58.586] [SEVERE ] setting player 1 freeze to -995
[00:50:58.586] [SEVERE ] setting player 2 freeze to -995
[00:50:58.695] [SEVERE ] placing card 62 in slot 9
[00:50:58.695] [SEVERE ] updating countdown to 60000
[00:50:58.695] [SEVERE ] setting player 1 freeze to -1104
[00:50:58.695] [SEVERE ] setting player 2 freeze to -1104
[00:50:58.802] [SEVERE ] placing card 66 in slot 10
[00:50:58.802] [SEVERE ] updating countdown to 60000
[00:50:58.802] [SEVERE ] setting player 1 freeze to -1211
[00:50:58.802] [SEVERE ] setting player 2 freeze to -1211
[00:50:58.905] [SEVERE ] placing card 67 in slot 11
[00:50:58.905] [SEVERE ] updating countdown to 60000
[00:50:58.905] [SEVERE ] setting player 1 freeze to -1314
[00:50:58.905] [SEVERE ] setting player 2 freeze to -1314
[00:50:59.009] [SEVERE ] updating countdown to 59896
[00:50:59.009] [SEVERE ] setting player 1 freeze to -1418
[00:50:59.009] [SEVERE ] setting player 2 freeze to -1418
[00:50:59.112] [SEVERE ] updating countdown to 59793
[00:50:59.112] [SEVERE ] setting player 1 freeze to -1521
[00:50:59.112] [SEVERE ] setting player 2 freeze to -1521
[00:50:59.220] [SEVERE ] updating countdown to 59685
[00:50:59.220] [SEVERE ] setting player 1 freeze to -1629
[00:50:59.220] [SEVERE ] setting player 2 freeze to -1629
[00:50:59.323] [SEVERE ] updating countdown to 59582
[00:50:59.323] [SEVERE ] setting player 1 freeze to -1732
[00:50:59.323] [SEVERE ] setting player 2 freeze to -1732
[00:50:59.427] [SEVERE ] updating countdown to 59478
[00:50:59.427] [SEVERE ] setting player 1 freeze to -1836
[00:50:59.427] [SEVERE ] setting player 2 freeze to -1836
[00:50:59.532] [SEVERE ] updating countdown to 59373
[00:50:59.532] [SEVERE ] setting player 1 freeze to -1941
[00:50:59.532] [SEVERE ] setting player 2 freeze to -1941
[00:50:59.636] [SEVERE ] updating countdown to 59269
[00:50:59.636] [SEVERE ] setting player 1 freeze to -2045
[00:50:59.636] [SEVERE ] setting player 2 freeze to -2045
[00:50:59.744] [SEVERE ] updating countdown to 59161
[00:50:59.744] [SEVERE ] setting player 1 freeze to -2153
[00:50:59.744] [SEVERE ] setting player 2 freeze to -2153
[00:50:59.846] [SEVERE ] updating countdown to 59059
[00:50:59.846] [SEVERE ] setting player 1 freeze to -2255
[00:50:59.846] [SEVERE ] setting player 2 freeze to -2255
[00:50:59.951] [SEVERE ] updating countdown to 58954
[00:50:59.951] [SEVERE ] setting player 1 freeze to -2360
[00:50:59.951] [SEVERE ] setting player 2 freeze to -2360
[00:51:00.056] [SEVERE ] updating countdown to 58849
[00:51:00.056] [SEVERE ] setting player 1 freeze to -2465
[00:51:00.056] [SEVERE ] setting player 2 freeze to -2465
[00:51:00.161] [SEVERE ] updating countdown to 58744
[00:51:00.161] [SEVERE ] setting player 1 freeze to -2570
[00:51:00.161] [SEVERE ] setting player 2 freeze to -2570
[00:51:00.276] [SEVERE ] updating countdown to 58629
[00:51:00.276] [SEVERE ] setting player 1 freeze to -2685
[00:51:00.276] [SEVERE ] setting player 2 freeze to -2685
[00:51:00.382] [SEVERE ] updating countdown to 58523
[00:51:00.382] [SEVERE ] setting player 1 freeze to -2791
[00:51:00.382] [SEVERE ] setting player 2 freeze to -2791
[00:51:00.485] [SEVERE ] updating countdown to 58420
[00:51:00.485] [SEVERE ] setting player 1 freeze to -2894
[00:51:00.485] [SEVERE ] setting player 2 freeze to -2894
[00:51:00.595] [SEVERE ] updating countdown to 58310
[00:51:00.595] [SEVERE ] setting player 1 freeze to -3004
[00:51:00.595] [SEVERE ] setting player 2 freeze to -3004
[00:51:00.700] [SEVERE ] updating countdown to 58205
[00:51:00.700] [SEVERE ] setting player 1 freeze to -3109
[00:51:00.700] [SEVERE ] setting player 2 freeze to -3109
[00:51:00.807] [SEVERE ] updating countdown to 58098
[00:51:00.807] [SEVERE ] setting player 1 freeze to -3216
[00:51:00.807] [SEVERE ] setting player 2 freeze to -3216
[00:51:00.910] [SEVERE ] updating countdown to 57995
[00:51:00.910] [SEVERE ] setting player 1 freeze to -3319
[00:51:00.910] [SEVERE ] setting player 2 freeze to -3319
[00:51:01.015] [SEVERE ] updating countdown to 57890
[00:51:01.015] [SEVERE ] setting player 1 freeze to -3424
[00:51:01.015] [SEVERE ] setting player 2 freeze to -3424
[00:51:01.123] [SEVERE ] updating countdown to 57782
[00:51:01.124] [SEVERE ] setting player 1 freeze to -3533
[00:51:01.124] [SEVERE ] setting player 2 freeze to -3533
[00:51:01.229] [SEVERE ] updating countdown to 57676
[00:51:01.229] [SEVERE ] setting player 1 freeze to -3638
[00:51:01.229] [SEVERE ] setting player 2 freeze to -3638
[00:51:01.331] [SEVERE ] updating countdown to 57574
[00:51:01.331] [SEVERE ] setting player 1 freeze to -3740
[00:51:01.331] [SEVERE ] setting player 2 freeze to -3740
[00:51:01.434] [SEVERE ] updating countdown to 57471
[00:51:01.434] [SEVERE ] setting player 1 freeze to -3843
[00:51:01.434] [SEVERE ] setting player 2 freeze to -3843
[00:51:01.548] [SEVERE ] updating countdown to 57357
[00:51:01.548] [SEVERE ] setting player 1 freeze to -3957
[00:51:01.548] [SEVERE ] setting player 2 freeze to -3957
