[13:04:08.785] [INFO   ] thread main starting.
[13:04:08.794] [SEVERE ] cannot read configuration file config.properties trying from resources.
[13:04:08.794] [SEVERE ] configuration file was loaded from resources directory.
[13:04:09.407] [INFO   ] thread dealer starting.
[13:04:09.408] [INFO   ] thread dealer starting.
[13:04:09.410] [INFO   ] thread Player #0 starting.
[13:04:09.411] [INFO   ] thread Player #1 starting.
[13:04:09.518] [SEVERE ] placing card 68 in slot 0
[13:04:09.519] [SEVERE ] updating countdown to 60000
[13:04:09.519] [SEVERE ] setting player 1 freeze to -112
[13:04:09.523] [SEVERE ] setting player 2 freeze to -116
[13:04:09.632] [SEVERE ] placing card 32 in slot 1
[13:04:09.632] [SEVERE ] updating countdown to 60000
[13:04:09.632] [SEVERE ] setting player 1 freeze to -225
[13:04:09.632] [SEVERE ] setting player 2 freeze to -225
[13:04:09.741] [SEVERE ] placing card 17 in slot 2
[13:04:09.742] [SEVERE ] updating countdown to 60000
[13:04:09.742] [SEVERE ] setting player 1 freeze to -335
[13:04:09.743] [SEVERE ] setting player 2 freeze to -336
[13:04:09.851] [SEVERE ] placing card 20 in slot 3
[13:04:09.851] [SEVERE ] updating countdown to 60000
[13:04:09.851] [SEVERE ] setting player 1 freeze to -444
[13:04:09.851] [SEVERE ] setting player 2 freeze to -444
[13:04:09.959] [SEVERE ] placing card 49 in slot 4
[13:04:09.959] [SEVERE ] updating countdown to 60000
[13:04:09.959] [SEVERE ] setting player 1 freeze to -552
[13:04:09.959] [SEVERE ] setting player 2 freeze to -552
[13:04:10.069] [SEVERE ] placing card 48 in slot 5
[13:04:10.069] [SEVERE ] updating countdown to 60000
[13:04:10.069] [SEVERE ] setting player 1 freeze to -662
[13:04:10.069] [SEVERE ] setting player 2 freeze to -662
[13:04:10.182] [SEVERE ] placing card 63 in slot 6
[13:04:10.182] [SEVERE ] updating countdown to 60000
[13:04:10.182] [SEVERE ] setting player 1 freeze to -775
[13:04:10.182] [SEVERE ] setting player 2 freeze to -775
[13:04:10.284] [SEVERE ] placing card 23 in slot 7
[13:04:10.285] [SEVERE ] updating countdown to 60000
[13:04:10.286] [SEVERE ] setting player 1 freeze to -879
[13:04:10.286] [SEVERE ] setting player 2 freeze to -879
[13:04:10.400] [SEVERE ] placing card 18 in slot 8
[13:04:10.401] [SEVERE ] updating countdown to 60000
[13:04:10.401] [SEVERE ] setting player 1 freeze to -994
[13:04:10.401] [SEVERE ] setting player 2 freeze to -994
[13:04:10.519] [SEVERE ] placing card 52 in slot 9
[13:04:10.519] [SEVERE ] updating countdown to 60000
[13:04:10.519] [SEVERE ] setting player 1 freeze to -1112
[13:04:10.519] [SEVERE ] setting player 2 freeze to -1112
[13:04:10.634] [SEVERE ] placing card 51 in slot 10
[13:04:10.634] [SEVERE ] updating countdown to 60000
[13:04:10.634] [SEVERE ] setting player 1 freeze to -1227
[13:04:10.634] [SEVERE ] setting player 2 freeze to -1227
[13:04:10.742] [SEVERE ] placing card 8 in slot 11
[13:04:10.742] [SEVERE ] updating countdown to 60000
[13:04:10.743] [SEVERE ] setting player 1 freeze to -1336
[13:04:10.743] [SEVERE ] setting player 2 freeze to -1336
[13:04:10.846] [SEVERE ] updating countdown to 59896
[13:04:10.846] [SEVERE ] setting player 1 freeze to -1439
[13:04:10.846] [SEVERE ] setting player 2 freeze to -1439
[13:04:10.954] [SEVERE ] updating countdown to 59788
[13:04:10.954] [SEVERE ] setting player 1 freeze to -1547
[13:04:10.954] [SEVERE ] setting player 2 freeze to -1547
[13:04:11.064] [SEVERE ] updating countdown to 59678
[13:04:11.065] [SEVERE ] setting player 1 freeze to -1658
[13:04:11.065] [SEVERE ] setting player 2 freeze to -1658
[13:04:11.176] [SEVERE ] updating countdown to 59566
[13:04:11.176] [SEVERE ] setting player 1 freeze to -1769
[13:04:11.176] [SEVERE ] setting player 2 freeze to -1769
[13:04:11.278] [SEVERE ] updating countdown to 59464
[13:04:11.278] [SEVERE ] setting player 1 freeze to -1871
[13:04:11.278] [SEVERE ] setting player 2 freeze to -1871
[13:04:11.380] [SEVERE ] updating countdown to 59363
[13:04:11.380] [SEVERE ] setting player 1 freeze to -1973
[13:04:11.380] [SEVERE ] setting player 2 freeze to -1973
[13:04:11.485] [SEVERE ] key 81 was pressed by player 1
[13:04:11.485] [SEVERE ] player 1 placing token on slot 0
[13:04:11.493] [SEVERE ] updating countdown to 59249
[13:04:11.493] [SEVERE ] setting player 1 freeze to -2086
[13:04:11.493] [SEVERE ] setting player 2 freeze to -2086
[13:04:11.603] [SEVERE ] updating countdown to 59139
[13:04:11.603] [SEVERE ] setting player 1 freeze to -2196
[13:04:11.603] [SEVERE ] setting player 2 freeze to -2196
[13:04:11.713] [SEVERE ] updating countdown to 59029
[13:04:11.713] [SEVERE ] setting player 1 freeze to -2306
[13:04:11.713] [SEVERE ] setting player 2 freeze to -2306
[13:04:11.819] [SEVERE ] updating countdown to 58923
[13:04:11.820] [SEVERE ] setting player 1 freeze to -2413
[13:04:11.820] [SEVERE ] setting player 2 freeze to -2413
[13:04:11.884] [SEVERE ] key 87 was pressed by player 1
[13:04:11.884] [SEVERE ] player 1 placing token on slot 1
[13:04:11.926] [SEVERE ] updating countdown to 58816
[13:04:11.926] [SEVERE ] setting player 1 freeze to -2519
[13:04:11.926] [SEVERE ] setting player 2 freeze to -2519
[13:04:12.041] [SEVERE ] updating countdown to 58701
[13:04:12.042] [SEVERE ] setting player 1 freeze to -2635
[13:04:12.042] [SEVERE ] setting player 2 freeze to -2635
[13:04:12.153] [SEVERE ] updating countdown to 58589
[13:04:12.153] [SEVERE ] setting player 1 freeze to -2746
[13:04:12.153] [SEVERE ] setting player 2 freeze to -2746
[13:04:12.263] [SEVERE ] updating countdown to 58479
[13:04:12.263] [SEVERE ] setting player 1 freeze to -2856
[13:04:12.263] [SEVERE ] setting player 2 freeze to -2856
[13:04:12.365] [SEVERE ] updating countdown to 58377
[13:04:12.365] [SEVERE ] setting player 1 freeze to -2958
[13:04:12.365] [SEVERE ] setting player 2 freeze to -2958
[13:04:12.471] [SEVERE ] updating countdown to 58271
[13:04:12.471] [SEVERE ] setting player 1 freeze to -3064
[13:04:12.471] [SEVERE ] setting player 2 freeze to -3064
[13:04:12.512] [SEVERE ] key 69 was pressed by player 1
[13:04:12.512] [SEVERE ] player 1 placing token on slot 2
[13:04:12.585] [SEVERE ] updating countdown to 58157
[13:04:12.586] [SEVERE ] setting player 1 freeze to -3178
[13:04:12.586] [SEVERE ] setting player 2 freeze to -3179
[13:04:12.586] [SEVERE ] updating countdown to 58156
[13:04:12.586] [SEVERE ] setting player 1 freeze to -3179
[13:04:12.586] [SEVERE ] setting player 2 freeze to -3179
[13:04:12.694] [SEVERE ] updating countdown to 58048
[13:04:12.694] [SEVERE ] setting player 1 freeze to 2892
[13:04:12.694] [SEVERE ] setting player 2 freeze to -3287
[13:04:12.810] [SEVERE ] updating countdown to 57932
[13:04:12.810] [SEVERE ] setting player 1 freeze to 2776
[13:04:12.810] [SEVERE ] setting player 2 freeze to -3403
[13:04:12.917] [SEVERE ] updating countdown to 57825
[13:04:12.918] [SEVERE ] setting player 1 freeze to 2668
[13:04:12.918] [SEVERE ] setting player 2 freeze to -3511
[13:04:13.020] [SEVERE ] updating countdown to 57722
[13:04:13.020] [SEVERE ] setting player 1 freeze to 2566
[13:04:13.020] [SEVERE ] setting player 2 freeze to -3613
[13:04:13.123] [SEVERE ] updating countdown to 57619
[13:04:13.123] [SEVERE ] setting player 1 freeze to 2463
[13:04:13.123] [SEVERE ] setting player 2 freeze to -3716
[13:04:13.233] [SEVERE ] updating countdown to 57509
[13:04:13.233] [SEVERE ] setting player 1 freeze to 2353
[13:04:13.233] [SEVERE ] setting player 2 freeze to -3826
[13:04:13.336] [SEVERE ] updating countdown to 57406
[13:04:13.336] [SEVERE ] setting player 1 freeze to 2250
[13:04:13.336] [SEVERE ] setting player 2 freeze to -3929
[13:04:13.439] [SEVERE ] updating countdown to 57303
[13:04:13.440] [SEVERE ] setting player 1 freeze to 2146
[13:04:13.440] [SEVERE ] setting player 2 freeze to -4033
[13:04:13.540] [SEVERE ] updating countdown to 57202
[13:04:13.541] [SEVERE ] setting player 1 freeze to 2045
[13:04:13.541] [SEVERE ] setting player 2 freeze to -4134
[13:04:13.644] [SEVERE ] updating countdown to 57098
[13:04:13.644] [SEVERE ] setting player 1 freeze to 1942
[13:04:13.644] [SEVERE ] setting player 2 freeze to -4237
[13:04:13.751] [SEVERE ] updating countdown to 56991
[13:04:13.751] [SEVERE ] setting player 1 freeze to 1835
[13:04:13.752] [SEVERE ] setting player 2 freeze to -4345
[13:04:13.857] [SEVERE ] updating countdown to 56885
[13:04:13.857] [SEVERE ] setting player 1 freeze to 1729
[13:04:13.857] [SEVERE ] setting player 2 freeze to -4450
[13:04:13.958] [SEVERE ] updating countdown to 56784
[13:04:13.958] [SEVERE ] setting player 1 freeze to 1628
[13:04:13.958] [SEVERE ] setting player 2 freeze to -4551
[13:04:14.060] [SEVERE ] updating countdown to 56682
[13:04:14.060] [SEVERE ] setting player 1 freeze to 1526
[13:04:14.060] [SEVERE ] setting player 2 freeze to -4653
[13:04:14.162] [SEVERE ] updating countdown to 56580
[13:04:14.162] [SEVERE ] setting player 1 freeze to 1424
[13:04:14.162] [SEVERE ] setting player 2 freeze to -4755
[13:04:14.263] [SEVERE ] updating countdown to 56479
[13:04:14.263] [SEVERE ] setting player 1 freeze to 1323
[13:04:14.263] [SEVERE ] setting player 2 freeze to -4856
[13:04:14.365] [SEVERE ] updating countdown to 56377
[13:04:14.365] [SEVERE ] setting player 1 freeze to 1221
[13:04:14.365] [SEVERE ] setting player 2 freeze to -4958
[13:04:14.467] [SEVERE ] updating countdown to 56275
[13:04:14.467] [SEVERE ] setting player 1 freeze to 1119
[13:04:14.467] [SEVERE ] setting player 2 freeze to -5060
[13:04:14.569] [SEVERE ] updating countdown to 56173
[13:04:14.569] [SEVERE ] setting player 1 freeze to 1017
[13:04:14.569] [SEVERE ] setting player 2 freeze to -5162
[13:04:14.671] [SEVERE ] updating countdown to 56071
[13:04:14.671] [SEVERE ] setting player 1 freeze to 915
[13:04:14.671] [SEVERE ] setting player 2 freeze to -5264
[13:04:14.775] [SEVERE ] updating countdown to 55967
[13:04:14.775] [SEVERE ] setting player 1 freeze to 811
[13:04:14.775] [SEVERE ] setting player 2 freeze to -5368
[13:04:14.883] [SEVERE ] updating countdown to 55859
[13:04:14.883] [SEVERE ] setting player 1 freeze to 703
[13:04:14.883] [SEVERE ] setting player 2 freeze to -5476
[13:04:14.985] [SEVERE ] updating countdown to 55757
[13:04:14.985] [SEVERE ] setting player 1 freeze to 601
[13:04:14.985] [SEVERE ] setting player 2 freeze to -5578
[13:04:15.093] [SEVERE ] updating countdown to 55649
[13:04:15.093] [SEVERE ] setting player 1 freeze to 493
[13:04:15.093] [SEVERE ] setting player 2 freeze to -5686
[13:04:15.201] [SEVERE ] updating countdown to 55541
[13:04:15.202] [SEVERE ] setting player 1 freeze to 384
[13:04:15.202] [SEVERE ] setting player 2 freeze to -5795
[13:04:15.319] [SEVERE ] updating countdown to 55423
[13:04:15.319] [SEVERE ] setting player 1 freeze to 267
[13:04:15.319] [SEVERE ] setting player 2 freeze to -5912
[13:04:15.425] [SEVERE ] updating countdown to 55317
[13:04:15.426] [SEVERE ] setting player 1 freeze to 160
[13:04:15.426] [SEVERE ] setting player 2 freeze to -6019
[13:04:15.527] [SEVERE ] updating countdown to 55216
[13:04:15.527] [SEVERE ] setting player 1 freeze to 59
[13:04:15.527] [SEVERE ] setting player 2 freeze to -6120
[13:04:15.636] [SEVERE ] updating countdown to 55106
[13:04:15.637] [SEVERE ] setting player 1 freeze to -51
[13:04:15.637] [SEVERE ] setting player 2 freeze to -6230
[13:04:15.749] [SEVERE ] updating countdown to 54993
[13:04:15.749] [SEVERE ] setting player 1 freeze to -163
[13:04:15.749] [SEVERE ] setting player 2 freeze to -6342
[13:04:15.855] [SEVERE ] updating countdown to 54887
[13:04:15.855] [SEVERE ] setting player 1 freeze to -269
[13:04:15.855] [SEVERE ] setting player 2 freeze to -6448
[13:04:15.964] [SEVERE ] updating countdown to 54778
[13:04:15.964] [SEVERE ] setting player 1 freeze to -378
[13:04:15.964] [SEVERE ] setting player 2 freeze to -6557
